Change Footprint: Footprint Not Found SOT-23-5
Change Component Comment : Designator=U2 Old Comment=MCP6001 New Comment=MCP6001T-I/OT
Change Managed Component Library Link : Designator=U2 Old VaultGUID= New VaultGUID=B7D15EC3-160A-466F-A46C-7801FE6295A7 Old ItemGUID= New ItemGUID=78F2B320-C4E4-472A-B7BE-029A8F4BCB99 Old RevisionGUID= New RevisionGUID=A4C1B6E4-7CB0-4182-B655-2F98DE63DDA7
Change component parameters: Designator = "U2" ("U2"); Footprint = "SOT23-5"; UniqueID = "\OHTLORVX" ("\OHTLORVX")
Change component parameters (AddParameter): Name = "Bandwidth"; Value = "1MHz"; VariantName = "[No Variations]"
Change component parameters (AddParameter): Name = "Case/Package"; Value = "SOT-23"; VariantName = "[No Variations]"
Change component parameters (AddParameter): Name = "Common Mode Rejection Ratio"; Value = "60dB"; VariantName = "[No Variations]"
Change component parameters (AddParameter): Name = "Contact Plating"; Value = "Tin"; VariantName = "[No Variations]"
Change component parameters (AddParameter): Name = "Gain Bandwidth Product"; Value = "1MHz"; VariantName = "[No Variations]"
Change component parameters (AddParameter): Name = "Height"; Value = "1.3mm"; VariantName = "[No Variations]"
Change component parameters (AddParameter): Name = "Input Bias Current"; Value = "1pA"; VariantName = "[No Variations]"
Change component parameters (AddParameter): Name = "Input Offset Voltage (Vos)"; Value = "4.5mV"; VariantName = "[No Variations]"
Change component parameters (AddParameter): Name = "Lead Free"; Value = "Lead Free"; VariantName = "[No Variations]"
Change component parameters (AddParameter): Name = "Length"; Value = "3.1mm"; VariantName = "[No Variations]"
Change component parameters (AddParameter): Name = "Max Operating Temperature"; Value = "85°C"; VariantName = "[No Variations]"
Change component parameters (AddParameter): Name = "Max Supply Voltage"; Value = "6V"; VariantName = "[No Variations]"
Change component parameters (AddParameter): Name = "Min Operating Temperature"; Value = "-40°C"; VariantName = "[No Variations]"
Change component parameters (AddParameter): Name = "Min Supply Voltage"; Value = "1.8V"; VariantName = "[No Variations]"
Change component parameters (AddParameter): Name = "Mount"; Value = "Surface Mount"; VariantName = "[No Variations]"
Change component parameters (AddParameter): Name = "Nominal Supply Current"; Value = "100uA"; VariantName = "[No Variations]"
Change component parameters (AddParameter): Name = "Number of Amplifiers"; Value = "1"; VariantName = "[No Variations]"
Change component parameters (AddParameter): Name = "Number of Channels"; Value = "1"; VariantName = "[No Variations]"
Change component parameters (AddParameter): Name = "Number of Circuits"; Value = "1"; VariantName = "[No Variations]"
Change component parameters (AddParameter): Name = "Number of Elements"; Value = "1"; VariantName = "[No Variations]"
Change component parameters (AddParameter): Name = "Number of Pins"; Value = "5"; VariantName = "[No Variations]"
Change component parameters (AddParameter): Name = "Operating Supply Current"; Value = "100uA"; VariantName = "[No Variations]"
Change component parameters (AddParameter): Name = "Operating Supply Voltage"; Value = "5.5V"; VariantName = "[No Variations]"
Change component parameters (AddParameter): Name = "Output Current"; Value = "23mA"; VariantName = "[No Variations]"
Change component parameters (AddParameter): Name = "Output Current per Channel"; Value = "23mA"; VariantName = "[No Variations]"
Change component parameters (AddParameter): Name = "Package Quantity"; Value = "1"; VariantName = "[No Variations]"
Change component parameters (AddParameter): Name = "Packaging"; Value = "Tape and Reel"; VariantName = "[No Variations]"
Change component parameters (AddParameter): Name = "Power Supply Rejection Ratio (PSRR)"; Value = "86dB"; VariantName = "[No Variations]"
Change component parameters (AddParameter): Name = "Radiation Hardening"; Value = "No"; VariantName = "[No Variations]"
Change component parameters (AddParameter): Name = "REACH SVHC"; Value = "No SVHC"; VariantName = "[No Variations]"
Change component parameters (AddParameter): Name = "Slew Rate"; Value = "0.6V/µs"; VariantName = "[No Variations]"
Change component parameters (AddParameter): Name = "Unity Gain Bandwidth Product"; Value = "1MHz"; VariantName = "[No Variations]"
Change component parameters (AddParameter): Name = "Voltage"; Value = "6V"; VariantName = "[No Variations]"
Change component parameters (AddParameter): Name = "Voltage Gain"; Value = "112dB"; VariantName = "[No Variations]"
Change component parameters (AddParameter): Name = "Width"; Value = "1.8mm"; VariantName = "[No Variations]"
Add Component: Footprint Not Found U_I_Meter_TOP
Added Pin To Net: NetName=NetR7_2 Pin=U2-1
Added Pin To Net: NetName=GND_IV Pin=U2-2
Added Pin To Net: NetName=NetC12_2 Pin=U2-3
Added Pin To Net: NetName=NetR7_1 Pin=U2-4
Added Pin To Net: NetName=+5V_I Pin=U2-5
Add Class Member: Failed to add class member : Component BOARD1 U_I_Meter_TOP
Added Member To Class: ClassName=U_I_Meter_Bottom Member=Component U2 MCP6001T-I/OT
