Removed Pin From Net: NetName=NetC1_1 Pin=C1-1
Removed Pin From Net: NetName=+550V Pin=C4-1
Removed Pin From Net: NetName=NetC8_1 Pin=C8-1
Removed Pin From Net: NetName=GND Pin=C8-2
Removed Pin From Net: NetName=NetC8_1 Pin=C10-1
Removed Pin From Net: NetName=GND Pin=C10-2
Removed Pin From Net: NetName=GND Pin=C12-1
Removed Pin From Net: NetName=NetC17_2 Pin=C17-2
Removed Pin From Net: NetName=NetC17_2 Pin=C18-2
Removed Pin From Net: NetName=GND Pin=C19-1
Removed Pin From Net: NetName=GND_1 Pin=C19-2
Removed Pin From Net: NetName=GND_1 Pin=C20-1
Removed Pin From Net: NetName=GND_1 Pin=C21-1
Removed Pin From Net: NetName=+550V Pin=C22-2
Removed Pin From Net: NetName=GND_1 Pin=C25-1
Removed Pin From Net: NetName=+20V Pin=C27-1
Removed Pin From Net: NetName=GND_1 Pin=C27-2
Removed Pin From Net: NetName=GND_1 Pin=C28-2
Removed Pin From Net: NetName=GND_1 Pin=C29-2
Removed Pin From Net: NetName=GND Pin=C31-2
Removed Pin From Net: NetName=GND Pin=C34-2
Removed Pin From Net: NetName=GND Pin=C35-2
Removed Pin From Net: NetName=GND_1 Pin=C36-1
Removed Pin From Net: NetName=GND_1 Pin=C38-1
Removed Pin From Net: NetName=+20V Pin=C38-2
Removed Pin From Net: NetName=GND Pin=C42-1
Removed Pin From Net: NetName=GND_1 Pin=C43-2
Removed Pin From Net: NetName=GND Pin=D1-1
Removed Pin From Net: NetName=GND_1 Pin=D7-2
Removed Pin From Net: NetName=GND Pin=D8-2
Removed Pin From Net: NetName=GND Pin=D10-2
Removed Pin From Net: NetName=NetC1_1 Pin=F1-2
Removed Pin From Net: NetName=NetC1_1 Pin=J1-1
Removed Pin From Net: NetName=+20V Pin=J2-1
Removed Pin From Net: NetName=I_SENS Pin=J2-2
Removed Pin From Net: NetName=+20V Pin=J3-1
Removed Pin From Net: NetName=I_SENS Pin=J3-2
Removed Pin From Net: NetName=+20V Pin=L1-2
Removed Pin From Net: NetName=GND_1 Pin=L4-2
Removed Pin From Net: NetName=GND_1 Pin=P1-2
Removed Pin From Net: NetName=GND_1 Pin=Q1-2
Removed Pin From Net: NetName=NetC7_1 Pin=Q1-3
Removed Pin From Net: NetName=NetC7_2 Pin=Q1-4
Removed Pin From Net: NetName=GND Pin=R1-1
Removed Pin From Net: NetName=+550V Pin=R7-2
Removed Pin From Net: NetName=+550V Pin=R7-2
Removed Pin From Net: NetName=GND Pin=R19-2
Removed Pin From Net: NetName=+550V Pin=R21-2
Removed Pin From Net: NetName=+20V Pin=R24-2
Removed Pin From Net: NetName=GND_1 Pin=R25-3
Removed Pin From Net: NetName=+20V Pin=R26-2
Removed Pin From Net: NetName=GND_1 Pin=R27-3
Removed Pin From Net: NetName=GND_1 Pin=R28-3
Removed Pin From Net: NetName=+20V Pin=R29-2
Removed Pin From Net: NetName=+20V Pin=R30-2
Removed Pin From Net: NetName=GND_1 Pin=R31-1
Removed Pin From Net: NetName=I_SENS Pin=R31-2
Removed Pin From Net: NetName=GND_1 Pin=R32-1
Removed Pin From Net: NetName=I_SENS Pin=R32-2
Removed Pin From Net: NetName=NetC8_1 Pin=R37-1
Removed Pin From Net: NetName=GND_1 Pin=R44-1
Removed Pin From Net: NetName=+550V Pin=RT1-1
Removed Pin From Net: NetName=+20V Pin=TP18-1
Removed Pin From Net: NetName=I_SENS Pin=TP20-1
Removed Pin From Net: NetName=GND_1 Pin=TP24-1
Removed Pin From Net: NetName=+550V Pin=TP38-1
Removed Pin From Net: NetName=NetC8_1 Pin=TP43-1
Removed Pin From Net: NetName=GND_1 Pin=U3-3
Removed Pin From Net: NetName=GND_1 Pin=U4-4
Removed Pin From Net: NetName=I_SENS Pin=U4-5
Removed Pin From Net: NetName=NetC8_1 Pin=VD1-1
Removed Pin From Net: NetName=NetC8_1 Pin=VD3-1
Removed Pin From Net: NetName=GND Pin=VD3-2
Removed Pin From Net: NetName=GND Pin=VD4-2
Removed Pin From Net: NetName=GND Pin=VD7-1
Removed Pin From Net: NetName=GND_1 Pin=VD11-1
Removed Pin From Net: NetName=GND_1 Pin=VD15-1
Removed Pin From Net: NetName=+550V Pin=VT1-2
Removed Pin From Net: NetName=+550V Pin=VT1-2
Change Component Footprint: Designator=P1 Old Footprint=61900311121 New Footprint=61301211021
Change Component Comment : Designator=P1 Old Comment=61900311121 New Comment=61301211021
Change component parameters: Designator = "P1" ("P1"); Footprint = "61900311121"; UniqueID = "\KYRKUFCG" ("\KYRKUFCG")
Change component parameters (AddParameter): Name = "Category"; Value = "Board-to-Board Connectors"; VariantName = "[No Variations]"
Change component parameters (AddParameter): Name = "ComponentLink1Description"; Value = "Website Link"; VariantName = "[No Variations]"
Change component parameters (AddParameter): Name = "ComponentLink1URL"; Value = "https://www.we-online.com/redexpert/article/61301211021?ad"; VariantName = "[No Variations]"
Change component parameters (AddParameter): Name = "ComponentLink2Description"; Value = "Datasheet Link"; VariantName = "[No Variations]"
Change component parameters (AddParameter): Name = "ComponentLink2URL"; Value = "https://www.we-online.com/redexpert/spec/61301211021?ad"; VariantName = "[No Variations]"
Change component parameters (AddParameter): Name = "Contact Resistance"; Value = "20m?"; VariantName = "[No Variations]"
Change component parameters (AddParameter): Name = "Gender"; Value = "Pin Header"; VariantName = "[No Variations]"
Change component parameters (AddParameter): Name = "Manufacturer"; Value = "Wurth Elektronik"; VariantName = "[No Variations]"
Change component parameters (AddParameter): Name = "Manufacturer Part Number"; Value = "61301211021"; VariantName = "[No Variations]"
Change component parameters (AddParameter): Name = "Match Code"; Value = "WR-PHD"; VariantName = "[No Variations]"
Change component parameters (AddParameter): Name = "Mount"; Value = "Through Hole"; VariantName = "[No Variations]"
Change component parameters (AddParameter): Name = "Number of Pins"; Value = "12"; VariantName = "[No Variations]"
Change component parameters (AddParameter): Name = "Number of Rows"; Value = "1"; VariantName = "[No Variations]"
Change component parameters (AddParameter): Name = "Operating Temperature Max"; Value = "105°C"; VariantName = "[No Variations]"
Change component parameters (AddParameter): Name = "Operating Temperature Min"; Value = "-40°C"; VariantName = "[No Variations]"
Change component parameters (AddParameter): Name = "Orientation"; Value = "Angled"; VariantName = "[No Variations]"
Change component parameters (AddParameter): Name = "Packaging"; Value = "Bag"; VariantName = "[No Variations]"
Change component parameters (AddParameter): Name = "Pitch"; Value = "2.54mm"; VariantName = "[No Variations]"
Change component parameters (AddParameter): Name = "Rated Current"; Value = "3A"; VariantName = "[No Variations]"
Change component parameters (AddParameter): Name = "Withstanding Voltage"; Value = "500V"; VariantName = "[No Variations]"
Change component parameters (AddParameter): Name = "Working Voltage"; Value = "250V"; VariantName = "[No Variations]"
Added Pin To Net: NetName=NetC17_2 Pin=P1-1
Added Pin To Net: NetName=NetC1_1 Pin=P1-2
Added Pin To Net: NetName=I_SENS Pin=P1-3
Added Pin To Net: NetName=GND_1 Pin=P1-4
Added Pin To Net: NetName=GND Pin=P1-5
Added Pin To Net: NetName=GND Pin=P1-6
Added Pin To Net: NetName=+550V Pin=P1-7
Added Pin To Net: NetName=+20V Pin=P1-8
Added Pin To Net: NetName=NetC7_1 Pin=P1-9
Added Pin To Net: NetName=NetC7_2 Pin=P1-10
Added Pin To Net: NetName=NetC8_1 Pin=P1-11
Added Pin To Net: NetName=GND Pin=P1-12
Added Pin To Net: NetName=+20V Pin=R35-1
Added Pin To Net: NetName=+550V Pin=U1-16
Added Pin To Net: NetName=GND_1 Pin=U2-4
Added Pin To Net: NetName=I_SENS Pin=U2-6
Added Pin To Net: NetName=NetC1_1 Pin=U2-7
Change Net Name : Old Net Name=+20V New Net Name=NetP1_8
Change Net Name : Old Net Name=+550V New Net Name=NetP1_7
Change Net Name : Old Net Name=GND_1 New Net Name=NetP1_4
Change Net Name : Old Net Name=I_SENS New Net Name=NetP1_3
Change Net Name : Old Net Name=NetC1_1 New Net Name=NetP1_2
Change Net Name : Old Net Name=NetC8_1 New Net Name=NetD2_2
Change Net Name : Old Net Name=NetC17_2 New Net Name=NetD2_1
