Change Component Designator: Old Designator=C? New Designator=C3
Change Component Designator: Old Designator=C? New Designator=C4
Change Component Designator: Old Designator=C? New Designator=C5
Change Component Designator: Old Designator=C? New Designator=C6
Change Component Designator: Old Designator=C? New Designator=C9
Change Component Designator: Old Designator=C? New Designator=C12
Change Component Designator: Old Designator=C? New Designator=C15
Change Component Designator: Old Designator=C? New Designator=C16
Change Component Designator: Old Designator=C? New Designator=C17
Change Component Designator: Old Designator=C? New Designator=C18
Change Component Designator: Old Designator=C? New Designator=C19
Change Component Designator: Old Designator=CR? New Designator=CR1
Change Component Designator: Old Designator=CR? New Designator=CR2
Change Component Designator: Old Designator=D? New Designator=D1
Change Component Designator: Old Designator=D? New Designator=D2
Change Component Designator: Old Designator=D? New Designator=D3
Change Component Designator: Old Designator=D? New Designator=D4
Change Component Designator: Old Designator=D? New Designator=D9
Change Component Designator: Old Designator=D? New Designator=D10
Change Component Designator: Old Designator=D? New Designator=D11
Change Component Designator: Old Designator=D? New Designator=D12
Change Component Designator: Old Designator=D? New Designator=D13
Change Component Designator: Old Designator=D? New Designator=D14
Change Component Designator: Old Designator=D? New Designator=D15
Change Component Designator: Old Designator=D? New Designator=D16
Change Component Designator: Old Designator=D? New Designator=D17
Change Component Designator: Old Designator=D? New Designator=D18
Change Component Designator: Old Designator=D? New Designator=D19
Change Component Designator: Old Designator=D? New Designator=D20
Change Component Designator: Old Designator=J? New Designator=J1
Change Component Designator: Old Designator=J? New Designator=J2
Change Component Designator: Old Designator=J? New Designator=J3
Change Component Designator: Old Designator=J? New Designator=J4
Change Component Designator: Old Designator=L? New Designator=L2
Change Component Designator: Old Designator=L? New Designator=L3
Change Component Designator: Old Designator=L? New Designator=L4
Change Component Designator: Old Designator=R? New Designator=R11
Change Component Designator: Old Designator=R? New Designator=R14
Change Component Designator: Old Designator=R? New Designator=R15
Change Component Designator: Old Designator=R? New Designator=R18
Change Component Designator: Old Designator=R? New Designator=R19
Change Component Designator: Old Designator=R? New Designator=R20
Change Component Designator: Old Designator=R? New Designator=R21
Change Component Designator: Old Designator=R? New Designator=R22
Change Component Designator: Old Designator=R? New Designator=R23
Change Component Designator: Old Designator=R? New Designator=R24
Change Component Designator: Old Designator=R? New Designator=R25
Change Component Designator: Old Designator=R? New Designator=R27
Change Component Designator: Old Designator=R? New Designator=R28
Change Component Designator: Old Designator=R? New Designator=R29
Change Component Designator: Old Designator=R? New Designator=R30
Change Component Designator: Old Designator=R? New Designator=R31
Change Component Designator: Old Designator=R? New Designator=R32
Change Component Designator: Old Designator=R? New Designator=R33
Change Component Designator: Old Designator=RP? New Designator=RP1
Change Component Designator: Old Designator=RP? New Designator=RP2
Change Component Designator: Old Designator=T? New Designator=T2
Change Component Designator: Old Designator=TP? New Designator=TP8
Change Component Designator: Old Designator=TP? New Designator=TP9
Change Component Designator: Old Designator=TP? New Designator=TP10
Change Component Designator: Old Designator=TP? New Designator=TP13
Change Component Designator: Old Designator=TP? New Designator=TP19
Change Component Designator: Old Designator=TP? New Designator=TP20
Change Component Designator: Old Designator=TP? New Designator=TP21
Change Component Designator: Old Designator=TP? New Designator=TP24
Change Component Designator: Old Designator=TP? New Designator=TP25
Change Component Designator: Old Designator=TP? New Designator=TP26
Change Component Designator: Old Designator=TP? New Designator=TP27
Change Component Designator: Old Designator=TP? New Designator=TP28
Change Component Designator: Old Designator=TP? New Designator=TP29
Change Component Designator: Old Designator=TP? New Designator=TP32
Change Component Designator: Old Designator=TP? New Designator=TP33
Change Component Designator: Old Designator=TP? New Designator=TP34
Change Component Designator: Old Designator=TP? New Designator=TP35
Change Component Designator: Old Designator=TP? New Designator=TP36
Change Component Designator: Old Designator=TP? New Designator=TP37
Change Component Designator: Old Designator=TP? New Designator=TP38
Change Component Designator: Old Designator=U? New Designator=U1
Change Component Designator: Old Designator=U? New Designator=U2
Change Component Designator: Old Designator=U? New Designator=U3
Change Component Designator: Old Designator=U? New Designator=U4
Change Component Designator: Old Designator=U? New Designator=U5
Change Component Designator: Old Designator=U? New Designator=U6
Change Component Designator: Old Designator=VD? New Designator=VD2
Change Component Designator: Old Designator=VD? New Designator=VD3
Change Component Designator: Old Designator=VT? New Designator=VT1
Change Component Designator: Old Designator=VT? New Designator=VT2
Change Component Designator: Old Designator=VT? New Designator=VT3
