Removed Pin From Net: NetName=NetC1_1 Pin=C1-1
Removed Pin From Net: NetName=GND Pin=C1-2
Removed Pin From Net: NetName=NetC2_1 Pin=C2-1
Removed Pin From Net: NetName=NetC2_2 Pin=C2-2
Removed Pin From Net: NetName=NetC2_1 Pin=C3-1
Removed Pin From Net: NetName=NetC2_2 Pin=C3-2
Removed Pin From Net: NetName=NetC4_1 Pin=C4-1
Removed Pin From Net: NetName=GND Pin=C4-2
Removed Pin From Net: NetName=GND Pin=C5-1
Removed Pin From Net: NetName=NetC4_1 Pin=C5-2
Removed Pin From Net: NetName=NetC7_1 Pin=C7-1
Removed Pin From Net: NetName=NetC7_2 Pin=C7-2
Removed Pin From Net: NetName=GND Pin=C9-1
Removed Pin From Net: NetName=NetC9_2 Pin=C9-2
Removed Pin From Net: NetName=NetC11_1 Pin=C11-1
Removed Pin From Net: NetName=NetC9_2 Pin=C11-2
Removed Pin From Net: NetName=GND Pin=C13-1
Removed Pin From Net: NetName=NetC7_2 Pin=C13-2
Removed Pin From Net: NetName=NetC7_2 Pin=C14-1
Removed Pin From Net: NetName=GND Pin=C14-2
Removed Pin From Net: NetName=GND Pin=C15-1
Removed Pin From Net: NetName=NetC15_2 Pin=C15-2
Removed Pin From Net: NetName=NetC7_2 Pin=C32-1
Removed Pin From Net: NetName=NetC7_1 Pin=C32-2
Removed Pin From Net: NetName=GND Pin=C33-1
Removed Pin From Net: NetName=NetC33_2 Pin=C33-2
Removed Pin From Net: NetName=NetC11_1 Pin=C39-1
Removed Pin From Net: NetName=NetC33_2 Pin=C39-2
Removed Pin From Net: NetName=GND Pin=C41-1
Removed Pin From Net: NetName=NetC1_1 Pin=C41-2
Removed Pin From Net: NetName=NetC2_2 Pin=D2-1
Removed Pin From Net: NetName=NetC4_1 Pin=D2-2
Removed Pin From Net: NetName=NetC1_1 Pin=L5-1
Removed Pin From Net: NetName=NetC4_1 Pin=L5-2
Removed Pin From Net: NetName=NetC2_2 Pin=P1-1
Removed Pin From Net: NetName=NetP1_2 Pin=P1-2
Removed Pin From Net: NetName=NetC2_1 Pin=P1-3
Removed Pin From Net: NetName=NetP1_4 Pin=P1-4
Removed Pin From Net: NetName=GND Pin=P1-5
Removed Pin From Net: NetName=GND Pin=P1-6
Removed Pin From Net: NetName=NetP1_7 Pin=P1-7
Removed Pin From Net: NetName=NetP1_8 Pin=P1-8
Removed Pin From Net: NetName=NetC7_1 Pin=P1-9
Removed Pin From Net: NetName=NetC7_2 Pin=P1-10
Removed Pin From Net: NetName=NetP1_11 Pin=P1-11
Removed Pin From Net: NetName=GND Pin=P1-12
Removed Pin From Net: NetName=NetC4_1 Pin=R1-1
Removed Pin From Net: NetName=NetP1_11 Pin=R1-2
Removed Pin From Net: NetName=NetC7_2 Pin=R2-1
Removed Pin From Net: NetName=NetC33_2 Pin=R2-2
Removed Pin From Net: NetName=NetC33_2 Pin=R3-1
Removed Pin From Net: NetName=GND Pin=R3-2
Removed Pin From Net: NetName=NetC7_1 Pin=R4-1
Removed Pin From Net: NetName=GND Pin=R4-2
Removed Pin From Net: NetName=NetC7_2 Pin=R5-1
Removed Pin From Net: NetName=NetC9_2 Pin=R5-2
Removed Pin From Net: NetName=NetC9_2 Pin=R6-1
Removed Pin From Net: NetName=GND Pin=R6-2
Removed Pin From Net: NetName=NetC4_1 Pin=R7-1
Removed Pin From Net: NetName=NetP1_11 Pin=R7-2
Removed Pin From Net: NetName=NetR10_1 Pin=R10-1
Removed Pin From Net: NetName=NetR10_2 Pin=R10-2
Removed Pin From Net: NetName=NetR12_1 Pin=R12-1
Removed Pin From Net: NetName=NetR12_2 Pin=R12-2
Removed Pin From Net: NetName=NetR13_1 Pin=R13-1
Removed Pin From Net: NetName=GND Pin=R13-2
Removed Pin From Net: NetName=NetR10_2 Pin=R14-1
Removed Pin From Net: NetName=GND Pin=R14-2
Removed Pin From Net: NetName=NetR12_2 Pin=R15-1
Removed Pin From Net: NetName=GND Pin=R15-2
Removed Pin From Net: NetName=NetP1_8 Pin=R35-1
Removed Pin From Net: NetName=NetR35_2 Pin=R35-2
Removed Pin From Net: NetName=NetR35_2 Pin=R36-1
Removed Pin From Net: NetName=GND Pin=R36-2
Removed Pin From Net: NetName=NetC9_2 Pin=R38-1
Removed Pin From Net: NetName=NetC11_1 Pin=R38-2
Removed Pin From Net: NetName=NetC33_2 Pin=R40-1
Removed Pin From Net: NetName=NetC11_1 Pin=R40-2
Removed Pin From Net: NetName=NetP1_7 Pin=TP1-1
Removed Pin From Net: NetName=NetR10_2 Pin=TP5-1
Removed Pin From Net: NetName=NetR12_2 Pin=TP6-1
Removed Pin From Net: NetName=NetC4_1 Pin=TP8-1
Removed Pin From Net: NetName=NetC9_2 Pin=TP15-1
Removed Pin From Net: NetName=NetC33_2 Pin=TP26-1
Removed Pin From Net: NetName=NetR35_2 Pin=TP27-1
Removed Pin From Net: NetName=NetC7_1 Pin=TP28-1
Removed Pin From Net: NetName=NetC7_2 Pin=TP29-1
Removed Pin From Net: NetName=NetC11_1 Pin=TP31-1
Removed Pin From Net: NetName=NetC15_2 Pin=TP34-1
Removed Pin From Net: NetName=NetR13_1 Pin=TP35-1
Removed Pin From Net: NetName=NetC2_2 Pin=TP40-1
Removed Pin From Net: NetName=GND Pin=TP41-1
Removed Pin From Net: NetName=GND Pin=TP42-1
Removed Pin From Net: NetName=NetC1_1 Pin=TP45-1
Removed Pin From Net: NetName=NetR35_2 Pin=U1-1
Removed Pin From Net: NetName=NetC33_2 Pin=U1-2
Removed Pin From Net: NetName=NetC11_1 Pin=U1-3
Removed Pin From Net: NetName=NetC7_1 Pin=U1-4
Removed Pin From Net: NetName=NetC15_2 Pin=U1-5
Removed Pin From Net: NetName=NetR13_1 Pin=U1-6
Removed Pin From Net: NetName=GND Pin=U1-7
Removed Pin From Net: NetName=NetC4_1 Pin=U1-8
Removed Pin From Net: NetName=NetR10_1 Pin=U1-9
Removed Pin From Net: NetName=NetR12_1 Pin=U1-10
Removed Pin From Net: NetName=NetC4_1 Pin=U1-11
Removed Pin From Net: NetName=NetC1_1 Pin=U1-12
Removed Pin From Net: NetName=NetC7_2 Pin=U1-13
Removed Pin From Net: NetName=NetC7_2 Pin=U1-14
Removed Pin From Net: NetName=NetC9_2 Pin=U1-15
Removed Pin From Net: NetName=NetP1_7 Pin=U1-16
Removed Pin From Net: NetName=NetR10_2 Pin=U2-1
Removed Pin From Net: NetName=NetR12_2 Pin=U2-2
Removed Pin From Net: NetName=GND Pin=U2-3
Removed Pin From Net: NetName=NetP1_4 Pin=U2-4
Removed Pin From Net: NetName=NetC4_1 Pin=U2-5
Removed Pin From Net: NetName=NetC2_1 Pin=U2-6
Removed Pin From Net: NetName=NetP1_2 Pin=U2-7
Removed Pin From Net: NetName=NetC2_2 Pin=U2-8
Removed Pin From Net: NetName=NetC4_1 Pin=VD1-1
Removed Pin From Net: NetName=GND Pin=VD1-2
Added Component: Designator=C?(CAP-0805)
Added Component: Designator=C?(CAP-0805)
Added Component: Designator=C?(CAP-0805)
Added Component: Designator=C?(CAP-TAN-D)
Added Component: Designator=C?(CAP-TAN-D)
Add Component: Footprint Not Found CAP_SMD_Size_E
Added Component: Designator=C?(CAP-0805)
Add Component: Footprint Not Found CAP_SMD_Size_E
Added Component: Designator=C?(CAP-0805)
Added Component: Designator=C?(CAP-0805)
Added Component: Designator=C?(CAP-0805)
Added Component: Designator=C?(CAP-0805)
Added Component: Designator=C?(CAP-0805)
Added Component: Designator=C?(CAP-0805)
Add Component: Footprint Not Found LED_RED
Added Component: Designator=L?(WE-PD2_7850)
Add component (AddParameter): Name = "Case/Size Code"; Value = "7850"; VariantName = "[No Variations]"
Add component (AddParameter): Name = "Category"; Value = "Unshielded Power Inductors"; VariantName = "[No Variations]"
Add component (AddParameter): Name = "ComponentLink1Description"; Value = "Website Link"; VariantName = "[No Variations]"
Add component (AddParameter): Name = "ComponentLink1URL"; Value = "https://www.we-online.com/redexpert/article/744775147?ad"; VariantName = "[No Variations]"
Add component (AddParameter): Name = "ComponentLink2Description"; Value = "Datasheet Link"; VariantName = "[No Variations]"
Add component (AddParameter): Name = "ComponentLink2URL"; Value = "https://www.we-online.com/redexpert/spec/744775147?ad"; VariantName = "[No Variations]"
Add component (AddParameter): Name = "DC Resistance"; Value = "0.134?"; VariantName = "[No Variations]"
Add component (AddParameter): Name = "DC Resistance Max"; Value = "0.18?"; VariantName = "[No Variations]"
Add component (AddParameter): Name = "Height"; Value = "4.95mm"; VariantName = "[No Variations]"
Add component (AddParameter): Name = "Inductance"; Value = "47µH"; VariantName = "[No Variations]"
Add component (AddParameter): Name = "Length"; Value = "7.8mm"; VariantName = "[No Variations]"
Add component (AddParameter): Name = "Manufacturer"; Value = "Wurth Elektronik"; VariantName = "[No Variations]"
Add component (AddParameter): Name = "Manufacturer Part Number"; Value = "744775147"; VariantName = "[No Variations]"
Add component (AddParameter): Name = "Match Code"; Value = "WE-PD2"; VariantName = "[No Variations]"
Add component (AddParameter): Name = "Mount"; Value = "Surface Mount"; VariantName = "[No Variations]"
Add component (AddParameter): Name = "Operating Temperature Max"; Value = "125°C"; VariantName = "[No Variations]"
Add component (AddParameter): Name = "Operating Temperature Min"; Value = "-40°C"; VariantName = "[No Variations]"
Add component (AddParameter): Name = "Packaging"; Value = "Tape and Reel"; VariantName = "[No Variations]"
Add component (AddParameter): Name = "Rated Current"; Value = "1.17A"; VariantName = "[No Variations]"
Add component (AddParameter): Name = "Saturation Current"; Value = "1.24A"; VariantName = "[No Variations]"
Add component (AddParameter): Name = "Self Resonant Frequency"; Value = "12MHz"; VariantName = "[No Variations]"
Add component (AddParameter): Name = "Width"; Value = "7mm"; VariantName = "[No Variations]"
Added Component: Designator=P?(61301611021)
Add component (AddParameter): Name = "Category"; Value = "Board-to-Board Connectors"; VariantName = "[No Variations]"
Add component (AddParameter): Name = "ComponentLink1Description"; Value = "Website Link"; VariantName = "[No Variations]"
Add component (AddParameter): Name = "ComponentLink1URL"; Value = "https://www.we-online.com/redexpert/article/61301611021?ad"; VariantName = "[No Variations]"
Add component (AddParameter): Name = "ComponentLink2Description"; Value = "Datasheet Link"; VariantName = "[No Variations]"
Add component (AddParameter): Name = "ComponentLink2URL"; Value = "https://www.we-online.com/redexpert/spec/61301611021?ad"; VariantName = "[No Variations]"
Add component (AddParameter): Name = "Contact Resistance"; Value = "20m?"; VariantName = "[No Variations]"
Add component (AddParameter): Name = "Gender"; Value = "Pin Header"; VariantName = "[No Variations]"
Add component (AddParameter): Name = "Manufacturer"; Value = "Wurth Elektronik"; VariantName = "[No Variations]"
Add component (AddParameter): Name = "Manufacturer Part Number"; Value = "61301611021"; VariantName = "[No Variations]"
Add component (AddParameter): Name = "Match Code"; Value = "WR-PHD"; VariantName = "[No Variations]"
Add component (AddParameter): Name = "Mount"; Value = "Through Hole"; VariantName = "[No Variations]"
Add component (AddParameter): Name = "Number of Pins"; Value = "16"; VariantName = "[No Variations]"
Add component (AddParameter): Name = "Number of Rows"; Value = "1"; VariantName = "[No Variations]"
Add component (AddParameter): Name = "Operating Temperature Max"; Value = "105°C"; VariantName = "[No Variations]"
Add component (AddParameter): Name = "Operating Temperature Min"; Value = "-40°C"; VariantName = "[No Variations]"
Add component (AddParameter): Name = "Orientation"; Value = "Angled"; VariantName = "[No Variations]"
Add component (AddParameter): Name = "Packaging"; Value = "Bag"; VariantName = "[No Variations]"
Add component (AddParameter): Name = "Pitch"; Value = "2.54mm"; VariantName = "[No Variations]"
Add component (AddParameter): Name = "Rated Current"; Value = "3A"; VariantName = "[No Variations]"
Add component (AddParameter): Name = "Withstanding Voltage"; Value = "500V"; VariantName = "[No Variations]"
Add component (AddParameter): Name = "Working Voltage"; Value = "250V"; VariantName = "[No Variations]"
Add Component: Footprint Not Found FP-PC817XNNIP0F-MFG
Added Component: Designator=R?(RES-0805)
Added Component: Designator=R?(RES-0805)
Added Component: Designator=R?(RES-0805)
Added Component: Designator=R?(RES-0805)
Added Component: Designator=R?(RES-0805)
Added Component: Designator=R?(RES-0805)
Added Component: Designator=R?(RES-0805)
Added Component: Designator=R?(RES-0805)
Added Component: Designator=R?(RES-0805)
Added Component: Designator=R?(RES-0805)
Added Component: Designator=R?(RES-0805)
Added Component: Designator=R?(RES-0805)
Added Component: Designator=R?(RES-0805)
Added Component: Designator=R?(RES-0805)
Added Component: Designator=R?(RES-0805)
Added Component: Designator=TP?(Test_Point)
Added Component: Designator=TP?(Test_Point)
Added Component: Designator=TP?(Test_Point)
Added Component: Designator=TP?(Test_Point)
Added Component: Designator=TP?(Test_Point)
Added Component: Designator=TP?(Test_Point)
Added Component: Designator=TP?(Test_Point)
Added Component: Designator=TP?(Test_Point)
Added Component: Designator=TP?(Test_Point)
Added Component: Designator=TP?(Test_Point)
Added Component: Designator=TP?(Test_Point)
Add Component: Footprint Not Found SOIC-16-M
Added Pin To Net: NetName=GND Pin=C?-1
Added Pin To Net: NetName=GND Pin=C?-1
Added Pin To Net: NetName=GND Pin=C?-1
Added Pin To Net: NetName=GND Pin=C?-1
Added Pin To Net: NetName=GND Pin=C?-1
Added Pin To Net: NetName=GND Pin=C?-1
Added Pin To Net: NetName=GND Pin=C?-1
Added Pin To Net: NetName=NetR12_2 Pin=C?-1
Added Pin To Net: NetName=NetR12_2 Pin=C?-1
Added Pin To Net: NetName=NetR13_1 Pin=C?-1
Added Pin To Net: NetName=NetR13_1 Pin=C?-1
Added Pin To Net: NetName=NetR35_2 Pin=C?-1
Added Pin To Net: NetName=GND Pin=C?-2
Added Pin To Net: NetName=GND Pin=C?-2
Added Pin To Net: NetName=NetP1_11 Pin=C?-2
Added Pin To Net: NetName=NetP1_11 Pin=C?-2
Added Pin To Net: NetName=NetR10_1 Pin=C?-2
Added Pin To Net: NetName=NetR10_1 Pin=C?-2
Added Pin To Net: NetName=NetR10_2 Pin=C?-2
Added Pin To Net: NetName=NetR12_1 Pin=C?-2
Added Pin To Net: NetName=NetR12_2 Pin=C?-2
Added Pin To Net: NetName=NetR12_2 Pin=C?-2
Added Pin To Net: NetName=NetR35_2 Pin=C?-2
Add Pin To Net: Unknown Pin: Pin D?-1
Add Pin To Net: Unknown Pin: Pin D?-2
Added Pin To Net: NetName=NetP1_7 Pin=P?-2
Added Pin To Net: NetName=NetP1_4 Pin=P?-3
Added Pin To Net: NetName=GND Pin=P?-4
Added Pin To Net: NetName=GND Pin=P?-5
Added Pin To Net: NetName=NetP1_2 Pin=P?-6
Added Pin To Net: NetName=NetC33_2 Pin=P?-7
Added Pin To Net: NetName=NetC15_2 Pin=P?-8
Added Pin To Net: NetName=NetC11_1 Pin=P?-9
Added Pin To Net: NetName=NetC9_2 Pin=P?-11
Added Pin To Net: NetName=NetC7_2 Pin=P?-12
Added Pin To Net: NetName=NetC7_1 Pin=P?-13
Added Pin To Net: NetName=NetC4_1 Pin=P?-14
Added Pin To Net: NetName=NetC2_2 Pin=P?-15
Added Pin To Net: NetName=NetC2_1 Pin=P?-16
Add Pin To Net: Unknown Pin: Pin Q?-1
Add Pin To Net: Unknown Pin: Pin Q?-2
Add Pin To Net: Unknown Pin: Pin Q?-3
Add Pin To Net: Unknown Pin: Pin Q?-4
Added Pin To Net: NetName=GND Pin=R?-1
Added Pin To Net: NetName=NetC1_1 Pin=R?-1
Added Pin To Net: NetName=NetC4_1 Pin=R?-1
Added Pin To Net: NetName=NetC7_1 Pin=R?-1
Added Pin To Net: NetName=NetC7_2 Pin=R?-1
Added Pin To Net: NetName=NetC9_2 Pin=R?-1
Added Pin To Net: NetName=NetP1_7 Pin=R?-1
Added Pin To Net: NetName=NetP1_11 Pin=R?-1
Added Pin To Net: NetName=NetP1_11 Pin=R?-1
Added Pin To Net: NetName=NetR10_1 Pin=R?-1
Added Pin To Net: NetName=NetR10_1 Pin=R?-1
Added Pin To Net: NetName=NetR10_2 Pin=R?-1
Added Pin To Net: NetName=NetR12_2 Pin=R?-1
Added Pin To Net: NetName=NetR12_2 Pin=R?-1
Added Pin To Net: NetName=NetR35_2 Pin=R?-1
Added Pin To Net: NetName=GND Pin=R?-2
Added Pin To Net: NetName=GND Pin=R?-2
Added Pin To Net: NetName=GND Pin=R?-2
Added Pin To Net: NetName=GND Pin=R?-2
Added Pin To Net: NetName=GND Pin=R?-2
Added Pin To Net: NetName=NetC7_1 Pin=R?-2
Added Pin To Net: NetName=NetC9_2 Pin=R?-2
Added Pin To Net: NetName=NetP1_8 Pin=R?-2
Added Pin To Net: NetName=NetP1_11 Pin=R?-2
Added Pin To Net: NetName=NetR10_1 Pin=R?-2
Added Pin To Net: NetName=NetR10_2 Pin=R?-2
Added Pin To Net: NetName=NetR13_1 Pin=R?-2
Added Pin To Net: NetName=NetR13_1 Pin=R?-2
Added Pin To Net: NetName=GND Pin=TP?-1
Added Pin To Net: NetName=GND Pin=TP?-1
Added Pin To Net: NetName=NetC1_1 Pin=TP?-1
Added Pin To Net: NetName=NetP1_11 Pin=TP?-1
Added Pin To Net: NetName=NetR10_1 Pin=TP?-1
Added Pin To Net: NetName=NetR10_2 Pin=TP?-1
Added Pin To Net: NetName=NetR12_1 Pin=TP?-1
Added Pin To Net: NetName=NetR12_2 Pin=TP?-1
Added Pin To Net: NetName=NetR13_1 Pin=TP?-1
Added Pin To Net: NetName=NetR35_2 Pin=TP?-1
Add Pin To Net: Unknown Pin: Pin U?-1
Add Pin To Net: Unknown Pin: Pin U?-2
Add Pin To Net: Unknown Pin: Pin U?-3
Add Pin To Net: Unknown Pin: Pin U?-4
Add Pin To Net: Unknown Pin: Pin U?-5
Add Pin To Net: Unknown Pin: Pin U?-6
Add Pin To Net: Unknown Pin: Pin U?-7
Add Pin To Net: Unknown Pin: Pin U?-8
Add Pin To Net: Unknown Pin: Pin U?-9
Add Pin To Net: Unknown Pin: Pin U?-10
Add Pin To Net: Unknown Pin: Pin U?-11
Add Pin To Net: Unknown Pin: Pin U?-13
Add Pin To Net: Unknown Pin: Pin U?-14
Add Pin To Net: Unknown Pin: Pin U?-15
Add Pin To Net: Unknown Pin: Pin U?-16
Change Net Name : Old Net Name=NetC1_1 New Net Name=NetR?_1
Change Net Name : Old Net Name=NetC2_1 New Net Name=NetP?_16
Change Net Name : Old Net Name=NetC2_2 New Net Name=NetP?_15
Change Net Name : Old Net Name=NetC4_1 New Net Name=NetP?_14
Change Net Name : Old Net Name=NetC7_1 New Net Name=NetP?_13
Change Net Name : Old Net Name=NetC7_2 New Net Name=NetP?_12
Change Net Name : Old Net Name=NetC9_2 New Net Name=NetP?_11
Change Net Name : Old Net Name=NetC11_1 New Net Name=NetP?_9
Change Net Name : Old Net Name=NetC15_2 New Net Name=NetP?_8
Change Net Name : Old Net Name=NetC33_2 New Net Name=NetP?_7
Change Net Name : Old Net Name=NetP1_2 New Net Name=NetP?_6
Change Net Name : Old Net Name=NetP1_4 New Net Name=NetP?_3
Change Net Name : Old Net Name=NetP1_7 New Net Name=NetP?_2
Change Net Name : Old Net Name=NetP1_8 New Net Name=NetD?_2
Change Net Name : Old Net Name=NetP1_11 New Net Name=NetC?_2
Change Net Name : Old Net Name=NetR10_1 New Net Name=NetC?_2
Change Net Name : Old Net Name=NetR10_2 New Net Name=NetC?_2
Change Net Name : Old Net Name=NetR12_1 New Net Name=NetC?_2
Change Net Name : Old Net Name=NetR12_2 New Net Name=NetC?_1
Change Net Name : Old Net Name=NetR13_1 New Net Name=NetC?_1
Change Net Name : Old Net Name=NetR35_2 New Net Name=NetC?_1
Added Pin To Net: NetName=+12 Pin=C?-1
Added Pin To Net: NetName=+12 Pin=C?-2
Added Pin To Net: NetName=+12 Pin=L?-2
Added Pin To Net: NetName=+12 Pin=P?-1
Added Pin To Net: NetName=+12 Pin=R?-2
Added Pin To Net: NetName=+12 Pin=R?-2
Added Net: Name=+12
Add Net: Net with name "NetC?_1" already exists
