Removed Pin From Net: NetName=+12 Pin=C?-1
Removed Pin From Net: NetName=GND Pin=C?-2
Remove Pin from Net: Failed to remove Pin
Removed Pin From Net: NetName=NetP?_3 Pin=P?-3
Removed Pin From Net: NetName=NetP?_14 Pin=P?-14
Removed Pin From Net: NetName=NetP?_16 Pin=P?-16
Removed Pin From Net: NetName=NetP?_14 Pin=R?-1
Removed Pin From Net: NetName=NetR?_1 Pin=R?-1
Removed Pin From Net: NetName=NetD?_2 Pin=R?-2
Remove Pin from Net: Failed to remove Pin
Removed Pin From Net: NetName=NetR?_1 Pin=TP?-1
Change Component Designator: OldDesignator=C? NewDesignator=C1
Change Component Designator: OldDesignator=C? NewDesignator=C2
Change Component Designator: OldDesignator=C? NewDesignator=C3
Change Component Designator: OldDesignator=C? NewDesignator=C4
Change Component Designator: OldDesignator=C? NewDesignator=C5
Change Component Designator: OldDesignator=C? NewDesignator=C6
Change Component Designator: OldDesignator=C? NewDesignator=C8
Change Component Designator: OldDesignator=C? NewDesignator=C9
Change Component Designator: OldDesignator=C? NewDesignator=C10
Change Component Designator: OldDesignator=C? NewDesignator=C11
Change Component Designator: OldDesignator=C? NewDesignator=C13
Change Component Designator: OldDesignator=C? NewDesignator=C14
Change Component Designator: OldDesignator=L? NewDesignator=L1
Change Component Designator: OldDesignator=P? NewDesignator=P1
Change Component Designator: OldDesignator=R? NewDesignator=R1
Change Component Designator: OldDesignator=R? NewDesignator=R2
Change Component Designator: OldDesignator=R? NewDesignator=R3
Change Component Designator: OldDesignator=R? NewDesignator=R4
Change Component Designator: OldDesignator=R? NewDesignator=R5
Change Component Designator: OldDesignator=R? NewDesignator=R6
Change Component Designator: OldDesignator=R? NewDesignator=R7
Change Component Designator: OldDesignator=R? NewDesignator=R8
Change Component Designator: OldDesignator=R? NewDesignator=R9
Change Component Designator: OldDesignator=R? NewDesignator=R10
Change Component Designator: OldDesignator=R? NewDesignator=R11
Change Component Designator: OldDesignator=R? NewDesignator=R12
Change Component Designator: OldDesignator=R? NewDesignator=R13
Change Component Designator: OldDesignator=R? NewDesignator=R14
Change Component Designator: OldDesignator=R? NewDesignator=R15
Change Component Designator: OldDesignator=TP? NewDesignator=TP1
Change Component Designator: OldDesignator=TP? NewDesignator=TP2
Change Component Designator: OldDesignator=TP? NewDesignator=TP3
Change Component Designator: OldDesignator=TP? NewDesignator=TP4
Change Component Designator: OldDesignator=TP? NewDesignator=TP5
Change Component Designator: OldDesignator=TP? NewDesignator=TP6
Change Component Designator: OldDesignator=TP? NewDesignator=TP7
Change Component Designator: OldDesignator=TP? NewDesignator=TP8
Change Component Designator: OldDesignator=TP? NewDesignator=TP9
Change Component Designator: OldDesignator=TP? NewDesignator=TP10
Change Component Designator: OldDesignator=TP? NewDesignator=TP11
Add Component: Footprint Not Found CAP_SMD_Size_E
Add Component: Footprint Not Found CAP_SMD_Size_E
Add Component: Footprint Not Found LED_RED
Add Component: Footprint Not Found FP-PC817XNNIP0F-MFG
Add Component: Footprint Not Found SOIC-16-M
Add Pin To Net: Unknown Pin: Pin C7-2
Added Pin To Net: NetName=GND Pin=C9-1
Add Pin To Net: Unknown Pin: Pin C12-1
Add Pin To Net: Unknown Pin: Pin C12-2
Add Pin To Net: Unknown Pin: Pin D1-1
Added Pin To Net: NetName=NetR?_1 Pin=P1-3
Added Pin To Net: NetName=GND Pin=P1-10
Added Pin To Net: NetName=NetP?_16 Pin=P1-14
Added Pin To Net: NetName=NetP?_14 Pin=P1-16
Add Pin To Net: Unknown Pin: Pin Q1-1
Add Pin To Net: Unknown Pin: Pin Q1-2
Add Pin To Net: Unknown Pin: Pin Q1-3
Add Pin To Net: Unknown Pin: Pin Q1-4
Added Pin To Net: NetName=NetP?_3 Pin=R7-1
Added Pin To Net: NetName=NetD?_2 Pin=R15-1
Added Pin To Net: NetName=NetD?_2 Pin=TP11-1
Add Pin To Net: Unknown Pin: Pin U1-1
Add Pin To Net: Unknown Pin: Pin U1-2
Add Pin To Net: Unknown Pin: Pin U1-3
Add Pin To Net: Unknown Pin: Pin U1-4
Add Pin To Net: Unknown Pin: Pin U1-6
Add Pin To Net: Unknown Pin: Pin U1-7
Add Pin To Net: Unknown Pin: Pin U1-8
Add Pin To Net: Unknown Pin: Pin U1-9
Add Pin To Net: Unknown Pin: Pin U1-10
Add Pin To Net: Unknown Pin: Pin U1-11
Add Pin To Net: Unknown Pin: Pin U1-13
Add Pin To Net: Unknown Pin: Pin U1-14
Add Pin To Net: Unknown Pin: Pin U1-15
Add Pin To Net: Unknown Pin: Pin U1-16
Change Net Name : Old Net Name=NetC?_1 New Net Name=NetC1_1
Change Net Name : Old Net Name=NetC?_1 New Net Name=NetC1_2
Change Net Name : Old Net Name=NetC?_1 New Net Name=NetC6_1
Change Net Name : Old Net Name=NetC?_2 New Net Name=NetC3_2
Change Net Name : Old Net Name=NetC?_2 New Net Name=NetC4_2
Change Net Name : Old Net Name=NetC?_2 New Net Name=NetC5_2
Change Net Name : Old Net Name=NetC?_2 New Net Name=NetU1_8
Change Net Name : Old Net Name=NetD?_2 New Net Name=NetR15_1
Change Net Name : Old Net Name=NetP?_2 New Net Name=NetP1_2
Change Net Name : Old Net Name=NetP?_3 New Net Name=NetR7_1
Change Net Name : Old Net Name=NetP?_6 New Net Name=NetP1_6
Change Net Name : Old Net Name=NetP?_7 New Net Name=NetP1_7
Change Net Name : Old Net Name=NetP?_8 New Net Name=NetP1_8
Change Net Name : Old Net Name=NetP?_9 New Net Name=NetP1_9
Change Net Name : Old Net Name=NetP?_11 New Net Name=NetP1_11
Change Net Name : Old Net Name=NetP?_12 New Net Name=NetP1_12
Change Net Name : Old Net Name=NetP?_13 New Net Name=NetP1_13
Change Net Name : Old Net Name=NetP?_14 New Net Name=NetP1_16
Change Net Name : Old Net Name=NetP?_15 New Net Name=NetP1_15
Change Net Name : Old Net Name=NetP?_16 New Net Name=NetP1_14
Change Net Name : Old Net Name=NetR?_1 New Net Name=NetP1_3
Added Pin To Net: NetName=NetC7_1 Pin=C9-2
Added Pin To Net: NetName=NetC7_1 Pin=L1-1
Added Pin To Net: NetName=NetC7_1 Pin=TP9-1
Added Net: Name=NetC7_1
Added Pin To Net: NetName=NetC13_2 Pin=C13-2
Added Pin To Net: NetName=NetC13_2 Pin=TP10-1
Added Net: Name=NetC13_2
Added Pin To Net: NetName=NetD1_2 Pin=R14-2
Added Net: Name=NetD1_2
