Change Footprint: Footprint Not Found CAP-V
Change Footprint: Footprint Not Found CAP-V
Change Footprint: Footprint Not Found CAP-V
Change Footprint: Footprint Not Found CAP-V
Change Footprint: Cannot match pads with new footprint in component :C13 Footprint:FP-C0805C-DN-MFG
Change Footprint: Cannot match pads with new footprint in component :C16 Footprint:FP-C0805C-DN-MFG
Change Footprint: Cannot match pads with new footprint in component :C18 Footprint:FP-C0805C-DN-MFG
Change Footprint: Cannot match pads with new footprint in component :C19 Footprint:FP-C0805C-DN-MFG
Change Footprint: Cannot match pads with new footprint in component :C34 Footprint:FP-C0805C-DN-MFG
Change Footprint: Cannot match pads with new footprint in component :C36 Footprint:FP-C0805C-DN-MFG
Change Footprint: Cannot match pads with new footprint in component :C38 Footprint:FP-C0805C-DN-MFG
Change Footprint: Cannot match pads with new footprint in component :C39 Footprint:FP-C0805C-DN-MFG
Change Footprint: Footprint Not Found CAP_SMD_Size_G
Change Footprint: Footprint Not Found CAP_SMD_Size_G
Change Footprint: Footprint Not Found CAP_SMD_Size_E
Change Footprint: Footprint Not Found CAP_SMD_Size_E
Change Footprint: Footprint Not Found CAP_SMD_Size_E
Change Footprint: Footprint Not Found DO214-AB
Change Footprint: Footprint Not Found DO214-AB
Change Footprint: Footprint Not Found DO214-AB
Change Footprint: Footprint Not Found FP-SS8050-G-MFG
Change Footprint: Footprint Not Found FP-SS8050-G-MFG
Change Footprint: Footprint Not Found FP-SS8050-G-MFG
Change Footprint: Footprint Not Found FP-SS8050-G-MFG
Change Footprint: Footprint Not Found DO-214AA
Change Footprint: Footprint Not Found DO-214AA
Change Footprint: Cannot match pads with new footprint in component :R5 Footprint:FP-CRCW0805-e3-MFG
Change Footprint: Cannot match pads with new footprint in component :R7 Footprint:FP-CRCW0805-e3-MFG
Change Footprint: Cannot match pads with new footprint in component :R9 Footprint:FP-CRCW0805-e3-MFG
Change Footprint: Cannot match pads with new footprint in component :R13 Footprint:FP-CRCW0805-e3-MFG
Change Footprint: Cannot match pads with new footprint in component :R14 Footprint:FP-CRCW0805-e3-MFG
Change Footprint: Cannot match pads with new footprint in component :R15 Footprint:FP-CRCW0805-e3-MFG
Change Footprint: Cannot match pads with new footprint in component :R16 Footprint:FP-CRCW0805-e3-MFG
Change Footprint: Cannot match pads with new footprint in component :R17 Footprint:FP-CRCW0805-e3-MFG
Change Footprint: Cannot match pads with new footprint in component :R18 Footprint:FP-CRCW0805-e3-MFG
Change Footprint: Cannot match pads with new footprint in component :R29 Footprint:FP-CRCW0805-e3-MFG
Change Footprint: Cannot match pads with new footprint in component :R30 Footprint:FP-CRCW0805-e3-MFG
Change Footprint: Cannot match pads with new footprint in component :R32 Footprint:FP-CRCW0805-e3-MFG
Change Footprint: Cannot match pads with new footprint in component :R38 Footprint:FP-CRCW0805-e3-MFG
Change Footprint: Cannot match pads with new footprint in component :R39 Footprint:FP-CRCW0805-e3-MFG
Change Footprint: Cannot match pads with new footprint in component :R41 Footprint:FP-CRCW0805-e3-MFG
Change Footprint: Cannot match pads with new footprint in component :R42 Footprint:FP-CRCW0805-e3-MFG
Change Footprint: Cannot match pads with new footprint in component :R43 Footprint:FP-CRCW0805-e3-MFG
Change Footprint: Cannot match pads with new footprint in component :R44 Footprint:FP-CRCW0805-e3-MFG
Added Pin To Net: NetName=BAT_GND Pin=DD1-5
Added Pin To Net: NetName=BAT_GND Pin=VD1-1
Added Pin To Net: NetName=BAT_GND Pin=VD3-2
Added Pin To Net: NetName=BAT_GND Pin=VD4-1
Added Pin To Net: NetName=BAT_GND Pin=VD6-2
