Change Footprint: Footprint Not Found CAP-V
Change Footprint: Footprint Not Found CAP-V
Change Footprint: Footprint Not Found CAP-V
Change Footprint: Footprint Not Found CAP-V
Change Footprint: Footprint Not Found CAP_SMD_Size_G
Change Footprint: Footprint Not Found CAP_SMD_Size_G
Change Footprint: Footprint Not Found CAP_SMD_Size_G
Change Footprint: Footprint Not Found CAP_SMD_Size_G
Change Footprint: Footprint Not Found CAP_SMD_Size_G
Change Footprint: Cannot match pads with new footprint in component :C13 Footprint:FP-C0805C-DN-MFG
Change Footprint: Cannot match pads with new footprint in component :C16 Footprint:FP-C0805C-DN-MFG
Change Footprint: Cannot match pads with new footprint in component :C18 Footprint:FP-C0805C-DN-MFG
Change Footprint: Cannot match pads with new footprint in component :C19 Footprint:FP-C0805C-DN-MFG
Change Footprint: Cannot match pads with new footprint in component :C34 Footprint:FP-C0805C-DN-MFG
Change Footprint: Cannot match pads with new footprint in component :C36 Footprint:FP-C0805C-DN-MFG
Change Footprint: Cannot match pads with new footprint in component :C38 Footprint:FP-C0805C-DN-MFG
Change Footprint: Cannot match pads with new footprint in component :C39 Footprint:FP-C0805C-DN-MFG
Change Footprint: Footprint Not Found CAP_SMD_Size_E
Change Footprint: Footprint Not Found CAP_SMD_Size_E
Change Footprint: Footprint Not Found CAP_SMD_Size_E
Change Footprint: Footprint Not Found DO214-AB
Change Footprint: Footprint Not Found DO214-AB
Change Footprint: Footprint Not Found DO214-AB
Change Footprint: Footprint Not Found FP-SS8050-G-MFG
Change Footprint: Footprint Not Found FP-SS8050-G-MFG
Change Footprint: Footprint Not Found FP-SS8050-G-MFG
Change Footprint: Footprint Not Found FP-SS8050-G-MFG
Change Footprint: Footprint Not Found DO-214AA
Change Footprint: Footprint Not Found DO-214AA
Change Footprint: Cannot match pads with new footprint in component :R5 Footprint:FP-CRCW0805-e3-MFG
Change Footprint: Cannot match pads with new footprint in component :R7 Footprint:FP-CRCW0805-e3-MFG
Change Footprint: Cannot match pads with new footprint in component :R9 Footprint:FP-CRCW0805-e3-MFG
Change Footprint: Cannot match pads with new footprint in component :R13 Footprint:FP-CRCW0805-e3-MFG
Change Footprint: Cannot match pads with new footprint in component :R14 Footprint:FP-CRCW0805-e3-MFG
Change Footprint: Cannot match pads with new footprint in component :R15 Footprint:FP-CRCW0805-e3-MFG
Change Footprint: Cannot match pads with new footprint in component :R16 Footprint:FP-CRCW0805-e3-MFG
Change Footprint: Cannot match pads with new footprint in component :R17 Footprint:FP-CRCW0805-e3-MFG
Change Footprint: Cannot match pads with new footprint in component :R18 Footprint:FP-CRCW0805-e3-MFG
Change Footprint: Cannot match pads with new footprint in component :R29 Footprint:FP-CRCW0805-e3-MFG
Change Footprint: Cannot match pads with new footprint in component :R30 Footprint:FP-CRCW0805-e3-MFG
Change Footprint: Cannot match pads with new footprint in component :R32 Footprint:FP-CRCW0805-e3-MFG
Change Footprint: Cannot match pads with new footprint in component :R38 Footprint:FP-CRCW0805-e3-MFG
Change Footprint: Cannot match pads with new footprint in component :R39 Footprint:FP-CRCW0805-e3-MFG
Change Footprint: Cannot match pads with new footprint in component :R41 Footprint:FP-CRCW0805-e3-MFG
Change Footprint: Cannot match pads with new footprint in component :R42 Footprint:FP-CRCW0805-e3-MFG
Change Footprint: Cannot match pads with new footprint in component :R43 Footprint:FP-CRCW0805-e3-MFG
Change Footprint: Cannot match pads with new footprint in component :R44 Footprint:FP-CRCW0805-e3-MFG
Added Pin To Net: NetName=NetC44_2 Pin=U3-1
Added Pin To Net: NetName=NetC34_1 Pin=U3-2
Added Pin To Net: NetName=NetC34_2 Pin=U3-3
Added Pin To Net: NetName=NetR45_2 Pin=U3-4
Added Pin To Net: NetName=NetC38_1 Pin=U3-5
Added Pin To Net: NetName=NetR38_1 Pin=U3-6
Added Pin To Net: NetName=BAT_GND Pin=U3-7
Added Pin To Net: NetName=NetR31_1 Pin=U3-8
Added Pin To Net: NetName=NetR34_2 Pin=U3-9
Added Pin To Net: NetName=NetR36_2 Pin=U3-10
Added Pin To Net: NetName=NetR31_1 Pin=U3-11
Added Pin To Net: NetName=NetC37_1 Pin=U3-12
Added Pin To Net: NetName=NetC40_1 Pin=U3-13
Added Pin To Net: NetName=NetC40_1 Pin=U3-14
Added Pin To Net: NetName=NetC36_2 Pin=U3-15
Added Pin To Net: NetName=NetC39_1 Pin=U3-16
Added Member To Class: ClassName=DC-DC_15V_24V Member=Component U3 TL494CDR
