Removed Pin From Net: NetName=NetD6_1 Pin=U1-12
Removed Pin From Net: NetName=NetJ3_5 Pin=U1-14
Change Component Footprint: Designator=C26 Old Footprint=CAP_SMD_Size_E New Footprint=CAP_SMD_Size_G
Added Component: Designator=C38(CAP-0805)
Added Component: Designator=R53(RES-0805)
Added Component: Designator=R54(RES-0805)
Added Component: Designator=R55(RES-0805)
Added Component: Designator=R56(RES-0805)
Added Component: Designator=TP34(Test_Point)
Added Component: Designator=TP35(Test_Point)
Added Component: Designator=TP36(Test_Point)
Added Component: Designator=TP37(Test_Point)
Added Component: Designator=TP38(Test_Point)
Added Component: Designator=TP39(Test_Point)
Added Component: Designator=TP40(Test_Point)
Added Component: Designator=TP41(Test_Point)
Added Component: Designator=TP42(Test_Point)
Added Pin To Net: NetName=GND Pin=C38-1
Added Pin To Net: NetName=+3v3 Pin=C38-2
Added Pin To Net: NetName=NetC1_1 Pin=R53-2
Added Pin To Net: NetName=GND Pin=R54-1
Added Pin To Net: NetName=NetC3_1 Pin=R55-2
Added Pin To Net: NetName=GND Pin=R56-1
Added Pin To Net: NetName=+3v3 Pin=TP34-1
Added Pin To Net: NetName=NetR28_1 Pin=TP35-1
Added Pin To Net: NetName=NetR28_1 Pin=TP36-1
Added Pin To Net: NetName=NetP2_9 Pin=TP38-1
Added Pin To Net: NetName=NetJ1_4 Pin=TP39-1
Added Pin To Net: NetName=NetJ1_5 Pin=TP41-1
Added Pin To Net: NetName=NetJ1_3 Pin=TP42-1
Added Pin To Net: NetName=NetJ3_5 Pin=U1-1
Added Pin To Net: NetName=NetD6_1 Pin=U1-3
Added Pin To Net: NetName=NetR53_1 Pin=R53-1
Added Pin To Net: NetName=NetR53_1 Pin=R54-2
Added Pin To Net: NetName=NetR53_1 Pin=TP37-1
Added Pin To Net: NetName=NetR53_1 Pin=U1-12
Added Net: Name=NetR53_1
Added Pin To Net: NetName=NetR55_1 Pin=R55-1
Added Pin To Net: NetName=NetR55_1 Pin=R56-2
Added Pin To Net: NetName=NetR55_1 Pin=TP40-1
Added Pin To Net: NetName=NetR55_1 Pin=U1-14
Added Net: Name=NetR55_1
