Add Component: Footprint Not Found CAP-TAN-D
Add Component: Footprint Not Found CAP-TAN-D
Add Component: Footprint Not Found CAP-TAN-D
Add Component: Footprint Not Found CAP-TAN-D
Add Component: Footprint Not Found CAP-TAN-D
Add Component: Footprint Not Found CAP-TAN-D
Add Component: Footprint Not Found SIZE_EEE
Add Component: Footprint Not Found FP-403AE-MFG
Add Component: Footprint Not Found SOT23-5
Add Component: Footprint Not Found SOT23-5
Add Component: Footprint Not Found SOT23-5
Add Component: Footprint Not Found SOT23-5
Add Component: Footprint Not Found Coil_4.5x4.5_mm
Add Component: Footprint Not Found Coil_4.5x4.5_mm
Add Component: Footprint Not Found 3296W
Add Component: Footprint Not Found 3296W
Add Component: Footprint Not Found Pin_Test_Point(Orange)
Add Component: Footprint Not Found Pin_Test_Point(Pink)
Added Component: Designator=U6(ADI-RW-16_M)
Add Component: Footprint Not Found FP-TSSOP20-YA-IPC_A
Add Pin To Net: Unknown Pin: Pin C21-1
Add Pin To Net: Unknown Pin: Pin C21-2
Add Pin To Net: Unknown Pin: Pin C24-1
Add Pin To Net: Unknown Pin: Pin C24-2
Add Pin To Net: Unknown Pin: Pin C26-1
Add Pin To Net: Unknown Pin: Pin C26-2
Add Pin To Net: Unknown Pin: Pin C27-1
Add Pin To Net: Unknown Pin: Pin C27-2
Add Pin To Net: Unknown Pin: Pin C28-1
Add Pin To Net: Unknown Pin: Pin C28-2
Add Pin To Net: Unknown Pin: Pin C30-1
Add Pin To Net: Unknown Pin: Pin C30-2
Add Pin To Net: Unknown Pin: Pin C54-1
Add Pin To Net: Unknown Pin: Pin C54-2
Add Pin To Net: Unknown Pin: Pin D1-1
Add Pin To Net: Unknown Pin: Pin D1-2
Add Pin To Net: Unknown Pin: Pin DD2-1
Add Pin To Net: Unknown Pin: Pin DD2-2
Add Pin To Net: Unknown Pin: Pin DD2-3
Add Pin To Net: Unknown Pin: Pin DD2-4
Add Pin To Net: Unknown Pin: Pin DD2-5
Add Pin To Net: Unknown Pin: Pin DD3-1
Add Pin To Net: Unknown Pin: Pin DD3-2
Add Pin To Net: Unknown Pin: Pin DD3-3
Add Pin To Net: Unknown Pin: Pin DD3-4
Add Pin To Net: Unknown Pin: Pin DD3-5
Add Pin To Net: Unknown Pin: Pin DD5-1
Add Pin To Net: Unknown Pin: Pin DD5-2
Add Pin To Net: Unknown Pin: Pin DD5-3
Add Pin To Net: Unknown Pin: Pin DD5-4
Add Pin To Net: Unknown Pin: Pin DD5-5
Add Pin To Net: Unknown Pin: Pin DD6-1
Add Pin To Net: Unknown Pin: Pin DD6-2
Add Pin To Net: Unknown Pin: Pin DD6-3
Add Pin To Net: Unknown Pin: Pin DD6-4
Add Pin To Net: Unknown Pin: Pin DD6-5
Add Pin To Net: Unknown Pin: Pin L4-1
Add Pin To Net: Unknown Pin: Pin L4-2
Add Pin To Net: Unknown Pin: Pin L5-1
Add Pin To Net: Unknown Pin: Pin L5-2
Add Pin To Net: Unknown Pin: Pin R2-1
Add Pin To Net: Unknown Pin: Pin R2-2
Add Pin To Net: Unknown Pin: Pin R2-3
Add Pin To Net: Unknown Pin: Pin R23-1
Add Pin To Net: Unknown Pin: Pin R23-2
Add Pin To Net: Unknown Pin: Pin R23-3
Add Pin To Net: Unknown Pin: Pin TP29-1
Add Pin To Net: Unknown Pin: Pin TP40-1
Add Pin To Net: Unknown Pin: Pin U6-1
Add Pin To Net: Unknown Pin: Pin U6-2
Add Pin To Net: Unknown Pin: Pin U6-4
Add Pin To Net: Unknown Pin: Pin U6-5
Add Pin To Net: Unknown Pin: Pin U6-6
Add Pin To Net: Unknown Pin: Pin U6-7
Add Pin To Net: Unknown Pin: Pin U6-8
Add Pin To Net: Unknown Pin: Pin U6-9
Add Pin To Net: Unknown Pin: Pin U6-10
Add Pin To Net: Unknown Pin: Pin U6-11
Add Pin To Net: Unknown Pin: Pin U6-12
Add Pin To Net: Unknown Pin: Pin U6-13
Add Pin To Net: Unknown Pin: Pin U6-15
Add Pin To Net: Unknown Pin: Pin U6-16
Add Pin To Net: Unknown Pin: Pin U7-1
Add Pin To Net: Unknown Pin: Pin U7-2
Add Pin To Net: Unknown Pin: Pin U7-3
Add Pin To Net: Unknown Pin: Pin U7-4
Add Pin To Net: Unknown Pin: Pin U7-5
Add Pin To Net: Unknown Pin: Pin U7-6
Add Pin To Net: Unknown Pin: Pin U7-7
Add Pin To Net: Unknown Pin: Pin U7-8
Add Pin To Net: Unknown Pin: Pin U7-9
Add Pin To Net: Unknown Pin: Pin U7-10
Add Pin To Net: Unknown Pin: Pin U7-11
Add Pin To Net: Unknown Pin: Pin U7-12
Add Pin To Net: Unknown Pin: Pin U7-13
Add Pin To Net: Unknown Pin: Pin U7-14
Add Pin To Net: Unknown Pin: Pin U7-15
Add Pin To Net: Unknown Pin: Pin U7-16
Add Pin To Net: Unknown Pin: Pin U7-17
Add Pin To Net: Unknown Pin: Pin U7-18
Add Pin To Net: Unknown Pin: Pin U7-19
Add Pin To Net: Unknown Pin: Pin U7-20
Add Class Member: Failed to add class member : Component C21 100uF_16V
Add Class Member: Failed to add class member : Component C24 100uF_16V
Add Class Member: Failed to add class member : Component C26 100uF_16V
Add Class Member: Failed to add class member : Component C27 100uF_16V
Add Class Member: Failed to add class member : Component C28 100uF_16V
Add Class Member: Failed to add class member : Component C30 100uF_16V
Add Class Member: Failed to add class member : Component C54 CAP-POLAR
Add Class Member: Failed to add class member : Component D1 ES1G
Add Class Member: Failed to add class member : Component DD2 MCP6001
Add Class Member: Failed to add class member : Component DD3 MCP6001
Add Class Member: Failed to add class member : Component DD5 MCP6001
Add Class Member: Failed to add class member : Component DD6 MCP6001
Add Class Member: Failed to add class member : Component L4 Coil
Add Class Member: Failed to add class member : Component L5 Coil
Add Class Member: Failed to add class member : Component R2 3296W
Add Class Member: Failed to add class member : Component R23 3296W
Add Class Member: Failed to add class member : Component TP29 Test_Point_PCB
Add Class Member: Failed to add class member : Component TP40 Test_Point_PCB
Add Class Member: Failed to add class member : Component U6 ADUM1401BRWZ
Add Class Member: Failed to add class member : Component U7 STM32G030F6P6
