Removed Pin From Net: NetName=NetC27_1 Pin=L3-2
Change Footprint: Footprint Not Found FP-TSSOP20-YA-IPC_A
Change Footprint: Footprint Not Found SOT23-5
Change Footprint: Footprint Not Found SOT23-5
Change Footprint: Footprint Not Found SOT23-5
Change Footprint: Footprint Not Found SOT23-5
Change Footprint: Footprint Not Found Coil_4.5x4.5_mm
Change Footprint: Footprint Not Found Coil_4.5x4.5_mm
Change Footprint: Footprint Not Found Coil_4.5x4.5_mm
Change Component Comment : Designator=L3 Old Comment=3.3µH, 4A New Comment=Coil
Change Component Comment : Designator=L4 Old Comment=1000µH, 0.3A New Comment=Coil
Change Component Comment : Designator=L5 Old Comment=1000µH, 0.3A New Comment=Coil
Change component parameters: Designator = "L3" ("L3"); Footprint = "WE-PD2_5848"; UniqueID = "\LOYOQLLP" ("\LOYOQLLP")
Change component parameters: Designator = "L4" ("L4"); Footprint = "WE-PD2_7850"; UniqueID = "\GNGNXZAG" ("\GNGNXZAG")
Change component parameters: Designator = "L5" ("L5"); Footprint = "WE-PD2_7850"; UniqueID = "\HYTYLNBC" ("\HYTYLNBC")
Add Component: Footprint Not Found CAP-TAN-D
Add Component: Footprint Not Found CAP-TAN-D
Add Component: Footprint Not Found CAP-TAN-D
Add Component: Footprint Not Found CAP-TAN-D
Add Component: Footprint Not Found CAP-TAN-D
Add Component: Footprint Not Found CAP-TAN-D
Add Component: Footprint Not Found SIZE_EEE
Add Component: Footprint Not Found 3296W
Add Component: Footprint Not Found 3296W
Add Component: Footprint Not Found Pin_Test_Point(Orange)
Add Component: Footprint Not Found Pin_Test_Point(Pink)
Add Pin To Net: Unknown Pin: Pin C21-1
Add Pin To Net: Unknown Pin: Pin C21-2
Add Pin To Net: Unknown Pin: Pin C24-1
Add Pin To Net: Unknown Pin: Pin C24-2
Add Pin To Net: Unknown Pin: Pin C26-1
Add Pin To Net: Unknown Pin: Pin C26-2
Add Pin To Net: Unknown Pin: Pin C27-1
Add Pin To Net: Unknown Pin: Pin C27-2
Add Pin To Net: Unknown Pin: Pin C28-1
Add Pin To Net: Unknown Pin: Pin C28-2
Add Pin To Net: Unknown Pin: Pin C30-1
Add Pin To Net: Unknown Pin: Pin C30-2
Add Pin To Net: Unknown Pin: Pin C54-1
Add Pin To Net: Unknown Pin: Pin C54-2
Added Pin To Net: NetName=NetC26_1 Pin=L4-1
Added Pin To Net: NetName=NetC24_1 Pin=L4-2
Added Pin To Net: NetName=+3V3 Pin=L5-1
Added Pin To Net: NetName=+3V3_MCU Pin=L5-2
Add Pin To Net: Unknown Pin: Pin R2-1
Add Pin To Net: Unknown Pin: Pin R2-2
Add Pin To Net: Unknown Pin: Pin R2-3
Add Pin To Net: Unknown Pin: Pin R23-1
Add Pin To Net: Unknown Pin: Pin R23-2
Add Pin To Net: Unknown Pin: Pin R23-3
Add Pin To Net: Unknown Pin: Pin TP29-1
Add Pin To Net: Unknown Pin: Pin TP40-1
Add Class Member: Failed to add class member : Component C21 100uF_16V
Add Class Member: Failed to add class member : Component C24 100uF_16V
Add Class Member: Failed to add class member : Component C26 100uF_16V
Add Class Member: Failed to add class member : Component C27 100uF_16V
Add Class Member: Failed to add class member : Component C28 100uF_16V
Add Class Member: Failed to add class member : Component C30 100uF_16V
Add Class Member: Failed to add class member : Component C54 CAP-POLAR
Add Class Member: Failed to add class member : Component R2 3296W
Add Class Member: Failed to add class member : Component R23 3296W
Add Class Member: Failed to add class member : Component TP29 Test_Point_PCB
Add Class Member: Failed to add class member : Component TP40 Test_Point_PCB
