Change Footprint: Footprint Not Found FP-TSSOP20-YA-IPC_A
Change Footprint: Footprint Not Found SOT23-5
Change Footprint: Footprint Not Found SOT23-5
Change Footprint: Footprint Not Found SOT23-5
Change Footprint: Footprint Not Found SOT23-5
Change Footprint: Footprint Not Found Coil_4.5x4.5_mm
Change Footprint: Footprint Not Found Coil_4.5x4.5_mm
Change Footprint: Footprint Not Found Coil_4.5x4.5_mm
Added Component: Designator=C26(CAP-TAN-C)
Add Component: Footprint Not Found SIZE_EEE
Add Component: Footprint Not Found Pin_Test_Point(Orange)
Add Component: Footprint Not Found Pin_Test_Point(Pink)
Added Pin To Net: NetName=NetC26_1 Pin=C26-1
Added Pin To Net: NetName=GND_III Pin=C26-2
Add Pin To Net: Unknown Pin: Pin C54-1
Add Pin To Net: Unknown Pin: Pin C54-2
Add Pin To Net: Unknown Pin: Pin TP29-1
Add Pin To Net: Unknown Pin: Pin TP40-1
Added Member To Class: ClassName=Inverter_540VDC_V2.1 Member=Component C26 CAP-POLAR
Add Class Member: Failed to add class member : Component C54 CAP-POLAR
Add Class Member: Failed to add class member : Component TP29 Test_Point_PCB
Add Class Member: Failed to add class member : Component TP40 Test_Point_PCB
