Add Component: Footprint Not Found CAP-V
Add Component: Footprint Not Found CAP_3.3uF_630V
Add Component: Footprint Not Found CAP_3.3uF_630V
Add Component: Footprint Not Found Transformer_ETD34
Add Pin To Net: Unknown Pin: Pin C14-1
Add Pin To Net: Unknown Pin: Pin C14-2
Add Pin To Net: Unknown Pin: Pin C22-1
Add Pin To Net: Unknown Pin: Pin C22-2
Add Pin To Net: Unknown Pin: Pin C23-1
Add Pin To Net: Unknown Pin: Pin C23-2
Add Pin To Net: Unknown Pin: Pin T1-1
Add Pin To Net: Unknown Pin: Pin T1-3
Add Pin To Net: Unknown Pin: Pin T1-4
Add Pin To Net: Unknown Pin: Pin T1-5
Add Pin To Net: Unknown Pin: Pin T1-6
Add Pin To Net: Unknown Pin: Pin T1-7
Add Pin To Net: Unknown Pin: Pin T1-8
Add Pin To Net: Unknown Pin: Pin T1-9
Add Pin To Net: Unknown Pin: Pin T1-10
Add Pin To Net: Unknown Pin: Pin T1-12
Add Pin To Net: Unknown Pin: Pin T1-13
Add Pin To Net: Unknown Pin: Pin T1-14
