Change Component Designator: OldDesignator=C14 NewDesignator=C?
Added Component: Designator=L?(WE-PD2_5848)
Add component (AddParameter): Name = "Case/Size Code"; Value = "5848"; VariantName = "[No Variations]"
Add component (AddParameter): Name = "Category"; Value = "Unshielded Power Inductors"; VariantName = "[No Variations]"
Add component (AddParameter): Name = "ComponentLink1Description"; Value = "Website Link"; VariantName = "[No Variations]"
Add component (AddParameter): Name = "ComponentLink1URL"; Value = "https://www.we-online.com/redexpert/article/744774047?ad"; VariantName = "[No Variations]"
Add component (AddParameter): Name = "ComponentLink2Description"; Value = "Datasheet Link"; VariantName = "[No Variations]"
Add component (AddParameter): Name = "ComponentLink2URL"; Value = "https://www.we-online.com/redexpert/spec/744774047?ad"; VariantName = "[No Variations]"
Add component (AddParameter): Name = "DC Resistance"; Value = "0.056?"; VariantName = "[No Variations]"
Add component (AddParameter): Name = "DC Resistance Max"; Value = "0.071?"; VariantName = "[No Variations]"
Add component (AddParameter): Name = "Height"; Value = "4.5mm"; VariantName = "[No Variations]"
Add component (AddParameter): Name = "Inductance"; Value = "4.7µH"; VariantName = "[No Variations]"
Add component (AddParameter): Name = "Length"; Value = "5.8mm"; VariantName = "[No Variations]"
Add component (AddParameter): Name = "Manufacturer"; Value = "Wurth Elektronik"; VariantName = "[No Variations]"
Add component (AddParameter): Name = "Manufacturer Part Number"; Value = "744774047"; VariantName = "[No Variations]"
Add component (AddParameter): Name = "Match Code"; Value = "WE-PD2"; VariantName = "[No Variations]"
Add component (AddParameter): Name = "Mount"; Value = "Surface Mount"; VariantName = "[No Variations]"
Add component (AddParameter): Name = "Operating Temperature Max"; Value = "125°C"; VariantName = "[No Variations]"
Add component (AddParameter): Name = "Operating Temperature Min"; Value = "-40°C"; VariantName = "[No Variations]"
Add component (AddParameter): Name = "Packaging"; Value = "Tape and Reel"; VariantName = "[No Variations]"
Add component (AddParameter): Name = "Rated Current"; Value = "3A"; VariantName = "[No Variations]"
Add component (AddParameter): Name = "Saturation Current"; Value = "5.5A"; VariantName = "[No Variations]"
Add component (AddParameter): Name = "Self Resonant Frequency"; Value = "33MHz"; VariantName = "[No Variations]"
Add component (AddParameter): Name = "Width"; Value = "5.2mm"; VariantName = "[No Variations]"
Change Net Name : Old Net Name=NetC14_1 New Net Name=NetC?_1
