Added Component: Designator=C4(CAPPOL8x12)
Added Component: Designator=C5(CAPPOL8x12)
Added Component: Designator=C10(CAPPOL8x12)
Added Component: Designator=C11(CAPPOL8x12)
Added Component: Designator=C16(CAPPOL8x12)
Added Component: Designator=C17(CAPPOL8x12)
Added Component: Designator=C22(CAPPOL8x12)
Added Component: Designator=C23(CAPPOL8x12)
Added Component: Designator=C28(CAPPOL8x12)
Added Component: Designator=C29(CAPPOL8x12)
Added Component: Designator=C34(CAPPOL8x12)
Added Component: Designator=C35(CAPPOL8x12)
Added Component: Designator=C40(CAPPOL8x12)
Added Component: Designator=C41(CAPPOL8x12)
Added Component: Designator=C46(CAPPOL8x12)
Added Component: Designator=C47(CAPPOL8x12)
Added Pin To Net: NetName=24V2 Pin=C4-1
Added Pin To Net: NetName=NetC1_2 Pin=C4-2
Added Pin To Net: NetName=NetC1_2 Pin=C5-1
Added Pin To Net: NetName=VEE_2 Pin=C5-2
Added Pin To Net: NetName=24V1 Pin=C10-1
Added Pin To Net: NetName=NetC7_2 Pin=C10-2
Added Pin To Net: NetName=NetC7_2 Pin=C11-1
Added Pin To Net: NetName=VEE_1 Pin=C11-2
Added Pin To Net: NetName=24V3 Pin=C16-1
Added Pin To Net: NetName=NetC13_2 Pin=C16-2
Added Pin To Net: NetName=NetC13_2 Pin=C17-1
Added Pin To Net: NetName=VEE_3 Pin=C17-2
Added Pin To Net: NetName=24V1 Pin=C22-1
Added Pin To Net: NetName=NetC19_2 Pin=C22-2
Added Pin To Net: NetName=NetC19_2 Pin=C23-1
Added Pin To Net: NetName=VEE_1 Pin=C23-2
Added Pin To Net: NetName=24V4 Pin=C28-1
Added Pin To Net: NetName=NetC25_2 Pin=C28-2
Added Pin To Net: NetName=NetC25_2 Pin=C29-1
Added Pin To Net: NetName=VEE_4 Pin=C29-2
Added Pin To Net: NetName=24V1 Pin=C34-1
Added Pin To Net: NetName=NetC31_2 Pin=C34-2
Added Pin To Net: NetName=NetC31_2 Pin=C35-1
Added Pin To Net: NetName=VEE_1 Pin=C35-2
Added Pin To Net: NetName=24V5 Pin=C40-1
Added Pin To Net: NetName=NetC37_2 Pin=C40-2
Added Pin To Net: NetName=NetC37_2 Pin=C41-1
Added Pin To Net: NetName=VEE_5 Pin=C41-2
Added Pin To Net: NetName=24V1 Pin=C46-1
Added Pin To Net: NetName=NetC43_2 Pin=C46-2
Added Pin To Net: NetName=NetC43_2 Pin=C47-1
Added Pin To Net: NetName=VEE_1 Pin=C47-2
Added Member To Class: ClassName=Sinewave_PWM_controller_3_PHASE Member=Component C4 CAP-POLAR
Added Member To Class: ClassName=Sinewave_PWM_controller_3_PHASE Member=Component C5 CAP-POLAR
Added Member To Class: ClassName=Sinewave_PWM_controller_3_PHASE Member=Component C10 CAP-POLAR
Added Member To Class: ClassName=Sinewave_PWM_controller_3_PHASE Member=Component C11 CAP-POLAR
Added Member To Class: ClassName=Sinewave_PWM_controller_3_PHASE Member=Component C16 CAP-POLAR
Added Member To Class: ClassName=Sinewave_PWM_controller_3_PHASE Member=Component C17 CAP-POLAR
Added Member To Class: ClassName=Sinewave_PWM_controller_3_PHASE Member=Component C22 CAP-POLAR
Added Member To Class: ClassName=Sinewave_PWM_controller_3_PHASE Member=Component C23 CAP-POLAR
Added Member To Class: ClassName=Sinewave_PWM_controller_3_PHASE Member=Component C28 CAP-POLAR
Added Member To Class: ClassName=Sinewave_PWM_controller_3_PHASE Member=Component C29 CAP-POLAR
Added Member To Class: ClassName=Sinewave_PWM_controller_3_PHASE Member=Component C34 CAP-POLAR
Added Member To Class: ClassName=Sinewave_PWM_controller_3_PHASE Member=Component C35 CAP-POLAR
Added Member To Class: ClassName=Sinewave_PWM_controller_3_PHASE Member=Component C40 CAP-POLAR
Added Member To Class: ClassName=Sinewave_PWM_controller_3_PHASE Member=Component C41 CAP-POLAR
Added Member To Class: ClassName=Sinewave_PWM_controller_3_PHASE Member=Component C46 CAP-POLAR
Added Member To Class: ClassName=Sinewave_PWM_controller_3_PHASE Member=Component C47 CAP-POLAR
