Removed Pin From Net: NetName=NetC3_1 Pin=C3-1
Removed Pin From Net: NetName=NetC4_2 Pin=C4-2
Removed Pin From Net: NetName=NetC5_1 Pin=C5-1
Removed Pin From Net: NetName=NetC5_2 Pin=C5-2
Removed Pin From Net: NetName=GND_1 Pin=C19-2
Removed Pin From Net: NetName=NetC7_2 Pin=C22-1
Removed Pin From Net: NetName=+550V Pin=C22-2
Removed Pin From Net: NetName=GND Pin=C23-1
Removed Pin From Net: NetName=NetC7_2 Pin=C23-2
Removed Pin From Net: NetName=NetC3_1 Pin=C24-1
Removed Pin From Net: NetName=NetC4_2 Pin=C31-1
Removed Pin From Net: NetName=GND Pin=C42-1
Removed Pin From Net: NetName=NetB1_7 Pin=C42-2
Removed Pin From Net: NetName=NetC?_1 Pin=C?-1
Removed Pin From Net: NetName=NetC7_2 Pin=C?-2
Removed Pin From Net: NetName=NetB1_4 Pin=D3-1
Removed Pin From Net: NetName=NetD3_2 Pin=D3-2
Removed Pin From Net: NetName=NetB1_2 Pin=D4-1
Removed Pin From Net: NetName=NetD4_2 Pin=D4-2
Removed Pin From Net: NetName=NetB1_8 Pin=D6-1
Removed Pin From Net: NetName=GND Pin=D8-2
Removed Pin From Net: NetName=NetB1_8 Pin=D9-1
Removed Pin From Net: NetName=GND Pin=D10-2
Removed Pin From Net: NetName=NetC3_2 Pin=D12-2
Removed Pin From Net: NetName=NetD13_2 Pin=D13-2
Removed Pin From Net: NetName=NetD12_1 Pin=D14-1
Removed Pin From Net: NetName=NetC3_2 Pin=D14-2
Removed Pin From Net: NetName=NetD13_2 Pin=D15-2
Removed Pin From Net: NetName=+20V Pin=J3-1
Removed Pin From Net: NetName=I_SENS Pin=J3-2
Removed Pin From Net: NetName=GND_1 Pin=Q1-2
Removed Pin From Net: NetName=NetB1_7 Pin=R1-2
Removed Pin From Net: NetName=NetR7_1 Pin=R7-1
Removed Pin From Net: NetName=NetR7_1 Pin=R7-1
Removed Pin From Net: NetName=NetR7_1 Pin=R8-2
Removed Pin From Net: NetName=NetR7_1 Pin=R8-2
Removed Pin From Net: NetName=NetR21_1 Pin=R21-1
Removed Pin From Net: NetName=+550V Pin=R21-2
Removed Pin From Net: NetName=NetC7_2 Pin=R22-1
Removed Pin From Net: NetName=NetR21_1 Pin=R22-2
Removed Pin From Net: NetName=NetB1_3 Pin=R39-1
Removed Pin From Net: NetName=NetC?_1 Pin=R39-2
Removed Pin From Net: NetName=NetR42_1 Pin=R42-1
Removed Pin From Net: NetName=NetC7_2 Pin=R42-2
Removed Pin From Net: NetName=GND Pin=R43-1
Removed Pin From Net: NetName=NetR42_1 Pin=R43-2
Removed Pin From Net: NetName=NetC3_1 Pin=RG1-1
Removed Pin From Net: NetName=NetB1_3 Pin=T1-1
Removed Pin From Net: NetName=NetB1_3 Pin=T1-1
Removed Pin From Net: NetName=NetD13_2 Pin=T1-6
Removed Pin From Net: NetName=NetD13_2 Pin=T1-6
Removed Pin From Net: NetName=NetB1_8 Pin=TP30-1
Removed Pin From Net: NetName=+550V Pin=TP38-1
Removed Pin From Net: NetName=NetB1_7 Pin=VT2-3
Change Component Footprint: Designator=C? Old Footprint=CAP-V New Footprint=CAPPOL-16x25
Change Component Footprint: Designator=C5 Old Footprint=CAPPOL-12x25 New Footprint=CAP-0805
Change Footprint: Footprint Not Found RES_3W
Change Footprint: Footprint Not Found TO-252
Change Component Comment : Designator=RG1 Old Comment= New Comment=LM7805CT
Change Component Comment : Designator=R1 Old Comment=1.1 Ohm New Comment=RES_100
Change Component Comment : Designator=R16 Old Comment=10 New Comment=22
Change Component Comment : Designator=R17 Old Comment=10 New Comment=22
Change Component Comment : Designator=C5 Old Comment=1000uF_50V New Comment=1uF 16V
Change Component Comment : Designator=C? Old Comment=CAP-V New Comment=CAP-POLAR
Change Component Comment : Designator=VD3 Old Comment=ZENER New Comment=15V
Change Component Comment : Designator=VD4 Old Comment=ZENER New Comment=18V
Added Component: Designator=C15(CAP-0805)
Add Component: Footprint Not Found CAP-V
Add Component: Footprint Not Found CAP-V
Add Component: Footprint Not Found CAP_50V_2200uF
Added Component: Designator=C?(CAP-0805)
Add Component: Footprint Not Found CAP_3.3uF_630V
Added Component: Designator=C?(CAPPOL-12x25)
Add Component: Footprint Not Found CAP_3.3uF_630V
Add Component: Footprint Not Found CAP-V
Add Component: Footprint Not Found DIOD-SOD123-2_V
Add Component: Footprint Not Found DIOD-SOD123-2_V
Added Component: Designator=L?(WE-PD2_1054)
Add component (AddParameter): Name = "Case/Size Code"; Value = "1054"; VariantName = "[No Variations]"
Add component (AddParameter): Name = "Category"; Value = "Unshielded Power Inductors"; VariantName = "[No Variations]"
Add component (AddParameter): Name = "ComponentLink1Description"; Value = "Website Link"; VariantName = "[No Variations]"
Add component (AddParameter): Name = "ComponentLink1URL"; Value = "https://www.we-online.com/redexpert/article/744776012?ad"; VariantName = "[No Variations]"
Add component (AddParameter): Name = "ComponentLink2Description"; Value = "Datasheet Link"; VariantName = "[No Variations]"
Add component (AddParameter): Name = "ComponentLink2URL"; Value = "https://www.we-online.com/redexpert/spec/744776012?ad"; VariantName = "[No Variations]"
Add component (AddParameter): Name = "DC Resistance"; Value = "0.004?"; VariantName = "[No Variations]"
Add component (AddParameter): Name = "DC Resistance Max"; Value = "0.006?"; VariantName = "[No Variations]"
Add component (AddParameter): Name = "Height"; Value = "5.4mm"; VariantName = "[No Variations]"
Add component (AddParameter): Name = "Inductance"; Value = "1.2µH"; VariantName = "[No Variations]"
Add component (AddParameter): Name = "Length"; Value = "10mm"; VariantName = "[No Variations]"
Add component (AddParameter): Name = "Manufacturer"; Value = "Wurth Elektronik"; VariantName = "[No Variations]"
Add component (AddParameter): Name = "Manufacturer Part Number"; Value = "744776012"; VariantName = "[No Variations]"
Add component (AddParameter): Name = "Match Code"; Value = "WE-PD2"; VariantName = "[No Variations]"
Add component (AddParameter): Name = "Mount"; Value = "Surface Mount"; VariantName = "[No Variations]"
Add component (AddParameter): Name = "Operating Temperature Max"; Value = "125°C"; VariantName = "[No Variations]"
Add component (AddParameter): Name = "Operating Temperature Min"; Value = "-40°C"; VariantName = "[No Variations]"
Add component (AddParameter): Name = "Packaging"; Value = "Tape and Reel"; VariantName = "[No Variations]"
Add component (AddParameter): Name = "Rated Current"; Value = "7.4A"; VariantName = "[No Variations]"
Add component (AddParameter): Name = "Saturation Current"; Value = "11A"; VariantName = "[No Variations]"
Add component (AddParameter): Name = "Self Resonant Frequency"; Value = "110MHz"; VariantName = "[No Variations]"
Add component (AddParameter): Name = "Width"; Value = "9mm"; VariantName = "[No Variations]"
Added Component: Designator=L?(WE-PD2_1054)
Add component (AddParameter): Name = "Case/Size Code"; Value = "1054"; VariantName = "[No Variations]"
Add component (AddParameter): Name = "Category"; Value = "Unshielded Power Inductors"; VariantName = "[No Variations]"
Add component (AddParameter): Name = "ComponentLink1Description"; Value = "Website Link"; VariantName = "[No Variations]"
Add component (AddParameter): Name = "ComponentLink1URL"; Value = "https://www.we-online.com/redexpert/article/744776012?ad"; VariantName = "[No Variations]"
Add component (AddParameter): Name = "ComponentLink2Description"; Value = "Datasheet Link"; VariantName = "[No Variations]"
Add component (AddParameter): Name = "ComponentLink2URL"; Value = "https://www.we-online.com/redexpert/spec/744776012?ad"; VariantName = "[No Variations]"
Add component (AddParameter): Name = "DC Resistance"; Value = "0.004?"; VariantName = "[No Variations]"
Add component (AddParameter): Name = "DC Resistance Max"; Value = "0.006?"; VariantName = "[No Variations]"
Add component (AddParameter): Name = "Height"; Value = "5.4mm"; VariantName = "[No Variations]"
Add component (AddParameter): Name = "Inductance"; Value = "1.2µH"; VariantName = "[No Variations]"
Add component (AddParameter): Name = "Length"; Value = "10mm"; VariantName = "[No Variations]"
Add component (AddParameter): Name = "Manufacturer"; Value = "Wurth Elektronik"; VariantName = "[No Variations]"
Add component (AddParameter): Name = "Manufacturer Part Number"; Value = "744776012"; VariantName = "[No Variations]"
Add component (AddParameter): Name = "Match Code"; Value = "WE-PD2"; VariantName = "[No Variations]"
Add component (AddParameter): Name = "Mount"; Value = "Surface Mount"; VariantName = "[No Variations]"
Add component (AddParameter): Name = "Operating Temperature Max"; Value = "125°C"; VariantName = "[No Variations]"
Add component (AddParameter): Name = "Operating Temperature Min"; Value = "-40°C"; VariantName = "[No Variations]"
Add component (AddParameter): Name = "Packaging"; Value = "Tape and Reel"; VariantName = "[No Variations]"
Add component (AddParameter): Name = "Rated Current"; Value = "7.4A"; VariantName = "[No Variations]"
Add component (AddParameter): Name = "Saturation Current"; Value = "11A"; VariantName = "[No Variations]"
Add component (AddParameter): Name = "Self Resonant Frequency"; Value = "110MHz"; VariantName = "[No Variations]"
Add component (AddParameter): Name = "Width"; Value = "9mm"; VariantName = "[No Variations]"
Added Component: Designator=L?(WE-PD2_1054)
Add component (AddParameter): Name = "Case/Size Code"; Value = "1054"; VariantName = "[No Variations]"
Add component (AddParameter): Name = "Category"; Value = "Unshielded Power Inductors"; VariantName = "[No Variations]"
Add component (AddParameter): Name = "ComponentLink1Description"; Value = "Website Link"; VariantName = "[No Variations]"
Add component (AddParameter): Name = "ComponentLink1URL"; Value = "https://www.we-online.com/redexpert/article/744776012?ad"; VariantName = "[No Variations]"
Add component (AddParameter): Name = "ComponentLink2Description"; Value = "Datasheet Link"; VariantName = "[No Variations]"
Add component (AddParameter): Name = "ComponentLink2URL"; Value = "https://www.we-online.com/redexpert/spec/744776012?ad"; VariantName = "[No Variations]"
Add component (AddParameter): Name = "DC Resistance"; Value = "0.004?"; VariantName = "[No Variations]"
Add component (AddParameter): Name = "DC Resistance Max"; Value = "0.006?"; VariantName = "[No Variations]"
Add component (AddParameter): Name = "Height"; Value = "5.4mm"; VariantName = "[No Variations]"
Add component (AddParameter): Name = "Inductance"; Value = "1.2µH"; VariantName = "[No Variations]"
Add component (AddParameter): Name = "Length"; Value = "10mm"; VariantName = "[No Variations]"
Add component (AddParameter): Name = "Manufacturer"; Value = "Wurth Elektronik"; VariantName = "[No Variations]"
Add component (AddParameter): Name = "Manufacturer Part Number"; Value = "744776012"; VariantName = "[No Variations]"
Add component (AddParameter): Name = "Match Code"; Value = "WE-PD2"; VariantName = "[No Variations]"
Add component (AddParameter): Name = "Mount"; Value = "Surface Mount"; VariantName = "[No Variations]"
Add component (AddParameter): Name = "Operating Temperature Max"; Value = "125°C"; VariantName = "[No Variations]"
Add component (AddParameter): Name = "Operating Temperature Min"; Value = "-40°C"; VariantName = "[No Variations]"
Add component (AddParameter): Name = "Packaging"; Value = "Tape and Reel"; VariantName = "[No Variations]"
Add component (AddParameter): Name = "Rated Current"; Value = "7.4A"; VariantName = "[No Variations]"
Add component (AddParameter): Name = "Saturation Current"; Value = "11A"; VariantName = "[No Variations]"
Add component (AddParameter): Name = "Self Resonant Frequency"; Value = "110MHz"; VariantName = "[No Variations]"
Add component (AddParameter): Name = "Width"; Value = "9mm"; VariantName = "[No Variations]"
Added Component: Designator=L?(WE-PD2_1054)
Add component (AddParameter): Name = "Case/Size Code"; Value = "1054"; VariantName = "[No Variations]"
Add component (AddParameter): Name = "Category"; Value = "Unshielded Power Inductors"; VariantName = "[No Variations]"
Add component (AddParameter): Name = "ComponentLink1Description"; Value = "Website Link"; VariantName = "[No Variations]"
Add component (AddParameter): Name = "ComponentLink1URL"; Value = "https://www.we-online.com/redexpert/article/744776012?ad"; VariantName = "[No Variations]"
Add component (AddParameter): Name = "ComponentLink2Description"; Value = "Datasheet Link"; VariantName = "[No Variations]"
Add component (AddParameter): Name = "ComponentLink2URL"; Value = "https://www.we-online.com/redexpert/spec/744776012?ad"; VariantName = "[No Variations]"
Add component (AddParameter): Name = "DC Resistance"; Value = "0.004?"; VariantName = "[No Variations]"
Add component (AddParameter): Name = "DC Resistance Max"; Value = "0.006?"; VariantName = "[No Variations]"
Add component (AddParameter): Name = "Height"; Value = "5.4mm"; VariantName = "[No Variations]"
Add component (AddParameter): Name = "Inductance"; Value = "1.2µH"; VariantName = "[No Variations]"
Add component (AddParameter): Name = "Length"; Value = "10mm"; VariantName = "[No Variations]"
Add component (AddParameter): Name = "Manufacturer"; Value = "Wurth Elektronik"; VariantName = "[No Variations]"
Add component (AddParameter): Name = "Manufacturer Part Number"; Value = "744776012"; VariantName = "[No Variations]"
Add component (AddParameter): Name = "Match Code"; Value = "WE-PD2"; VariantName = "[No Variations]"
Add component (AddParameter): Name = "Mount"; Value = "Surface Mount"; VariantName = "[No Variations]"
Add component (AddParameter): Name = "Operating Temperature Max"; Value = "125°C"; VariantName = "[No Variations]"
Add component (AddParameter): Name = "Operating Temperature Min"; Value = "-40°C"; VariantName = "[No Variations]"
Add component (AddParameter): Name = "Packaging"; Value = "Tape and Reel"; VariantName = "[No Variations]"
Add component (AddParameter): Name = "Rated Current"; Value = "7.4A"; VariantName = "[No Variations]"
Add component (AddParameter): Name = "Saturation Current"; Value = "11A"; VariantName = "[No Variations]"
Add component (AddParameter): Name = "Self Resonant Frequency"; Value = "110MHz"; VariantName = "[No Variations]"
Add component (AddParameter): Name = "Width"; Value = "9mm"; VariantName = "[No Variations]"
Added Component: Designator=R2(RES-2512)
Added Component: Designator=R3(RES-2512)
Added Component: Designator=R4(RES-2512)
Added Component: Designator=R5(RES-0805)
Added Component: Designator=R6(RES-0805)
Add Component: Footprint Not Found RES_3W
Added Component: Designator=R?(R-2512)
Add component (AddParameter): Name = "ComponentDescription"; Value = "Ðåçèñòîð SMD, R-2512, *Îì, 5%"; VariantName = "[No Variations]"
Add component (AddParameter): Name = "ComponentType"; Value = "Ðåçèñòîð SMD"; VariantName = "[No Variations]"
Add component (AddParameter): Name = "Package"; Value = "R-2512"; VariantName = "[No Variations]"
Add component (AddParameter): Name = "Tolerance"; Value = "5%"; VariantName = "[No Variations]"
Add component (AddParameter): Name = "Value"; Value = ""; VariantName = "[No Variations]"
Add Component: Footprint Not Found RES_3W
Added Component: Designator=R?(R-2512)
Add component (AddParameter): Name = "ComponentDescription"; Value = "Ðåçèñòîð SMD, R-2512, *Îì, 5%"; VariantName = "[No Variations]"
Add component (AddParameter): Name = "ComponentType"; Value = "Ðåçèñòîð SMD"; VariantName = "[No Variations]"
Add component (AddParameter): Name = "Package"; Value = "R-2512"; VariantName = "[No Variations]"
Add component (AddParameter): Name = "Tolerance"; Value = "5%"; VariantName = "[No Variations]"
Add component (AddParameter): Name = "Value"; Value = ""; VariantName = "[No Variations]"
Added Component: Designator=R?(R-2512)
Add component (AddParameter): Name = "ComponentDescription"; Value = "Ðåçèñòîð SMD, R-2512, *Îì, 5%"; VariantName = "[No Variations]"
Add component (AddParameter): Name = "ComponentType"; Value = "Ðåçèñòîð SMD"; VariantName = "[No Variations]"
Add component (AddParameter): Name = "Package"; Value = "R-2512"; VariantName = "[No Variations]"
Add component (AddParameter): Name = "Tolerance"; Value = "5%"; VariantName = "[No Variations]"
Add component (AddParameter): Name = "Value"; Value = ""; VariantName = "[No Variations]"
Added Component: Designator=R?(R-2512)
Add component (AddParameter): Name = "ComponentDescription"; Value = "Ðåçèñòîð SMD, R-2512, *Îì, 5%"; VariantName = "[No Variations]"
Add component (AddParameter): Name = "ComponentType"; Value = "Ðåçèñòîð SMD"; VariantName = "[No Variations]"
Add component (AddParameter): Name = "Package"; Value = "R-2512"; VariantName = "[No Variations]"
Add component (AddParameter): Name = "Tolerance"; Value = "5%"; VariantName = "[No Variations]"
Add component (AddParameter): Name = "Value"; Value = ""; VariantName = "[No Variations]"
Add Component: Footprint Not Found RES_3W
Added Component: Designator=R?(RES-0805)
Add Component: Footprint Not Found RES_SMD_1210_IPC_A
Add Component: Footprint Not Found Current_Sense_13x7x5
Added Component: Designator=TP5(Test_Point)
Added Component: Designator=TP6(Test_Point)
Added Component: Designator=TP8(Test_Point)
Added Component: Designator=TP15(Test_Point)
Added Component: Designator=TP?(Test_Point)
Added Component: Designator=TP?(Test_Point)
Added Component: Designator=TP?(Test_Point)
Added Pin To Net: NetName=NetC7_2 Pin=C4-2
Added Pin To Net: NetName=GND Pin=C5-1
Added Pin To Net: NetName=GND Pin=C15-1
Add Pin To Net: Unknown Pin: Pin C17-1
Add Pin To Net: Unknown Pin: Pin C17-2
Add Pin To Net: Unknown Pin: Pin C18-1
Add Pin To Net: Unknown Pin: Pin C18-2
Added Pin To Net: NetName=NetC3_2 Pin=C19-2
Added Pin To Net: NetName=NetC7_2 Pin=C31-1
Add Pin To Net: Unknown Pin: Pin C32-1
Add Pin To Net: Unknown Pin: Pin C32-2
Added Pin To Net: NetName=GND Pin=C?-1
Added Pin To Net: NetName=GND Pin=C?-1
Added Pin To Net: NetName=NetC7_2 Pin=C?-1
Added Pin To Net: NetName=NetC?_1 Pin=C?-1
Added Pin To Net: NetName=+550V Pin=C?-2
Added Pin To Net: NetName=NetB1_7 Pin=C?-2
Added Pin To Net: NetName=NetC3_2 Pin=C?-2
Added Pin To Net: NetName=NetC7_2 Pin=C?-2
Added Pin To Net: NetName=GND Pin=D3-2
Added Pin To Net: NetName=NetD12_1 Pin=D13-2
Add Pin To Net: Unknown Pin: Pin D16-2
Added Pin To Net: NetName=GND Pin=L?-1
Added Pin To Net: NetName=NetB1_8 Pin=L?-1
Added Pin To Net: NetName=NetC3_1 Pin=L?-1
Added Pin To Net: NetName=NetC3_2 Pin=L?-2
Added Pin To Net: NetName=NetR42_1 Pin=Q1-2
Added Pin To Net: NetName=NetB1_8 Pin=R1-2
Added Pin To Net: NetName=NetR21_1 Pin=R2-1
Added Pin To Net: NetName=NetR21_1 Pin=R2-1
Added Pin To Net: NetName=+550V Pin=R2-2
Added Pin To Net: NetName=+550V Pin=R2-2
Added Pin To Net: NetName=NetR8_1 Pin=R3-1
Added Pin To Net: NetName=NetR8_1 Pin=R3-1
Added Pin To Net: NetName=NetR21_1 Pin=R3-2
Added Pin To Net: NetName=NetR21_1 Pin=R3-2
Added Pin To Net: NetName=NetK1_3 Pin=R4-1
Added Pin To Net: NetName=NetK1_3 Pin=R4-1
Added Pin To Net: NetName=NetR8_1 Pin=R4-2
Added Pin To Net: NetName=NetR8_1 Pin=R4-2
Added Pin To Net: NetName=GND Pin=R6-2
Added Pin To Net: NetName=NetR21_1 Pin=R7-1
Added Pin To Net: NetName=NetR21_1 Pin=R7-1
Added Pin To Net: NetName=NetR21_1 Pin=R8-2
Added Pin To Net: NetName=NetR21_1 Pin=R8-2
Add Pin To Net: Unknown Pin: Pin R10-1
Added Pin To Net: NetName=GND_1 Pin=R?-1
Added Pin To Net: NetName=GND Pin=R?-1
Added Pin To Net: NetName=NetC4_2 Pin=R?-1
Added Pin To Net: NetName=NetC5_2 Pin=R?-1
Added Pin To Net: NetName=NetC7_2 Pin=R?-1
Added Pin To Net: NetName=NetD13_2 Pin=R?-1
Added Pin To Net: NetName=NetR7_1 Pin=R?-1
Added Pin To Net: NetName=+550V Pin=R?-2
Added Pin To Net: NetName=NetB1_7 Pin=R?-2
Added Pin To Net: NetName=NetC5_1 Pin=R?-2
Added Pin To Net: NetName=NetC7_2 Pin=R?-2
Added Pin To Net: NetName=NetC36_2 Pin=R?-2
Added Pin To Net: NetName=NetC?_1 Pin=R?-2
Added Pin To Net: NetName=NetD13_2 Pin=R?-2
Added Pin To Net: NetName=NetR7_1 Pin=R?-2
Added Pin To Net: NetName=NetC4_2 Pin=T1-1
Added Pin To Net: NetName=NetC4_2 Pin=T1-1
Add Pin To Net: Unknown Pin: Pin T2-1
Add Pin To Net: Unknown Pin: Pin T2-2
Added Pin To Net: NetName=GND_1 Pin=TP5-1
Added Pin To Net: NetName=NetC4_2 Pin=TP6-1
Added Pin To Net: NetName=NetC5_2 Pin=TP8-1
Added Pin To Net: NetName=NetC5_2 Pin=TP15-1
Added Pin To Net: NetName=+550V Pin=TP?-1
Added Pin To Net: NetName=NetC7_2 Pin=TP?-1
Added Pin To Net: NetName=NetC11_1 Pin=TP?-1
Added Pin To Net: NetName=GND Pin=VT2-3
Change Net Name : Old Net Name=NetC3_1 New Net Name=NetD13_1
Change Net Name : Old Net Name=NetC3_2 New Net Name=GND_3
Change Net Name : Old Net Name=NetC4_2 New Net Name=NetR?_1
Change Net Name : Old Net Name=NetC5_1 New Net Name=NetC6_2
Change Net Name : Old Net Name=NetC5_2 New Net Name=GND_2
Change Net Name : Old Net Name=NetC7_2 New Net Name=NetC4_2
Change Net Name : Old Net Name=NetD3_2 New Net Name=NetR17_2
Change Net Name : Old Net Name=NetD4_2 New Net Name=NetR16_2
Change Net Name : Old Net Name=NetD13_2 New Net Name=NetR?_1
Change Net Name : Old Net Name=NetR7_1 New Net Name=NetR?_1
Change Net Name : Old Net Name=NetR8_1 New Net Name=NetR3_1
Change Net Name : Old Net Name=NetR21_1 New Net Name=NetR2_1
Change Net Name : Old Net Name=NetR42_1 New Net Name=NetQ1_2
Added Pin To Net: NetName=NetC3_1 Pin=C3-1
Added Pin To Net: NetName=NetC3_1 Pin=C24-1
Added Pin To Net: NetName=NetC3_1 Pin=C?-1
Added Pin To Net: NetName=NetC3_1 Pin=L?-2
Added Pin To Net: NetName=NetC3_1 Pin=RG1-1
Added Net: Name=NetC3_1
Added Pin To Net: NetName=NetC5_2 Pin=C5-2
Added Pin To Net: NetName=NetC5_2 Pin=D4-1
Added Pin To Net: NetName=NetC5_2 Pin=R5-1
Added Net: Name=NetC5_2
Added Pin To Net: NetName=NetC15_2 Pin=C15-2
Added Pin To Net: NetName=NetC15_2 Pin=R5-2
Added Pin To Net: NetName=NetC15_2 Pin=R6-1
Added Pin To Net: NetName=NetC15_2 Pin=R?-1
Added Net: Name=NetC15_2
Added Pin To Net: NetName=NetD2_2 Pin=D3-1
Added Net: Name=NetD2_2
Added Pin To Net: NetName=NetD4_2 Pin=D4-2
Added Net: Name=NetD4_2
Added Pin To Net: NetName=NetD6_1 Pin=D6-1
Added Pin To Net: NetName=NetD6_1 Pin=D9-1
Added Pin To Net: NetName=NetD6_1 Pin=L?-2
Added Pin To Net: NetName=NetD6_1 Pin=TP30-1
Added Net: Name=NetD6_1
Added Pin To Net: NetName=NetD8_2 Pin=D8-2
Added Pin To Net: NetName=NetD8_2 Pin=D10-2
Added Pin To Net: NetName=NetD8_2 Pin=L?-2
Added Net: Name=NetD8_2
Added Pin To Net: NetName=NetD12_2 Pin=D12-2
Added Pin To Net: NetName=NetD12_2 Pin=D14-2
Added Pin To Net: NetName=NetD12_2 Pin=L?-1
Added Net: Name=NetD12_2
Added Pin To Net: NetName=NetD14_1 Pin=D14-1
Added Pin To Net: NetName=NetD14_1 Pin=D15-2
Added Pin To Net: NetName=NetD14_1 Pin=T1-6
Added Pin To Net: NetName=NetD14_1 Pin=T1-6
Added Net: Name=NetD14_1
