Added Component: Designator=C2(CAP-0805)
Added Component: Designator=C3(CAP-0805)
Add Component: Footprint Not Found OLED_128x64_SSD_1306
Added Component: Designator=R1(RES-0805)
Added Component: Designator=R2(RES-0805)
Added Component: Designator=X1(CONN-PLS-6-2.00mm)
Added Pin To Net: NetName=EN Pin=C3-1
Added Pin To Net: NetName=GND_III Pin=C3-2
Added Pin To Net: NetName=EN Pin=MOD1-3
Added Pin To Net: NetName=3V3 Pin=R1-2
Added Pin To Net: NetName=3V3 Pin=R2-1
Added Pin To Net: NetName=EN Pin=R2-2
Added Pin To Net: NetName=3V3 Pin=X1-1
Added Pin To Net: NetName=EN Pin=X1-5
Added Pin To Net: NetName=BOOT Pin=C2-2
Added Pin To Net: NetName=BOOT Pin=MOD1-25
Added Pin To Net: NetName=BOOT Pin=R1-1
Added Pin To Net: NetName=BOOT Pin=X1-6
Added Net: Name=BOOT
Added Pin To Net: NetName=GND Pin=C2-1
Added Pin To Net: NetName=GND Pin=X1-2
Added Net: Name=GND
Added Pin To Net: NetName=RX0 Pin=MOD1-34
Added Pin To Net: NetName=RX0 Pin=X1-3
Added Net: Name=RX0
Added Pin To Net: NetName=TX0 Pin=MOD1-35
Added Pin To Net: NetName=TX0 Pin=X1-4
Added Net: Name=TX0
Added Member To Class: ClassName=U_I_Meter_WIFI Member=Component C2 100nF
Added Member To Class: ClassName=U_I_Meter_WIFI Member=Component C3 100nF
Add Class Member: Failed to add class member : Component DD1 OLED_SSD_1306
Added Member To Class: ClassName=U_I_Meter_WIFI Member=Component R1 10K
Added Member To Class: ClassName=U_I_Meter_WIFI Member=Component R2 10K
Added Member To Class: ClassName=U_I_Meter_WIFI Member=Component X1 CONN-6-PIN
