Added Component: Designator=C1(CAP-0805)
Added Component: Designator=C2(CAP-0805)
Added Component: Designator=C3(CAP-0805)
Added Component: Designator=C4(CAP-0805)
Added Component: Designator=C5(CAP-0805)
Added Component: Designator=C6(CAP-0805)
Added Component: Designator=C7(CAP-0805)
Added Component: Designator=C8(CAP-0805)
Added Component: Designator=C9(CAP-0805)
Added Component: Designator=C10(CAP-0805)
Added Component: Designator=C11(CAP-0805)
Added Component: Designator=C12(CAP-0805)
Added Component: Designator=C13(CAP-0805)
Added Component: Designator=C14(CAP-0805)
Added Component: Designator=C15(CAP-1206)
Added Component: Designator=C16(CAP-1206)
Added Component: Designator=C17(CAP-0805)
Added Component: Designator=C18(CAP-1206)
Added Component: Designator=C19(CAPPOL_SMD_SIZE_E)
Added Component: Designator=C20(CAP-0805)
Added Component: Designator=C21(CAPPOL_SMD_SIZE_E)
Added Component: Designator=C22(CAP-0805)
Added Component: Designator=C23(CAPPOL_SMD_SIZE_E)
Added Component: Designator=C24(CAP-0805)
Added Component: Designator=C26(CAP-0805)
Added Component: Designator=D1(DO-214AC, SMA)
Added Component: Designator=D2(SOD-123)
Added Component: Designator=D3(DO-214AC, SMA)
Added Component: Designator=D5(SOD-123)
Added Component: Designator=D6(SOD-123)
Added Component: Designator=J?(Klema_PCB_15A)
Added Component: Designator=J?(Klema_PCB_15A)
Added Component: Designator=L?(L_13x13mm)
Add Component: Footprint Not Found 691701530002B
Add Component: Footprint Not Found DMT15H017LPS
Add Component: Footprint Not Found DMT15H017LPS
Added Component: Designator=R3(RES-1206)
Added Component: Designator=R4(RES-1206)
Added Component: Designator=R5(RES-1206)
Added Component: Designator=R6(RES-1206)
Added Component: Designator=R7(RES-1206)
Added Component: Designator=R8(RES-1206)
Added Component: Designator=R9(RES-1206)
Added Component: Designator=R10(RES-1206)
Added Component: Designator=R11(RES-1206)
Added Component: Designator=R12(RES-0805)
Added Component: Designator=R13(RES-1206)
Added Component: Designator=R14(RES-1206)
Added Component: Designator=R15(RES-1206)
Added Component: Designator=R16(RES-0805)
Added Component: Designator=R17(RES-0805)
Added Component: Designator=R18(RES-0805)
Added Component: Designator=R19(RES-0805)
Added Component: Designator=R20(RES-0805)
Added Component: Designator=R21(RES-0805)
Added Component: Designator=R22(RES-0805)
Added Component: Designator=R23(RES-0805)
Added Component: Designator=R24(RES-0805)
Added Component: Designator=R25(RES-0805)
Add Component: Footprint Not Found TRANS_RM6
Added Component: Designator=U?(INN3947CQ)
Added Pin To Net: NetName=NetC1_2 Pin=C1-2
Added Pin To Net: NetName=NetC1_2 Pin=C2-1
Added Pin To Net: NetName=NetC2_2 Pin=C2-2
Added Pin To Net: NetName=NetC2_2 Pin=C3-1
Added Pin To Net: NetName=GND Pin=C3-2
Added Pin To Net: NetName=NetC4_2 Pin=C4-2
Added Pin To Net: NetName=NetC4_2 Pin=C5-1
Added Pin To Net: NetName=NetC5_2 Pin=C5-2
Added Pin To Net: NetName=NetC5_2 Pin=C6-1
Added Pin To Net: NetName=GND Pin=C6-2
Added Pin To Net: NetName=NetC8_2 Pin=C8-2
Added Pin To Net: NetName=NetC8_2 Pin=C9-1
Added Pin To Net: NetName=GND Pin=C9-2
Added Pin To Net: NetName=GND Pin=C12-1
Added Pin To Net: NetName=NetC12_2 Pin=C12-2
Added Pin To Net: NetName=GND Pin=C13-1
Added Pin To Net: NetName=NetC12_2 Pin=C13-2
Added Pin To Net: NetName=GND Pin=C14-1
Added Pin To Net: NetName=NetR7_2 Pin=C26-1
Added Pin To Net: NetName=NetR5_1 Pin=D1-1
Added Pin To Net: NetName=NetP1_11 Pin=D1-2
Added Pin To Net: NetName=NetC12_2 Pin=D2-1
Added Pin To Net: NetName=NetD2_2 Pin=D2-2
Added Pin To Net: NetName=NetP1_11 Pin=D3-1
Added Pin To Net: NetName=NetP1_10 Pin=D3-2
Added Pin To Net: NetName=NetP1_7 Pin=D5-1
Added Pin To Net: NetName=NetP1_7 Pin=D6-1
Added Pin To Net: NetName=NetC15_2 Pin=J?-1
Added Pin To Net: NetName=NetC15_2 Pin=J?-1
Added Pin To Net: NetName=NetD4_2 Pin=J?-1
Added Pin To Net: NetName=NetD4_2 Pin=J?-1
Added Pin To Net: NetName=NetD4_2 Pin=L?-1
Added Pin To Net: NetName=NetC15_2 Pin=L?-3
Added Pin To Net: NetName=GND Pin=L?-4
Add Pin To Net: Unknown Pin: Pin P?-1
Add Pin To Net: Unknown Pin: Pin Q1-1
Add Pin To Net: Unknown Pin: Pin Q2-1
Added Pin To Net: NetName=NetC7_1 Pin=R3-1
Added Pin To Net: NetName=NetR5_1 Pin=R6-1
Added Pin To Net: NetName=NetC7_1 Pin=R6-2
Added Pin To Net: NetName=NetC12_2 Pin=R12-2
Added Pin To Net: NetName=NetC6_1 Pin=R17-1
Added Pin To Net: NetName=NetC10_1 Pin=R17-2
Added Pin To Net: NetName=NetR7_2 Pin=R23-1
Add Pin To Net: Unknown Pin: Pin T1-2
Add Pin To Net: Unknown Pin: Pin T1-3
Add Pin To Net: Unknown Pin: Pin T1-4
Added Pin To Net: NetName=NetC6_1 Pin=U?-5
Added Pin To Net: NetName=GND Pin=U?-13
Added Pin To Net: NetName=GND Pin=U?-16
Added Pin To Net: NetName=NetP1_10 Pin=U?-24
Change Net Name : Old Net Name=NetC6_1 New Net Name=NetR17_1
Change Net Name : Old Net Name=NetC7_1 New Net Name=NetR3_1
Change Net Name : Old Net Name=NetC10_1 New Net Name=NetQ1_1
Change Net Name : Old Net Name=NetC15_2 New Net Name=NetJ?_1
Change Net Name : Old Net Name=NetD4_2 New Net Name=NetJ?_1
Change Net Name : Old Net Name=NetP1_7 New Net Name=NetD5_1
Change Net Name : Old Net Name=NetP1_10 New Net Name=NetD3_2
Change Net Name : Old Net Name=NetP1_11 New Net Name=NetD1_2
Change Net Name : Old Net Name=NetR5_1 New Net Name=NetD1_1
Change Net Name : Old Net Name=NetR7_2 New Net Name=NetC26_1
Added Pin To Net: NetName=GND_1 Pin=C15-2
Added Pin To Net: NetName=GND_1 Pin=C17-2
Added Pin To Net: NetName=GND_1 Pin=C18-1
Added Pin To Net: NetName=GND_1 Pin=C19-2
Added Pin To Net: NetName=GND_1 Pin=C20-2
Added Pin To Net: NetName=GND_1 Pin=C21-2
Added Pin To Net: NetName=GND_1 Pin=C23-2
Added Pin To Net: NetName=GND_1 Pin=C24-2
Added Pin To Net: NetName=GND_1 Pin=R18-1
Added Pin To Net: NetName=GND_1 Pin=R19-1
Added Pin To Net: NetName=GND_1 Pin=R20-2
Added Pin To Net: NetName=GND_1 Pin=R24-2
Added Pin To Net: NetName=GND_1 Pin=R25-2
Added Pin To Net: NetName=GND_1 Pin=U?-2
Added Net: Name=GND_1
Added Pin To Net: NetName=NetC1_1 Pin=C1-1
Added Pin To Net: NetName=NetC1_1 Pin=C4-1
Added Pin To Net: NetName=NetC1_1 Pin=C7-1
Added Pin To Net: NetName=NetC1_1 Pin=C10-1
Added Pin To Net: NetName=NetC1_1 Pin=L?-2
Added Pin To Net: NetName=NetC1_1 Pin=R4-1
Added Pin To Net: NetName=NetC1_1 Pin=R7-1
Added Pin To Net: NetName=NetC1_1 Pin=R9-1
Added Pin To Net: NetName=NetC1_1 Pin=R11-1
Added Pin To Net: NetName=NetC1_1 Pin=R14-1
Added Net: Name=NetC1_1
Added Pin To Net: NetName=NetC7_2 Pin=C7-2
Added Pin To Net: NetName=NetC7_2 Pin=C8-1
Added Net: Name=NetC7_2
Added Pin To Net: NetName=NetC10_2 Pin=C10-2
Added Pin To Net: NetName=NetC10_2 Pin=C11-1
Added Pin To Net: NetName=NetC10_2 Pin=R4-2
Added Pin To Net: NetName=NetC10_2 Pin=R5-1
Added Pin To Net: NetName=NetC10_2 Pin=R7-2
Added Pin To Net: NetName=NetC10_2 Pin=R8-1
Added Pin To Net: NetName=NetC10_2 Pin=R9-2
Added Pin To Net: NetName=NetC10_2 Pin=R10-1
Added Pin To Net: NetName=NetC10_2 Pin=R11-2
Added Pin To Net: NetName=NetC10_2 Pin=R13-1
Added Pin To Net: NetName=NetC10_2 Pin=R14-2
Added Pin To Net: NetName=NetC10_2 Pin=R15-1
Added Net: Name=NetC10_2
Added Pin To Net: NetName=NetC11_2 Pin=C11-2
Added Pin To Net: NetName=NetC11_2 Pin=R3-2
Added Pin To Net: NetName=NetC11_2 Pin=R5-2
Added Pin To Net: NetName=NetC11_2 Pin=R8-2
Added Pin To Net: NetName=NetC11_2 Pin=R10-2
Added Pin To Net: NetName=NetC11_2 Pin=R13-2
Added Pin To Net: NetName=NetC11_2 Pin=R15-2
Added Net: Name=NetC11_2
Added Pin To Net: NetName=NetC14_2 Pin=C14-2
Added Pin To Net: NetName=NetC14_2 Pin=R12-1
Added Pin To Net: NetName=NetC14_2 Pin=U?-14
Added Net: Name=NetC14_2
Added Pin To Net: NetName=NetC15_1 Pin=C15-1
Added Pin To Net: NetName=NetC15_1 Pin=R16-1
Added Pin To Net: NetName=NetC15_1 Pin=U?-7
Added Net: Name=NetC15_1
Added Pin To Net: NetName=NetC16_1 Pin=C16-1
Added Pin To Net: NetName=NetC16_1 Pin=R16-2
Added Net: Name=NetC16_1
Added Pin To Net: NetName=NetC16_2 Pin=C16-2
Added Pin To Net: NetName=NetC16_2 Pin=R18-2
Added Pin To Net: NetName=NetC16_2 Pin=R19-2
Added Net: Name=NetC16_2
Added Pin To Net: NetName=NetC17_1 Pin=C17-1
Added Pin To Net: NetName=NetC17_1 Pin=D5-2
Added Pin To Net: NetName=NetC17_1 Pin=U?-4
Added Net: Name=NetC17_1
Added Pin To Net: NetName=NetC18_2 Pin=C18-2
Added Pin To Net: NetName=NetC18_2 Pin=C19-1
Added Pin To Net: NetName=NetC18_2 Pin=C21-1
Added Pin To Net: NetName=NetC18_2 Pin=C22-2
Added Pin To Net: NetName=NetC18_2 Pin=C23-1
Added Pin To Net: NetName=NetC18_2 Pin=D6-2
Added Pin To Net: NetName=NetC18_2 Pin=R22-2
Added Pin To Net: NetName=NetC18_2 Pin=R23-2
Added Pin To Net: NetName=NetC18_2 Pin=U?-6
Added Net: Name=NetC18_2
Added Pin To Net: NetName=NetC20_1 Pin=C20-1
Added Pin To Net: NetName=NetC20_1 Pin=R20-1
Added Pin To Net: NetName=NetC20_1 Pin=R21-1
Added Pin To Net: NetName=NetC20_1 Pin=R22-1
Added Pin To Net: NetName=NetC20_1 Pin=U?-3
Added Net: Name=NetC20_1
Added Pin To Net: NetName=NetC22_1 Pin=C22-1
Added Pin To Net: NetName=NetC22_1 Pin=R21-2
Added Net: Name=NetC22_1
Added Pin To Net: NetName=NetC24_1 Pin=C24-1
Added Pin To Net: NetName=NetC24_1 Pin=C26-2
Added Pin To Net: NetName=NetC24_1 Pin=R24-1
Added Pin To Net: NetName=NetC24_1 Pin=R25-1
Added Pin To Net: NetName=NetC24_1 Pin=U?-1
Added Net: Name=NetC24_1
