Removed Pin From Net: NetName=NetD?_2 Pin=D?-2
Removed Pin From Net: NetName=NetD?_2 Pin=R?-2
Removed Pin From Net: NetName=NetD?_2 Pin=R?-2
Add Component: Footprint Not Found 30A_10uH
Add Component: Footprint Not Found RES_SMD_1210_IPC_A
Add Component: Footprint Not Found RES_SMD_1210_IPC_A
Add Component: Footprint Not Found RES_SMD_1210_IPC_A
Add Component: Footprint Not Found RES_SMD_1210_IPC_A
Add Component: Footprint Not Found DC-DC_Bridge
Add Component: Footprint Not Found HCPL-3120
Add Component: Footprint Not Found HCPL-3120
Add Component: Footprint Not Found DC-DC_Bridge
Add Component: Footprint Not Found TO-264-3
Add Component: Footprint Not Found TO-264-3
Add Component: Footprint Not Found TO-264-3
Add Component: Footprint Not Found TO-264-3
Added Pin To Net: NetName=NetD?_2 Pin=D?-2
Add Pin To Net: Unknown Pin: Pin L?-1
Add Pin To Net: Unknown Pin: Pin L?-2
Added Pin To Net: NetName=NetD?_2 Pin=R?-1
Added Pin To Net: NetName=NetD?_1 Pin=R?-2
Added Pin To Net: NetName=NetD?_2 Pin=R?-2
Added Pin To Net: NetName=NetD?_2 Pin=TP?-1
Add Pin To Net: Unknown Pin: Pin U?-1
Add Pin To Net: Unknown Pin: Pin U?-1
Add Pin To Net: Unknown Pin: Pin U?-2
Add Pin To Net: Unknown Pin: Pin U?-2
Add Pin To Net: Unknown Pin: Pin U?-2
Add Pin To Net: Unknown Pin: Pin U?-3
Add Pin To Net: Unknown Pin: Pin U?-3
Add Pin To Net: Unknown Pin: Pin U?-3
Add Pin To Net: Unknown Pin: Pin U?-4
Add Pin To Net: Unknown Pin: Pin U?-4
Add Pin To Net: Unknown Pin: Pin U?-5
Add Pin To Net: Unknown Pin: Pin U?-5
Add Pin To Net: Unknown Pin: Pin U?-6
Add Pin To Net: Unknown Pin: Pin U?-7
Add Pin To Net: Unknown Pin: Pin U?-8
Add Pin To Net: Unknown Pin: Pin U?-8
Add Pin To Net: Unknown Pin: Pin U?-8
Add Pin To Net: Unknown Pin: Pin U?-8
Add Pin To Net: Unknown Pin: Pin U?-9
Add Pin To Net: Unknown Pin: Pin U?-9
Add Pin To Net: Unknown Pin: Pin U?-10
Add Pin To Net: Unknown Pin: Pin U?-10
Add Pin To Net: Unknown Pin: Pin U?-11
Add Pin To Net: Unknown Pin: Pin U?-11
Add Pin To Net: Unknown Pin: Pin U?-15
Add Pin To Net: Unknown Pin: Pin U?-15
Add Pin To Net: Unknown Pin: Pin U?-16
Add Pin To Net: Unknown Pin: Pin U?-16
Add Pin To Net: Unknown Pin: Pin U?-17
Add Pin To Net: Unknown Pin: Pin U?-18
Add Pin To Net: Unknown Pin: Pin VT?-1
Add Pin To Net: Unknown Pin: Pin VT?-2
Add Pin To Net: Unknown Pin: Pin VT?-2
Add Pin To Net: Unknown Pin: Pin VT?-2
Add Pin To Net: Unknown Pin: Pin VT?-2
Add Pin To Net: Unknown Pin: Pin VT?-3
Add Pin To Net: Unknown Pin: Pin VT?-3
Add Pin To Net: Unknown Pin: Pin VT?-3
Add Pin To Net: Unknown Pin: Pin VT?-3
Add Net: Net with name "NetD?_1" already exists
Add Net: Net with name "NetD?_2" already exists
Add Net: Net with name "NetD?_2" already exists
Add Net: Net with name "NetD?_2" already exists
Add Net: Net with name "NetU?_2" already exists
Add Net: Net with name "NetU?_3" already exists
Add Net: Net with name "NetU?_17" already exists
Added Member To Class: ClassName=BUCK-BOOST_DC-DC Member=Component D? US1G
Added Member To Class: ClassName=BUCK-BOOST_DC-DC Member=Component D? US1G
Added Member To Class: ClassName=BUCK-BOOST_DC-DC Member=Component D? US1G
Add Class Member: Failed to add class member : Component L? Coil
Added Member To Class: ClassName=BUCK-BOOST_DC-DC Member=Component R? 4.7K
Added Member To Class: ClassName=BUCK-BOOST_DC-DC Member=Component R? 10E
Added Member To Class: ClassName=BUCK-BOOST_DC-DC Member=Component R? 4.7K
Added Member To Class: ClassName=BUCK-BOOST_DC-DC Member=Component R? 10E
Added Member To Class: ClassName=BUCK-BOOST_DC-DC Member=Component R? 10E
Added Member To Class: ClassName=BUCK-BOOST_DC-DC Member=Component R? 4.7K
Added Member To Class: ClassName=BUCK-BOOST_DC-DC Member=Component R? 10E
Added Member To Class: ClassName=BUCK-BOOST_DC-DC Member=Component TP? Test_Point_PCB
Added Member To Class: ClassName=BUCK-BOOST_DC-DC Member=Component TP? Test_Point_PCB
Added Member To Class: ClassName=BUCK-BOOST_DC-DC Member=Component TP? Test_Point_PCB
Add Class Member: Failed to add class member : Component U? DC-DC
Add Class Member: Failed to add class member : Component U? HCPL-3120
Add Class Member: Failed to add class member : Component U? HCPL-3120
Add Class Member: Failed to add class member : Component U? DC-DC
Added Member To Class: ClassName=BUCK-BOOST_DC-DC Member=Component VD? Suppressor
Added Member To Class: ClassName=BUCK-BOOST_DC-DC Member=Component VD? MUR4060
Added Member To Class: ClassName=BUCK-BOOST_DC-DC Member=Component VD? Suppressor
Add Class Member: Failed to add class member : Component VT? IGBT 60N120T
Add Class Member: Failed to add class member : Component VT? IGBT 60N120T
Add Class Member: Failed to add class member : Component VT? IGBT 60N120T
Add Class Member: Failed to add class member : Component VT? IGBT 60N120T
