Removed Pin From Net: NetName=NetC10_2 Pin=C11-1
Removed Pin From Net: NetName=GND Pin=C11-2
Removed Pin From Net: NetName=GND Pin=C13-2
Removed Pin From Net: NetName=GND Pin=C14-2
Removed Pin From Net: NetName=GND Pin=D1-2
Removed Pin From Net: NetName=GND Pin=D2-2
Removed Pin From Net: NetName=GND Pin=D3-2
Removed Pin From Net: NetName=GND Pin=D4-2
Removed Pin From Net: NetName=GND Pin=D5-2
Removed Pin From Net: NetName=GND Pin=D6-2
Removed Pin From Net: NetName=GND Pin=D7-2
Removed Pin From Net: NetName=GND Pin=D8-2
Removed Pin From Net: NetName=GND Pin=DA1-2
Removed Pin From Net: NetName=GND Pin=R22-1
Removed Member From Class: ClassName=User_Interface Member=C11
Removed Member From Class: ClassName=User_Interface Member=C13
Removed Member From Class: ClassName=User_Interface Member=C14
Removed Member From Class: ClassName=User_Interface Member=R22
Change Component Comment : Designator=R16 Old Comment=10K New Comment=1K
Change Component Comment : Designator=R17 Old Comment=10K New Comment=1K
Change Component Comment : Designator=R1 Old Comment=200 New Comment=360
Change Component Comment : Designator=R10 Old Comment=200 New Comment=360
Change Component Comment : Designator=R11 Old Comment=200 New Comment=360
Change Component Comment : Designator=R12 Old Comment=200 New Comment=360
Change Component Comment : Designator=R13 Old Comment=200 New Comment=360
Change Component Comment : Designator=R14 Old Comment=200 New Comment=360
Change Component Comment : Designator=R15 Old Comment=200 New Comment=360
Change Component Comment : Designator=R20 Old Comment=200 New Comment=360
Added Component: Designator=R19(Vishay_CRCW0805-e3_IPC_A)
Added Pin To Net: NetName=+5V Pin=D1-1
Added Pin To Net: NetName=+5V Pin=D2-1
Added Pin To Net: NetName=+5V Pin=D3-1
Added Pin To Net: NetName=+5V Pin=D4-1
Added Pin To Net: NetName=+5V Pin=D5-1
Added Pin To Net: NetName=+5V Pin=D6-1
Added Pin To Net: NetName=+5V Pin=D7-1
Added Pin To Net: NetName=+5V Pin=D8-1
Added Pin To Net: NetName=+5V Pin=R18-1
Added Pin To Net: NetName=+5V Pin=R19-2
Added Pin To Net: NetName=NetD1_2 Pin=D1-2
Added Pin To Net: NetName=NetD1_2 Pin=R1-1
Added Net: Name=NetD1_2
Added Pin To Net: NetName=NetD2_2 Pin=D2-2
Added Pin To Net: NetName=NetD2_2 Pin=R10-1
Added Net: Name=NetD2_2
Added Pin To Net: NetName=NetD3_2 Pin=D3-2
Added Pin To Net: NetName=NetD3_2 Pin=R11-1
Added Net: Name=NetD3_2
Added Pin To Net: NetName=NetD4_2 Pin=D4-2
Added Pin To Net: NetName=NetD4_2 Pin=R12-1
Added Net: Name=NetD4_2
Added Pin To Net: NetName=NetD5_2 Pin=D5-2
Added Pin To Net: NetName=NetD5_2 Pin=R13-1
Added Net: Name=NetD5_2
Added Pin To Net: NetName=NetD6_2 Pin=D6-2
Added Pin To Net: NetName=NetD6_2 Pin=R14-1
Added Net: Name=NetD6_2
Added Pin To Net: NetName=NetD7_2 Pin=D7-2
Added Pin To Net: NetName=NetD7_2 Pin=R15-1
Added Net: Name=NetD7_2
Added Pin To Net: NetName=NetD8_2 Pin=D8-2
Added Pin To Net: NetName=NetD8_2 Pin=R20-1
Added Net: Name=NetD8_2
Added Pin To Net: NetName=NetDA1_2 Pin=DA1-2
Added Pin To Net: NetName=NetDA1_2 Pin=R1-2
Added Pin To Net: NetName=NetDA1_2 Pin=U1-13
Added Net: Name=NetDA1_2
Added Pin To Net: NetName=NetR19_1 Pin=R19-1
Added Pin To Net: NetName=NetR19_1 Pin=R21-1
Added Pin To Net: NetName=NetR19_1 Pin=VT2-1
Added Net: Name=NetR19_1
Added Member To Class: ClassName=User_Interface Member=Component R19 10K
Added Room: Name=User_Interface
