Removed Pin From Net: NetName=GND Pin=J1-1
Removed Pin From Net: NetName=GND Pin=J2-1
Removed Pin From Net: NetName=GND Pin=J3-1
Removed Pin From Net: NetName=GND Pin=J4-1
Removed Pin From Net: NetName=GND Pin=J5-1
Removed Member From Class: ClassName=User_Interface Member=J1
Removed Member From Class: ClassName=User_Interface Member=J2
Removed Member From Class: ClassName=User_Interface Member=J3
Removed Member From Class: ClassName=User_Interface Member=J4
Removed Member From Class: ClassName=User_Interface Member=J5
Removed Member From Class: ClassName=User_Interface Member=J6
Added Component: Designator=R24(Vishay_CRCW0805-e3_IPC_A)
Added Component: Designator=R25(Vishay_CRCW0805-e3_IPC_A)
Added Component: Designator=R26(Vishay_CRCW0805-e3_IPC_A)
Added Component: Designator=R27(Vishay_CRCW0805-e3_IPC_A)
Added Component: Designator=R28(Vishay_CRCW0805-e3_IPC_A)
Added Component: Designator=R29(Vishay_CRCW0805-e3_IPC_A)
Added Pin To Net: NetName=GND Pin=R24-2
Added Pin To Net: NetName=GND Pin=R25-2
Added Pin To Net: NetName=GND Pin=R26-2
Added Pin To Net: NetName=GND Pin=R27-2
Added Pin To Net: NetName=GND Pin=R28-2
Added Pin To Net: NetName=GND Pin=R29-2
Added Pin To Net: NetName=NetR24_1 Pin=R24-1
Added Pin To Net: NetName=NetR24_1 Pin=U1-3
Added Net: Name=NetR24_1
Added Pin To Net: NetName=NetR25_1 Pin=R25-1
Added Pin To Net: NetName=NetR25_1 Pin=U1-1
Added Net: Name=NetR25_1
Added Pin To Net: NetName=NetR26_1 Pin=R26-1
Added Pin To Net: NetName=NetR26_1 Pin=U1-2
Added Net: Name=NetR26_1
Added Pin To Net: NetName=NetR27_1 Pin=R27-1
Added Pin To Net: NetName=NetR27_1 Pin=U2-3
Added Net: Name=NetR27_1
Added Pin To Net: NetName=NetR28_1 Pin=R28-1
Added Pin To Net: NetName=NetR28_1 Pin=U2-1
Added Net: Name=NetR28_1
Added Pin To Net: NetName=NetR29_1 Pin=R29-1
Added Pin To Net: NetName=NetR29_1 Pin=U2-2
Added Net: Name=NetR29_1
Added Member To Class: ClassName=User_Interface Member=Component R24 1K
Added Member To Class: ClassName=User_Interface Member=Component R25 1K
Added Member To Class: ClassName=User_Interface Member=Component R26 1K
Added Member To Class: ClassName=User_Interface Member=Component R27 1K
Added Member To Class: ClassName=User_Interface Member=Component R28 1K
Added Member To Class: ClassName=User_Interface Member=Component R29 1K
Added Room: Name=User_Interface
