Removed Pin From Net: NetName=+5 Pin=R?-2
Removed Pin From Net: NetName=+5V Pin=VT?-3
Change Component Designator: OldDesignator=D? NewDesignator=D1
Change Component Designator: OldDesignator=D? NewDesignator=D2
Change Component Designator: OldDesignator=D? NewDesignator=D3
Change Component Designator: OldDesignator=D? NewDesignator=D4
Change Component Designator: OldDesignator=D? NewDesignator=D5
Change Component Designator: OldDesignator=D? NewDesignator=D6
Change Component Designator: OldDesignator=D? NewDesignator=D7
Change Component Designator: OldDesignator=D? NewDesignator=D8
Change Component Designator: OldDesignator=P? NewDesignator=P1
Change Component Designator: OldDesignator=P? NewDesignator=P2
Change Component Designator: OldDesignator=R? NewDesignator=R16
Change Component Designator: OldDesignator=R? NewDesignator=R17
Change Component Designator: OldDesignator=R? NewDesignator=R18
Change Component Designator: OldDesignator=R? NewDesignator=R19
Change Component Designator: OldDesignator=R? NewDesignator=R21
Change Component Designator: OldDesignator=R? NewDesignator=R22
Change Component Designator: OldDesignator=R? NewDesignator=R23
Change Component Designator: OldDesignator=SW? NewDesignator=SW4
Change Component Designator: OldDesignator=SW? NewDesignator=SW5
Change Component Designator: OldDesignator=SW? NewDesignator=SW6
Change Component Designator: OldDesignator=SW? NewDesignator=SW7
Change Component Designator: OldDesignator=SW? NewDesignator=SW8
Change Component Designator: OldDesignator=TP? NewDesignator=TP1
Change Component Designator: OldDesignator=TP? NewDesignator=TP2
Change Component Designator: OldDesignator=TP? NewDesignator=TP3
Change Component Designator: OldDesignator=VT? NewDesignator=VT1
Added Component: Designator=C1(FP-C0805C-DN-IPC_A)
Added Component: Designator=C2(FP-C0805C-DN-IPC_A)
Added Component: Designator=C3(FP-C0805C-DN-IPC_A)
Added Component: Designator=C4(FP-C0805C-DN-IPC_A)
Added Component: Designator=C5(FP-C0805C-DN-IPC_A)
Added Component: Designator=C6(FP-C0805C-DN-IPC_A)
Added Component: Designator=C7(FP-C0805C-DN-IPC_A)
Added Component: Designator=C8(FP-C0805C-DN-IPC_A)
Added Component: Designator=C9(FP-C0805C-DN-IPC_A)
Added Component: Designator=C10(FP-C0805C-DN-IPC_A)
Added Component: Designator=C12(FP-C0805C-DN-IPC_A)
Added Component: Designator=C16(FP-C0805C-DN-IPC_A)
Added Component: Designator=U3(ADI-R-8_N)
Added Component: Designator=U4(FP-B0505S-1WR3-MFG)
Added Pin To Net: NetName=+5V Pin=VT1-2
Added Pin To Net: NetName=NetC4_2 Pin=SW4-B1
Added Pin To Net: NetName=NetC4_2 Pin=SW4-B2
Added Net: Name=NetC4_2
Added Pin To Net: NetName=NetC5_2 Pin=SW5-B1
Added Pin To Net: NetName=NetC5_2 Pin=SW5-B2
Added Net: Name=NetC5_2
Added Pin To Net: NetName=NetC7_2 Pin=SW6-B1
Added Pin To Net: NetName=NetC7_2 Pin=SW6-B2
Added Net: Name=NetC7_2
Added Pin To Net: NetName=NetC8_2 Pin=SW7-B1
Added Pin To Net: NetName=NetC8_2 Pin=SW7-B2
Added Net: Name=NetC8_2
Added Pin To Net: NetName=NetC9_2 Pin=SW8-B1
Added Pin To Net: NetName=NetC9_2 Pin=SW8-B2
Added Net: Name=NetC9_2
Added Pin To Net: NetName=NetC10_2 Pin=LCD1-2
Added Pin To Net: NetName=NetC10_2 Pin=VT1-3
Added Net: Name=NetC10_2
Added Pin To Net: NetName=NetC13_1 Pin=R21-1
Added Pin To Net: NetName=NetC13_1 Pin=R22-2
Added Net: Name=NetC13_1
Added Pin To Net: NetName=NetD1_1 Pin=D1-1
Added Net: Name=NetD1_1
Added Pin To Net: NetName=NetD2_1 Pin=D2-1
Added Net: Name=NetD2_1
Added Pin To Net: NetName=NetD3_1 Pin=D3-1
Added Net: Name=NetD3_1
Added Pin To Net: NetName=NetD4_1 Pin=D4-1
Added Net: Name=NetD4_1
Added Pin To Net: NetName=NetD5_1 Pin=D5-1
Added Net: Name=NetD5_1
Added Pin To Net: NetName=NetD6_1 Pin=D6-1
Added Net: Name=NetD6_1
Added Pin To Net: NetName=NetD7_1 Pin=D7-1
Added Net: Name=NetD7_1
Added Pin To Net: NetName=NetD8_1 Pin=D8-1
Added Net: Name=NetD8_1
Added Net: Name=NetJ1_2
Added Net: Name=NetJ2_2
Added Net: Name=NetJ3_2
Added Net: Name=NetJ4_2
Added Net: Name=NetJ5_2
Added Net: Name=NetJ6_2
Added Pin To Net: NetName=NetP2_3 Pin=P2-3
Added Pin To Net: NetName=NetP2_3 Pin=R18-1
Added Net: Name=NetP2_3
Added Pin To Net: NetName=NetP2_4 Pin=P2-4
Added Pin To Net: NetName=NetP2_4 Pin=R19-1
Added Net: Name=NetP2_4
Added Net: Name=NetR1_2
Added Net: Name=NetR10_2
Added Net: Name=NetR11_2
Added Net: Name=NetR12_2
Added Net: Name=NetR13_2
Added Net: Name=NetR14_2
Added Net: Name=NetR15_2
Added Net: Name=NetR20_2
Added Pin To Net: NetName=NetR21_2 Pin=R21-2
Added Net: Name=NetR21_2
Added Pin To Net: NetName=NetR23_2 Pin=R23-2
Added Pin To Net: NetName=NetR23_2 Pin=VT1-1
Added Net: Name=NetR23_2
Added Member To Class: ClassName=User_Interface Member=Component D1 151031YS06000
Added Member To Class: ClassName=User_Interface Member=Component D2 151031YS06000
Added Member To Class: ClassName=User_Interface Member=Component D3 151031YS06000
Added Member To Class: ClassName=User_Interface Member=Component D4 151031YS06000
Added Member To Class: ClassName=User_Interface Member=Component D6 151031YS06000
Added Member To Class: ClassName=User_Interface Member=Component D7 151031YS06000
Added Member To Class: ClassName=User_Interface Member=Component D8 151031YS06000
Added Member To Class: ClassName=User_Interface Member=Component P1 61900511121
Added Member To Class: ClassName=User_Interface Member=Component R16 10K
Added Member To Class: ClassName=User_Interface Member=Component R17 10K
Added Member To Class: ClassName=User_Interface Member=Component R18 10K
Added Member To Class: ClassName=User_Interface Member=Component R19 10K
Added Member To Class: ClassName=User_Interface Member=Component R21 1K
Added Member To Class: ClassName=User_Interface Member=Component R23 47K
Added Member To Class: ClassName=User_Interface Member=Component SW4 430156043726
Added Member To Class: ClassName=User_Interface Member=Component SW5 430156043726
Added Member To Class: ClassName=User_Interface Member=Component SW6 430156043726
Added Member To Class: ClassName=User_Interface Member=Component SW8 430156043726
Added Member To Class: ClassName=User_Interface Member=Component TP1 Test_Point_PCB
Added Member To Class: ClassName=User_Interface Member=Component TP2 Test_Point_PCB
Added Room: Name=User_Interface
