Added Component: Designator=R30(Vishay_CRCW0805-e3_IPC_A)
Added Component: Designator=R31(Vishay_CRCW0805-e3_IPC_A)
Added Component: Designator=R32(Vishay_CRCW0805-e3_IPC_A)
Added Component: Designator=R33(Vishay_CRCW0805-e3_IPC_A)
Added Component: Designator=R34(Vishay_CRCW0805-e3_IPC_A)
Added Component: Designator=R35(Vishay_CRCW0805-e3_IPC_A)
Added Pin To Net: NetName=NetR25_1 Pin=R30-1
Added Pin To Net: NetName=+5V Pin=R30-2
Added Pin To Net: NetName=NetR26_1 Pin=R31-1
Added Pin To Net: NetName=+5V Pin=R31-2
Added Pin To Net: NetName=NetR24_1 Pin=R32-1
Added Pin To Net: NetName=+5V Pin=R32-2
Added Pin To Net: NetName=NetR28_1 Pin=R33-1
Added Pin To Net: NetName=+5V Pin=R33-2
Added Pin To Net: NetName=NetR29_1 Pin=R34-1
Added Pin To Net: NetName=+5V Pin=R34-2
Added Pin To Net: NetName=NetR27_1 Pin=R35-1
Added Pin To Net: NetName=+5V Pin=R35-2
Added Member To Class: ClassName=User_Interface Member=Component R30 4K7
Added Member To Class: ClassName=User_Interface Member=Component R31 4K7
Added Member To Class: ClassName=User_Interface Member=Component R32 4K7
Added Member To Class: ClassName=User_Interface Member=Component R33 4K7
Added Member To Class: ClassName=User_Interface Member=Component R34 4K7
Added Member To Class: ClassName=User_Interface Member=Component R35 4K7
Added Room: Name=User_Interface
