Removed Pin From Net: NetName=GND_III Pin=C3-2
Removed Pin From Net: NetName=GND_III Pin=C4-2
Removed Pin From Net: NetName=GND_III Pin=C6-1
Removed Pin From Net: NetName=GND_III Pin=C7-1
Removed Pin From Net: NetName=+5 Pin=C7-2
Removed Pin From Net: NetName=GND_III Pin=C8-1
Removed Pin From Net: NetName=GND_III Pin=C25-1
Removed Pin From Net: NetName=GND_III Pin=C26-1
Removed Pin From Net: NetName=GND_III Pin=C27-2
Removed Pin From Net: NetName=+5 Pin=C28-1
Removed Pin From Net: NetName=GND_III Pin=C28-2
Removed Pin From Net: NetName=GND_III Pin=C29-2
Removed Pin From Net: NetName=GND_III Pin=C30-1
Removed Pin From Net: NetName=GND_III Pin=C31-1
Removed Pin From Net: NetName=GND_III Pin=C32-2
Removed Pin From Net: NetName=GND_III Pin=C33-2
Removed Pin From Net: NetName=GND_III Pin=C34-1
Removed Pin From Net: NetName=GND_III Pin=C37-1
Removed Pin From Net: NetName=GND_III Pin=C38-1
Removed Pin From Net: NetName=GND_III Pin=C39-1
Removed Pin From Net: NetName=GND_III Pin=D2-2
Removed Pin From Net: NetName=GND_III Pin=D3-2
Removed Pin From Net: NetName=GND_III Pin=D4-2
Removed Pin From Net: NetName=GND_III Pin=D6-2
Removed Pin From Net: NetName=GND_III Pin=D10-2
Removed Pin From Net: NetName=GND_III Pin=D11-2
Removed Pin From Net: NetName=GND_III Pin=D12-2
Removed Pin From Net: NetName=GND_III Pin=D13-2
Removed Pin From Net: NetName=GND_III Pin=J3-1
Removed Pin From Net: NetName=GND Pin=J6-1
Removed Pin From Net: NetName=GND_III Pin=J7-1
Removed Pin From Net: NetName=GND_III Pin=J8-6
Removed Pin From Net: NetName=GND_III Pin=J9-2
Removed Pin From Net: NetName=GND_III Pin=J11-2
Removed Pin From Net: NetName=GND_III Pin=J12-2
Removed Pin From Net: NetName=GND_III Pin=J13-2
Removed Pin From Net: NetName=+5 Pin=JE1-1
Removed Pin From Net: NetName=GND_III Pin=R30-2
Removed Pin From Net: NetName=GND_III Pin=R32-1
Removed Pin From Net: NetName=GND_III Pin=R34-1
Removed Pin From Net: NetName=GND_III Pin=R48-1
Removed Pin From Net: NetName=GND_III Pin=TP3-1
Removed Pin From Net: NetName=GND_III Pin=TP4-1
Removed Pin From Net: NetName=GND_III Pin=TP21-1
Removed Pin From Net: NetName=GND_III Pin=U2-1
Removed Pin From Net: NetName=+5 Pin=U2-3
Removed Pin From Net: NetName=GND_III Pin=U7-4
Removed Pin From Net: NetName=GND Pin=U8-1
Removed Pin From Net: NetName=GND_III Pin=U10-2
Removed Pin From Net: NetName=GND_III Pin=U10-8
Removed Pin From Net: NetName=GND_III Pin=VD1-1
Removed Pin From Net: NetName=GND_III Pin=VD2-1
Removed Member From Class: ClassName=U_I_Meter_DC Member=C3
Removed Member From Class: ClassName=U_I_Meter_DC Member=C4
Removed Member From Class: ClassName=U_I_Meter_DC Member=C6
Removed Member From Class: ClassName=U_I_Meter_DC Member=C7
Removed Member From Class: ClassName=U_I_Meter_DC Member=C8
Removed Member From Class: ClassName=U_I_Meter_DC Member=C25
Removed Member From Class: ClassName=U_I_Meter_DC Member=C26
Removed Member From Class: ClassName=U_I_Meter_DC Member=C27
Removed Member From Class: ClassName=U_I_Meter_DC Member=C28
Removed Member From Class: ClassName=U_I_Meter_DC Member=C29
Removed Member From Class: ClassName=U_I_Meter_DC Member=C30
Removed Member From Class: ClassName=U_I_Meter_DC Member=C31
Removed Member From Class: ClassName=U_I_Meter_DC Member=C32
Removed Member From Class: ClassName=U_I_Meter_DC Member=C33
Removed Member From Class: ClassName=U_I_Meter_DC Member=C34
Removed Member From Class: ClassName=U_I_Meter_DC Member=C35
Removed Member From Class: ClassName=U_I_Meter_DC Member=C36
Removed Member From Class: ClassName=U_I_Meter_DC Member=C37
Removed Member From Class: ClassName=U_I_Meter_DC Member=C38
Removed Member From Class: ClassName=U_I_Meter_DC Member=C39
Removed Member From Class: ClassName=U_I_Meter_DC Member=D1
Removed Member From Class: ClassName=U_I_Meter_DC Member=D2
Removed Member From Class: ClassName=U_I_Meter_DC Member=D3
Removed Member From Class: ClassName=U_I_Meter_DC Member=D4
Removed Member From Class: ClassName=U_I_Meter_DC Member=D5
Removed Member From Class: ClassName=U_I_Meter_DC Member=D6
Removed Member From Class: ClassName=U_I_Meter_DC Member=D7
Removed Member From Class: ClassName=U_I_Meter_DC Member=D8
Removed Member From Class: ClassName=U_I_Meter_DC Member=D9
Removed Member From Class: ClassName=U_I_Meter_DC Member=D10
Removed Member From Class: ClassName=U_I_Meter_DC Member=D11
Removed Member From Class: ClassName=U_I_Meter_DC Member=D12
Removed Member From Class: ClassName=U_I_Meter_DC Member=D13
Removed Member From Class: ClassName=U_I_Meter_DC Member=J3
Removed Member From Class: ClassName=U_I_Meter_DC Member=J6
Removed Member From Class: ClassName=U_I_Meter_DC Member=J7
Removed Member From Class: ClassName=U_I_Meter_DC Member=J8
Removed Member From Class: ClassName=U_I_Meter_DC Member=J9
Removed Member From Class: ClassName=U_I_Meter_DC Member=J10
Removed Member From Class: ClassName=U_I_Meter_DC Member=J11
Removed Member From Class: ClassName=U_I_Meter_DC Member=J12
Removed Member From Class: ClassName=U_I_Meter_DC Member=J13
Removed Member From Class: ClassName=U_I_Meter_DC Member=JE1
Removed Member From Class: ClassName=U_I_Meter_DC Member=L1
Removed Member From Class: ClassName=U_I_Meter_DC Member=L2
Removed Member From Class: ClassName=U_I_Meter_DC Member=L3
Removed Member From Class: ClassName=U_I_Meter_DC Member=R4
Removed Member From Class: ClassName=U_I_Meter_DC Member=R5
Removed Member From Class: ClassName=U_I_Meter_DC Member=R7
Removed Member From Class: ClassName=U_I_Meter_DC Member=R10
Removed Member From Class: ClassName=U_I_Meter_DC Member=R22
Removed Member From Class: ClassName=U_I_Meter_DC Member=R25
Removed Member From Class: ClassName=U_I_Meter_DC Member=R26
Removed Member From Class: ClassName=U_I_Meter_DC Member=R27
Removed Member From Class: ClassName=U_I_Meter_DC Member=R28
Removed Member From Class: ClassName=U_I_Meter_DC Member=R29
Removed Member From Class: ClassName=U_I_Meter_DC Member=R30
Removed Member From Class: ClassName=U_I_Meter_DC Member=R31
Removed Member From Class: ClassName=U_I_Meter_DC Member=R32
Removed Member From Class: ClassName=U_I_Meter_DC Member=R33
Removed Member From Class: ClassName=U_I_Meter_DC Member=R34
Removed Member From Class: ClassName=U_I_Meter_DC Member=R35
Removed Member From Class: ClassName=U_I_Meter_DC Member=R36
Removed Member From Class: ClassName=U_I_Meter_DC Member=R37
Removed Member From Class: ClassName=U_I_Meter_DC Member=R38
Removed Member From Class: ClassName=U_I_Meter_DC Member=R39
Removed Member From Class: ClassName=U_I_Meter_DC Member=R40
Removed Member From Class: ClassName=U_I_Meter_DC Member=R41
Removed Member From Class: ClassName=U_I_Meter_DC Member=R42
Removed Member From Class: ClassName=U_I_Meter_DC Member=R43
Removed Member From Class: ClassName=U_I_Meter_DC Member=R44
Removed Member From Class: ClassName=U_I_Meter_DC Member=R45
Removed Member From Class: ClassName=U_I_Meter_DC Member=R46
Removed Member From Class: ClassName=U_I_Meter_DC Member=R47
Removed Member From Class: ClassName=U_I_Meter_DC Member=R48
Removed Member From Class: ClassName=U_I_Meter_DC Member=R49
Removed Member From Class: ClassName=U_I_Meter_DC Member=TP1
Removed Member From Class: ClassName=U_I_Meter_DC Member=TP2
Removed Member From Class: ClassName=U_I_Meter_DC Member=TP3
Removed Member From Class: ClassName=U_I_Meter_DC Member=TP4
Removed Member From Class: ClassName=U_I_Meter_DC Member=TP16
Removed Member From Class: ClassName=U_I_Meter_DC Member=TP17
Removed Member From Class: ClassName=U_I_Meter_DC Member=TP18
Removed Member From Class: ClassName=U_I_Meter_DC Member=TP19
Removed Member From Class: ClassName=U_I_Meter_DC Member=TP20
Removed Member From Class: ClassName=U_I_Meter_DC Member=TP21
Removed Member From Class: ClassName=U_I_Meter_DC Member=TP22
Removed Member From Class: ClassName=U_I_Meter_DC Member=TP23
Removed Member From Class: ClassName=U_I_Meter_DC Member=TP24
Removed Member From Class: ClassName=U_I_Meter_DC Member=TP25
Removed Member From Class: ClassName=U_I_Meter_DC Member=TP26
Removed Member From Class: ClassName=U_I_Meter_DC Member=TP27
Removed Member From Class: ClassName=U_I_Meter_DC Member=TP28
Removed Member From Class: ClassName=U_I_Meter_DC Member=TP29
Removed Member From Class: ClassName=U_I_Meter_DC Member=TP30
Removed Member From Class: ClassName=U_I_Meter_DC Member=U2
Removed Member From Class: ClassName=U_I_Meter_DC Member=U7
Removed Member From Class: ClassName=U_I_Meter_DC Member=U8
Removed Member From Class: ClassName=U_I_Meter_DC Member=U9
Removed Member From Class: ClassName=U_I_Meter_DC Member=U10
Removed Member From Class: ClassName=U_I_Meter_DC Member=VD1
Removed Member From Class: ClassName=U_I_Meter_DC Member=VD2
Removed Member From Class: ClassName=U_I_Meter_DC Member=ZD1
Removed Member From Class: ClassName=U_I_Meter_DC Member=ZD2
Removed Member From Class: ClassName=U_I_Meter_DC Member=ZD3
