Change Component Designator: OldDesignator=C19 NewDesignator=C36
Change Component Designator: OldDesignator=C20 NewDesignator=C37
Change Component Designator: OldDesignator=C21 NewDesignator=C19
Change Component Designator: OldDesignator=C22 NewDesignator=C20
Change Component Designator: OldDesignator=C23 NewDesignator=C21
Change Component Designator: OldDesignator=C24 NewDesignator=C22
Change Component Designator: OldDesignator=C25 NewDesignator=C23
Change Component Designator: OldDesignator=C26 NewDesignator=C24
Change Component Designator: OldDesignator=C27 NewDesignator=C25
Change Component Designator: OldDesignator=C28 NewDesignator=C26
Change Component Designator: OldDesignator=C29 NewDesignator=C30
Change Component Designator: OldDesignator=C30 NewDesignator=C27
Change Component Designator: OldDesignator=C31 NewDesignator=C28
Change Component Designator: OldDesignator=C32 NewDesignator=C29
Change Component Designator: OldDesignator=C33 NewDesignator=C31
Change Component Designator: OldDesignator=C34 NewDesignator=C32
Change Component Designator: OldDesignator=C35 NewDesignator=C33
Change Component Designator: OldDesignator=C36 NewDesignator=C34
Change Component Designator: OldDesignator=C37 NewDesignator=C35
Change Component Designator: OldDesignator=D1 NewDesignator=D2
Change Component Designator: OldDesignator=D2 NewDesignator=D3
Change Component Designator: OldDesignator=D3 NewDesignator=D4
Change Component Designator: OldDesignator=D4 NewDesignator=D5
Change Component Designator: OldDesignator=D5 NewDesignator=D1
Change Component Designator: OldDesignator=D10 NewDesignator=D11
Change Component Designator: OldDesignator=D11 NewDesignator=D12
Change Component Designator: OldDesignator=D12 NewDesignator=D10
Change Component Designator: OldDesignator=J4 NewDesignator=J6
Change Component Designator: OldDesignator=J5 NewDesignator=J4
Change Component Designator: OldDesignator=J6 NewDesignator=J5
Change Component Designator: OldDesignator=L3 NewDesignator=L5
Change Component Designator: OldDesignator=L4 NewDesignator=L3
Change Component Designator: OldDesignator=L5 NewDesignator=L4
Change Component Designator: OldDesignator=R16 NewDesignator=R19
Change Component Designator: OldDesignator=R17 NewDesignator=R20
Change Component Designator: OldDesignator=R18 NewDesignator=R16
Change Component Designator: OldDesignator=R19 NewDesignator=R25
Change Component Designator: OldDesignator=R20 NewDesignator=R17
Change Component Designator: OldDesignator=R21 NewDesignator=R27
Change Component Designator: OldDesignator=R22 NewDesignator=R28
Change Component Designator: OldDesignator=R23 NewDesignator=R18
Change Component Designator: OldDesignator=R24 NewDesignator=R21
Change Component Designator: OldDesignator=R25 NewDesignator=R22
Change Component Designator: OldDesignator=R26 NewDesignator=R23
Change Component Designator: OldDesignator=R27 NewDesignator=R24
Change Component Designator: OldDesignator=R28 NewDesignator=R26
Change Component Designator: OldDesignator=R31 NewDesignator=R34
Change Component Designator: OldDesignator=R32 NewDesignator=R35
Change Component Designator: OldDesignator=R33 NewDesignator=R31
Change Component Designator: OldDesignator=R34 NewDesignator=R32
Change Component Designator: OldDesignator=R35 NewDesignator=R33
Change Component Designator: OldDesignator=TP15 NewDesignator=TP16
Change Component Designator: OldDesignator=TP16 NewDesignator=TP17
Change Component Designator: OldDesignator=TP17 NewDesignator=TP15
Change Component Designator: OldDesignator=TP18 NewDesignator=TP21
Change Component Designator: OldDesignator=TP19 NewDesignator=TP22
Change Component Designator: OldDesignator=TP20 NewDesignator=TP25
Change Component Designator: OldDesignator=TP21 NewDesignator=TP18
Change Component Designator: OldDesignator=TP22 NewDesignator=TP19
Change Component Designator: OldDesignator=TP23 NewDesignator=TP20
Change Component Designator: OldDesignator=TP24 NewDesignator=TP23
Change Component Designator: OldDesignator=TP25 NewDesignator=TP24
Change Component Designator: OldDesignator=VD6 NewDesignator=VD8
Change Component Designator: OldDesignator=VD7 NewDesignator=VD9
Change Component Designator: OldDesignator=VD8 NewDesignator=VD6
Change Component Designator: OldDesignator=VD9 NewDesignator=VD7
Add Component: Footprint Not Found Relay_F1CA005V_Omron
Added Component: Designator=Radiator_1(Radiator_X2)
Add Pin To Net: Unknown Pin: Pin K1-1
Add Pin To Net: Unknown Pin: Pin K1-8
Change Net Name : Old Net Name=NetC19_1 New Net Name=NetC36_1
Change Net Name : Old Net Name=NetC24_2 New Net Name=NetC22_2
Change Net Name : Old Net Name=NetC25_2 New Net Name=NetC23_2
Change Net Name : Old Net Name=NetC26_2 New Net Name=NetC24_2
Change Net Name : Old Net Name=NetC27_2 New Net Name=NetC25_2
Change Net Name : Old Net Name=NetC28_2 New Net Name=NetC26_2
Change Net Name : Old Net Name=NetC30_1 New Net Name=NetC27_1
Change Net Name : Old Net Name=NetC31_1 New Net Name=NetC28_1
Change Net Name : Old Net Name=NetC31_2 New Net Name=NetC28_2
Change Net Name : Old Net Name=NetC35_1 New Net Name=NetC33_1
Change Net Name : Old Net Name=NetC37_1 New Net Name=NetC35_1
Change Net Name : Old Net Name=NetD1_1 New Net Name=NetD2_1
Change Net Name : Old Net Name=NetD2_2 New Net Name=NetD3_2
Change Net Name : Old Net Name=NetD5_1 New Net Name=NetD1_1
Change Net Name : Old Net Name=NetD5_3 New Net Name=NetD1_3
Change Net Name : Old Net Name=NetD10_2 New Net Name=NetD11_2
Change Net Name : Old Net Name=NetD11_2 New Net Name=NetD12_2
Change Net Name : Old Net Name=NetD12_1 New Net Name=NetD10_1
Change Net Name : Old Net Name=NetD12_3 New Net Name=NetD10_3
Change Net Name : Old Net Name=NetL4_1 New Net Name=NetL3_1
Change Net Name : Old Net Name=NetR24_2 New Net Name=NetR21_2
Change Net Name : Old Net Name=NetR25_1 New Net Name=NetR22_1
Change Net Name : Old Net Name=NetR26_2 New Net Name=NetR23_2
Change Net Name : Old Net Name=NetR27_2 New Net Name=NetR24_2
Change Net Name : Old Net Name=NetR33_2 New Net Name=NetR31_2
