Removed Pin From Net: NetName=NetC16_2 Pin=C16-2
Removed Pin From Net: NetName=NetC3_1 Pin=RG1-1
Removed Pin From Net: NetName=NetC3_2 Pin=RG1-2
Removed Pin From Net: NetName=NetC3_2 Pin=RG1-2
Removed Pin From Net: NetName=NetC16_2 Pin=RG1-3
Removed Pin From Net: NetName=NetC16_2 Pin=TP9-1
Removed Pin From Net: NetName=NetC6_1 Pin=TP33-1
Removed Pin From Net: NetName=NetD18_1 Pin=TP34-1
Removed Pin From Net: NetName=NetR28_1 Pin=TP35-1
Removed Pin From Net: NetName=NetC38_2 Pin=TP36-1
Change Footprint: Footprint Not Found DIOD-SOD123-2_V
Change Footprint: Footprint Not Found DIOD-SOD123-2_V
Change Footprint: Footprint Not Found DIOD-SOD123-2_V
Change Footprint: Footprint Not Found DIOD-SOD123-2_V
Change Component Footprint: Designator=C16 Old Footprint=FP-SF-MFG New Footprint=CAP-0805
Change Footprint: Cannot match pads with new footprint in component :R11 Footprint:RES-0805
Change Footprint: Cannot match pads with new footprint in component :R12 Footprint:RES-0805
Change Footprint: Footprint Not Found PWM_SG3525
Change Component Comment : Designator=C16 Old Comment=EEE-1HA101UP New Comment=0.1uF
Change Managed Component Library Link : Designator=C16 Old VaultGUID=B7D15EC3-160A-466F-A46C-7801FE6295A7 New VaultGUID= Old ItemGUID=CF6EA142-35BA-4B82-8994-8056AADBF3EB New ItemGUID= Old RevisionGUID=E7281838-3F35-42A2-A677-99C222CE486A New RevisionGUID=
Change component parameters: Designator = "C16" ("C16"); Footprint = "FP-SF-MFG"; UniqueID = "\PWPRGTIO" ("\PWPRGTIO")
Added Component: Designator=C40(CAP-0805)
Add Component: Footprint Not Found CAP_POL_13x26_1000uF_50V
Add Component: Footprint Not Found SMC/DO214AB
Added Component: Designator=L9(WE-PD2_1054)
Add component (AddParameter): Name = "Case/Size Code"; Value = "1054"; VariantName = "[No Variations]"
Add component (AddParameter): Name = "Category"; Value = "Unshielded Power Inductors"; VariantName = "[No Variations]"
Add component (AddParameter): Name = "ComponentLink1Description"; Value = "Website Link"; VariantName = "[No Variations]"
Add component (AddParameter): Name = "ComponentLink1URL"; Value = "https://www.we-online.com/redexpert/article/744776122?ad"; VariantName = "[No Variations]"
Add component (AddParameter): Name = "ComponentLink2Description"; Value = "Datasheet Link"; VariantName = "[No Variations]"
Add component (AddParameter): Name = "ComponentLink2URL"; Value = "https://www.we-online.com/redexpert/spec/744776122?ad"; VariantName = "[No Variations]"
Add component (AddParameter): Name = "DC Resistance"; Value = "0.051?"; VariantName = "[No Variations]"
Add component (AddParameter): Name = "DC Resistance Max"; Value = "0.1?"; VariantName = "[No Variations]"
Add component (AddParameter): Name = "Height"; Value = "5.4mm"; VariantName = "[No Variations]"
Add component (AddParameter): Name = "Inductance"; Value = "22µH"; VariantName = "[No Variations]"
Add component (AddParameter): Name = "Length"; Value = "10mm"; VariantName = "[No Variations]"
Add component (AddParameter): Name = "Manufacturer"; Value = "Wurth Elektronik"; VariantName = "[No Variations]"
Add component (AddParameter): Name = "Manufacturer Part Number"; Value = "744776122"; VariantName = "[No Variations]"
Add component (AddParameter): Name = "Match Code"; Value = "WE-PD2"; VariantName = "[No Variations]"
Add component (AddParameter): Name = "Mount"; Value = "Surface Mount"; VariantName = "[No Variations]"
Add component (AddParameter): Name = "Operating Temperature Max"; Value = "125°C"; VariantName = "[No Variations]"
Add component (AddParameter): Name = "Operating Temperature Min"; Value = "-40°C"; VariantName = "[No Variations]"
Add component (AddParameter): Name = "Packaging"; Value = "Tape and Reel"; VariantName = "[No Variations]"
Add component (AddParameter): Name = "Rated Current"; Value = "2.04A"; VariantName = "[No Variations]"
Add component (AddParameter): Name = "Saturation Current"; Value = "2.07A"; VariantName = "[No Variations]"
Add component (AddParameter): Name = "Self Resonant Frequency"; Value = "16MHz"; VariantName = "[No Variations]"
Add component (AddParameter): Name = "Width"; Value = "9mm"; VariantName = "[No Variations]"
Added Component: Designator=R38(RES-0805)
Added Component: Designator=R39(RES-0805)
Added Component: Designator=U5(ON_Semiconductor_936A-02_MFG)
Add Component: Footprint Not Found P6KE350CA
Added Pin To Net: NetName=NetC3_1 Pin=C16-2
Added Pin To Net: NetName=NetC3_2 Pin=C40-1
Added Pin To Net: NetName=NetC16_2 Pin=C40-2
Add Pin To Net: Unknown Pin: Pin C41-1
Add Pin To Net: Unknown Pin: Pin C41-2
Add Pin To Net: Unknown Pin: Pin D19-2
Added Pin To Net: NetName=NetC16_2 Pin=L9-2
Added Pin To Net: NetName=NetC16_2 Pin=R38-2
Added Pin To Net: NetName=NetC3_2 Pin=R39-1
Added Pin To Net: NetName=NetC3_1 Pin=U5-1
Added Pin To Net: NetName=NetC3_2 Pin=U5-3
Added Pin To Net: NetName=NetC3_2 Pin=U5-5
Added Pin To Net: NetName=NetC3_2 Pin=U5-6
Add Pin To Net: Unknown Pin: Pin VD2-1
Add Pin To Net: Unknown Pin: Pin VD2-2
Change Net Name : Old Net Name=NetC16_2 New Net Name=NetC40_2
Added Pin To Net: NetName=NetD19_1 Pin=L9-1
Added Pin To Net: NetName=NetD19_1 Pin=U5-2
Added Net: Name=NetD19_1
Added Pin To Net: NetName=NetR38_1 Pin=R38-1
Added Pin To Net: NetName=NetR38_1 Pin=R39-2
Added Pin To Net: NetName=NetR38_1 Pin=U5-4
Added Net: Name=NetR38_1
