Change Footprint: Footprint Not Found DIOD-SOD123-2_V
Change Footprint: Footprint Not Found DIOD-SOD123-2_V
Change Footprint: Footprint Not Found DIOD-SOD123-2_V
Change Footprint: Footprint Not Found DIOD-SOD123-2_V
Change Footprint: Cannot match pads with new footprint in component :R11 Footprint:RES-0805
Change Footprint: Cannot match pads with new footprint in component :R12 Footprint:RES-0805
Add Component: Footprint Not Found PWM_SG3525
Added Pin To Net: NetName=GND Pin=C39-1
Added Pin To Net: NetName=GND Pin=R37-1
Add Pin To Net: Unknown Pin: Pin U3-1
Add Pin To Net: Unknown Pin: Pin U3-2
Add Pin To Net: Unknown Pin: Pin U3-3
Add Pin To Net: Unknown Pin: Pin U3-4
Add Pin To Net: Unknown Pin: Pin U3-5
Add Pin To Net: Unknown Pin: Pin U3-6
Add Pin To Net: Unknown Pin: Pin U3-7
Add Pin To Net: Unknown Pin: Pin U3-8
Add Pin To Net: Unknown Pin: Pin U3-9
Add Pin To Net: Unknown Pin: Pin U3-10
Add Pin To Net: Unknown Pin: Pin U3-11
Add Pin To Net: Unknown Pin: Pin U3-12
Added Pin To Net: NetName=GND Pin=U4-3
