Removed Pin From Net: NetName=NetD6_2 Pin=J3-3
Removed Pin From Net: NetName=NetD6_2 Pin=U5-16
Added Component: Designator=R23(RES-0805)
Added Component: Designator=R24(RES-0805)
Added Component: Designator=VT1(SOT23-3)
Added Component: Designator=VT2(SOT23-3)
Added Pin To Net: NetName=NetD6_2 Pin=R23-1
Added Pin To Net: NetName=NetD6_2 Pin=VT1-2
Added Pin To Net: NetName=GND Pin=VT2-2
Added Pin To Net: NetName=NetR23_2 Pin=R23-2
Added Pin To Net: NetName=NetR23_2 Pin=VT1-1
Added Pin To Net: NetName=NetR23_2 Pin=VT2-3
Added Net: Name=NetR23_2
Added Pin To Net: NetName=NetR24_1 Pin=R24-1
Added Net: Name=NetR24_1
Added Pin To Net: NetName=NetR24_2 Pin=R24-2
Added Pin To Net: NetName=NetR24_2 Pin=VT2-1
Added Net: Name=NetR24_2
Added Pin To Net: NetName=NetU5_16 Pin=U5-16
Added Pin To Net: NetName=NetU5_16 Pin=VT1-3
Added Net: Name=NetU5_16
Added Member To Class: ClassName=FlyWheel_UI Member=Component R23 1K
Added Member To Class: ClassName=FlyWheel_UI Member=Component R24 1K
Added Member To Class: ClassName=FlyWheel_UI Member=Component VT1 MOSFET-P-CH
Added Member To Class: ClassName=FlyWheel_UI Member=Component VT2 BC847-BEC
