Removed Pin From Net: NetName=+5 Pin=P7-1
Removed Pin From Net: NetName=GND_III Pin=P7-4
Removed Pin From Net: NetName=NetC20_1 Pin=P7-6
Removed Pin From Net: NetName=NetC20_2 Pin=P7-7
Removed Pin From Net: NetName=NetC26_1 Pin=P7-8
Removed Pin From Net: NetName=NetC26_2 Pin=P7-9
Removed Pin From Net: NetName=NetP7_15 Pin=R1-1
Removed Pin From Net: NetName=NetP7_15 Pin=R2-2
Removed Pin From Net: NetName=NetP7_5 Pin=R6-1
Removed Pin From Net: NetName=NetP7_14 Pin=R45-1
Removed Pin From Net: NetName=NetP7_12 Pin=R46-1
Removed Pin From Net: NetName=NetP7_3 Pin=R60-1
Removed Pin From Net: NetName=NetP7_2 Pin=R68-1
Removed Pin From Net: NetName=NetP7_14 Pin=T1-3
Removed Pin From Net: NetName=NetP7_12 Pin=T2-3
Removed Pin From Net: NetName=NetP7_5 Pin=T4-3
Added Pin To Net: NetName=NetC26_2 Pin=P7-8
Added Pin To Net: NetName=NetC26_1 Pin=P7-9
Added Pin To Net: NetName=NetC20_2 Pin=P7-10
Added Pin To Net: NetName=NetC20_1 Pin=P7-11
Added Pin To Net: NetName=GND_III Pin=P7-13
Added Pin To Net: NetName=+5 Pin=P7-16
Added Pin To Net: NetName=NetP7_2 Pin=R1-1
Added Pin To Net: NetName=NetP7_2 Pin=R2-2
Added Pin To Net: NetName=NetP7_12 Pin=R6-1
Added Pin To Net: NetName=NetP7_3 Pin=R45-1
Added Pin To Net: NetName=NetP7_5 Pin=R46-1
Added Pin To Net: NetName=NetP7_14 Pin=R60-1
Added Pin To Net: NetName=NetP7_15 Pin=R68-1
Added Pin To Net: NetName=NetP7_3 Pin=T1-3
Added Pin To Net: NetName=NetP7_5 Pin=T2-3
Added Pin To Net: NetName=NetP7_12 Pin=T4-3
Added Pin To Net: NetName=NetP7_1 Pin=P7-1
Added Pin To Net: NetName=NetP7_1 Pin=R2-1
Added Pin To Net: NetName=NetP7_1 Pin=T3-3
Added Net: Name=NetP7_1
Added Pin To Net: NetName=NetP7_4 Pin=P7-4
Added Pin To Net: NetName=NetP7_4 Pin=R43-1
Added Pin To Net: NetName=NetP7_4 Pin=R45-2
Added Net: Name=NetP7_4
Added Pin To Net: NetName=NetP7_6 Pin=P7-6
Added Pin To Net: NetName=NetP7_6 Pin=R44-1
Added Pin To Net: NetName=NetP7_6 Pin=R46-2
Added Net: Name=NetP7_6
Added Pin To Net: NetName=NetP7_7 Pin=P7-7
Added Pin To Net: NetName=NetP7_7 Pin=R5-1
Added Pin To Net: NetName=NetP7_7 Pin=R6-2
Added Net: Name=NetP7_7
