FILE_TYPE=LIBRARY_PARTS;
PRIMITIVE '293D106X9050E2TE3','293D106X9050E2TE3_Capacitor Moulded Polarised';
  PIN
    '+':
      PIN_NUMBER='(1)';
      NO_LOAD_CHECK=BOTH;
      NO_IO_CHECK=BOTH;
      ALLOW_CONNECT=TRUE;
      PINUSE='UNSPEC';
    '-':
      PIN_NUMBER='(2)';
      NO_LOAD_CHECK=BOTH;
      NO_IO_CHECK=BOTH;
      ALLOW_CONNECT=TRUE;
      PINUSE='UNSPEC';
  END_PIN;
  BODY
    PART_NAME='293D106X9050E2TE3';
    PHYS_DES_PREFIX='C';
    NO_LOAD_CHECK='TRUE';
    PIN_COUNT='2';
    BODY_NAME='293D106X9050E2TE3';
    JEDEC_TYPE='CAPPM7343X430N';
  END_BODY;
END_PRIMITIVE;
END.
