Change Component Designator: Old Designator=C29 New Designator=C?
Change Component Designator: Old Designator=C30 New Designator=C?
Change Component Designator: Old Designator=C30 New Designator=C?
Change Component Designator: Old Designator=C30 New Designator=C?
Change Component Designator: Old Designator=C31 New Designator=C?
Change Component Designator: Old Designator=C31 New Designator=C?
Change Component Designator: Old Designator=C31 New Designator=C?
Change Component Designator: Old Designator=C31 New Designator=C?
Change Component Designator: Old Designator=C32 New Designator=C?
Change Component Designator: Old Designator=C32 New Designator=C?
Change Component Designator: Old Designator=C32 New Designator=C?
Change Component Designator: Old Designator=C33 New Designator=C?
Change Component Designator: Old Designator=C33 New Designator=C?
Change Component Designator: Old Designator=C34 New Designator=C?
Change Component Designator: Old Designator=J3 New Designator=J?
Change Component Designator: Old Designator=J4 New Designator=J?
Change Component Designator: Old Designator=R75 New Designator=R?
Change Component Designator: Old Designator=R76 New Designator=R?
Change Component Designator: Old Designator=R76 New Designator=R?
Change Component Designator: Old Designator=R76 New Designator=R?
Change Component Designator: Old Designator=R76 New Designator=R?
Change Component Designator: Old Designator=R77 New Designator=R?
Change Component Designator: Old Designator=R77 New Designator=R?
Change Component Designator: Old Designator=R77 New Designator=R?
Change Component Designator: Old Designator=R77 New Designator=R?
Change Component Designator: Old Designator=R77 New Designator=R?
Change Component Designator: Old Designator=R77 New Designator=R?
Change Component Designator: Old Designator=R78 New Designator=R?
Change Component Designator: Old Designator=R78 New Designator=R?
Change Component Designator: Old Designator=R78 New Designator=R?
Change Component Designator: Old Designator=R78 New Designator=R?
Change Component Designator: Old Designator=R78 New Designator=R?
Change Component Designator: Old Designator=R78 New Designator=R?
Change Component Designator: Old Designator=R79 New Designator=R?
Change Component Designator: Old Designator=R79 New Designator=R?
Change Component Designator: Old Designator=R79 New Designator=R?
Change Component Designator: Old Designator=R79 New Designator=R?
Change Component Designator: Old Designator=R79 New Designator=R?
Change Component Designator: Old Designator=R79 New Designator=R?
Change Component Designator: Old Designator=R80 New Designator=R?
Change Component Designator: Old Designator=R80 New Designator=R?
Change Component Designator: Old Designator=R80 New Designator=R?
Change Component Designator: Old Designator=R80 New Designator=R?
Change Component Designator: Old Designator=R80 New Designator=R?
Change Component Designator: Old Designator=R81 New Designator=R?
Change Component Designator: Old Designator=R81 New Designator=R?
Change Component Designator: Old Designator=R81 New Designator=R?
Change Component Designator: Old Designator=R82 New Designator=R?
Change Component Designator: Old Designator=T10 New Designator=T?
Change Component Designator: Old Designator=T11 New Designator=T?
Change Component Designator: Old Designator=T12 New Designator=T?
Change Component Designator: Old Designator=VD47 New Designator=VD?
Change Component Designator: Old Designator=VD48 New Designator=VD?
Change Component Designator: Old Designator=VD48 New Designator=VD?
Change Component Designator: Old Designator=VD48 New Designator=VD?
Change Component Designator: Old Designator=VD49 New Designator=VD?
Change Component Designator: Old Designator=VD49 New Designator=VD?
Change Component Designator: Old Designator=VD49 New Designator=VD?
Change Component Designator: Old Designator=VD49 New Designator=VD?
Change Component Designator: Old Designator=VD49 New Designator=VD?
Change Component Designator: Old Designator=VD50 New Designator=VD?
Change Component Designator: Old Designator=VD50 New Designator=VD?
Change Component Designator: Old Designator=VD50 New Designator=VD?
Change Component Designator: Old Designator=VD50 New Designator=VD?
Change Component Designator: Old Designator=VD50 New Designator=VD?
Change Component Designator: Old Designator=VD50 New Designator=VD?
Change Component Designator: Old Designator=VD50 New Designator=VD?
Change Component Designator: Old Designator=VD51 New Designator=VD?
Change Component Designator: Old Designator=VD51 New Designator=VD?
Change Component Designator: Old Designator=VD51 New Designator=VD?
Change Component Designator: Old Designator=VD51 New Designator=VD?
Change Component Designator: Old Designator=VD51 New Designator=VD?
Change Component Designator: Old Designator=VD51 New Designator=VD?
Change Component Designator: Old Designator=VD52 New Designator=VD?
Change Component Designator: Old Designator=VD52 New Designator=VD?
Change Component Designator: Old Designator=VD52 New Designator=VD?
Change Component Designator: Old Designator=VT35 New Designator=VT?
Change Component Designator: Old Designator=VT36 New Designator=VT?
Change Component Designator: Old Designator=VT36 New Designator=VT?
Change Component Designator: Old Designator=VT37 New Designator=VT?
Change Component Designator: Old Designator=VT40 New Designator=VT?
Change Component Designator: Old Designator=VT41 New Designator=VT?
Change Component Designator: Old Designator=VT41 New Designator=VT?
Change Component Designator: Old Designator=VT42 New Designator=VT?
Change Component Designator: Old Designator=X2 New Designator=X?
Change Component Designator: Old Designator=X3 New Designator=X?
