Removed Pin From Net: NetName=IN Pin=P1-1
Removed Pin From Net: NetName=IN Pin=P1-2
Removed Pin From Net: NetName=IN Pin=P1-3
Removed Pin From Net: NetName=OUT Pin=P1-10
Removed Pin From Net: NetName=OUT Pin=P1-11
Removed Pin From Net: NetName=OUT Pin=P1-12
Change Footprint: Footprint Not Found SIZE_EEE
Change Footprint: Footprint Not Found LED_RED
Added Component: Designator=P?(61301211021)
Add component (AddParameter): Name = "Category"; Value = "Board-to-Board Connectors"; VariantName = "[No Variations]"
Add component (AddParameter): Name = "ComponentLink1Description"; Value = "Website Link"; VariantName = "[No Variations]"
Add component (AddParameter): Name = "ComponentLink1URL"; Value = "https://www.we-online.com/redexpert/article/61301211021?ad"; VariantName = "[No Variations]"
Add component (AddParameter): Name = "ComponentLink2Description"; Value = "Datasheet Link"; VariantName = "[No Variations]"
Add component (AddParameter): Name = "ComponentLink2URL"; Value = "https://www.we-online.com/redexpert/spec/61301211021?ad"; VariantName = "[No Variations]"
Add component (AddParameter): Name = "Contact Resistance"; Value = "20m?"; VariantName = "[No Variations]"
Add component (AddParameter): Name = "Gender"; Value = "Pin Header"; VariantName = "[No Variations]"
Add component (AddParameter): Name = "Manufacturer"; Value = "Wurth Elektronik"; VariantName = "[No Variations]"
Add component (AddParameter): Name = "Manufacturer Part Number"; Value = "61301211021"; VariantName = "[No Variations]"
Add component (AddParameter): Name = "Match Code"; Value = "WR-PHD"; VariantName = "[No Variations]"
Add component (AddParameter): Name = "Mount"; Value = "Through Hole"; VariantName = "[No Variations]"
Add component (AddParameter): Name = "Number of Pins"; Value = "12"; VariantName = "[No Variations]"
Add component (AddParameter): Name = "Number of Rows"; Value = "1"; VariantName = "[No Variations]"
Add component (AddParameter): Name = "Operating Temperature Max"; Value = "105°C"; VariantName = "[No Variations]"
Add component (AddParameter): Name = "Operating Temperature Min"; Value = "-40°C"; VariantName = "[No Variations]"
Add component (AddParameter): Name = "Orientation"; Value = "Angled"; VariantName = "[No Variations]"
Add component (AddParameter): Name = "Packaging"; Value = "Bag"; VariantName = "[No Variations]"
Add component (AddParameter): Name = "Pitch"; Value = "2.54mm"; VariantName = "[No Variations]"
Add component (AddParameter): Name = "Rated Current"; Value = "3A"; VariantName = "[No Variations]"
Add component (AddParameter): Name = "Withstanding Voltage"; Value = "500V"; VariantName = "[No Variations]"
Add component (AddParameter): Name = "Working Voltage"; Value = "250V"; VariantName = "[No Variations]"
Added Pin To Net: NetName=OUT Pin=P?-1
Added Pin To Net: NetName=OUT Pin=P?-2
Added Pin To Net: NetName=OUT Pin=P?-3
Added Pin To Net: NetName=IN Pin=P?-10
Added Pin To Net: NetName=IN Pin=P?-11
Added Pin To Net: NetName=IN Pin=P?-12
