Added Component: Designator=DD1(SO16-150)
Add Component: Footprint Not Found 4-SMD
Added Pin To Net: NetName=NetC32_1 Pin=DD1-1
Added Pin To Net: NetName=NetDD1_2 Pin=DD1-2
Added Pin To Net: NetName=NetDD1_3 Pin=DD1-3
Added Pin To Net: NetName=NetC35_2 Pin=DD1-5
Added Pin To Net: NetName=NetDD1_6 Pin=DD1-6
Added Pin To Net: NetName=NetDD1_7 Pin=DD1-7
Added Pin To Net: NetName=NetC40_1 Pin=DD1-8
Added Pin To Net: NetName=NetC32_1 Pin=DD1-9
Added Pin To Net: NetName=-12V Pin=DD1-10
Added Pin To Net: NetName=NetDD1_11 Pin=DD1-11
Added Pin To Net: NetName=-12V Pin=DD1-12
Added Pin To Net: NetName=+12V Pin=DD1-13
Added Pin To Net: NetName=NetDD1_14 Pin=DD1-14
Added Pin To Net: NetName=+12V Pin=DD1-15
Added Pin To Net: NetName=NetC16_1 Pin=DD1-16
Add Pin To Net: Unknown Pin: Pin U5-1
Add Pin To Net: Unknown Pin: Pin U5-2
Add Pin To Net: Unknown Pin: Pin U5-3
Add Pin To Net: Unknown Pin: Pin U5-4
Added Member To Class: ClassName=Inverter_540VDC_V2 Member=Component DD1 SG3525
Add Class Member: Failed to add class member : Component U5 PC817
