Add Component: Footprint Not Found SO16-150
Add Component: Footprint Not Found 4-SMD
Add Component: Footprint Not Found SOT23-3
Add Component: Footprint Not Found SOD-123
Add Component: Footprint Not Found SOD-123
Add Component: Footprint Not Found SOD-123
Add Component: Footprint Not Found SOD-123
Add Component: Footprint Not Found SOD-123
Add Component: Footprint Not Found SOD-123
Add Component: Footprint Not Found SOD-123
Add Component: Footprint Not Found SOD-123
Add Component: Footprint Not Found SOD-123
Add Component: Footprint Not Found SOD-123
Add Component: Footprint Not Found SOT23-3
Add Component: Footprint Not Found SOD-123
Add Component: Footprint Not Found SOD-123
Add Component: Footprint Not Found SOT23-3
Add Component: Footprint Not Found SOT23-3
Add Component: Footprint Not Found SOD-123
Add Component: Footprint Not Found SOD-123
Add Component: Footprint Not Found SOD-123
Add Component: Footprint Not Found SOD-123
Add Component: Footprint Not Found SOD-123
Add Component: Footprint Not Found SOD-123
Add Component: Footprint Not Found SOD-123
Add Component: Footprint Not Found SOD-123
Add Component: Footprint Not Found SOT23-3
Add Component: Footprint Not Found TO-92
Add Component: Footprint Not Found TO-92
Add Component: Footprint Not Found TO-92
Add Component: Footprint Not Found SOT23-3
Add Component: Footprint Not Found SOT23-3
Add Component: Footprint Not Found TO-220-3
Add Component: Footprint Not Found TO-220-3
Add Component: Footprint Not Found TO-220-3
Add Component: Footprint Not Found TO-220-3
Add Component: Footprint Not Found TO-220-3
Add Component: Footprint Not Found TO-92
Add Component: Footprint Not Found TO-92
Add Component: Footprint Not Found SOT23-3
Add Component: Footprint Not Found SOT23-3
Add Component: Footprint Not Found TO-220-3
Add Component: Footprint Not Found TO-92
Add Component: Footprint Not Found TO-92
Add Component: Footprint Not Found TO-220-3
Add Component: Footprint Not Found TO-220-3
Add Component: Footprint Not Found TO-220-3
Add Component: Footprint Not Found TO-220-3
Add Component: Footprint Not Found TO-92
Add Component: Footprint Not Found SOT23-3
Add Component: Footprint Not Found SOT23-3
Add Component: Footprint Not Found TO-92
Add Component: Footprint Not Found SOT23-3
Add Component: Footprint Not Found TO-92
Add Pin To Net: Unknown Pin: Pin DD1-1
Add Pin To Net: Unknown Pin: Pin DD1-2
Add Pin To Net: Unknown Pin: Pin DD1-3
Add Pin To Net: Unknown Pin: Pin DD1-5
Add Pin To Net: Unknown Pin: Pin DD1-6
Add Pin To Net: Unknown Pin: Pin DD1-7
Add Pin To Net: Unknown Pin: Pin DD1-8
Add Pin To Net: Unknown Pin: Pin DD1-9
Add Pin To Net: Unknown Pin: Pin DD1-10
Add Pin To Net: Unknown Pin: Pin DD1-11
Add Pin To Net: Unknown Pin: Pin DD1-12
Add Pin To Net: Unknown Pin: Pin DD1-13
Add Pin To Net: Unknown Pin: Pin DD1-14
Add Pin To Net: Unknown Pin: Pin DD1-15
Add Pin To Net: Unknown Pin: Pin DD1-16
Add Pin To Net: Unknown Pin: Pin U5-1
Add Pin To Net: Unknown Pin: Pin U5-2
Add Pin To Net: Unknown Pin: Pin U5-3
Add Pin To Net: Unknown Pin: Pin U5-4
Add Pin To Net: Unknown Pin: Pin VD12-1
Add Pin To Net: Unknown Pin: Pin VD12-2
Add Pin To Net: Unknown Pin: Pin VD12-3
Add Pin To Net: Unknown Pin: Pin VD13-1
Add Pin To Net: Unknown Pin: Pin VD13-2
Add Pin To Net: Unknown Pin: Pin VD14-1
Add Pin To Net: Unknown Pin: Pin VD14-2
Add Pin To Net: Unknown Pin: Pin VD15-1
Add Pin To Net: Unknown Pin: Pin VD15-2
Add Pin To Net: Unknown Pin: Pin VD16-1
Add Pin To Net: Unknown Pin: Pin VD16-2
Add Pin To Net: Unknown Pin: Pin VD17-1
Add Pin To Net: Unknown Pin: Pin VD17-2
Add Pin To Net: Unknown Pin: Pin VD18-1
Add Pin To Net: Unknown Pin: Pin VD18-2
Add Pin To Net: Unknown Pin: Pin VD19-1
Add Pin To Net: Unknown Pin: Pin VD19-2
Add Pin To Net: Unknown Pin: Pin VD20-1
Add Pin To Net: Unknown Pin: Pin VD20-2
Add Pin To Net: Unknown Pin: Pin VD21-1
Add Pin To Net: Unknown Pin: Pin VD21-2
Add Pin To Net: Unknown Pin: Pin VD22-1
Add Pin To Net: Unknown Pin: Pin VD22-2
Add Pin To Net: Unknown Pin: Pin VD23-1
Add Pin To Net: Unknown Pin: Pin VD23-2
Add Pin To Net: Unknown Pin: Pin VD23-3
Add Pin To Net: Unknown Pin: Pin VD24-1
Add Pin To Net: Unknown Pin: Pin VD24-2
Add Pin To Net: Unknown Pin: Pin VD25-1
Add Pin To Net: Unknown Pin: Pin VD25-2
Add Pin To Net: Unknown Pin: Pin VD26-1
Add Pin To Net: Unknown Pin: Pin VD26-2
Add Pin To Net: Unknown Pin: Pin VD26-3
Add Pin To Net: Unknown Pin: Pin VD27-1
Add Pin To Net: Unknown Pin: Pin VD27-2
Add Pin To Net: Unknown Pin: Pin VD27-3
Add Pin To Net: Unknown Pin: Pin VD28-1
Add Pin To Net: Unknown Pin: Pin VD28-2
Add Pin To Net: Unknown Pin: Pin VD29-1
Add Pin To Net: Unknown Pin: Pin VD29-2
Add Pin To Net: Unknown Pin: Pin VD30-1
Add Pin To Net: Unknown Pin: Pin VD30-2
Add Pin To Net: Unknown Pin: Pin VD31-1
Add Pin To Net: Unknown Pin: Pin VD31-2
Add Pin To Net: Unknown Pin: Pin VD32-1
Add Pin To Net: Unknown Pin: Pin VD32-2
Add Pin To Net: Unknown Pin: Pin VD33-1
Add Pin To Net: Unknown Pin: Pin VD33-2
Add Pin To Net: Unknown Pin: Pin VD34-1
Add Pin To Net: Unknown Pin: Pin VD34-2
Add Pin To Net: Unknown Pin: Pin VD35-1
Add Pin To Net: Unknown Pin: Pin VD35-2
Add Pin To Net: Unknown Pin: Pin VT5-1
Add Pin To Net: Unknown Pin: Pin VT5-2
Add Pin To Net: Unknown Pin: Pin VT5-3
Add Pin To Net: Unknown Pin: Pin VT6-1
Add Pin To Net: Unknown Pin: Pin VT6-2
Add Pin To Net: Unknown Pin: Pin VT6-3
Add Pin To Net: Unknown Pin: Pin VT7-1
Add Pin To Net: Unknown Pin: Pin VT7-2
Add Pin To Net: Unknown Pin: Pin VT7-3
Add Pin To Net: Unknown Pin: Pin VT8-1
Add Pin To Net: Unknown Pin: Pin VT8-2
Add Pin To Net: Unknown Pin: Pin VT8-3
Add Pin To Net: Unknown Pin: Pin VT9-1
Add Pin To Net: Unknown Pin: Pin VT9-2
Add Pin To Net: Unknown Pin: Pin VT9-3
Add Pin To Net: Unknown Pin: Pin VT10-1
Add Pin To Net: Unknown Pin: Pin VT10-2
Add Pin To Net: Unknown Pin: Pin VT10-3
Add Pin To Net: Unknown Pin: Pin VT11-1
Add Pin To Net: Unknown Pin: Pin VT11-2
Add Pin To Net: Unknown Pin: Pin VT11-3
Add Pin To Net: Unknown Pin: Pin VT12-1
Add Pin To Net: Unknown Pin: Pin VT12-2
Add Pin To Net: Unknown Pin: Pin VT12-3
Add Pin To Net: Unknown Pin: Pin VT13-1
Add Pin To Net: Unknown Pin: Pin VT13-2
Add Pin To Net: Unknown Pin: Pin VT13-3
Add Pin To Net: Unknown Pin: Pin VT14-1
Add Pin To Net: Unknown Pin: Pin VT14-2
Add Pin To Net: Unknown Pin: Pin VT14-3
Add Pin To Net: Unknown Pin: Pin VT15-1
Add Pin To Net: Unknown Pin: Pin VT15-2
Add Pin To Net: Unknown Pin: Pin VT15-3
Add Pin To Net: Unknown Pin: Pin VT16-1
Add Pin To Net: Unknown Pin: Pin VT16-2
Add Pin To Net: Unknown Pin: Pin VT16-3
Add Pin To Net: Unknown Pin: Pin VT17-1
Add Pin To Net: Unknown Pin: Pin VT17-2
Add Pin To Net: Unknown Pin: Pin VT17-3
Add Pin To Net: Unknown Pin: Pin VT18-1
Add Pin To Net: Unknown Pin: Pin VT18-2
Add Pin To Net: Unknown Pin: Pin VT18-3
Add Pin To Net: Unknown Pin: Pin VT19-1
Add Pin To Net: Unknown Pin: Pin VT19-2
Add Pin To Net: Unknown Pin: Pin VT19-3
Add Pin To Net: Unknown Pin: Pin VT20-1
Add Pin To Net: Unknown Pin: Pin VT20-2
Add Pin To Net: Unknown Pin: Pin VT20-3
Add Pin To Net: Unknown Pin: Pin VT21-1
Add Pin To Net: Unknown Pin: Pin VT21-2
Add Pin To Net: Unknown Pin: Pin VT21-3
Add Pin To Net: Unknown Pin: Pin VT22-1
Add Pin To Net: Unknown Pin: Pin VT22-2
Add Pin To Net: Unknown Pin: Pin VT22-3
Add Pin To Net: Unknown Pin: Pin VT23-1
Add Pin To Net: Unknown Pin: Pin VT23-2
Add Pin To Net: Unknown Pin: Pin VT23-3
Add Pin To Net: Unknown Pin: Pin VT24-1
Add Pin To Net: Unknown Pin: Pin VT24-2
Add Pin To Net: Unknown Pin: Pin VT24-3
Add Pin To Net: Unknown Pin: Pin VT25-1
Add Pin To Net: Unknown Pin: Pin VT25-2
Add Pin To Net: Unknown Pin: Pin VT25-3
Add Pin To Net: Unknown Pin: Pin VT26-1
Add Pin To Net: Unknown Pin: Pin VT26-2
Add Pin To Net: Unknown Pin: Pin VT26-3
Add Pin To Net: Unknown Pin: Pin VT27-1
Add Pin To Net: Unknown Pin: Pin VT27-2
Add Pin To Net: Unknown Pin: Pin VT27-3
Add Pin To Net: Unknown Pin: Pin VT28-1
Add Pin To Net: Unknown Pin: Pin VT28-2
Add Pin To Net: Unknown Pin: Pin VT28-3
Add Pin To Net: Unknown Pin: Pin VT29-1
Add Pin To Net: Unknown Pin: Pin VT29-2
Add Pin To Net: Unknown Pin: Pin VT29-3
Add Pin To Net: Unknown Pin: Pin VT30-1
Add Pin To Net: Unknown Pin: Pin VT30-2
Add Pin To Net: Unknown Pin: Pin VT30-3
Add Pin To Net: Unknown Pin: Pin VT31-1
Add Pin To Net: Unknown Pin: Pin VT31-2
Add Pin To Net: Unknown Pin: Pin VT31-3
Add Pin To Net: Unknown Pin: Pin VT32-1
Add Pin To Net: Unknown Pin: Pin VT32-2
Add Pin To Net: Unknown Pin: Pin VT32-3
Add Class Member: Failed to add class member : Component DD1 SG3525
Add Class Member: Failed to add class member : Component U5 PC817
Add Class Member: Failed to add class member : Component VD12 BAT54S
Add Class Member: Failed to add class member : Component VD13 J3 16V
Add Class Member: Failed to add class member : Component VD14 1N4148
Add Class Member: Failed to add class member : Component VD15 J3 16V
Add Class Member: Failed to add class member : Component VD16 1N4148
Add Class Member: Failed to add class member : Component VD17 J3 16V
Add Class Member: Failed to add class member : Component VD18 1N4148
Add Class Member: Failed to add class member : Component VD19 J3 16V
Add Class Member: Failed to add class member : Component VD20 1N4148
Add Class Member: Failed to add class member : Component VD21 J3 16V
Add Class Member: Failed to add class member : Component VD22 J3 16V
Add Class Member: Failed to add class member : Component VD23 BAT54S
Add Class Member: Failed to add class member : Component VD24 J3 16V
Add Class Member: Failed to add class member : Component VD25 J3 16V
Add Class Member: Failed to add class member : Component VD26 BAT54S
Add Class Member: Failed to add class member : Component VD27 BAT54S
Add Class Member: Failed to add class member : Component VD28 J3 16V
Add Class Member: Failed to add class member : Component VD29 1N4148
Add Class Member: Failed to add class member : Component VD30 1N4148
Add Class Member: Failed to add class member : Component VD31 1N4148
Add Class Member: Failed to add class member : Component VD32 J3 16V
Add Class Member: Failed to add class member : Component VD33 J3 16V
Add Class Member: Failed to add class member : Component VD34 1N4148
Add Class Member: Failed to add class member : Component VD35 J3 16V
Add Class Member: Failed to add class member : Component VT5 2SC2655l
Add Class Member: Failed to add class member : Component VT6 YGW40N65F1
Add Class Member: Failed to add class member : Component VT7 2SA1020
Add Class Member: Failed to add class member : Component VT8 YGW40N65F1
Add Class Member: Failed to add class member : Component VT9 2SC2655l
Add Class Member: Failed to add class member : Component VT10 2SC2655l
Add Class Member: Failed to add class member : Component VT11 NCE82H140
Add Class Member: Failed to add class member : Component VT12 NCE82H140
Add Class Member: Failed to add class member : Component VT13 NCE82H140
Add Class Member: Failed to add class member : Component VT14 NCE82H140
Add Class Member: Failed to add class member : Component VT15 NCE82H140
Add Class Member: Failed to add class member : Component VT16 2SA1020
Add Class Member: Failed to add class member : Component VT17 2SA1020
Add Class Member: Failed to add class member : Component VT18 AO3404
Add Class Member: Failed to add class member : Component VT19 AO3404
Add Class Member: Failed to add class member : Component VT20 NCE82H140
Add Class Member: Failed to add class member : Component VT21 2SA1020
Add Class Member: Failed to add class member : Component VT22 2SA1020
Add Class Member: Failed to add class member : Component VT23 NCE82H140
Add Class Member: Failed to add class member : Component VT24 NCE82H140
Add Class Member: Failed to add class member : Component VT25 NCE82H140
Add Class Member: Failed to add class member : Component VT26 NCE82H140
Add Class Member: Failed to add class member : Component VT27 2SA1020
Add Class Member: Failed to add class member : Component VT28 2SC2655l
Add Class Member: Failed to add class member : Component VT29 2SC2655l
Add Class Member: Failed to add class member : Component VT30 YGW40N65F1
Add Class Member: Failed to add class member : Component VT31 2SC2655l
Add Class Member: Failed to add class member : Component VT32 YGW40N65F1
