Removed Pin From Net: NetName=NetC37_1 Pin=T5-6
Removed Pin From Net: NetName=GND Pin=T5-10
Removed Pin From Net: NetName=NetC46_1 Pin=T9-6
Removed Pin From Net: NetName=GND Pin=T9-10
Change Footprint: Footprint Not Found RES_SMD_1210_IPC_B
Change Footprint: Footprint Not Found RES_SMD_1210_IPC_B
Change Footprint: Footprint Not Found SOT-23-5
Change Footprint: Footprint Not Found SOT-23-5
Change Footprint: Footprint Not Found Pin_Test_Point(Pink)
Change Footprint: Footprint Not Found Pin_Test_Point(Pink)
Add Component: Footprint Not Found PWM_X2_SG3525
Add Pin To Net: Unknown Pin: Pin DA2-1
Add Pin To Net: Unknown Pin: Pin DA2-2
Add Pin To Net: Unknown Pin: Pin DA2-3
Add Pin To Net: Unknown Pin: Pin DA2-4
Add Pin To Net: Unknown Pin: Pin DA2-5
Add Pin To Net: Unknown Pin: Pin DA2-6
Add Pin To Net: Unknown Pin: Pin DA2-8
Add Pin To Net: Unknown Pin: Pin DA2-9
Add Pin To Net: Unknown Pin: Pin DA2-10
Add Pin To Net: Unknown Pin: Pin DA2-11
Add Pin To Net: Unknown Pin: Pin DA2-12
Add Pin To Net: Unknown Pin: Pin DA2-13
Add Pin To Net: Unknown Pin: Pin DA2-14
Add Pin To Net: Unknown Pin: Pin DA2-15
Add Pin To Net: Unknown Pin: Pin DA2-16
Added Pin To Net: NetName=GND Pin=T5-6
Added Pin To Net: NetName=NetC37_1 Pin=T5-10
Added Pin To Net: NetName=GND Pin=T9-6
Added Pin To Net: NetName=NetC46_1 Pin=T9-10
Add Differential Pair: Number of nets in differential pair OUT1 is 1 instead of 2
Add Differential Pair: Number of nets in differential pair OUT2 is 1 instead of 2
Add Class Member: Failed to add class member : Component DA2 PWM_X2_SG3525
