Removed Pin From Net: NetName=GND_HV Pin=C2-2
Removed Pin From Net: NetName=GND_HV Pin=C5-1
Removed Pin From Net: NetName=GND_HV Pin=C7-2
Removed Pin From Net: NetName=GND_HV Pin=C13-1
Removed Pin From Net: NetName=GND_HV Pin=C16-2
Removed Pin From Net: NetName=GND_HV Pin=C19-2
Removed Pin From Net: NetName=GND_HV Pin=C39-1
Removed Pin From Net: NetName=GND_HV Pin=C41-2
Removed Pin From Net: NetName=GND_HV Pin=C47-2
Removed Pin From Net: NetName=GND_HV Pin=C58-1
Removed Pin From Net: NetName=GND_HV Pin=C59-1
Removed Pin From Net: NetName=GND_HV Pin=J2-1
Removed Pin From Net: NetName=GND_HV Pin=J2-1
Removed Pin From Net: NetName=EMITTER_CHRG_1 Pin=L1-2
Removed Pin From Net: NetName=EMITTER_CHRG_1 Pin=L2-2
Removed Pin From Net: NetName=GND_HV Pin=R8-2
Removed Pin From Net: NetName=GND_HV Pin=R12-2
Removed Pin From Net: NetName=GND_HV Pin=R42-2
Removed Pin From Net: NetName=GND_HV Pin=R47-2
Removed Pin From Net: NetName=GND_HV Pin=R148-1
Removed Pin From Net: NetName=GND_HV Pin=R150-1
Removed Pin From Net: NetName=GND_HV Pin=T1-3
Removed Pin From Net: NetName=GND_HV Pin=T4-2
Removed Pin From Net: NetName=GND_HV Pin=TP3-1
Removed Pin From Net: NetName=GND_HV Pin=TP15-1
Removed Pin From Net: NetName=GND_HV Pin=TP45-1
Removed Pin From Net: NetName=GND_HV Pin=TP54-1
Removed Pin From Net: NetName=GND_HV Pin=U1-3
Removed Pin From Net: NetName=GND_HV Pin=U1-4
Removed Pin From Net: NetName=GND_HV Pin=U5-3
Removed Pin From Net: NetName=EMITTER_CHRG_1 Pin=VD2-1
Removed Pin From Net: NetName=GND_HV Pin=VD2-3
Removed Pin From Net: NetName=GND_HV Pin=VD9-2
Removed Pin From Net: NetName=GND_HV Pin=VD28-2
Removed Pin From Net: NetName=EMITTER_CHRG_1 Pin=VD34-1
Removed Pin From Net: NetName=GND_HV Pin=VD34-3
Removed Pin From Net: NetName=I_1 Pin=VT1-2
Removed Pin From Net: NetName=GND_HV Pin=VT2-3
Removed Pin From Net: NetName=GND_HV Pin=VT5-3
Removed Pin From Net: NetName=GND_HV Pin=VT25-3
Removed Pin From Net: NetName=GND_HV Pin=VT29-3
Removed Pin From Net: NetName=I_2 Pin=VT33-2
Change Footprint: Footprint Not Found CAP_SMD_Size_E
Change Footprint: Footprint Not Found CAP_SMD_Size_E
Change Footprint: Footprint Not Found DO-214AA
Change Footprint: Footprint Not Found DO-214AA
Change Footprint: Footprint Not Found US1G_SMA
Change Footprint: Footprint Not Found US1G_SMA
Change Footprint: Footprint Not Found RES_SMD_1210_IPC_B
Change Footprint: Footprint Not Found RES_SMD_1210_IPC_B
Change Footprint: Footprint Not Found SOT-23-5
Change Footprint: Footprint Not Found SOT-23-5
Change Footprint: Footprint Not Found Pin_Test_Point(Pink)
Change Footprint: Footprint Not Found Pin_Test_Point(Pink)
Add Component: Footprint Not Found PWM_X2_SG3525
Added Component: Designator=VT2(TO-247-3)
Added Component: Designator=VT34(TO-247-3)
Added Pin To Net: NetName=EMITTER_CHRG_1 Pin=C2-2
Added Pin To Net: NetName=EMITTER_CHRG_1 Pin=C19-2
Added Pin To Net: NetName=EMITTER_CHRG_1 Pin=C39-1
Added Pin To Net: NetName=EMITTER_CHRG_1 Pin=C41-2
Added Pin To Net: NetName=EMITTER_CHRG_1 Pin=C47-2
Added Pin To Net: NetName=EMITTER_CHRG_1 Pin=C58-1
Added Pin To Net: NetName=EMITTER_CHRG_1 Pin=C59-1
Add Pin To Net: Unknown Pin: Pin DA1-1
Add Pin To Net: Unknown Pin: Pin DA1-2
Add Pin To Net: Unknown Pin: Pin DA1-3
Add Pin To Net: Unknown Pin: Pin DA1-4
Add Pin To Net: Unknown Pin: Pin DA1-5
Add Pin To Net: Unknown Pin: Pin DA1-6
Add Pin To Net: Unknown Pin: Pin DA1-8
Add Pin To Net: Unknown Pin: Pin DA1-9
Add Pin To Net: Unknown Pin: Pin DA1-10
Add Pin To Net: Unknown Pin: Pin DA1-11
Add Pin To Net: Unknown Pin: Pin DA1-12
Add Pin To Net: Unknown Pin: Pin DA1-13
Add Pin To Net: Unknown Pin: Pin DA1-14
Add Pin To Net: Unknown Pin: Pin DA1-15
Add Pin To Net: Unknown Pin: Pin DA1-16
Added Pin To Net: NetName=EMITTER_CHRG_1 Pin=J2-1
Added Pin To Net: NetName=EMITTER_CHRG_1 Pin=J2-1
Added Pin To Net: NetName=I_1 Pin=L1-2
Added Pin To Net: NetName=I_2 Pin=L2-2
Added Pin To Net: NetName=EMITTER_CHRG_1 Pin=R148-1
Added Pin To Net: NetName=EMITTER_CHRG_1 Pin=R150-1
Added Pin To Net: NetName=EMITTER_CHRG_1 Pin=TP45-1
Added Pin To Net: NetName=EMITTER_CHRG_1 Pin=TP54-1
Added Pin To Net: NetName=EMITTER_CHRG_1 Pin=U1-3
Added Pin To Net: NetName=EMITTER_CHRG_1 Pin=U1-4
Added Pin To Net: NetName=EMITTER_CHRG_1 Pin=U5-3
Added Pin To Net: NetName=I_1 Pin=VD2-1
Added Pin To Net: NetName=EMITTER_CHRG_1 Pin=VD2-3
Added Pin To Net: NetName=I_2 Pin=VD34-1
Added Pin To Net: NetName=EMITTER_CHRG_1 Pin=VD34-3
Added Pin To Net: NetName=NetR1_2 Pin=VT2-1
Added Pin To Net: NetName=EMITTER_CHRG_1 Pin=VT2-3
Added Pin To Net: NetName=GND_HV Pin=VT33-2
Added Pin To Net: NetName=NetR67_2 Pin=VT34-1
Added Pin To Net: NetName=GND_HV Pin=VT34-2
Added Pin To Net: NetName=EMITTER_CHRG_1 Pin=VT34-3
Change Net Name : Old Net Name=GND_HV New Net Name=GND_HV_C2
Added Pin To Net: NetName=GND_HV_C1 Pin=C5-1
Added Pin To Net: NetName=GND_HV_C1 Pin=C7-2
Added Pin To Net: NetName=GND_HV_C1 Pin=C13-1
Added Pin To Net: NetName=GND_HV_C1 Pin=C16-2
Added Pin To Net: NetName=GND_HV_C1 Pin=R8-2
Added Pin To Net: NetName=GND_HV_C1 Pin=R12-2
Added Pin To Net: NetName=GND_HV_C1 Pin=R42-2
Added Pin To Net: NetName=GND_HV_C1 Pin=R47-2
Added Pin To Net: NetName=GND_HV_C1 Pin=T1-3
Added Pin To Net: NetName=GND_HV_C1 Pin=T4-2
Added Pin To Net: NetName=GND_HV_C1 Pin=TP3-1
Added Pin To Net: NetName=GND_HV_C1 Pin=TP15-1
Added Pin To Net: NetName=GND_HV_C1 Pin=VD9-2
Added Pin To Net: NetName=GND_HV_C1 Pin=VD28-2
Added Pin To Net: NetName=GND_HV_C1 Pin=VT1-2
Added Pin To Net: NetName=GND_HV_C1 Pin=VT2-2
Added Pin To Net: NetName=GND_HV_C1 Pin=VT2-3
Added Pin To Net: NetName=GND_HV_C1 Pin=VT5-3
Added Pin To Net: NetName=GND_HV_C1 Pin=VT25-3
Added Pin To Net: NetName=GND_HV_C1 Pin=VT29-3
Added Net: Name=GND_HV_C1
Add Differential Pair: Number of nets in differential pair OUT1 is 1 instead of 2
Add Differential Pair: Number of nets in differential pair OUT2 is 1 instead of 2
Add Class Member: Failed to add class member : Component DA1 PWM_X2_SG3525
Added Member To Class: ClassName=Inverter_540VDC_V2 Member=Component VT2 YGW40N65F1
Added Member To Class: ClassName=Inverter_540VDC_V2 Member=Component VT34 YGW40N65F1
