Add Component: Footprint Not Found CAP_SMD_Size_E
Added Component: Designator=C2(CAP-0805)
Added Component: Designator=C3(CAPPOL-30x35)
Added Component: Designator=C4(CAPPOL-30x35)
Added Component: Designator=C5(CAPPOL-100x35)
Added Component: Designator=C6(CAPPOL-100x35)
Added Component: Designator=C7(CAPPOL-100x35)
Added Component: Designator=C8(CAPPOL-100x35)
Added Component: Designator=C9(CAP-FILM-22.5X26.5X10)
Added Component: Designator=C10(CAPPOL_SMD_SIZE_E)
Added Component: Designator=C11(CAP-FILM-22.5X26.5X10)
Added Component: Designator=C12(CAP-1206)
Added Component: Designator=C13(CAP-0805)
Added Component: Designator=C14(CAP-FILM-22.5X26.5X10)
Added Component: Designator=C15(CAP-1206)
Added Component: Designator=C16(CAP-0805)
Add Component: Footprint Not Found CAP_4.7uF_630V
Added Component: Designator=C18(CAP_450V_330uF)
Added Component: Designator=C19(CAP_450V_330uF)
Added Component: Designator=C20(CAP_450V_330uF)
Added Component: Designator=C21(CAP_450V_330uF)
Add Component: Footprint Not Found CAP_4.7uF_630V
Add Component: Footprint Not Found CAP_4.7uF_630V
Add Component: Footprint Not Found CAP_100V_1500uF
Add Component: Footprint Not Found CAP_100V_1500uF
Add Component: Footprint Not Found CAP_100V_1500uF
Add Component: Footprint Not Found CAP_4.7uF_630V
Added Component: Designator=C28(CAP-0805)
Added Component: Designator=C29(CAP-0805)
Added Component: Designator=C30(CAP-0805)
Added Component: Designator=C31(CAP-1206)
Added Component: Designator=C32(CAP-0805)
Added Component: Designator=C33(CAP-0805)
Added Component: Designator=C34(CAP-1206)
Added Component: Designator=C35(CAP-0805)
Added Component: Designator=C36(CAP-FILM-22.5X26.5X10)
Added Component: Designator=C37(CAP-1206)
Added Component: Designator=C38(CAP-0805)
Added Component: Designator=C39(CAP-FILM-22.5X26.5X10)
Added Component: Designator=C40(CAP-0805)
Added Component: Designator=C41(CAP-0805)
Added Component: Designator=C42(CAP-FILM-22.5X26.5X10)
Added Component: Designator=D1(LED_RED)
Add component (AddParameter): Name = "Arrow Part Number"; Value = ""; VariantName = "[No Variations]"
Add component (AddParameter): Name = "Arrow Price/Stock"; Value = ""; VariantName = "[No Variations]"
Add component (AddParameter): Name = "Datasheet Link"; Value = "https://katalog.we-online.de/led/datasheet/151031YS06000.pdf"; VariantName = "[No Variations]"
Add component (AddParameter): Name = "Geometry.Height"; Value = "5.5mm"; VariantName = "[No Variations]"
Add component (AddParameter): Name = "Manufacturer_Name"; Value = "Wurth Elektronik"; VariantName = "[No Variations]"
Add component (AddParameter): Name = "Manufacturer_Part_Number"; Value = "151031YS06000"; VariantName = "[No Variations]"
Add component (AddParameter): Name = "Mouser Part Number"; Value = "710-151031YS06000"; VariantName = "[No Variations]"
Add component (AddParameter): Name = "Mouser Price/Stock"; Value = "https://www.mouser.co.uk/ProductDetail/Wurth-Elektronik/151031YS06000?qs=LlUlMxKIyB3xSYYW%252BcuBiQ%3D%3D"; VariantName = "[No Variations]"
Add component (AddParameter): Name = "Mouser Testing Part Number"; Value = ""; VariantName = "[No Variations]"
Add component (AddParameter): Name = "Mouser Testing Price/Stock"; Value = ""; VariantName = "[No Variations]"
Add Component: Footprint Not Found SO16-150
Added Component: Designator=J1(Conn_MEIGAN_MG136HT)
Added Component: Designator=J2(Conn_MEIGAN_MG136HT)
Added Component: Designator=J3(Conn_MEIGAN_MG136HT)
Added Component: Designator=J4(Conn_MEIGAN_MG136HT)
Added Component: Designator=J5(Conn_MEIGAN_MG136HT)
Added Component: Designator=J6(Conn_MEIGAN_MG136HT)
Added Component: Designator=J7(Conn_MEIGAN_MG136HT)
Add Component: Footprint Not Found B2B-XH-A
Added Component: Designator=L1(IND-7850)
Add Component: Footprint Not Found Drossel
Added Component: Designator=P1(61900211121)
Add component (AddParameter): Name = "ComponentLink1Description"; Value = "Manufacturer"; VariantName = "[No Variations]"
Add component (AddParameter): Name = "ComponentLink1URL"; Value = "http://www.we-online.de"; VariantName = "[No Variations]"
Add component (AddParameter): Name = "ComponentLink2Description"; Value = "Datasheet"; VariantName = "[No Variations]"
Add component (AddParameter): Name = "ComponentLink2URL"; Value = "https://www.we-online.com/catalog/datasheet/61900211121.pdf"; VariantName = "[No Variations]"
Add component (AddParameter): Name = "Contact Resistance"; Value = "20mOhm"; VariantName = "[No Variations]"
Add component (AddParameter): Name = "Gender"; Value = "Male"; VariantName = "[No Variations]"
Add component (AddParameter): Name = "Mounting Technology"; Value = "THT"; VariantName = "[No Variations]"
Add component (AddParameter): Name = "Operating Temperature"; Value = "-40 to +105degC"; VariantName = "[No Variations]"
Add component (AddParameter): Name = "Packaging"; Value = "Bag"; VariantName = "[No Variations]"
Add component (AddParameter): Name = "Part Number"; Value = "61900211121"; VariantName = "[No Variations]"
Add component (AddParameter): Name = "Pin Number"; Value = "2"; VariantName = "[No Variations]"
Add component (AddParameter): Name = "Pitch"; Value = "2.54mm"; VariantName = "[No Variations]"
Add component (AddParameter): Name = "Published Date"; Value = "January 2020"; VariantName = "[No Variations]"
Add component (AddParameter): Name = "Publisher"; Value = "Wurth Elektronik"; VariantName = "[No Variations]"
Add component (AddParameter): Name = "Rated Current"; Value = "3A"; VariantName = "[No Variations]"
Add component (AddParameter): Name = "Type"; Value = "Vertical"; VariantName = "[No Variations]"
Add component (AddParameter): Name = "Withstanding Voltage"; Value = "1000VAC"; VariantName = "[No Variations]"
Add component (AddParameter): Name = "Working Voltage"; Value = "250VAC"; VariantName = "[No Variations]"
Add Component: Footprint Not Found FP-PC817XNNIP0F-MFG
Add Component: Footprint Not Found FP-PC817XNNIP0F-MFG
Added Component: Designator=R1(RES_5W_VERT)
Added Component: Designator=R2(RES-0805)
Added Component: Designator=R3(RES_5W_VERT)
Added Component: Designator=R4(RES-0805)
Add Component: Footprint Not Found RES_Adj_3296W_Bourns
Added Component: Designator=R6(RES-0805)
Added Component: Designator=R7(RES-0805)
Added Component: Designator=R8(RES-0805)
Added Component: Designator=R9(RES-0805)
Added Component: Designator=R10(RES-0805)
Added Component: Designator=R11(RES-0805)
Added Component: Designator=R12(RES-0805)
Added Component: Designator=R13(RES-0805)
Added Component: Designator=R14(RES-0805)
Added Component: Designator=R15(RES-0805)
Added Component: Designator=R16(RES-0805)
Added Component: Designator=R17(RES-0805)
Added Component: Designator=R18(RES-0805)
Added Component: Designator=R19(RES-1206)
Added Component: Designator=R20(RES-1206)
Added Component: Designator=R21(RES-1206)
Added Component: Designator=R22(RES-2512)
Added Component: Designator=R23(RES-0805)
Added Component: Designator=R24(RES-0805)
Added Component: Designator=R25(RES-0805)
Added Component: Designator=R26(RES-0805)
Added Component: Designator=R27(RES-0805)
Added Component: Designator=R28(RES-1206)
Added Component: Designator=R29(RES-1206)
Added Component: Designator=R30(RES-0805)
Added Component: Designator=R31(RES-0805)
Added Component: Designator=R32(RES-0805)
Added Component: Designator=R33(RES-1206)
Added Component: Designator=R34(RES-1206)
Added Component: Designator=R35(RES-1206)
Added Component: Designator=R36(RES-1206)
Added Component: Designator=R37(RES-0805)
Added Component: Designator=R38(RES-0805)
Added Component: Designator=R39(RES-1206)
Added Component: Designator=R40(RES-0805)
Added Component: Designator=R41(RES-1206)
Added Component: Designator=R42(RES-1206)
Added Component: Designator=R43(RES-1206)
Added Component: Designator=R44(RES-1206)
Added Component: Designator=R45(RES-2512)
Added Component: Designator=R46(RES-1206)
Added Component: Designator=R47(RES-1206)
Added Component: Designator=R48(RES-1206)
Added Component: Designator=R49(RES-1206)
Added Component: Designator=R50(RES-1206)
Added Component: Designator=R51(RES-1206)
Added Component: Designator=R52(RES-1206)
Added Component: Designator=R53(RES-1206)
Added Component: Designator=R54(RES-1206)
Added Component: Designator=R55(RES-1206)
Added Component: Designator=R56(RES-1206)
Added Component: Designator=R57(RES-1206)
Added Component: Designator=R58(RES-0805)
Added Component: Designator=R59(RES-0805)
Added Component: Designator=R60(RES-1206)
Added Component: Designator=R61(RES-0805)
Added Component: Designator=R62(RES-1206)
Added Component: Designator=R63(RES-1206)
Added Component: Designator=R64(RES-2512)
Added Component: Designator=R65(RES-1206)
Added Component: Designator=R66(RES-1206)
Added Component: Designator=R67(RES-1206)
Added Component: Designator=R68(RES-1206)
Added Component: Designator=R69(RES-1206)
Added Component: Designator=R70(RES-1206)
Added Component: Designator=R71(RES-1206)
Added Component: Designator=R72(RES-1206)
Added Component: Designator=R73(RES-0805)
Added Component: Designator=R74(RES-1206)
Added Component: Designator=R75(RES-0805)
Added Component: Designator=R76(RES-2512)
Added Component: Designator=R77(RES-1206)
Added Component: Designator=R78(RES-1206)
Added Component: Designator=R79(RES-1206)
Added Component: Designator=Radiator_1(Radiator_26У92У280_рн-264У12)
Added Component: Designator=Radiator_2(Radiator_26У92У280_рн-264У12)
Added Component: Designator=T1(TRANS_EE55)
Added Component: Designator=T2(TRANS_EE16)
Added Component: Designator=T3(TRANS_EE16)
Added Component: Designator=T4(TRANS_EE55)
Added Component: Designator=T5(TRANS_EE16)
Added Component: Designator=T6(TRANS_EE16)
Added Component: Designator=TP1(Test_Point)
Added Component: Designator=TP2(Test_Point)
Added Component: Designator=TP3(Test_Point)
Added Component: Designator=TP4(Test_Point)
Added Component: Designator=TP5(Test_Point)
Added Component: Designator=TP6(Test_Point)
Added Component: Designator=TP8(Test_Point)
Add Component: Footprint Not Found Pin_Test_Point(Pink)
Added Component: Designator=TP16(Test_Point)
Added Component: Designator=TP18(Test_Point)
Added Component: Designator=TP21(Test_Point)
Added Component: Designator=TP22(Test_Point)
Added Component: Designator=TP23(Test_Point)
Added Component: Designator=TP24(Test_Point)
Added Component: Designator=TP25(Test_Point)
Add Component: Footprint Not Found EE84AA Hor
Add Component: Footprint Not Found EE84AA Hor
Added Component: Designator=U1(FP-751-07-IPC_C)
Added Component: Designator=U2(TL431_SOT-23-3(A))
Add Component: Footprint Not Found DC-DC_Bridge
Add Component: Footprint Not Found DC-DC_Bridge
Add Component: Footprint Not Found 4-SMD
Add Component: Footprint Not Found DC-DC_Bridge
Added Component: Designator=VD1(DO-017AA)
Added Component: Designator=VD2(TO-247-2)
Added Component: Designator=VD3(TO-247-2)
Added Component: Designator=VD4(TO-247-2)
Added Component: Designator=VD5(TO-247-2)
Added Component: Designator=VD6(TO-247-2)
Added Component: Designator=VD7(TO-247-2)
Added Component: Designator=VD8(TO-247-2)
Added Component: Designator=VD9(TO-247-2)
Added Component: Designator=VD10(TO-247-2)
Added Component: Designator=VD11(TO-247-2)
Add Component: Footprint Not Found SOT23-3
Add Component: Footprint Not Found SOD-123
Add Component: Footprint Not Found SOD-123
Add Component: Footprint Not Found SOD-123
Add Component: Footprint Not Found SOD-123
Add Component: Footprint Not Found SOD-123
Add Component: Footprint Not Found SOD-123
Add Component: Footprint Not Found SOD-123
Add Component: Footprint Not Found SOD-123
Add Component: Footprint Not Found SOD-123
Add Component: Footprint Not Found SOD-123
Add Component: Footprint Not Found SOT23-3
Add Component: Footprint Not Found SOD-123
Add Component: Footprint Not Found SOD-123
Add Component: Footprint Not Found SOT23-3
Add Component: Footprint Not Found SOT23-3
Add Component: Footprint Not Found SOD-123
Add Component: Footprint Not Found SOD-123
Add Component: Footprint Not Found SOD-123
Add Component: Footprint Not Found SOD-123
Add Component: Footprint Not Found SOD-123
Add Component: Footprint Not Found SOD-123
Add Component: Footprint Not Found SOD-123
Add Component: Footprint Not Found SOD-123
Add Component: Footprint Not Found TO-220-3
Add Component: Footprint Not Found TO-220-3
Add Component: Footprint Not Found TO-220-3
Add Component: Footprint Not Found TO-220-3
Add Component: Footprint Not Found SOT23-3
Add Component: Footprint Not Found TO-92
Add Component: Footprint Not Found TO-92
Add Component: Footprint Not Found TO-92
Add Component: Footprint Not Found SOT23-3
Add Component: Footprint Not Found SOT23-3
Add Component: Footprint Not Found TO-220-3
Add Component: Footprint Not Found TO-220-3
Add Component: Footprint Not Found TO-220-3
Add Component: Footprint Not Found TO-220-3
Add Component: Footprint Not Found TO-220-3
Add Component: Footprint Not Found TO-92
Add Component: Footprint Not Found TO-92
Add Component: Footprint Not Found SOT23-3
Add Component: Footprint Not Found SOT23-3
Add Component: Footprint Not Found TO-220-3
Add Component: Footprint Not Found TO-92
Add Component: Footprint Not Found TO-92
Add Component: Footprint Not Found TO-220-3
Add Component: Footprint Not Found TO-220-3
Add Component: Footprint Not Found TO-220-3
Add Component: Footprint Not Found TO-220-3
Add Component: Footprint Not Found TO-92
Add Component: Footprint Not Found SOT23-3
Add Component: Footprint Not Found SOT23-3
Add Component: Footprint Not Found TO-92
Add Component: Footprint Not Found SOT23-3
Add Component: Footprint Not Found TO-92
Added Component: Designator=X1(Terminal_18x18_M8)
Added Component: Designator=X2(Terminal_18x18_M8)
Add Pin To Net: Unknown Pin: Pin C1-1
Add Pin To Net: Unknown Pin: Pin C1-2
Added Pin To Net: NetName=GND_II Pin=C2-1
Added Pin To Net: NetName=NetC1_1 Pin=C2-2
Added Pin To Net: NetName=V_BAT Pin=C5-1
Added Pin To Net: NetName=V_BAT Pin=C6-1
Added Pin To Net: NetName=V_BAT Pin=C7-1
Added Pin To Net: NetName=V_BAT Pin=C8-1
Add Pin To Net: Unknown Pin: Pin C17-1
Add Pin To Net: Unknown Pin: Pin C17-2
Added Pin To Net: NetName=NetC17_2 Pin=C18-1
Added Pin To Net: NetName=NetC17_1 Pin=C18-2
Added Pin To Net: NetName=VCC +540 Pin=C19-1
Added Pin To Net: NetName=NetC19_2 Pin=C19-2
Added Pin To Net: NetName=NetC19_2 Pin=C20-1
Added Pin To Net: NetName=GND_II Pin=C20-2
Added Pin To Net: NetName=NetC17_1 Pin=C21-1
Added Pin To Net: NetName=NetC21_2 Pin=C21-2
Add Pin To Net: Unknown Pin: Pin C22-1
Add Pin To Net: Unknown Pin: Pin C22-2
Add Pin To Net: Unknown Pin: Pin C23-1
Add Pin To Net: Unknown Pin: Pin C23-2
Add Pin To Net: Unknown Pin: Pin C24-1
Add Pin To Net: Unknown Pin: Pin C25-1
Add Pin To Net: Unknown Pin: Pin C26-1
Add Pin To Net: Unknown Pin: Pin C27-1
Add Pin To Net: Unknown Pin: Pin C27-2
Added Pin To Net: NetName=GND Pin=C28-1
Added Pin To Net: NetName=NetC28_2 Pin=C28-2
Added Pin To Net: NetName=GND Pin=C29-1
Added Pin To Net: NetName=NetC29_2 Pin=C29-2
Added Pin To Net: NetName=GND Pin=C30-1
Added Pin To Net: NetName=NetC30_2 Pin=C30-2
Added Pin To Net: NetName=NetC35_2 Pin=C35-2
Added Pin To Net: NetName=NetD1_1 Pin=D1-1
Added Pin To Net: NetName=GND_II Pin=D1-2
Add Pin To Net: Unknown Pin: Pin DD1-5
Added Pin To Net: NetName=NetJ1_1 Pin=J1-1
Added Pin To Net: NetName=NetJ1_1 Pin=J1-1
Added Pin To Net: NetName=NetC17_1 Pin=J2-1
Added Pin To Net: NetName=NetC17_1 Pin=J2-1
Added Pin To Net: NetName=NetJ3_1 Pin=J3-1
Added Pin To Net: NetName=NetJ3_1 Pin=J3-1
Added Pin To Net: NetName=V_BAT Pin=J4-1
Added Pin To Net: NetName=V_BAT Pin=J4-1
Added Pin To Net: NetName=V_BAT Pin=J5-1
Added Pin To Net: NetName=V_BAT Pin=J5-1
Add Pin To Net: Unknown Pin: Pin J8-1
Add Pin To Net: Unknown Pin: Pin J8-2
Add Pin To Net: Unknown Pin: Pin L2-2
Add Pin To Net: Unknown Pin: Pin L2-4
Add Pin To Net: Unknown Pin: Pin L2-6
Add Pin To Net: Unknown Pin: Pin L2-8
Added Pin To Net: NetName=NetP1_1 Pin=P1-1
Added Pin To Net: NetName=NetP1_2 Pin=P1-2
Add Pin To Net: Unknown Pin: Pin Q1-1
Add Pin To Net: Unknown Pin: Pin Q1-2
Add Pin To Net: Unknown Pin: Pin Q2-1
Add Pin To Net: Unknown Pin: Pin Q2-2
Add Pin To Net: Unknown Pin: Pin Q2-3
Add Pin To Net: Unknown Pin: Pin Q2-4
Added Pin To Net: NetName=NetR1_1 Pin=R1-1
Added Pin To Net: NetName=VCC +540 Pin=R1-2
Added Pin To Net: NetName=NetR2_1 Pin=R2-1
Added Pin To Net: NetName=NetC1_1 Pin=R2-2
Added Pin To Net: NetName=NetC1_1 Pin=R3-1
Added Pin To Net: NetName=NetR1_1 Pin=R3-2
Added Pin To Net: NetName=NetQ1_1 Pin=R4-1
Added Pin To Net: NetName=NetR4_2 Pin=R4-2
Add Pin To Net: Unknown Pin: Pin R5-1
Add Pin To Net: Unknown Pin: Pin R5-2
Add Pin To Net: Unknown Pin: Pin R5-3
Added Pin To Net: NetName=NetR4_2 Pin=R6-1
Added Pin To Net: NetName=NetD1_1 Pin=R6-2
Added Pin To Net: NetName=NetR5_3 Pin=R7-1
Added Pin To Net: NetName=GND_II Pin=R7-2
Added Pin To Net: NetName=NetR8_1 Pin=R8-1
Added Pin To Net: NetName=V_BAT Pin=R8-2
Added Pin To Net: NetName=NetR9_1 Pin=R9-1
Added Pin To Net: NetName=NetR8_1 Pin=R10-2
Added Pin To Net: NetName=NetR9_1 Pin=R11-2
Added Pin To Net: NetName=NetR23_1 Pin=R23-1
Added Pin To Net: NetName=VCC +540 Pin=R23-2
Added Pin To Net: NetName=NetR24_1 Pin=R24-1
Added Pin To Net: NetName=NetR23_1 Pin=R24-2
Added Pin To Net: NetName=NetR25_1 Pin=R25-1
Added Pin To Net: NetName=NetR24_1 Pin=R25-2
Added Pin To Net: NetName=NetR5_1 Pin=R26-1
Added Pin To Net: NetName=NetR25_1 Pin=R26-2
Added Pin To Net: NetName=NetP1_1 Pin=R27-1
Added Pin To Net: NetName=NetQ2_1 Pin=R27-2
Added Pin To Net: NetName=NetC30_2 Pin=R30-1
Added Pin To Net: NetName=NetC28_2 Pin=R30-2
Added Pin To Net: NetName=NetC29_2 Pin=R31-1
Added Pin To Net: NetName=NetC30_2 Pin=R31-2
Added Pin To Net: NetName=NetQ2_3 Pin=R32-1
Added Pin To Net: NetName=NetC29_2 Pin=R32-2
Added Pin To Net: NetName=NetR33_1 Pin=R33-1
Added Pin To Net: NetName=NetR35_1 Pin=R35-1
Added Pin To Net: NetName=GND Pin=R37-1
Added Pin To Net: NetName=NetC28_2 Pin=R37-2
Added Pin To Net: NetName=NetC29_2 Pin=R38-1
Added Pin To Net: NetName=GND Pin=R38-2
Added Pin To Net: NetName=NetR43_1 Pin=R43-1
Added Pin To Net: NetName=NetR45_1 Pin=R45-1
Added Pin To Net: NetName=NetR45_1 Pin=R45-1
Added Pin To Net: NetName=NetR45_2 Pin=R45-2
Added Pin To Net: NetName=NetR45_2 Pin=R45-2
Added Pin To Net: NetName=NetR33_1 Pin=R47-2
Added Pin To Net: NetName=NetR35_1 Pin=R49-2
Added Pin To Net: NetName=NetR54_1 Pin=R54-1
Added Pin To Net: NetName=NetR60_1 Pin=R60-1
Added Pin To Net: NetName=NetR62_1 Pin=R62-1
Added Pin To Net: NetName=NetR62_1 Pin=R63-2
Added Pin To Net: NetName=NetR54_1 Pin=R68-2
Added Pin To Net: NetName=NetC35_2 Pin=R73-2
Added Pin To Net: NetName=NetR45_1 Pin=T3-1
Added Pin To Net: NetName=NetR45_2 Pin=T3-2
Added Pin To Net: NetName=NetR43_1 Pin=T3-3
Added Pin To Net: NetName=V_BAT Pin=T4-3
Added Pin To Net: NetName=NetR60_1 Pin=T5-1
Added Pin To Net: NetName=NetC1_1 Pin=TP1-1
Added Pin To Net: NetName=NetR5_1 Pin=TP2-1
Added Pin To Net: NetName=NetR5_2 Pin=TP3-1
Added Pin To Net: NetName=NetQ1_1 Pin=TP4-1
Added Pin To Net: NetName=NetR2_1 Pin=TP5-1
Added Pin To Net: NetName=GND_II Pin=TP8-1
Add Pin To Net: Unknown Pin: Pin TP9-1
Added Pin To Net: NetName=VCC +540 Pin=TP16-1
Added Pin To Net: NetName=NetTP18_1 Pin=TP18-1
Added Pin To Net: NetName=NetTP21_1 Pin=TP21-1
Added Pin To Net: NetName=NetTP22_1 Pin=TP22-1
Added Pin To Net: NetName=V_BAT Pin=TP23-1
Added Pin To Net: NetName=NetTP25_1 Pin=TP25-1
Add Pin To Net: Unknown Pin: Pin TR1-5
Add Pin To Net: Unknown Pin: Pin TR1-6
Add Pin To Net: Unknown Pin: Pin TR1-7
Add Pin To Net: Unknown Pin: Pin TR1-8
Add Pin To Net: Unknown Pin: Pin TR2-5
Add Pin To Net: Unknown Pin: Pin TR2-6
Add Pin To Net: Unknown Pin: Pin TR2-7
Add Pin To Net: Unknown Pin: Pin TR2-8
Add Pin To Net: Unknown Pin: Pin U1-1
Add Pin To Net: Unknown Pin: Pin U1-2
Add Pin To Net: Unknown Pin: Pin U1-3
Add Pin To Net: Unknown Pin: Pin U1-4
Add Pin To Net: Unknown Pin: Pin U1-8
Added Pin To Net: NetName=NetR2_1 Pin=U2-1
Added Pin To Net: NetName=NetR2_1 Pin=U2-2
Added Pin To Net: NetName=GND_II Pin=U2-3
Add Pin To Net: Unknown Pin: Pin U3-1
Add Pin To Net: Unknown Pin: Pin U3-2
Add Pin To Net: Unknown Pin: Pin U3-3
Add Pin To Net: Unknown Pin: Pin U3-4
Add Pin To Net: Unknown Pin: Pin U3-8
Add Pin To Net: Unknown Pin: Pin U3-9
Add Pin To Net: Unknown Pin: Pin U3-10
Add Pin To Net: Unknown Pin: Pin U3-11
Add Pin To Net: Unknown Pin: Pin U3-15
Add Pin To Net: Unknown Pin: Pin U3-16
Add Pin To Net: Unknown Pin: Pin U3-17
Add Pin To Net: Unknown Pin: Pin U3-18
Add Pin To Net: Unknown Pin: Pin U4-1
Add Pin To Net: Unknown Pin: Pin U4-2
Add Pin To Net: Unknown Pin: Pin U4-3
Add Pin To Net: Unknown Pin: Pin U4-4
Add Pin To Net: Unknown Pin: Pin U4-8
Add Pin To Net: Unknown Pin: Pin U4-9
Add Pin To Net: Unknown Pin: Pin U4-10
Add Pin To Net: Unknown Pin: Pin U4-11
Add Pin To Net: Unknown Pin: Pin U4-15
Add Pin To Net: Unknown Pin: Pin U4-16
Add Pin To Net: Unknown Pin: Pin U4-17
Add Pin To Net: Unknown Pin: Pin U4-18
Add Pin To Net: Unknown Pin: Pin U13-1
Add Pin To Net: Unknown Pin: Pin U13-2
Add Pin To Net: Unknown Pin: Pin U13-3
Add Pin To Net: Unknown Pin: Pin U13-4
Add Pin To Net: Unknown Pin: Pin U13-8
Add Pin To Net: Unknown Pin: Pin U13-9
Add Pin To Net: Unknown Pin: Pin U13-10
Add Pin To Net: Unknown Pin: Pin U13-11
Add Pin To Net: Unknown Pin: Pin U13-15
Add Pin To Net: Unknown Pin: Pin U13-16
Add Pin To Net: Unknown Pin: Pin U13-17
Add Pin To Net: Unknown Pin: Pin U13-18
Added Pin To Net: NetName=NetC1_1 Pin=VD1-1
Added Pin To Net: NetName=GND_II Pin=VD1-2
Added Pin To Net: NetName=NetJ1_1 Pin=VD2-1
Added Pin To Net: NetName=VCC +540 Pin=VD2-3
Added Pin To Net: NetName=NetC17_2 Pin=VD3-1
Added Pin To Net: NetName=NetTP18_1 Pin=VD3-3
Added Pin To Net: NetName=NetTP18_1 Pin=VD4-1
Added Pin To Net: NetName=NetC21_2 Pin=VD4-3
Added Pin To Net: NetName=GND_II Pin=VD5-1
Added Pin To Net: NetName=NetJ3_1 Pin=VD5-3
Added Pin To Net: NetName=NetC17_2 Pin=VD6-1
Added Pin To Net: NetName=NetTP21_1 Pin=VD6-3
Added Pin To Net: NetName=NetTP21_1 Pin=VD7-1
Added Pin To Net: NetName=NetC21_2 Pin=VD7-3
Added Pin To Net: NetName=NetC17_2 Pin=VD8-1
Added Pin To Net: NetName=NetTP22_1 Pin=VD8-3
Added Pin To Net: NetName=NetTP22_1 Pin=VD9-1
Added Pin To Net: NetName=NetC21_2 Pin=VD9-3
Added Pin To Net: NetName=NetC17_2 Pin=VD10-1
Added Pin To Net: NetName=NetTP25_1 Pin=VD10-3
Added Pin To Net: NetName=NetTP25_1 Pin=VD11-1
Added Pin To Net: NetName=NetC21_2 Pin=VD11-3
Add Pin To Net: Unknown Pin: Pin VD25-2
Add Pin To Net: Unknown Pin: Pin VD28-2
Add Pin To Net: Unknown Pin: Pin VD30-1
Add Pin To Net: Unknown Pin: Pin VT12-1
Add Pin To Net: Unknown Pin: Pin VT15-1
Add Pin To Net: Unknown Pin: Pin VT23-1
Added Pin To Net: NetName=V_BAT Pin=X1-1
Added Pin To Net: NetName=V_BAT Pin=X1-1
Added Pin To Net: NetName=V_BAT Pin=X1-1
Added Pin To Net: NetName=V_BAT Pin=X1-1
Added Pin To Net: NetName=V_BAT Pin=X1-1
Added Pin To Net: NetName=V_BAT Pin=X1-1
Added Pin To Net: NetName=V_BAT Pin=X1-1
Added Pin To Net: NetName=+5V Pin=R16-1
Added Pin To Net: NetName=+5V Pin=R18-1
Added Net: Name=+5V
Added Pin To Net: NetName=+12V Pin=C10-1
Added Pin To Net: NetName=+12V Pin=C33-2
Added Pin To Net: NetName=+12V Pin=L1-2
Added Net: Name=+12V
Added Pin To Net: NetName=+15V Pin=R22-1
Added Pin To Net: NetName=+15V Pin=R22-1
Added Pin To Net: NetName=+15V Pin=R76-1
Added Pin To Net: NetName=+15V Pin=R76-1
Added Net: Name=+15V
Added Pin To Net: NetName=-12V Pin=C10-2
Added Pin To Net: NetName=-12V Pin=C12-1
Added Pin To Net: NetName=-12V Pin=C15-2
Added Pin To Net: NetName=-12V Pin=C16-2
Added Pin To Net: NetName=-12V Pin=C31-1
Added Pin To Net: NetName=-12V Pin=C32-2
Added Pin To Net: NetName=-12V Pin=C33-1
Added Pin To Net: NetName=-12V Pin=C34-1
Added Pin To Net: NetName=-12V Pin=C35-1
Added Pin To Net: NetName=-12V Pin=C37-2
Added Pin To Net: NetName=-12V Pin=C40-2
Added Pin To Net: NetName=-12V Pin=C41-1
Added Pin To Net: NetName=-12V Pin=C41-2
Added Pin To Net: NetName=-12V Pin=R52-1
Added Pin To Net: NetName=-12V Pin=R59-2
Added Pin To Net: NetName=-12V Pin=R61-2
Added Pin To Net: NetName=-12V Pin=R75-1
Added Pin To Net: NetName=-12V Pin=R75-2
Added Pin To Net: NetName=-12V Pin=T2-10
Added Pin To Net: NetName=-12V Pin=T3-6
Added Pin To Net: NetName=-12V Pin=T5-10
Added Pin To Net: NetName=-12V Pin=T6-6
Added Net: Name=-12V
Added Pin To Net: NetName=ADC_1 Pin=R14-1
Added Pin To Net: NetName=ADC_1 Pin=R18-2
Added Net: Name=ADC_1
Added Pin To Net: NetName=ADC_2 Pin=R15-1
Added Pin To Net: NetName=ADC_2 Pin=R16-2
Added Net: Name=ADC_2
Added Pin To Net: NetName=BAT_GND Pin=C5-2
Added Pin To Net: NetName=BAT_GND Pin=C6-2
Added Pin To Net: NetName=BAT_GND Pin=C7-2
Added Pin To Net: NetName=BAT_GND Pin=C8-2
Added Pin To Net: NetName=BAT_GND Pin=C13-1
Added Pin To Net: NetName=BAT_GND Pin=C38-1
Added Pin To Net: NetName=BAT_GND Pin=R9-2
Added Pin To Net: NetName=BAT_GND Pin=R46-1
Added Pin To Net: NetName=BAT_GND Pin=R47-1
Added Pin To Net: NetName=BAT_GND Pin=R48-1
Added Pin To Net: NetName=BAT_GND Pin=R49-1
Added Pin To Net: NetName=BAT_GND Pin=R50-1
Added Pin To Net: NetName=BAT_GND Pin=R53-2
Added Pin To Net: NetName=BAT_GND Pin=R54-2
Added Pin To Net: NetName=BAT_GND Pin=R55-2
Added Pin To Net: NetName=BAT_GND Pin=R56-1
Added Pin To Net: NetName=BAT_GND Pin=R57-2
Added Pin To Net: NetName=BAT_GND Pin=T3-5
Added Pin To Net: NetName=BAT_GND Pin=T6-5
Added Pin To Net: NetName=BAT_GND Pin=X2-1
Added Pin To Net: NetName=BAT_GND Pin=X2-1
Added Pin To Net: NetName=BAT_GND Pin=X2-1
Added Pin To Net: NetName=BAT_GND Pin=X2-1
Added Pin To Net: NetName=BAT_GND Pin=X2-1
Added Pin To Net: NetName=BAT_GND Pin=X2-1
Added Pin To Net: NetName=BAT_GND Pin=X2-1
Added Net: Name=BAT_GND
Added Pin To Net: NetName=GND_HV Pin=C3-2
Added Pin To Net: NetName=GND_HV Pin=C4-2
Added Pin To Net: NetName=GND_HV Pin=C9-1
Added Pin To Net: NetName=GND_HV Pin=C11-2
Added Pin To Net: NetName=GND_HV Pin=C36-1
Added Pin To Net: NetName=GND_HV Pin=C39-2
Added Pin To Net: NetName=GND_HV Pin=R20-2
Added Pin To Net: NetName=GND_HV Pin=R66-2
Added Pin To Net: NetName=GND_HV Pin=T2-3
Added Pin To Net: NetName=GND_HV Pin=T5-2
Added Net: Name=GND_HV
Added Pin To Net: NetName=GND_I Pin=J6-1
Added Pin To Net: NetName=GND_I Pin=J6-1
Added Pin To Net: NetName=GND_I Pin=J7-1
Added Pin To Net: NetName=GND_I Pin=J7-1
Added Pin To Net: NetName=GND_I Pin=TP24-1
Added Net: Name=GND_I
Added Pin To Net: NetName=NetC9_2 Pin=C9-2
Added Pin To Net: NetName=NetC9_2 Pin=C14-1
Added Pin To Net: NetName=NetC9_2 Pin=R41-2
Added Pin To Net: NetName=NetC9_2 Pin=T2-1
Added Pin To Net: NetName=NetC9_2 Pin=T4-4
Added Net: Name=NetC9_2
Added Pin To Net: NetName=NetC12_2 Pin=C12-2
Added Pin To Net: NetName=NetC12_2 Pin=T2-6
Added Net: Name=NetC12_2
Added Pin To Net: NetName=NetC13_2 Pin=C13-2
Added Pin To Net: NetName=NetC13_2 Pin=R22-2
Added Pin To Net: NetName=NetC13_2 Pin=R22-2
Added Net: Name=NetC13_2
Added Pin To Net: NetName=NetC15_1 Pin=C15-1
Added Pin To Net: NetName=NetC15_1 Pin=T3-10
Added Net: Name=NetC15_1
Added Pin To Net: NetName=NetC16_1 Pin=C16-1
Added Pin To Net: NetName=NetC16_1 Pin=R51-1
Added Pin To Net: NetName=NetC16_1 Pin=R58-2
Added Net: Name=NetC16_1
Added Pin To Net: NetName=NetC31_2 Pin=C31-2
Added Pin To Net: NetName=NetC31_2 Pin=R51-2
Added Pin To Net: NetName=NetC31_2 Pin=R52-2
Added Net: Name=NetC31_2
Added Pin To Net: NetName=NetC32_1 Pin=C32-1
Added Net: Name=NetC32_1
Added Pin To Net: NetName=NetC34_2 Pin=C34-2
Added Pin To Net: NetName=NetC34_2 Pin=T6-10
Added Net: Name=NetC34_2
Added Pin To Net: NetName=NetC36_2 Pin=C36-2
Added Pin To Net: NetName=NetC36_2 Pin=C42-1
Added Pin To Net: NetName=NetC36_2 Pin=R78-2
Added Pin To Net: NetName=NetC36_2 Pin=T4-5
Added Pin To Net: NetName=NetC36_2 Pin=T5-5
Added Net: Name=NetC36_2
Added Pin To Net: NetName=NetC37_1 Pin=C37-1
Added Pin To Net: NetName=NetC37_1 Pin=T5-6
Added Net: Name=NetC37_1
Added Pin To Net: NetName=NetC38_2 Pin=C38-2
Added Pin To Net: NetName=NetC38_2 Pin=R76-2
Added Pin To Net: NetName=NetC38_2 Pin=R76-2
Added Net: Name=NetC38_2
Added Pin To Net: NetName=NetC40_1 Pin=C40-1
Added Net: Name=NetC40_1
Added Pin To Net: NetName=NetDD1_2 Pin=R58-1
Added Net: Name=NetDD1_2
Added Pin To Net: NetName=NetDD1_3 Pin=R59-1
Added Net: Name=NetDD1_3
Added Pin To Net: NetName=NetDD1_6 Pin=R61-1
Added Net: Name=NetDD1_6
Added Pin To Net: NetName=NetDD1_7 Pin=R73-1
Added Net: Name=NetDD1_7
Added Pin To Net: NetName=NetDD1_11 Pin=R65-1
Added Pin To Net: NetName=NetDD1_11 Pin=R74-1
Added Net: Name=NetDD1_11
Added Pin To Net: NetName=NetDD1_14 Pin=R17-1
Added Pin To Net: NetName=NetDD1_14 Pin=R44-1
Added Net: Name=NetDD1_14
Added Pin To Net: NetName=NetL1_1 Pin=L1-1
Added Pin To Net: NetName=NetL1_1 Pin=R40-2
Added Net: Name=NetL1_1
Added Net: Name=NetQ1_3
Added Net: Name=NetQ1_4
Added Pin To Net: NetName=NetR10_1 Pin=R10-1
Added Pin To Net: NetName=NetR10_1 Pin=R12-2
Added Net: Name=NetR10_1
Added Pin To Net: NetName=NetR11_1 Pin=R11-1
Added Pin To Net: NetName=NetR11_1 Pin=R13-2
Added Net: Name=NetR11_1
Added Pin To Net: NetName=NetR12_1 Pin=R12-1
Added Pin To Net: NetName=NetR12_1 Pin=R14-2
Added Net: Name=NetR12_1
Added Pin To Net: NetName=NetR13_1 Pin=R13-1
Added Pin To Net: NetName=NetR13_1 Pin=R15-2
Added Net: Name=NetR13_1
Added Pin To Net: NetName=NetR17_2 Pin=R17-2
Added Net: Name=NetR17_2
Added Pin To Net: NetName=NetR19_1 Pin=R19-1
Added Pin To Net: NetName=NetR19_1 Pin=T2-5
Added Net: Name=NetR19_1
Added Pin To Net: NetName=NetR19_2 Pin=R19-2
Added Pin To Net: NetName=NetR19_2 Pin=R20-1
Added Pin To Net: NetName=NetR19_2 Pin=R21-2
Added Net: Name=NetR19_2
Added Pin To Net: NetName=NetR21_1 Pin=R21-1
Added Net: Name=NetR21_1
Added Pin To Net: NetName=NetR28_1 Pin=R28-1
Added Pin To Net: NetName=NetR28_1 Pin=T2-2
Added Net: Name=NetR28_1
Added Pin To Net: NetName=NetR28_2 Pin=R28-2
Added Pin To Net: NetName=NetR28_2 Pin=R39-2
Added Pin To Net: NetName=NetR28_2 Pin=R41-1
Added Net: Name=NetR28_2
Added Pin To Net: NetName=NetR29_1 Pin=R29-1
Added Pin To Net: NetName=NetR29_1 Pin=R46-2
Added Net: Name=NetR29_1
Added Pin To Net: NetName=NetR29_2 Pin=R29-2
Added Pin To Net: NetName=NetR29_2 Pin=R33-2
Added Pin To Net: NetName=NetR29_2 Pin=R34-2
Added Pin To Net: NetName=NetR29_2 Pin=R35-2
Added Pin To Net: NetName=NetR29_2 Pin=R36-2
Added Net: Name=NetR29_2
Added Pin To Net: NetName=NetR34_1 Pin=R34-1
Added Pin To Net: NetName=NetR34_1 Pin=R48-2
Added Net: Name=NetR34_1
Added Pin To Net: NetName=NetR36_1 Pin=R36-1
Added Pin To Net: NetName=NetR36_1 Pin=R50-2
Added Net: Name=NetR36_1
Added Pin To Net: NetName=NetR39_1 Pin=R39-1
Added Net: Name=NetR39_1
Added Pin To Net: NetName=NetR40_1 Pin=R40-1
Added Net: Name=NetR40_1
Added Pin To Net: NetName=NetR42_1 Pin=R42-1
Added Pin To Net: NetName=NetR42_1 Pin=R43-2
Added Net: Name=NetR42_1
Added Pin To Net: NetName=NetR42_2 Pin=R42-2
Added Net: Name=NetR42_2
Added Pin To Net: NetName=NetR44_2 Pin=R44-2
Added Net: Name=NetR44_2
Added Pin To Net: NetName=NetR53_1 Pin=R53-1
Added Pin To Net: NetName=NetR53_1 Pin=R67-2
Added Net: Name=NetR53_1
Added Pin To Net: NetName=NetR55_1 Pin=R55-1
Added Pin To Net: NetName=NetR55_1 Pin=R69-2
Added Net: Name=NetR55_1
Added Pin To Net: NetName=NetR56_2 Pin=R56-2
Added Pin To Net: NetName=NetR56_2 Pin=R70-2
Added Net: Name=NetR56_2
Added Pin To Net: NetName=NetR57_1 Pin=R57-1
Added Pin To Net: NetName=NetR57_1 Pin=R71-2
Added Net: Name=NetR57_1
Added Pin To Net: NetName=NetR60_2 Pin=R60-2
Added Pin To Net: NetName=NetR60_2 Pin=R66-1
Added Pin To Net: NetName=NetR60_2 Pin=R72-2
Added Net: Name=NetR60_2
Added Pin To Net: NetName=NetR62_2 Pin=R62-2
Added Net: Name=NetR62_2
Added Pin To Net: NetName=NetR63_1 Pin=R63-1
Added Pin To Net: NetName=NetR63_1 Pin=T6-3
Added Net: Name=NetR63_1
Added Pin To Net: NetName=NetR64_1 Pin=R64-1
Added Pin To Net: NetName=NetR64_1 Pin=R64-1
Added Pin To Net: NetName=NetR64_1 Pin=T6-1
Added Net: Name=NetR64_1
Added Pin To Net: NetName=NetR64_2 Pin=R64-2
Added Pin To Net: NetName=NetR64_2 Pin=R64-2
Added Pin To Net: NetName=NetR64_2 Pin=T6-2
Added Net: Name=NetR64_2
Added Pin To Net: NetName=NetR65_2 Pin=R65-2
Added Net: Name=NetR65_2
Added Pin To Net: NetName=NetR67_1 Pin=R67-1
Added Pin To Net: NetName=NetR67_1 Pin=R68-1
Added Pin To Net: NetName=NetR67_1 Pin=R69-1
Added Pin To Net: NetName=NetR67_1 Pin=R70-1
Added Pin To Net: NetName=NetR67_1 Pin=R71-1
Added Net: Name=NetR67_1
Added Pin To Net: NetName=NetR72_1 Pin=R72-1
Added Net: Name=NetR72_1
Added Pin To Net: NetName=NetR74_2 Pin=R74-2
Added Net: Name=NetR74_2
Added Pin To Net: NetName=NetR77_1 Pin=R77-1
Added Pin To Net: NetName=NetR77_1 Pin=T5-3
Added Net: Name=NetR77_1
Added Pin To Net: NetName=NetR77_2 Pin=R77-2
Added Pin To Net: NetName=NetR77_2 Pin=R78-1
Added Pin To Net: NetName=NetR77_2 Pin=R79-2
Added Net: Name=NetR77_2
Added Pin To Net: NetName=NetR79_1 Pin=R79-1
Added Net: Name=NetR79_1
Added Pin To Net: NetName=NetT4_1 Pin=T4-1
Added Net: Name=NetT4_1
Added Pin To Net: NetName=NetT4_2 Pin=T4-2
Added Net: Name=NetT4_2
Added Pin To Net: NetName=NetTP6_1 Pin=TP6-1
Added Net: Name=NetTP6_1
Added Net: Name=NetTR1_2
Added Net: Name=NetTR1_3
Added Net: Name=NetTR2_2
Added Net: Name=NetTR2_3
Added Net: Name=NetVD12_1
Added Net: Name=NetVD13_1
Added Net: Name=NetVD17_1
Added Net: Name=NetVD21_1
Added Net: Name=NetVD22_2
Added Net: Name=NetVD23_1
Added Net: Name=NetVD24_1
Added Net: Name=NetVD26_1
Added Net: Name=NetVD27_1
Added Net: Name=NetVD28_1
Added Net: Name=NetVD33_1
Added Pin To Net: NetName=VCC_HV Pin=C11-1
Added Pin To Net: NetName=VCC_HV Pin=C14-2
Added Pin To Net: NetName=VCC_HV Pin=C39-1
Added Pin To Net: NetName=VCC_HV Pin=C42-2
Added Net: Name=VCC_HV
Added Class: Name=Inverter_540VDC_V2
Added Class: Name=V2
