Add Component: Footprint Not Found SO16-150
Add Component: Footprint Not Found 4-SMD
Add Component: Footprint Not Found SOT23-3
Add Component: Footprint Not Found SOD-123
Add Component: Footprint Not Found SOD-123
Add Component: Footprint Not Found SOD-123
Add Component: Footprint Not Found SOD-123
Add Component: Footprint Not Found SOD-123
Add Component: Footprint Not Found SOD-123
Add Component: Footprint Not Found SOD-123
Add Component: Footprint Not Found SOD-123
Add Component: Footprint Not Found SOD-123
Add Component: Footprint Not Found SOD-123
Add Component: Footprint Not Found SOT23-3
Add Component: Footprint Not Found SOD-123
Add Component: Footprint Not Found SOD-123
Add Component: Footprint Not Found SOT23-3
Add Component: Footprint Not Found SOT23-3
Add Component: Footprint Not Found SOD-123
Add Component: Footprint Not Found SOD-123
Add Component: Footprint Not Found SOD-123
Add Component: Footprint Not Found SOD-123
Add Component: Footprint Not Found SOD-123
Add Component: Footprint Not Found SOD-123
Add Component: Footprint Not Found SOD-123
Add Component: Footprint Not Found SOD-123
Add Pin To Net: Unknown Pin: Pin DD1-1
Add Pin To Net: Unknown Pin: Pin DD1-2
Add Pin To Net: Unknown Pin: Pin DD1-3
Add Pin To Net: Unknown Pin: Pin DD1-5
Add Pin To Net: Unknown Pin: Pin DD1-6
Add Pin To Net: Unknown Pin: Pin DD1-7
Add Pin To Net: Unknown Pin: Pin DD1-8
Add Pin To Net: Unknown Pin: Pin DD1-9
Add Pin To Net: Unknown Pin: Pin DD1-10
Add Pin To Net: Unknown Pin: Pin DD1-11
Add Pin To Net: Unknown Pin: Pin DD1-12
Add Pin To Net: Unknown Pin: Pin DD1-13
Add Pin To Net: Unknown Pin: Pin DD1-14
Add Pin To Net: Unknown Pin: Pin DD1-15
Add Pin To Net: Unknown Pin: Pin DD1-16
Add Pin To Net: Unknown Pin: Pin U5-1
Add Pin To Net: Unknown Pin: Pin U5-2
Add Pin To Net: Unknown Pin: Pin U5-3
Add Pin To Net: Unknown Pin: Pin U5-4
Add Pin To Net: Unknown Pin: Pin VD12-1
Add Pin To Net: Unknown Pin: Pin VD12-2
Add Pin To Net: Unknown Pin: Pin VD12-3
Add Pin To Net: Unknown Pin: Pin VD13-1
Add Pin To Net: Unknown Pin: Pin VD13-2
Add Pin To Net: Unknown Pin: Pin VD14-1
Add Pin To Net: Unknown Pin: Pin VD14-2
Add Pin To Net: Unknown Pin: Pin VD15-1
Add Pin To Net: Unknown Pin: Pin VD15-2
Add Pin To Net: Unknown Pin: Pin VD16-1
Add Pin To Net: Unknown Pin: Pin VD16-2
Add Pin To Net: Unknown Pin: Pin VD17-1
Add Pin To Net: Unknown Pin: Pin VD17-2
Add Pin To Net: Unknown Pin: Pin VD18-1
Add Pin To Net: Unknown Pin: Pin VD18-2
Add Pin To Net: Unknown Pin: Pin VD19-1
Add Pin To Net: Unknown Pin: Pin VD19-2
Add Pin To Net: Unknown Pin: Pin VD20-1
Add Pin To Net: Unknown Pin: Pin VD20-2
Add Pin To Net: Unknown Pin: Pin VD21-1
Add Pin To Net: Unknown Pin: Pin VD21-2
Add Pin To Net: Unknown Pin: Pin VD22-1
Add Pin To Net: Unknown Pin: Pin VD22-2
Add Pin To Net: Unknown Pin: Pin VD23-1
Add Pin To Net: Unknown Pin: Pin VD23-2
Add Pin To Net: Unknown Pin: Pin VD23-3
Add Pin To Net: Unknown Pin: Pin VD24-1
Add Pin To Net: Unknown Pin: Pin VD24-2
Add Pin To Net: Unknown Pin: Pin VD25-1
Add Pin To Net: Unknown Pin: Pin VD25-2
Add Pin To Net: Unknown Pin: Pin VD26-1
Add Pin To Net: Unknown Pin: Pin VD26-2
Add Pin To Net: Unknown Pin: Pin VD26-3
Add Pin To Net: Unknown Pin: Pin VD27-1
Add Pin To Net: Unknown Pin: Pin VD27-2
Add Pin To Net: Unknown Pin: Pin VD27-3
Add Pin To Net: Unknown Pin: Pin VD28-1
Add Pin To Net: Unknown Pin: Pin VD28-2
Add Pin To Net: Unknown Pin: Pin VD29-1
Add Pin To Net: Unknown Pin: Pin VD29-2
Add Pin To Net: Unknown Pin: Pin VD30-1
Add Pin To Net: Unknown Pin: Pin VD30-2
Add Pin To Net: Unknown Pin: Pin VD31-1
Add Pin To Net: Unknown Pin: Pin VD31-2
Add Pin To Net: Unknown Pin: Pin VD32-1
Add Pin To Net: Unknown Pin: Pin VD32-2
Add Pin To Net: Unknown Pin: Pin VD33-1
Add Pin To Net: Unknown Pin: Pin VD33-2
Add Pin To Net: Unknown Pin: Pin VD34-1
Add Pin To Net: Unknown Pin: Pin VD34-2
Add Pin To Net: Unknown Pin: Pin VD35-1
Add Pin To Net: Unknown Pin: Pin VD35-2
Add Class Member: Failed to add class member : Component DD1 SG3525
Add Class Member: Failed to add class member : Component U5 PC817
Add Class Member: Failed to add class member : Component VD12 BAT54S
Add Class Member: Failed to add class member : Component VD13 J3 16V
Add Class Member: Failed to add class member : Component VD14 1N4148
Add Class Member: Failed to add class member : Component VD15 J3 16V
Add Class Member: Failed to add class member : Component VD16 1N4148
Add Class Member: Failed to add class member : Component VD17 J3 16V
Add Class Member: Failed to add class member : Component VD18 1N4148
Add Class Member: Failed to add class member : Component VD19 J3 16V
Add Class Member: Failed to add class member : Component VD20 1N4148
Add Class Member: Failed to add class member : Component VD21 J3 16V
Add Class Member: Failed to add class member : Component VD22 J3 16V
Add Class Member: Failed to add class member : Component VD23 BAT54S
Add Class Member: Failed to add class member : Component VD24 J3 16V
Add Class Member: Failed to add class member : Component VD25 J3 16V
Add Class Member: Failed to add class member : Component VD26 BAT54S
Add Class Member: Failed to add class member : Component VD27 BAT54S
Add Class Member: Failed to add class member : Component VD28 J3 16V
Add Class Member: Failed to add class member : Component VD29 1N4148
Add Class Member: Failed to add class member : Component VD30 1N4148
Add Class Member: Failed to add class member : Component VD31 1N4148
Add Class Member: Failed to add class member : Component VD32 J3 16V
Add Class Member: Failed to add class member : Component VD33 J3 16V
Add Class Member: Failed to add class member : Component VD34 1N4148
Add Class Member: Failed to add class member : Component VD35 J3 16V
