Added Component: Designator=C3(CAPPOL-30x35)
Added Component: Designator=C4(CAPPOL-30x35)
Added Component: Designator=C5(CAPPOL-100x35)
Added Component: Designator=C6(CAPPOL-100x35)
Added Component: Designator=C7(CAPPOL-100x35)
Added Component: Designator=C8(CAPPOL-100x35)
Added Component: Designator=C9(CAP-FILM-22.5X26.5X10)
Added Component: Designator=C10(CAPPOL_SMD_SIZE_E)
Added Component: Designator=C11(CAP-FILM-22.5X26.5X10)
Added Component: Designator=C12(CAP-1206)
Added Component: Designator=C13(CAP-0805)
Added Component: Designator=C14(CAP-FILM-22.5X26.5X10)
Added Component: Designator=C15(CAP-1206)
Added Component: Designator=C16(CAP-0805)
Added Component: Designator=C31(CAP-1206)
Added Component: Designator=C32(CAP-0805)
Added Component: Designator=C33(CAP-0805)
Added Component: Designator=C34(CAP-1206)
Added Component: Designator=C35(CAP-0805)
Added Component: Designator=C36(CAP-FILM-22.5X26.5X10)
Added Component: Designator=C37(CAP-1206)
Added Component: Designator=C38(CAP-0805)
Added Component: Designator=C39(CAP-FILM-22.5X26.5X10)
Added Component: Designator=C40(CAP-0805)
Added Component: Designator=C41(CAP-0805)
Added Component: Designator=C42(CAP-FILM-22.5X26.5X10)
Add Component: Footprint Not Found SO16-150
Added Component: Designator=L1(IND-7850)
Added Component: Designator=R8(RES-0805)
Added Component: Designator=R9(RES-0805)
Added Component: Designator=R10(RES-0805)
Added Component: Designator=R11(RES-0805)
Added Component: Designator=R12(RES-0805)
Added Component: Designator=R13(RES-0805)
Added Component: Designator=R14(RES-0805)
Added Component: Designator=R15(RES-0805)
Added Component: Designator=R16(RES-0805)
Added Component: Designator=R17(RES-0805)
Added Component: Designator=R18(RES-0805)
Added Component: Designator=R19(RES-1206)
Added Component: Designator=R20(RES-1206)
Added Component: Designator=R21(RES-1206)
Added Component: Designator=R22(RES-2512)
Added Component: Designator=R28(RES-1206)
Added Component: Designator=R29(RES-1206)
Added Component: Designator=R33(RES-1206)
Added Component: Designator=R34(RES-1206)
Added Component: Designator=R35(RES-1206)
Added Component: Designator=R36(RES-1206)
Added Component: Designator=R39(RES-1206)
Added Component: Designator=R40(RES-0805)
Added Component: Designator=R41(RES-1206)
Added Component: Designator=R42(RES-1206)
Added Component: Designator=R43(RES-1206)
Added Component: Designator=R44(RES-1206)
Added Component: Designator=R45(RES-2512)
Added Component: Designator=R46(RES-1206)
Added Component: Designator=R47(RES-1206)
Added Component: Designator=R48(RES-1206)
Added Component: Designator=R49(RES-1206)
Added Component: Designator=R50(RES-1206)
Added Component: Designator=R51(RES-1206)
Added Component: Designator=R52(RES-1206)
Added Component: Designator=R53(RES-1206)
Added Component: Designator=R54(RES-1206)
Added Component: Designator=R55(RES-1206)
Added Component: Designator=R56(RES-1206)
Added Component: Designator=R57(RES-1206)
Added Component: Designator=R58(RES-0805)
Added Component: Designator=R59(RES-0805)
Added Component: Designator=R60(RES-1206)
Added Component: Designator=R61(RES-0805)
Added Component: Designator=R62(RES-1206)
Added Component: Designator=R63(RES-1206)
Added Component: Designator=R64(RES-2512)
Added Component: Designator=R65(RES-1206)
Added Component: Designator=R66(RES-1206)
Added Component: Designator=R67(RES-1206)
Added Component: Designator=R68(RES-1206)
Added Component: Designator=R69(RES-1206)
Added Component: Designator=R70(RES-1206)
Added Component: Designator=R71(RES-1206)
Added Component: Designator=R72(RES-1206)
Added Component: Designator=R73(RES-0805)
Added Component: Designator=R74(RES-1206)
Added Component: Designator=R75(RES-0805)
Added Component: Designator=R76(RES-2512)
Added Component: Designator=R77(RES-1206)
Added Component: Designator=R78(RES-1206)
Added Component: Designator=R79(RES-1206)
Added Component: Designator=T2(TRANS_EE16)
Added Component: Designator=T3(TRANS_EE16)
Added Component: Designator=T4(TRANS_EE55)
Added Component: Designator=T5(TRANS_EE16)
Added Component: Designator=T6(TRANS_EE16)
Added Component: Designator=TP6(Test_Point)
Add Component: Footprint Not Found 4-SMD
Add Component: Footprint Not Found SOT23-3
Add Component: Footprint Not Found SOD-123
Add Component: Footprint Not Found SOD-123
Add Component: Footprint Not Found SOD-123
Add Component: Footprint Not Found SOD-123
Add Component: Footprint Not Found SOD-123
Add Component: Footprint Not Found SOD-123
Add Component: Footprint Not Found SOD-123
Add Component: Footprint Not Found SOD-123
Add Component: Footprint Not Found SOD-123
Add Component: Footprint Not Found SOD-123
Add Component: Footprint Not Found SOT23-3
Add Component: Footprint Not Found SOD-123
Add Component: Footprint Not Found SOD-123
Add Component: Footprint Not Found SOT23-3
Add Component: Footprint Not Found SOT23-3
Add Component: Footprint Not Found SOD-123
Add Component: Footprint Not Found SOD-123
Add Component: Footprint Not Found SOD-123
Add Component: Footprint Not Found SOD-123
Add Component: Footprint Not Found SOD-123
Add Component: Footprint Not Found SOD-123
Add Component: Footprint Not Found SOD-123
Add Component: Footprint Not Found SOD-123
Add Component: Footprint Not Found SOT23-3
Add Component: Footprint Not Found TO-92
Add Component: Footprint Not Found TO-92
Add Component: Footprint Not Found TO-92
Add Component: Footprint Not Found SOT23-3
Add Component: Footprint Not Found SOT23-3
Add Component: Footprint Not Found TO-220-3
Add Component: Footprint Not Found TO-220-3
Add Component: Footprint Not Found TO-220-3
Add Component: Footprint Not Found TO-220-3
Add Component: Footprint Not Found TO-220-3
Add Component: Footprint Not Found TO-92
Add Component: Footprint Not Found TO-92
Add Component: Footprint Not Found SOT23-3
Add Component: Footprint Not Found SOT23-3
Add Component: Footprint Not Found TO-220-3
Add Component: Footprint Not Found TO-92
Add Component: Footprint Not Found TO-92
Add Component: Footprint Not Found TO-220-3
Add Component: Footprint Not Found TO-220-3
Add Component: Footprint Not Found TO-220-3
Add Component: Footprint Not Found TO-220-3
Add Component: Footprint Not Found TO-92
Add Component: Footprint Not Found SOT23-3
Add Component: Footprint Not Found SOT23-3
Add Component: Footprint Not Found TO-92
Add Component: Footprint Not Found SOT23-3
Add Component: Footprint Not Found TO-92
Added Component: Designator=X1(Terminal_18x18_M8)
Added Component: Designator=X2(Terminal_18x18_M8)
Added Pin To Net: NetName=GND_HV Pin=C3-2
Added Pin To Net: NetName=GND_HV Pin=C4-2
Added Pin To Net: NetName=V_BAT Pin=C5-1
Added Pin To Net: NetName=BAT_GND Pin=C5-2
Added Pin To Net: NetName=V_BAT Pin=C6-1
Added Pin To Net: NetName=BAT_GND Pin=C6-2
Added Pin To Net: NetName=V_BAT Pin=C7-1
Added Pin To Net: NetName=BAT_GND Pin=C7-2
Added Pin To Net: NetName=V_BAT Pin=C8-1
Added Pin To Net: NetName=BAT_GND Pin=C8-2
Added Pin To Net: NetName=GND_HV Pin=C9-1
Added Pin To Net: NetName=NetC9_2 Pin=C9-2
Added Pin To Net: NetName=+12V Pin=C10-1
Added Pin To Net: NetName=-12V Pin=C10-2
Added Pin To Net: NetName=VCC_HV Pin=C11-1
Added Pin To Net: NetName=GND_HV Pin=C11-2
Added Pin To Net: NetName=-12V Pin=C12-1
Added Pin To Net: NetName=NetC12_2 Pin=C12-2
Added Pin To Net: NetName=BAT_GND Pin=C13-1
Added Pin To Net: NetName=NetC13_2 Pin=C13-2
Added Pin To Net: NetName=NetC9_2 Pin=C14-1
Added Pin To Net: NetName=VCC_HV Pin=C14-2
Added Pin To Net: NetName=NetC15_1 Pin=C15-1
Added Pin To Net: NetName=-12V Pin=C15-2
Added Pin To Net: NetName=NetC16_1 Pin=C16-1
Added Pin To Net: NetName=-12V Pin=C16-2
Added Pin To Net: NetName=-12V Pin=C31-1
Added Pin To Net: NetName=NetC31_2 Pin=C31-2
Added Pin To Net: NetName=NetC32_1 Pin=C32-1
Added Pin To Net: NetName=-12V Pin=C32-2
Added Pin To Net: NetName=-12V Pin=C33-1
Added Pin To Net: NetName=+12V Pin=C33-2
Added Pin To Net: NetName=-12V Pin=C34-1
Added Pin To Net: NetName=NetC34_2 Pin=C34-2
Added Pin To Net: NetName=-12V Pin=C35-1
Added Pin To Net: NetName=NetC35_2 Pin=C35-2
Added Pin To Net: NetName=GND_HV Pin=C36-1
Added Pin To Net: NetName=NetC36_2 Pin=C36-2
Added Pin To Net: NetName=NetC37_1 Pin=C37-1
Added Pin To Net: NetName=-12V Pin=C37-2
Added Pin To Net: NetName=BAT_GND Pin=C38-1
Added Pin To Net: NetName=NetC38_2 Pin=C38-2
Added Pin To Net: NetName=VCC_HV Pin=C39-1
Added Pin To Net: NetName=GND_HV Pin=C39-2
Added Pin To Net: NetName=NetC40_1 Pin=C40-1
Added Pin To Net: NetName=-12V Pin=C40-2
Added Pin To Net: NetName=-12V Pin=C41-1
Added Pin To Net: NetName=-12V Pin=C41-2
Added Pin To Net: NetName=NetC36_2 Pin=C42-1
Added Pin To Net: NetName=VCC_HV Pin=C42-2
Add Pin To Net: Unknown Pin: Pin DD1-1
Add Pin To Net: Unknown Pin: Pin DD1-2
Add Pin To Net: Unknown Pin: Pin DD1-3
Add Pin To Net: Unknown Pin: Pin DD1-5
Add Pin To Net: Unknown Pin: Pin DD1-6
Add Pin To Net: Unknown Pin: Pin DD1-7
Add Pin To Net: Unknown Pin: Pin DD1-8
Add Pin To Net: Unknown Pin: Pin DD1-9
Add Pin To Net: Unknown Pin: Pin DD1-10
Add Pin To Net: Unknown Pin: Pin DD1-11
Add Pin To Net: Unknown Pin: Pin DD1-12
Add Pin To Net: Unknown Pin: Pin DD1-13
Add Pin To Net: Unknown Pin: Pin DD1-14
Add Pin To Net: Unknown Pin: Pin DD1-15
Add Pin To Net: Unknown Pin: Pin DD1-16
Added Pin To Net: NetName=NetL1_1 Pin=L1-1
Added Pin To Net: NetName=+12V Pin=L1-2
Added Pin To Net: NetName=NetR8_1 Pin=R8-1
Added Pin To Net: NetName=V_BAT Pin=R8-2
Added Pin To Net: NetName=NetR9_1 Pin=R9-1
Added Pin To Net: NetName=BAT_GND Pin=R9-2
Added Pin To Net: NetName=NetR10_1 Pin=R10-1
Added Pin To Net: NetName=NetR8_1 Pin=R10-2
Added Pin To Net: NetName=NetR11_1 Pin=R11-1
Added Pin To Net: NetName=NetR9_1 Pin=R11-2
Added Pin To Net: NetName=NetR12_1 Pin=R12-1
Added Pin To Net: NetName=NetR10_1 Pin=R12-2
Added Pin To Net: NetName=NetR13_1 Pin=R13-1
Added Pin To Net: NetName=NetR11_1 Pin=R13-2
Added Pin To Net: NetName=ADC_1 Pin=R14-1
Added Pin To Net: NetName=NetR12_1 Pin=R14-2
Added Pin To Net: NetName=ADC_2 Pin=R15-1
Added Pin To Net: NetName=NetR13_1 Pin=R15-2
Added Pin To Net: NetName=+5V Pin=R16-1
Added Pin To Net: NetName=ADC_2 Pin=R16-2
Added Pin To Net: NetName=NetDD1_14 Pin=R17-1
Added Pin To Net: NetName=NetR17_2 Pin=R17-2
Added Pin To Net: NetName=+5V Pin=R18-1
Added Pin To Net: NetName=ADC_1 Pin=R18-2
Added Pin To Net: NetName=NetR19_1 Pin=R19-1
Added Pin To Net: NetName=NetR19_2 Pin=R19-2
Added Pin To Net: NetName=NetR19_2 Pin=R20-1
Added Pin To Net: NetName=GND_HV Pin=R20-2
Added Pin To Net: NetName=NetR21_1 Pin=R21-1
Added Pin To Net: NetName=NetR19_2 Pin=R21-2
Added Pin To Net: NetName=+15V Pin=R22-1
Added Pin To Net: NetName=+15V Pin=R22-1
Added Pin To Net: NetName=NetC13_2 Pin=R22-2
Added Pin To Net: NetName=NetC13_2 Pin=R22-2
Added Pin To Net: NetName=NetR28_1 Pin=R28-1
Added Pin To Net: NetName=NetR28_2 Pin=R28-2
Added Pin To Net: NetName=NetR29_1 Pin=R29-1
Added Pin To Net: NetName=NetR29_2 Pin=R29-2
Added Pin To Net: NetName=NetR33_1 Pin=R33-1
Added Pin To Net: NetName=NetR29_2 Pin=R33-2
Added Pin To Net: NetName=NetR34_1 Pin=R34-1
Added Pin To Net: NetName=NetR29_2 Pin=R34-2
Added Pin To Net: NetName=NetR35_1 Pin=R35-1
Added Pin To Net: NetName=NetR29_2 Pin=R35-2
Added Pin To Net: NetName=NetR36_1 Pin=R36-1
Added Pin To Net: NetName=NetR29_2 Pin=R36-2
Added Pin To Net: NetName=NetR39_1 Pin=R39-1
Added Pin To Net: NetName=NetR28_2 Pin=R39-2
Added Pin To Net: NetName=NetR40_1 Pin=R40-1
Added Pin To Net: NetName=NetL1_1 Pin=R40-2
Added Pin To Net: NetName=NetR28_2 Pin=R41-1
Added Pin To Net: NetName=NetC9_2 Pin=R41-2
Added Pin To Net: NetName=NetR42_1 Pin=R42-1
Added Pin To Net: NetName=NetR42_2 Pin=R42-2
Added Pin To Net: NetName=NetR43_1 Pin=R43-1
Added Pin To Net: NetName=NetR42_1 Pin=R43-2
Added Pin To Net: NetName=NetDD1_14 Pin=R44-1
Added Pin To Net: NetName=NetR44_2 Pin=R44-2
Added Pin To Net: NetName=NetR45_1 Pin=R45-1
Added Pin To Net: NetName=NetR45_1 Pin=R45-1
Added Pin To Net: NetName=NetR45_2 Pin=R45-2
Added Pin To Net: NetName=NetR45_2 Pin=R45-2
Added Pin To Net: NetName=BAT_GND Pin=R46-1
Added Pin To Net: NetName=NetR29_1 Pin=R46-2
Added Pin To Net: NetName=BAT_GND Pin=R47-1
Added Pin To Net: NetName=NetR33_1 Pin=R47-2
Added Pin To Net: NetName=BAT_GND Pin=R48-1
Added Pin To Net: NetName=NetR34_1 Pin=R48-2
Added Pin To Net: NetName=BAT_GND Pin=R49-1
Added Pin To Net: NetName=NetR35_1 Pin=R49-2
Added Pin To Net: NetName=BAT_GND Pin=R50-1
Added Pin To Net: NetName=NetR36_1 Pin=R50-2
Added Pin To Net: NetName=NetC16_1 Pin=R51-1
Added Pin To Net: NetName=NetC31_2 Pin=R51-2
Added Pin To Net: NetName=-12V Pin=R52-1
Added Pin To Net: NetName=NetC31_2 Pin=R52-2
Added Pin To Net: NetName=NetR53_1 Pin=R53-1
Added Pin To Net: NetName=BAT_GND Pin=R53-2
Added Pin To Net: NetName=NetR54_1 Pin=R54-1
Added Pin To Net: NetName=BAT_GND Pin=R54-2
Added Pin To Net: NetName=NetR55_1 Pin=R55-1
Added Pin To Net: NetName=BAT_GND Pin=R55-2
Added Pin To Net: NetName=BAT_GND Pin=R56-1
Added Pin To Net: NetName=NetR56_2 Pin=R56-2
Added Pin To Net: NetName=NetR57_1 Pin=R57-1
Added Pin To Net: NetName=BAT_GND Pin=R57-2
Added Pin To Net: NetName=NetDD1_2 Pin=R58-1
Added Pin To Net: NetName=NetC16_1 Pin=R58-2
Added Pin To Net: NetName=NetDD1_3 Pin=R59-1
Added Pin To Net: NetName=-12V Pin=R59-2
Added Pin To Net: NetName=NetR60_1 Pin=R60-1
Added Pin To Net: NetName=NetR60_2 Pin=R60-2
Added Pin To Net: NetName=NetDD1_6 Pin=R61-1
Added Pin To Net: NetName=-12V Pin=R61-2
Added Pin To Net: NetName=NetR62_1 Pin=R62-1
Added Pin To Net: NetName=NetR62_2 Pin=R62-2
Added Pin To Net: NetName=NetR63_1 Pin=R63-1
Added Pin To Net: NetName=NetR62_1 Pin=R63-2
Added Pin To Net: NetName=NetR64_1 Pin=R64-1
Added Pin To Net: NetName=NetR64_1 Pin=R64-1
Added Pin To Net: NetName=NetR64_2 Pin=R64-2
Added Pin To Net: NetName=NetR64_2 Pin=R64-2
Added Pin To Net: NetName=NetDD1_11 Pin=R65-1
Added Pin To Net: NetName=NetR65_2 Pin=R65-2
Added Pin To Net: NetName=NetR60_2 Pin=R66-1
Added Pin To Net: NetName=GND_HV Pin=R66-2
Added Pin To Net: NetName=NetR67_1 Pin=R67-1
Added Pin To Net: NetName=NetR53_1 Pin=R67-2
Added Pin To Net: NetName=NetR67_1 Pin=R68-1
Added Pin To Net: NetName=NetR54_1 Pin=R68-2
Added Pin To Net: NetName=NetR67_1 Pin=R69-1
Added Pin To Net: NetName=NetR55_1 Pin=R69-2
Added Pin To Net: NetName=NetR67_1 Pin=R70-1
Added Pin To Net: NetName=NetR56_2 Pin=R70-2
Added Pin To Net: NetName=NetR67_1 Pin=R71-1
Added Pin To Net: NetName=NetR57_1 Pin=R71-2
Added Pin To Net: NetName=NetR72_1 Pin=R72-1
Added Pin To Net: NetName=NetR60_2 Pin=R72-2
Added Pin To Net: NetName=NetDD1_7 Pin=R73-1
Added Pin To Net: NetName=NetC35_2 Pin=R73-2
Added Pin To Net: NetName=NetDD1_11 Pin=R74-1
Added Pin To Net: NetName=NetR74_2 Pin=R74-2
Added Pin To Net: NetName=-12V Pin=R75-1
Added Pin To Net: NetName=-12V Pin=R75-2
Added Pin To Net: NetName=+15V Pin=R76-1
Added Pin To Net: NetName=+15V Pin=R76-1
Added Pin To Net: NetName=NetC38_2 Pin=R76-2
Added Pin To Net: NetName=NetC38_2 Pin=R76-2
Added Pin To Net: NetName=NetR77_1 Pin=R77-1
Added Pin To Net: NetName=NetR77_2 Pin=R77-2
Added Pin To Net: NetName=NetR77_2 Pin=R78-1
Added Pin To Net: NetName=NetC36_2 Pin=R78-2
Added Pin To Net: NetName=NetR79_1 Pin=R79-1
Added Pin To Net: NetName=NetR77_2 Pin=R79-2
Added Pin To Net: NetName=NetC9_2 Pin=T2-1
Added Pin To Net: NetName=NetR28_1 Pin=T2-2
Added Pin To Net: NetName=GND_HV Pin=T2-3
Added Pin To Net: NetName=NetR19_1 Pin=T2-5
Added Pin To Net: NetName=NetC12_2 Pin=T2-6
Added Pin To Net: NetName=-12V Pin=T2-10
Added Pin To Net: NetName=NetR45_1 Pin=T3-1
Added Pin To Net: NetName=NetR45_2 Pin=T3-2
Added Pin To Net: NetName=NetR43_1 Pin=T3-3
Added Pin To Net: NetName=BAT_GND Pin=T3-5
Added Pin To Net: NetName=-12V Pin=T3-6
Added Pin To Net: NetName=NetC15_1 Pin=T3-10
Added Pin To Net: NetName=NetT4_1 Pin=T4-1
Added Pin To Net: NetName=NetT4_2 Pin=T4-2
Added Pin To Net: NetName=V_BAT Pin=T4-3
Added Pin To Net: NetName=NetC9_2 Pin=T4-4
Added Pin To Net: NetName=NetC36_2 Pin=T4-5
Added Pin To Net: NetName=NetR60_1 Pin=T5-1
Added Pin To Net: NetName=GND_HV Pin=T5-2
Added Pin To Net: NetName=NetR77_1 Pin=T5-3
Added Pin To Net: NetName=NetC36_2 Pin=T5-5
Added Pin To Net: NetName=NetC37_1 Pin=T5-6
Added Pin To Net: NetName=-12V Pin=T5-10
Added Pin To Net: NetName=NetR64_1 Pin=T6-1
Added Pin To Net: NetName=NetR64_2 Pin=T6-2
Added Pin To Net: NetName=NetR63_1 Pin=T6-3
Added Pin To Net: NetName=BAT_GND Pin=T6-5
Added Pin To Net: NetName=-12V Pin=T6-6
Added Pin To Net: NetName=NetC34_2 Pin=T6-10
Added Pin To Net: NetName=NetTP6_1 Pin=TP6-1
Add Pin To Net: Unknown Pin: Pin U5-1
Add Pin To Net: Unknown Pin: Pin U5-2
Add Pin To Net: Unknown Pin: Pin U5-3
Add Pin To Net: Unknown Pin: Pin U5-4
Add Pin To Net: Unknown Pin: Pin VD12-1
Add Pin To Net: Unknown Pin: Pin VD12-2
Add Pin To Net: Unknown Pin: Pin VD12-3
Add Pin To Net: Unknown Pin: Pin VD13-1
Add Pin To Net: Unknown Pin: Pin VD13-2
Add Pin To Net: Unknown Pin: Pin VD14-1
Add Pin To Net: Unknown Pin: Pin VD14-2
Add Pin To Net: Unknown Pin: Pin VD15-1
Add Pin To Net: Unknown Pin: Pin VD15-2
Add Pin To Net: Unknown Pin: Pin VD16-1
Add Pin To Net: Unknown Pin: Pin VD16-2
Add Pin To Net: Unknown Pin: Pin VD17-1
Add Pin To Net: Unknown Pin: Pin VD17-2
Add Pin To Net: Unknown Pin: Pin VD18-1
Add Pin To Net: Unknown Pin: Pin VD18-2
Add Pin To Net: Unknown Pin: Pin VD19-1
Add Pin To Net: Unknown Pin: Pin VD19-2
Add Pin To Net: Unknown Pin: Pin VD20-1
Add Pin To Net: Unknown Pin: Pin VD20-2
Add Pin To Net: Unknown Pin: Pin VD21-1
Add Pin To Net: Unknown Pin: Pin VD21-2
Add Pin To Net: Unknown Pin: Pin VD22-1
Add Pin To Net: Unknown Pin: Pin VD22-2
Add Pin To Net: Unknown Pin: Pin VD23-1
Add Pin To Net: Unknown Pin: Pin VD23-2
Add Pin To Net: Unknown Pin: Pin VD23-3
Add Pin To Net: Unknown Pin: Pin VD24-1
Add Pin To Net: Unknown Pin: Pin VD24-2
Add Pin To Net: Unknown Pin: Pin VD25-1
Add Pin To Net: Unknown Pin: Pin VD25-2
Add Pin To Net: Unknown Pin: Pin VD26-1
Add Pin To Net: Unknown Pin: Pin VD26-2
Add Pin To Net: Unknown Pin: Pin VD26-3
Add Pin To Net: Unknown Pin: Pin VD27-1
Add Pin To Net: Unknown Pin: Pin VD27-2
Add Pin To Net: Unknown Pin: Pin VD27-3
Add Pin To Net: Unknown Pin: Pin VD28-1
Add Pin To Net: Unknown Pin: Pin VD28-2
Add Pin To Net: Unknown Pin: Pin VD29-1
Add Pin To Net: Unknown Pin: Pin VD29-2
Add Pin To Net: Unknown Pin: Pin VD30-1
Add Pin To Net: Unknown Pin: Pin VD30-2
Add Pin To Net: Unknown Pin: Pin VD31-1
Add Pin To Net: Unknown Pin: Pin VD31-2
Add Pin To Net: Unknown Pin: Pin VD32-1
Add Pin To Net: Unknown Pin: Pin VD32-2
Add Pin To Net: Unknown Pin: Pin VD33-1
Add Pin To Net: Unknown Pin: Pin VD33-2
Add Pin To Net: Unknown Pin: Pin VD34-1
Add Pin To Net: Unknown Pin: Pin VD34-2
Add Pin To Net: Unknown Pin: Pin VD35-1
Add Pin To Net: Unknown Pin: Pin VD35-2
Add Pin To Net: Unknown Pin: Pin VT5-1
Add Pin To Net: Unknown Pin: Pin VT5-2
Add Pin To Net: Unknown Pin: Pin VT5-3
Add Pin To Net: Unknown Pin: Pin VT6-1
Add Pin To Net: Unknown Pin: Pin VT6-2
Add Pin To Net: Unknown Pin: Pin VT6-3
Add Pin To Net: Unknown Pin: Pin VT7-1
Add Pin To Net: Unknown Pin: Pin VT7-2
Add Pin To Net: Unknown Pin: Pin VT7-3
Add Pin To Net: Unknown Pin: Pin VT8-1
Add Pin To Net: Unknown Pin: Pin VT8-2
Add Pin To Net: Unknown Pin: Pin VT8-3
Add Pin To Net: Unknown Pin: Pin VT9-1
Add Pin To Net: Unknown Pin: Pin VT9-2
Add Pin To Net: Unknown Pin: Pin VT9-3
Add Pin To Net: Unknown Pin: Pin VT10-1
Add Pin To Net: Unknown Pin: Pin VT10-2
Add Pin To Net: Unknown Pin: Pin VT10-3
Add Pin To Net: Unknown Pin: Pin VT11-1
Add Pin To Net: Unknown Pin: Pin VT11-2
Add Pin To Net: Unknown Pin: Pin VT11-3
Add Pin To Net: Unknown Pin: Pin VT12-1
Add Pin To Net: Unknown Pin: Pin VT12-2
Add Pin To Net: Unknown Pin: Pin VT12-3
Add Pin To Net: Unknown Pin: Pin VT13-1
Add Pin To Net: Unknown Pin: Pin VT13-2
Add Pin To Net: Unknown Pin: Pin VT13-3
Add Pin To Net: Unknown Pin: Pin VT14-1
Add Pin To Net: Unknown Pin: Pin VT14-2
Add Pin To Net: Unknown Pin: Pin VT14-3
Add Pin To Net: Unknown Pin: Pin VT15-1
Add Pin To Net: Unknown Pin: Pin VT15-2
Add Pin To Net: Unknown Pin: Pin VT15-3
Add Pin To Net: Unknown Pin: Pin VT16-1
Add Pin To Net: Unknown Pin: Pin VT16-2
Add Pin To Net: Unknown Pin: Pin VT16-3
Add Pin To Net: Unknown Pin: Pin VT17-1
Add Pin To Net: Unknown Pin: Pin VT17-2
Add Pin To Net: Unknown Pin: Pin VT17-3
Add Pin To Net: Unknown Pin: Pin VT18-1
Add Pin To Net: Unknown Pin: Pin VT18-2
Add Pin To Net: Unknown Pin: Pin VT18-3
Add Pin To Net: Unknown Pin: Pin VT19-1
Add Pin To Net: Unknown Pin: Pin VT19-2
Add Pin To Net: Unknown Pin: Pin VT19-3
Add Pin To Net: Unknown Pin: Pin VT20-1
Add Pin To Net: Unknown Pin: Pin VT20-2
Add Pin To Net: Unknown Pin: Pin VT20-3
Add Pin To Net: Unknown Pin: Pin VT21-1
Add Pin To Net: Unknown Pin: Pin VT21-2
Add Pin To Net: Unknown Pin: Pin VT21-3
Add Pin To Net: Unknown Pin: Pin VT22-1
Add Pin To Net: Unknown Pin: Pin VT22-2
Add Pin To Net: Unknown Pin: Pin VT22-3
Add Pin To Net: Unknown Pin: Pin VT23-1
Add Pin To Net: Unknown Pin: Pin VT23-2
Add Pin To Net: Unknown Pin: Pin VT23-3
Add Pin To Net: Unknown Pin: Pin VT24-1
Add Pin To Net: Unknown Pin: Pin VT24-2
Add Pin To Net: Unknown Pin: Pin VT24-3
Add Pin To Net: Unknown Pin: Pin VT25-1
Add Pin To Net: Unknown Pin: Pin VT25-2
Add Pin To Net: Unknown Pin: Pin VT25-3
Add Pin To Net: Unknown Pin: Pin VT26-1
Add Pin To Net: Unknown Pin: Pin VT26-2
Add Pin To Net: Unknown Pin: Pin VT26-3
Add Pin To Net: Unknown Pin: Pin VT27-1
Add Pin To Net: Unknown Pin: Pin VT27-2
Add Pin To Net: Unknown Pin: Pin VT27-3
Add Pin To Net: Unknown Pin: Pin VT28-1
Add Pin To Net: Unknown Pin: Pin VT28-2
Add Pin To Net: Unknown Pin: Pin VT28-3
Add Pin To Net: Unknown Pin: Pin VT29-1
Add Pin To Net: Unknown Pin: Pin VT29-2
Add Pin To Net: Unknown Pin: Pin VT29-3
Add Pin To Net: Unknown Pin: Pin VT30-1
Add Pin To Net: Unknown Pin: Pin VT30-2
Add Pin To Net: Unknown Pin: Pin VT30-3
Add Pin To Net: Unknown Pin: Pin VT31-1
Add Pin To Net: Unknown Pin: Pin VT31-2
Add Pin To Net: Unknown Pin: Pin VT31-3
Add Pin To Net: Unknown Pin: Pin VT32-1
Add Pin To Net: Unknown Pin: Pin VT32-2
Add Pin To Net: Unknown Pin: Pin VT32-3
Added Pin To Net: NetName=V_BAT Pin=X1-1
Added Pin To Net: NetName=V_BAT Pin=X1-1
Added Pin To Net: NetName=V_BAT Pin=X1-1
Added Pin To Net: NetName=V_BAT Pin=X1-1
Added Pin To Net: NetName=V_BAT Pin=X1-1
Added Pin To Net: NetName=V_BAT Pin=X1-1
Added Pin To Net: NetName=V_BAT Pin=X1-1
Added Pin To Net: NetName=BAT_GND Pin=X2-1
Added Pin To Net: NetName=BAT_GND Pin=X2-1
Added Pin To Net: NetName=BAT_GND Pin=X2-1
Added Pin To Net: NetName=BAT_GND Pin=X2-1
Added Pin To Net: NetName=BAT_GND Pin=X2-1
Added Pin To Net: NetName=BAT_GND Pin=X2-1
Added Pin To Net: NetName=BAT_GND Pin=X2-1
Added Member To Class: ClassName=Inverter_540VDC_V2 Member=Component C3 CAP-POLAR
Added Member To Class: ClassName=Inverter_540VDC_V2 Member=Component C4 CAP-POLAR
Added Member To Class: ClassName=Inverter_540VDC_V2 Member=Component C5 CAP-POLAR
Added Member To Class: ClassName=Inverter_540VDC_V2 Member=Component C6 CAP-POLAR
Added Member To Class: ClassName=Inverter_540VDC_V2 Member=Component C7 CAP-POLAR
Added Member To Class: ClassName=Inverter_540VDC_V2 Member=Component C8 CAP-POLAR
Added Member To Class: ClassName=Inverter_540VDC_V2 Member=Component C9 CAP-NON-POLAR
Added Member To Class: ClassName=Inverter_540VDC_V2 Member=Component C10 CAP-POLAR
Added Member To Class: ClassName=Inverter_540VDC_V2 Member=Component C11 CAP-NON-POLAR
Added Member To Class: ClassName=Inverter_540VDC_V2 Member=Component C12 100nF
Added Member To Class: ClassName=Inverter_540VDC_V2 Member=Component C13 100nF
Added Member To Class: ClassName=Inverter_540VDC_V2 Member=Component C14 CAP-NON-POLAR
Added Member To Class: ClassName=Inverter_540VDC_V2 Member=Component C15 100nF
Added Member To Class: ClassName=Inverter_540VDC_V2 Member=Component C16 100nF
Added Member To Class: ClassName=Inverter_540VDC_V2 Member=Component C31 100nF
Added Member To Class: ClassName=Inverter_540VDC_V2 Member=Component C32 100nF
Added Member To Class: ClassName=Inverter_540VDC_V2 Member=Component C33 100nF
Added Member To Class: ClassName=Inverter_540VDC_V2 Member=Component C34 100nF
Added Member To Class: ClassName=Inverter_540VDC_V2 Member=Component C35 100nF
Added Member To Class: ClassName=Inverter_540VDC_V2 Member=Component C36 CAP-NON-POLAR
Added Member To Class: ClassName=Inverter_540VDC_V2 Member=Component C37 100nF
Added Member To Class: ClassName=Inverter_540VDC_V2 Member=Component C38 100nF
Added Member To Class: ClassName=Inverter_540VDC_V2 Member=Component C39 CAP-NON-POLAR
Added Member To Class: ClassName=Inverter_540VDC_V2 Member=Component C40 100nF
Added Member To Class: ClassName=Inverter_540VDC_V2 Member=Component C41 100nF
Added Member To Class: ClassName=Inverter_540VDC_V2 Member=Component C42 CAP-NON-POLAR
Add Class Member: Failed to add class member : Component DD1 SG3525
Added Member To Class: ClassName=Inverter_540VDC_V2 Member=Component L1 IND-CONST
Added Member To Class: ClassName=Inverter_540VDC_V2 Member=Component R8 1M
Added Member To Class: ClassName=Inverter_540VDC_V2 Member=Component R9 1M
Added Member To Class: ClassName=Inverter_540VDC_V2 Member=Component R10 1M
Added Member To Class: ClassName=Inverter_540VDC_V2 Member=Component R11 1M
Added Member To Class: ClassName=Inverter_540VDC_V2 Member=Component R12 1M
Added Member To Class: ClassName=Inverter_540VDC_V2 Member=Component R13 1M
Added Member To Class: ClassName=Inverter_540VDC_V2 Member=Component R14 1M
Added Member To Class: ClassName=Inverter_540VDC_V2 Member=Component R15 1M
Added Member To Class: ClassName=Inverter_540VDC_V2 Member=Component R16 1M
Added Member To Class: ClassName=Inverter_540VDC_V2 Member=Component R17 10
Added Member To Class: ClassName=Inverter_540VDC_V2 Member=Component R18 1M
Added Member To Class: ClassName=Inverter_540VDC_V2 Member=Component R19 RES-CONST
Added Member To Class: ClassName=Inverter_540VDC_V2 Member=Component R20 RES-CONST
Added Member To Class: ClassName=Inverter_540VDC_V2 Member=Component R21 RES-CONST
Added Member To Class: ClassName=Inverter_540VDC_V2 Member=Component R22 RES-CONST
Added Member To Class: ClassName=Inverter_540VDC_V2 Member=Component R28 RES-CONST
Added Member To Class: ClassName=Inverter_540VDC_V2 Member=Component R29 RES-CONST
Added Member To Class: ClassName=Inverter_540VDC_V2 Member=Component R33 RES-CONST
Added Member To Class: ClassName=Inverter_540VDC_V2 Member=Component R34 RES-CONST
Added Member To Class: ClassName=Inverter_540VDC_V2 Member=Component R35 RES-CONST
Added Member To Class: ClassName=Inverter_540VDC_V2 Member=Component R36 RES-CONST
Added Member To Class: ClassName=Inverter_540VDC_V2 Member=Component R39 RES-CONST
Added Member To Class: ClassName=Inverter_540VDC_V2 Member=Component R40 1K
Added Member To Class: ClassName=Inverter_540VDC_V2 Member=Component R41 RES-CONST
Added Member To Class: ClassName=Inverter_540VDC_V2 Member=Component R42 10
Added Member To Class: ClassName=Inverter_540VDC_V2 Member=Component R43 100
Added Member To Class: ClassName=Inverter_540VDC_V2 Member=Component R44 100
Added Member To Class: ClassName=Inverter_540VDC_V2 Member=Component R45 RES-CONST
Added Member To Class: ClassName=Inverter_540VDC_V2 Member=Component R46 RES-CONST
Added Member To Class: ClassName=Inverter_540VDC_V2 Member=Component R47 RES-CONST
Added Member To Class: ClassName=Inverter_540VDC_V2 Member=Component R48 RES-CONST
Added Member To Class: ClassName=Inverter_540VDC_V2 Member=Component R49 RES-CONST
Added Member To Class: ClassName=Inverter_540VDC_V2 Member=Component R50 RES-CONST
Added Member To Class: ClassName=Inverter_540VDC_V2 Member=Component R51 1K
Added Member To Class: ClassName=Inverter_540VDC_V2 Member=Component R52 10K
Added Member To Class: ClassName=Inverter_540VDC_V2 Member=Component R53 RES-CONST
Added Member To Class: ClassName=Inverter_540VDC_V2 Member=Component R54 RES-CONST
Added Member To Class: ClassName=Inverter_540VDC_V2 Member=Component R55 RES-CONST
Added Member To Class: ClassName=Inverter_540VDC_V2 Member=Component R56 RES-CONST
Added Member To Class: ClassName=Inverter_540VDC_V2 Member=Component R57 RES-CONST
Added Member To Class: ClassName=Inverter_540VDC_V2 Member=Component R58 10K
Added Member To Class: ClassName=Inverter_540VDC_V2 Member=Component R59 1K
Added Member To Class: ClassName=Inverter_540VDC_V2 Member=Component R60 RES-CONST
Added Member To Class: ClassName=Inverter_540VDC_V2 Member=Component R61 4K2
Added Member To Class: ClassName=Inverter_540VDC_V2 Member=Component R62 10
Added Member To Class: ClassName=Inverter_540VDC_V2 Member=Component R63 100
Added Member To Class: ClassName=Inverter_540VDC_V2 Member=Component R64 RES-CONST
Added Member To Class: ClassName=Inverter_540VDC_V2 Member=Component R65 100
Added Member To Class: ClassName=Inverter_540VDC_V2 Member=Component R66 RES-CONST
Added Member To Class: ClassName=Inverter_540VDC_V2 Member=Component R67 RES-CONST
Added Member To Class: ClassName=Inverter_540VDC_V2 Member=Component R68 RES-CONST
Added Member To Class: ClassName=Inverter_540VDC_V2 Member=Component R69 RES-CONST
Added Member To Class: ClassName=Inverter_540VDC_V2 Member=Component R70 RES-CONST
Added Member To Class: ClassName=Inverter_540VDC_V2 Member=Component R71 RES-CONST
Added Member To Class: ClassName=Inverter_540VDC_V2 Member=Component R72 RES-CONST
Added Member To Class: ClassName=Inverter_540VDC_V2 Member=Component R73 100
Added Member To Class: ClassName=Inverter_540VDC_V2 Member=Component R74 10
Added Member To Class: ClassName=Inverter_540VDC_V2 Member=Component R75 1K
Added Member To Class: ClassName=Inverter_540VDC_V2 Member=Component R76 RES-CONST
Added Member To Class: ClassName=Inverter_540VDC_V2 Member=Component R77 RES-CONST
Added Member To Class: ClassName=Inverter_540VDC_V2 Member=Component R78 RES-CONST
Added Member To Class: ClassName=Inverter_540VDC_V2 Member=Component R79 RES-CONST
Added Member To Class: ClassName=Inverter_540VDC_V2 Member=Component T2 TRANS_EE16
Added Member To Class: ClassName=Inverter_540VDC_V2 Member=Component T3 TRANS_EE16
Added Member To Class: ClassName=Inverter_540VDC_V2 Member=Component T4 TRANS_EE55
Added Member To Class: ClassName=Inverter_540VDC_V2 Member=Component T5 TRANS_EE16
Added Member To Class: ClassName=Inverter_540VDC_V2 Member=Component T6 TRANS_EE16
Added Member To Class: ClassName=Inverter_540VDC_V2 Member=Component TP6 Test_Point_PCB
Add Class Member: Failed to add class member : Component U5 PC817
Add Class Member: Failed to add class member : Component VD12 BAT54S
Add Class Member: Failed to add class member : Component VD13 J3 16V
Add Class Member: Failed to add class member : Component VD14 1N4148
Add Class Member: Failed to add class member : Component VD15 J3 16V
Add Class Member: Failed to add class member : Component VD16 1N4148
Add Class Member: Failed to add class member : Component VD17 J3 16V
Add Class Member: Failed to add class member : Component VD18 1N4148
Add Class Member: Failed to add class member : Component VD19 J3 16V
Add Class Member: Failed to add class member : Component VD20 1N4148
Add Class Member: Failed to add class member : Component VD21 J3 16V
Add Class Member: Failed to add class member : Component VD22 J3 16V
Add Class Member: Failed to add class member : Component VD23 BAT54S
Add Class Member: Failed to add class member : Component VD24 J3 16V
Add Class Member: Failed to add class member : Component VD25 J3 16V
Add Class Member: Failed to add class member : Component VD26 BAT54S
Add Class Member: Failed to add class member : Component VD27 BAT54S
Add Class Member: Failed to add class member : Component VD28 J3 16V
Add Class Member: Failed to add class member : Component VD29 1N4148
Add Class Member: Failed to add class member : Component VD30 1N4148
Add Class Member: Failed to add class member : Component VD31 1N4148
Add Class Member: Failed to add class member : Component VD32 J3 16V
Add Class Member: Failed to add class member : Component VD33 J3 16V
Add Class Member: Failed to add class member : Component VD34 1N4148
Add Class Member: Failed to add class member : Component VD35 J3 16V
Add Class Member: Failed to add class member : Component VT5 2SC2655l
Add Class Member: Failed to add class member : Component VT6 YGW40N65F1
Add Class Member: Failed to add class member : Component VT7 2SA1020
Add Class Member: Failed to add class member : Component VT8 YGW40N65F1
Add Class Member: Failed to add class member : Component VT9 2SC2655l
Add Class Member: Failed to add class member : Component VT10 2SC2655l
Add Class Member: Failed to add class member : Component VT11 NCE82H140
Add Class Member: Failed to add class member : Component VT12 NCE82H140
Add Class Member: Failed to add class member : Component VT13 NCE82H140
Add Class Member: Failed to add class member : Component VT14 NCE82H140
Add Class Member: Failed to add class member : Component VT15 NCE82H140
Add Class Member: Failed to add class member : Component VT16 2SA1020
Add Class Member: Failed to add class member : Component VT17 2SA1020
Add Class Member: Failed to add class member : Component VT18 AO3404
Add Class Member: Failed to add class member : Component VT19 AO3404
Add Class Member: Failed to add class member : Component VT20 NCE82H140
Add Class Member: Failed to add class member : Component VT21 2SA1020
Add Class Member: Failed to add class member : Component VT22 2SA1020
Add Class Member: Failed to add class member : Component VT23 NCE82H140
Add Class Member: Failed to add class member : Component VT24 NCE82H140
Add Class Member: Failed to add class member : Component VT25 NCE82H140
Add Class Member: Failed to add class member : Component VT26 NCE82H140
Add Class Member: Failed to add class member : Component VT27 2SA1020
Add Class Member: Failed to add class member : Component VT28 2SC2655l
Add Class Member: Failed to add class member : Component VT29 2SC2655l
Add Class Member: Failed to add class member : Component VT30 YGW40N65F1
Add Class Member: Failed to add class member : Component VT31 2SC2655l
Add Class Member: Failed to add class member : Component VT32 YGW40N65F1
Added Member To Class: ClassName=Inverter_540VDC_V2 Member=Component X1 V_BAT
Added Member To Class: ClassName=Inverter_540VDC_V2 Member=Component X2 BAT_GND
