Add Component: Footprint Not Found SO16-150
Add Component: Footprint Not Found 4-SMD
Add Component: Footprint Not Found SOT23-3
Add Component: Footprint Not Found SOD-123
Add Component: Footprint Not Found SOD-123
Add Component: Footprint Not Found SOD-123
Add Component: Footprint Not Found SOD-123
Add Component: Footprint Not Found SOD-123
Add Component: Footprint Not Found SOD-123
Add Component: Footprint Not Found SOD-123
Add Component: Footprint Not Found SOD-123
Add Component: Footprint Not Found SOD-123
Add Component: Footprint Not Found SOD-123
Add Component: Footprint Not Found SOT23-3
Add Component: Footprint Not Found SOD-123
Add Component: Footprint Not Found SOD-123
Add Component: Footprint Not Found SOT23-3
Add Component: Footprint Not Found SOT23-3
Add Component: Footprint Not Found SOD-123
Add Component: Footprint Not Found SOD-123
Add Component: Footprint Not Found SOD-123
Add Component: Footprint Not Found SOD-123
Add Component: Footprint Not Found SOD-123
Add Component: Footprint Not Found SOD-123
Add Component: Footprint Not Found SOD-123
Add Component: Footprint Not Found SOD-123
Added Component: Designator=VT5(SOT23-3)
Added Component: Designator=VT6(TO-92)
Added Component: Designator=VT7(TO-92)
Added Component: Designator=VT8(TO-92)
Added Component: Designator=VT9(SOT23-3)
Added Component: Designator=VT10(SOT23-3)
Added Component: Designator=VT11(TO-220-3)
Added Component: Designator=VT12(TO-220-3)
Added Component: Designator=VT13(TO-220-3)
Added Component: Designator=VT14(TO-220-3)
Added Component: Designator=VT15(TO-220-3)
Added Component: Designator=VT16(TO-92)
Added Component: Designator=VT17(TO-92)
Added Component: Designator=VT18(SOT23-3)
Added Component: Designator=VT19(SOT23-3)
Added Component: Designator=VT20(TO-220-3)
Added Component: Designator=VT21(TO-92)
Added Component: Designator=VT22(TO-92)
Added Component: Designator=VT23(TO-220-3)
Added Component: Designator=VT24(TO-220-3)
Added Component: Designator=VT25(TO-220-3)
Added Component: Designator=VT26(TO-220-3)
Added Component: Designator=VT27(TO-92)
Added Component: Designator=VT28(SOT23-3)
Added Component: Designator=VT29(SOT23-3)
Added Component: Designator=VT30(TO-92)
Added Component: Designator=VT31(SOT23-3)
Added Component: Designator=VT32(TO-92)
Add Pin To Net: Unknown Pin: Pin DD1-1
Add Pin To Net: Unknown Pin: Pin DD1-2
Add Pin To Net: Unknown Pin: Pin DD1-3
Add Pin To Net: Unknown Pin: Pin DD1-5
Add Pin To Net: Unknown Pin: Pin DD1-6
Add Pin To Net: Unknown Pin: Pin DD1-7
Add Pin To Net: Unknown Pin: Pin DD1-8
Add Pin To Net: Unknown Pin: Pin DD1-9
Add Pin To Net: Unknown Pin: Pin DD1-10
Add Pin To Net: Unknown Pin: Pin DD1-11
Add Pin To Net: Unknown Pin: Pin DD1-12
Add Pin To Net: Unknown Pin: Pin DD1-13
Add Pin To Net: Unknown Pin: Pin DD1-14
Add Pin To Net: Unknown Pin: Pin DD1-15
Add Pin To Net: Unknown Pin: Pin DD1-16
Add Pin To Net: Unknown Pin: Pin U5-1
Add Pin To Net: Unknown Pin: Pin U5-2
Add Pin To Net: Unknown Pin: Pin U5-3
Add Pin To Net: Unknown Pin: Pin U5-4
Add Pin To Net: Unknown Pin: Pin VD12-1
Add Pin To Net: Unknown Pin: Pin VD12-2
Add Pin To Net: Unknown Pin: Pin VD12-3
Add Pin To Net: Unknown Pin: Pin VD13-1
Add Pin To Net: Unknown Pin: Pin VD13-2
Add Pin To Net: Unknown Pin: Pin VD14-1
Add Pin To Net: Unknown Pin: Pin VD14-2
Add Pin To Net: Unknown Pin: Pin VD15-1
Add Pin To Net: Unknown Pin: Pin VD15-2
Add Pin To Net: Unknown Pin: Pin VD16-1
Add Pin To Net: Unknown Pin: Pin VD16-2
Add Pin To Net: Unknown Pin: Pin VD17-1
Add Pin To Net: Unknown Pin: Pin VD17-2
Add Pin To Net: Unknown Pin: Pin VD18-1
Add Pin To Net: Unknown Pin: Pin VD18-2
Add Pin To Net: Unknown Pin: Pin VD19-1
Add Pin To Net: Unknown Pin: Pin VD19-2
Add Pin To Net: Unknown Pin: Pin VD20-1
Add Pin To Net: Unknown Pin: Pin VD20-2
Add Pin To Net: Unknown Pin: Pin VD21-1
Add Pin To Net: Unknown Pin: Pin VD21-2
Add Pin To Net: Unknown Pin: Pin VD22-1
Add Pin To Net: Unknown Pin: Pin VD22-2
Add Pin To Net: Unknown Pin: Pin VD23-1
Add Pin To Net: Unknown Pin: Pin VD23-2
Add Pin To Net: Unknown Pin: Pin VD23-3
Add Pin To Net: Unknown Pin: Pin VD24-1
Add Pin To Net: Unknown Pin: Pin VD24-2
Add Pin To Net: Unknown Pin: Pin VD25-1
Add Pin To Net: Unknown Pin: Pin VD25-2
Add Pin To Net: Unknown Pin: Pin VD26-1
Add Pin To Net: Unknown Pin: Pin VD26-2
Add Pin To Net: Unknown Pin: Pin VD26-3
Add Pin To Net: Unknown Pin: Pin VD27-1
Add Pin To Net: Unknown Pin: Pin VD27-2
Add Pin To Net: Unknown Pin: Pin VD27-3
Add Pin To Net: Unknown Pin: Pin VD28-1
Add Pin To Net: Unknown Pin: Pin VD28-2
Add Pin To Net: Unknown Pin: Pin VD29-1
Add Pin To Net: Unknown Pin: Pin VD29-2
Add Pin To Net: Unknown Pin: Pin VD30-1
Add Pin To Net: Unknown Pin: Pin VD30-2
Add Pin To Net: Unknown Pin: Pin VD31-1
Add Pin To Net: Unknown Pin: Pin VD31-2
Add Pin To Net: Unknown Pin: Pin VD32-1
Add Pin To Net: Unknown Pin: Pin VD32-2
Add Pin To Net: Unknown Pin: Pin VD33-1
Add Pin To Net: Unknown Pin: Pin VD33-2
Add Pin To Net: Unknown Pin: Pin VD34-1
Add Pin To Net: Unknown Pin: Pin VD34-2
Add Pin To Net: Unknown Pin: Pin VD35-1
Add Pin To Net: Unknown Pin: Pin VD35-2
Added Pin To Net: NetName=NetVD12_1 Pin=VT5-1
Added Pin To Net: NetName=+12V Pin=VT5-2
Added Pin To Net: NetName=NetR17_2 Pin=VT5-3
Added Pin To Net: NetName=NetR19_2 Pin=VT6-1
Added Pin To Net: NetName=NetC9_2 Pin=VT6-2
Added Pin To Net: NetName=GND_HV Pin=VT6-3
Added Pin To Net: NetName=NetVD12_1 Pin=VT7-1
Added Pin To Net: NetName=-12V Pin=VT7-2
Added Pin To Net: NetName=NetR17_2 Pin=VT7-3
Added Pin To Net: NetName=NetR28_2 Pin=VT8-1
Added Pin To Net: NetName=VCC_HV Pin=VT8-2
Added Pin To Net: NetName=NetC9_2 Pin=VT8-3
Added Pin To Net: NetName=NetR29_2 Pin=VT9-1
Added Pin To Net: NetName=NetC13_2 Pin=VT9-2
Added Pin To Net: NetName=NetR42_2 Pin=VT9-3
Added Pin To Net: NetName=NetVD23_1 Pin=VT10-1
Added Pin To Net: NetName=+12V Pin=VT10-2
Added Pin To Net: NetName=NetR44_2 Pin=VT10-3
Added Pin To Net: NetName=NetR34_1 Pin=VT11-1
Added Pin To Net: NetName=NetT4_2 Pin=VT11-2
Added Pin To Net: NetName=BAT_GND Pin=VT11-3
Added Pin To Net: NetName=NetR35_1 Pin=VT12-1
Added Pin To Net: NetName=NetT4_2 Pin=VT12-2
Added Pin To Net: NetName=BAT_GND Pin=VT12-3
Added Pin To Net: NetName=NetR36_1 Pin=VT13-1
Added Pin To Net: NetName=NetT4_2 Pin=VT13-2
Added Pin To Net: NetName=BAT_GND Pin=VT13-3
Added Pin To Net: NetName=NetR29_1 Pin=VT14-1
Added Pin To Net: NetName=NetT4_2 Pin=VT14-2
Added Pin To Net: NetName=BAT_GND Pin=VT14-3
Added Pin To Net: NetName=NetR33_1 Pin=VT15-1
Added Pin To Net: NetName=NetT4_2 Pin=VT15-2
Added Pin To Net: NetName=BAT_GND Pin=VT15-3
Added Pin To Net: NetName=NetR29_2 Pin=VT16-1
Added Pin To Net: NetName=BAT_GND Pin=VT16-2
Added Pin To Net: NetName=NetR42_2 Pin=VT16-3
Added Pin To Net: NetName=NetVD23_1 Pin=VT17-1
Added Pin To Net: NetName=-12V Pin=VT17-2
Added Pin To Net: NetName=NetR44_2 Pin=VT17-3
Added Pin To Net: NetName=NetC31_2 Pin=VT18-1
Added Pin To Net: NetName=-12V Pin=VT18-2
Added Pin To Net: NetName=-12V Pin=VT18-3
Added Pin To Net: NetName=NetC31_2 Pin=VT19-1
Added Pin To Net: NetName=-12V Pin=VT19-2
Added Pin To Net: NetName=-12V Pin=VT19-3
Added Pin To Net: NetName=NetR53_1 Pin=VT20-1
Added Pin To Net: NetName=NetT4_1 Pin=VT20-2
Added Pin To Net: NetName=BAT_GND Pin=VT20-3
Added Pin To Net: NetName=NetR67_1 Pin=VT21-1
Added Pin To Net: NetName=BAT_GND Pin=VT21-2
Added Pin To Net: NetName=NetR62_2 Pin=VT21-3
Added Pin To Net: NetName=NetVD27_1 Pin=VT22-1
Added Pin To Net: NetName=-12V Pin=VT22-2
Added Pin To Net: NetName=NetR65_2 Pin=VT22-3
Added Pin To Net: NetName=NetR54_1 Pin=VT23-1
Added Pin To Net: NetName=NetT4_1 Pin=VT23-2
Added Pin To Net: NetName=BAT_GND Pin=VT23-3
Added Pin To Net: NetName=NetR55_1 Pin=VT24-1
Added Pin To Net: NetName=NetT4_1 Pin=VT24-2
Added Pin To Net: NetName=BAT_GND Pin=VT24-3
Added Pin To Net: NetName=NetR56_2 Pin=VT25-1
Added Pin To Net: NetName=NetT4_1 Pin=VT25-2
Added Pin To Net: NetName=BAT_GND Pin=VT25-3
Added Pin To Net: NetName=NetR57_1 Pin=VT26-1
Added Pin To Net: NetName=NetT4_1 Pin=VT26-2
Added Pin To Net: NetName=BAT_GND Pin=VT26-3
Added Pin To Net: NetName=NetVD26_1 Pin=VT27-1
Added Pin To Net: NetName=-12V Pin=VT27-2
Added Pin To Net: NetName=NetR74_2 Pin=VT27-3
Added Pin To Net: NetName=NetR67_1 Pin=VT28-1
Added Pin To Net: NetName=NetC38_2 Pin=VT28-2
Added Pin To Net: NetName=NetR62_2 Pin=VT28-3
Added Pin To Net: NetName=NetVD27_1 Pin=VT29-1
Added Pin To Net: NetName=+12V Pin=VT29-2
Added Pin To Net: NetName=NetR65_2 Pin=VT29-3
Added Pin To Net: NetName=NetR60_2 Pin=VT30-1
Added Pin To Net: NetName=NetC36_2 Pin=VT30-2
Added Pin To Net: NetName=GND_HV Pin=VT30-3
Added Pin To Net: NetName=NetVD26_1 Pin=VT31-1
Added Pin To Net: NetName=+12V Pin=VT31-2
Added Pin To Net: NetName=NetR74_2 Pin=VT31-3
Added Pin To Net: NetName=NetR77_2 Pin=VT32-1
Added Pin To Net: NetName=VCC_HV Pin=VT32-2
Added Pin To Net: NetName=NetC36_2 Pin=VT32-3
Add Class Member: Failed to add class member : Component DD1 SG3525
Add Class Member: Failed to add class member : Component U5 PC817
Add Class Member: Failed to add class member : Component VD12 BAT54S
Add Class Member: Failed to add class member : Component VD13 J3 16V
Add Class Member: Failed to add class member : Component VD14 1N4148
Add Class Member: Failed to add class member : Component VD15 J3 16V
Add Class Member: Failed to add class member : Component VD16 1N4148
Add Class Member: Failed to add class member : Component VD17 J3 16V
Add Class Member: Failed to add class member : Component VD18 1N4148
Add Class Member: Failed to add class member : Component VD19 J3 16V
Add Class Member: Failed to add class member : Component VD20 1N4148
Add Class Member: Failed to add class member : Component VD21 J3 16V
Add Class Member: Failed to add class member : Component VD22 J3 16V
Add Class Member: Failed to add class member : Component VD23 BAT54S
Add Class Member: Failed to add class member : Component VD24 J3 16V
Add Class Member: Failed to add class member : Component VD25 J3 16V
Add Class Member: Failed to add class member : Component VD26 BAT54S
Add Class Member: Failed to add class member : Component VD27 BAT54S
Add Class Member: Failed to add class member : Component VD28 J3 16V
Add Class Member: Failed to add class member : Component VD29 1N4148
Add Class Member: Failed to add class member : Component VD30 1N4148
Add Class Member: Failed to add class member : Component VD31 1N4148
Add Class Member: Failed to add class member : Component VD32 J3 16V
Add Class Member: Failed to add class member : Component VD33 J3 16V
Add Class Member: Failed to add class member : Component VD34 1N4148
Add Class Member: Failed to add class member : Component VD35 J3 16V
Added Member To Class: ClassName=Inverter_540VDC_V2 Member=Component VT5 2SC2655l
Added Member To Class: ClassName=Inverter_540VDC_V2 Member=Component VT6 YGW40N65F1
Added Member To Class: ClassName=Inverter_540VDC_V2 Member=Component VT7 2SA1020
Added Member To Class: ClassName=Inverter_540VDC_V2 Member=Component VT8 YGW40N65F1
Added Member To Class: ClassName=Inverter_540VDC_V2 Member=Component VT9 2SC2655l
Added Member To Class: ClassName=Inverter_540VDC_V2 Member=Component VT10 2SC2655l
Added Member To Class: ClassName=Inverter_540VDC_V2 Member=Component VT11 NCE82H140
Added Member To Class: ClassName=Inverter_540VDC_V2 Member=Component VT12 NCE82H140
Added Member To Class: ClassName=Inverter_540VDC_V2 Member=Component VT13 NCE82H140
Added Member To Class: ClassName=Inverter_540VDC_V2 Member=Component VT14 NCE82H140
Added Member To Class: ClassName=Inverter_540VDC_V2 Member=Component VT15 NCE82H140
Added Member To Class: ClassName=Inverter_540VDC_V2 Member=Component VT16 2SA1020
Added Member To Class: ClassName=Inverter_540VDC_V2 Member=Component VT17 2SA1020
Added Member To Class: ClassName=Inverter_540VDC_V2 Member=Component VT18 AO3404
Added Member To Class: ClassName=Inverter_540VDC_V2 Member=Component VT19 AO3404
Added Member To Class: ClassName=Inverter_540VDC_V2 Member=Component VT20 NCE82H140
Added Member To Class: ClassName=Inverter_540VDC_V2 Member=Component VT21 2SA1020
Added Member To Class: ClassName=Inverter_540VDC_V2 Member=Component VT22 2SA1020
Added Member To Class: ClassName=Inverter_540VDC_V2 Member=Component VT23 NCE82H140
Added Member To Class: ClassName=Inverter_540VDC_V2 Member=Component VT24 NCE82H140
Added Member To Class: ClassName=Inverter_540VDC_V2 Member=Component VT25 NCE82H140
Added Member To Class: ClassName=Inverter_540VDC_V2 Member=Component VT26 NCE82H140
Added Member To Class: ClassName=Inverter_540VDC_V2 Member=Component VT27 2SA1020
Added Member To Class: ClassName=Inverter_540VDC_V2 Member=Component VT28 2SC2655l
Added Member To Class: ClassName=Inverter_540VDC_V2 Member=Component VT29 2SC2655l
Added Member To Class: ClassName=Inverter_540VDC_V2 Member=Component VT30 YGW40N65F1
Added Member To Class: ClassName=Inverter_540VDC_V2 Member=Component VT31 2SC2655l
Added Member To Class: ClassName=Inverter_540VDC_V2 Member=Component VT32 YGW40N65F1
