Change Footprint: Footprint Not Found RES_SMD_1210_IPC_B
Change Footprint: Footprint Not Found RES_SMD_1210_IPC_B
Change Footprint: Footprint Not Found SOT-23-5
Change Footprint: Footprint Not Found SOT-23-5
Change Footprint: Footprint Not Found Pin_Test_Point(Pink)
Change Footprint: Footprint Not Found Pin_Test_Point(Pink)
Added Component: Designator=X3(CONN-PLS-4-2.54mm_1)
Added Component: Designator=X4(CONN-PLS-4-2.54mm_1)
Added Pin To Net: NetName=+5V Pin=X3-1
Added Pin To Net: NetName=OUT1_P Pin=X3-2
Added Pin To Net: NetName=OUT1_N Pin=X3-3
Added Pin To Net: NetName=GND Pin=X3-4
Added Pin To Net: NetName=+5V Pin=X4-1
Added Pin To Net: NetName=OUT2_N Pin=X4-2
Added Pin To Net: NetName=OUT2_P Pin=X4-3
Added Pin To Net: NetName=GND Pin=X4-4
Add Differential Pair: Number of nets in differential pair OUT1 is 1 instead of 2
Add Differential Pair: Number of nets in differential pair OUT2 is 1 instead of 2
Added Member To Class: ClassName=Inverter_540VDC_V2 Member=Component X3 CONN-4-PIN
Added Member To Class: ClassName=Inverter_540VDC_V2 Member=Component X4 CONN-4-PIN
