Add Component: Footprint Not Found SO16-150
Add Component: Footprint Not Found 4-SMD
Added Component: Designator=VD12(SOT23-3)
Added Component: Designator=VD13(SOD-123)
Added Component: Designator=VD14(SOD-123)
Added Component: Designator=VD15(SOD-123)
Added Component: Designator=VD16(SOD-123)
Added Component: Designator=VD17(SOD-123)
Added Component: Designator=VD18(SOD-123)
Added Component: Designator=VD19(SOD-123)
Added Component: Designator=VD20(SOD-123)
Added Component: Designator=VD21(SOD-123)
Added Component: Designator=VD22(SOD-123)
Added Component: Designator=VD23(SOT23-3)
Added Component: Designator=VD24(SOD-123)
Added Component: Designator=VD25(SOD-123)
Added Component: Designator=VD26(SOT23-3)
Added Component: Designator=VD27(SOT23-3)
Added Component: Designator=VD28(SOD-123)
Added Component: Designator=VD29(SOD-123)
Added Component: Designator=VD30(SOD-123)
Added Component: Designator=VD31(SOD-123)
Added Component: Designator=VD32(SOD-123)
Added Component: Designator=VD33(SOD-123)
Added Component: Designator=VD34(SOD-123)
Added Component: Designator=VD35(SOD-123)
Add Pin To Net: Unknown Pin: Pin DD1-1
Add Pin To Net: Unknown Pin: Pin DD1-2
Add Pin To Net: Unknown Pin: Pin DD1-3
Add Pin To Net: Unknown Pin: Pin DD1-5
Add Pin To Net: Unknown Pin: Pin DD1-6
Add Pin To Net: Unknown Pin: Pin DD1-7
Add Pin To Net: Unknown Pin: Pin DD1-8
Add Pin To Net: Unknown Pin: Pin DD1-9
Add Pin To Net: Unknown Pin: Pin DD1-10
Add Pin To Net: Unknown Pin: Pin DD1-11
Add Pin To Net: Unknown Pin: Pin DD1-12
Add Pin To Net: Unknown Pin: Pin DD1-13
Add Pin To Net: Unknown Pin: Pin DD1-14
Add Pin To Net: Unknown Pin: Pin DD1-15
Add Pin To Net: Unknown Pin: Pin DD1-16
Add Pin To Net: Unknown Pin: Pin U5-1
Add Pin To Net: Unknown Pin: Pin U5-2
Add Pin To Net: Unknown Pin: Pin U5-3
Add Pin To Net: Unknown Pin: Pin U5-4
Added Pin To Net: NetName=NetVD12_1 Pin=VD12-1
Added Pin To Net: NetName=+12V Pin=VD12-2
Added Pin To Net: NetName=-12V Pin=VD12-3
Added Pin To Net: NetName=NetVD13_1 Pin=VD13-1
Added Pin To Net: NetName=NetR19_1 Pin=VD13-2
Added Pin To Net: NetName=NetR19_1 Pin=VD14-1
Added Pin To Net: NetName=NetR21_1 Pin=VD14-2
Added Pin To Net: NetName=NetVD13_1 Pin=VD15-1
Added Pin To Net: NetName=GND_HV Pin=VD15-2
Added Pin To Net: NetName=-12V Pin=VD16-1
Added Pin To Net: NetName=NetC12_2 Pin=VD16-2
Added Pin To Net: NetName=NetVD17_1 Pin=VD17-1
Added Pin To Net: NetName=NetR28_1 Pin=VD17-2
Added Pin To Net: NetName=NetR28_1 Pin=VD18-1
Added Pin To Net: NetName=NetR39_1 Pin=VD18-2
Added Pin To Net: NetName=NetVD17_1 Pin=VD19-1
Added Pin To Net: NetName=NetC9_2 Pin=VD19-2
Added Pin To Net: NetName=-12V Pin=VD20-1
Added Pin To Net: NetName=NetC15_1 Pin=VD20-2
Added Pin To Net: NetName=NetVD21_1 Pin=VD21-1
Added Pin To Net: NetName=NetR42_1 Pin=VD21-2
Added Pin To Net: NetName=NetVD21_1 Pin=VD22-1
Added Pin To Net: NetName=NetVD22_2 Pin=VD22-2
Added Pin To Net: NetName=NetVD23_1 Pin=VD23-1
Added Pin To Net: NetName=+12V Pin=VD23-2
Added Pin To Net: NetName=-12V Pin=VD23-3
Added Pin To Net: NetName=NetVD24_1 Pin=VD24-1
Added Pin To Net: NetName=NetVD22_2 Pin=VD24-2
Added Pin To Net: NetName=NetVD24_1 Pin=VD25-1
Added Pin To Net: NetName=NetR62_1 Pin=VD25-2
Added Pin To Net: NetName=NetVD26_1 Pin=VD26-1
Added Pin To Net: NetName=+12V Pin=VD26-2
Added Pin To Net: NetName=-12V Pin=VD26-3
Added Pin To Net: NetName=NetVD27_1 Pin=VD27-1
Added Pin To Net: NetName=+12V Pin=VD27-2
Added Pin To Net: NetName=-12V Pin=VD27-3
Added Pin To Net: NetName=NetVD28_1 Pin=VD28-1
Added Pin To Net: NetName=NetR60_1 Pin=VD28-2
Added Pin To Net: NetName=-12V Pin=VD29-1
Added Pin To Net: NetName=NetC34_2 Pin=VD29-2
Added Pin To Net: NetName=NetR60_1 Pin=VD30-1
Added Pin To Net: NetName=NetR72_1 Pin=VD30-2
Added Pin To Net: NetName=-12V Pin=VD31-1
Added Pin To Net: NetName=NetC37_1 Pin=VD31-2
Added Pin To Net: NetName=NetVD28_1 Pin=VD32-1
Added Pin To Net: NetName=GND_HV Pin=VD32-2
Added Pin To Net: NetName=NetVD33_1 Pin=VD33-1
Added Pin To Net: NetName=NetR77_1 Pin=VD33-2
Added Pin To Net: NetName=NetR77_1 Pin=VD34-1
Added Pin To Net: NetName=NetR79_1 Pin=VD34-2
Added Pin To Net: NetName=NetVD33_1 Pin=VD35-1
Added Pin To Net: NetName=NetC36_2 Pin=VD35-2
Add Class Member: Failed to add class member : Component DD1 SG3525
Add Class Member: Failed to add class member : Component U5 PC817
Added Member To Class: ClassName=Inverter_540VDC_V2 Member=Component VD12 BAT54S
Added Member To Class: ClassName=Inverter_540VDC_V2 Member=Component VD13 J3 16V
Added Member To Class: ClassName=Inverter_540VDC_V2 Member=Component VD14 1N4148
Added Member To Class: ClassName=Inverter_540VDC_V2 Member=Component VD15 J3 16V
Added Member To Class: ClassName=Inverter_540VDC_V2 Member=Component VD16 1N4148
Added Member To Class: ClassName=Inverter_540VDC_V2 Member=Component VD17 J3 16V
Added Member To Class: ClassName=Inverter_540VDC_V2 Member=Component VD18 1N4148
Added Member To Class: ClassName=Inverter_540VDC_V2 Member=Component VD19 J3 16V
Added Member To Class: ClassName=Inverter_540VDC_V2 Member=Component VD20 1N4148
Added Member To Class: ClassName=Inverter_540VDC_V2 Member=Component VD21 J3 16V
Added Member To Class: ClassName=Inverter_540VDC_V2 Member=Component VD22 J3 16V
Added Member To Class: ClassName=Inverter_540VDC_V2 Member=Component VD23 BAT54S
Added Member To Class: ClassName=Inverter_540VDC_V2 Member=Component VD24 J3 16V
Added Member To Class: ClassName=Inverter_540VDC_V2 Member=Component VD25 J3 16V
Added Member To Class: ClassName=Inverter_540VDC_V2 Member=Component VD26 BAT54S
Added Member To Class: ClassName=Inverter_540VDC_V2 Member=Component VD27 BAT54S
Added Member To Class: ClassName=Inverter_540VDC_V2 Member=Component VD28 J3 16V
Added Member To Class: ClassName=Inverter_540VDC_V2 Member=Component VD29 1N4148
Added Member To Class: ClassName=Inverter_540VDC_V2 Member=Component VD30 1N4148
Added Member To Class: ClassName=Inverter_540VDC_V2 Member=Component VD31 1N4148
Added Member To Class: ClassName=Inverter_540VDC_V2 Member=Component VD32 J3 16V
Added Member To Class: ClassName=Inverter_540VDC_V2 Member=Component VD33 J3 16V
Added Member To Class: ClassName=Inverter_540VDC_V2 Member=Component VD34 1N4148
Added Member To Class: ClassName=Inverter_540VDC_V2 Member=Component VD35 J3 16V
