Change Component Designator: OldDesignator=C21 NewDesignator=C?
Change Component Designator: OldDesignator=C22 NewDesignator=C?
Change Component Designator: OldDesignator=C23 NewDesignator=C?
Change Component Designator: OldDesignator=C24 NewDesignator=C?
Change Component Designator: OldDesignator=C25 NewDesignator=C?
Change Component Designator: OldDesignator=C26 NewDesignator=C?
Change Component Designator: OldDesignator=C27 NewDesignator=C?
Change Component Designator: OldDesignator=C28 NewDesignator=C?
Change Component Designator: OldDesignator=C29 NewDesignator=C?
Change Component Designator: OldDesignator=C30 NewDesignator=C?
Change Component Designator: OldDesignator=C31 NewDesignator=C?
Change Component Designator: OldDesignator=C32 NewDesignator=C?
Change Component Designator: OldDesignator=C33 NewDesignator=C?
Change Component Designator: OldDesignator=C34 NewDesignator=C?
Change Component Designator: OldDesignator=C35 NewDesignator=C?
Change Component Designator: OldDesignator=C36 NewDesignator=C?
Change Component Designator: OldDesignator=C37 NewDesignator=C?
Change Component Designator: OldDesignator=C38 NewDesignator=C?
Change Component Designator: OldDesignator=C39 NewDesignator=C?
Change Component Designator: OldDesignator=C40 NewDesignator=C?
Change Component Designator: OldDesignator=C41 NewDesignator=C?
Change Component Designator: OldDesignator=C42 NewDesignator=C?
Change Component Designator: OldDesignator=C43 NewDesignator=C?
Change Component Designator: OldDesignator=C44 NewDesignator=C?
Change Component Designator: OldDesignator=C45 NewDesignator=C?
Change Component Designator: OldDesignator=C46 NewDesignator=C?
Change Component Designator: OldDesignator=C47 NewDesignator=C?
Change Component Designator: OldDesignator=C48 NewDesignator=C?
Change Component Designator: OldDesignator=C49 NewDesignator=C?
Change Component Designator: OldDesignator=C50 NewDesignator=C?
Change Component Designator: OldDesignator=C51 NewDesignator=C?
Change Component Designator: OldDesignator=C52 NewDesignator=C?
Change Component Designator: OldDesignator=C53 NewDesignator=C?
Change Component Designator: OldDesignator=C54 NewDesignator=C?
Change Component Designator: OldDesignator=C55 NewDesignator=C?
Change Component Designator: OldDesignator=D2 NewDesignator=D?
Change Component Designator: OldDesignator=D3 NewDesignator=D?
Change Component Designator: OldDesignator=D4 NewDesignator=D?
Change Component Designator: OldDesignator=J1 NewDesignator=J?
Change Component Designator: OldDesignator=JE1 NewDesignator=JE?
Change Component Designator: OldDesignator=L6 NewDesignator=L?
Change Component Designator: OldDesignator=L7 NewDesignator=L?
Change Component Designator: OldDesignator=L8 NewDesignator=L?
Change Component Designator: OldDesignator=L9 NewDesignator=L?
Change Component Designator: OldDesignator=P1 NewDesignator=P?
Change Component Designator: OldDesignator=R20 NewDesignator=R?
Change Component Designator: OldDesignator=R21 NewDesignator=R?
Change Component Designator: OldDesignator=R21 NewDesignator=R?
Change Component Designator: OldDesignator=R22 NewDesignator=R?
Change Component Designator: OldDesignator=R23 NewDesignator=R?
Change Component Designator: OldDesignator=R23 NewDesignator=R?
Change Component Designator: OldDesignator=R24 NewDesignator=R?
Change Component Designator: OldDesignator=R24 NewDesignator=R?
Change Component Designator: OldDesignator=R24 NewDesignator=R?
Change Component Designator: OldDesignator=R24 NewDesignator=R?
Change Component Designator: OldDesignator=R25 NewDesignator=R?
Change Component Designator: OldDesignator=R25 NewDesignator=R?
Change Component Designator: OldDesignator=R25 NewDesignator=R?
Change Component Designator: OldDesignator=R25 NewDesignator=R?
Change Component Designator: OldDesignator=R25 NewDesignator=R?
Change Component Designator: OldDesignator=R26 NewDesignator=R?
Change Component Designator: OldDesignator=R26 NewDesignator=R?
Change Component Designator: OldDesignator=R26 NewDesignator=R?
Change Component Designator: OldDesignator=R26 NewDesignator=R?
Change Component Designator: OldDesignator=R27 NewDesignator=R?
Change Component Designator: OldDesignator=R43 NewDesignator=R?
Change Component Designator: OldDesignator=R44 NewDesignator=R?
Change Component Designator: OldDesignator=R45 NewDesignator=R?
Change Component Designator: OldDesignator=R46 NewDesignator=R?
Change Component Designator: OldDesignator=R47 NewDesignator=R?
Change Component Designator: OldDesignator=R48 NewDesignator=R?
Change Component Designator: OldDesignator=R49 NewDesignator=R?
Change Component Designator: OldDesignator=R50 NewDesignator=R?
Change Component Designator: OldDesignator=R51 NewDesignator=R?
Change Component Designator: OldDesignator=R52 NewDesignator=R?
Change Component Designator: OldDesignator=R53 NewDesignator=R?
Change Component Designator: OldDesignator=R54 NewDesignator=R?
Change Component Designator: OldDesignator=R55 NewDesignator=R?
Change Component Designator: OldDesignator=R56 NewDesignator=R?
Change Component Designator: OldDesignator=R57 NewDesignator=R?
Change Component Designator: OldDesignator=R58 NewDesignator=R?
Change Component Designator: OldDesignator=R59 NewDesignator=R?
Change Component Designator: OldDesignator=R60 NewDesignator=R?
Change Component Designator: OldDesignator=R61 NewDesignator=R?
Change Component Designator: OldDesignator=R62 NewDesignator=R?
Change Component Designator: OldDesignator=R63 NewDesignator=R?
Change Component Designator: OldDesignator=R64 NewDesignator=R?
Change Component Designator: OldDesignator=R65 NewDesignator=R?
Change Component Designator: OldDesignator=R66 NewDesignator=R?
Change Component Designator: OldDesignator=R67 NewDesignator=R?
Change Component Designator: OldDesignator=R68 NewDesignator=R?
Change Component Designator: OldDesignator=R69 NewDesignator=R?
Change Component Designator: OldDesignator=R70 NewDesignator=R?
Change Component Designator: OldDesignator=R71 NewDesignator=R?
Change Component Designator: OldDesignator=R72 NewDesignator=R?
Change Component Designator: OldDesignator=R73 NewDesignator=R?
Change Component Designator: OldDesignator=R74 NewDesignator=R?
Change Component Designator: OldDesignator=R75 NewDesignator=R?
Change Component Designator: OldDesignator=R76 NewDesignator=R?
Change Component Designator: OldDesignator=R77 NewDesignator=R?
Change Component Designator: OldDesignator=R81 NewDesignator=R?
Change Component Designator: OldDesignator=R82 NewDesignator=R?
Change Component Designator: OldDesignator=R83 NewDesignator=R?
Change Component Designator: OldDesignator=R84 NewDesignator=R?
Change Component Designator: OldDesignator=TP3 NewDesignator=TP?
Change Component Designator: OldDesignator=TP23 NewDesignator=TP?
Change Component Designator: OldDesignator=TP24 NewDesignator=TP?
Change Component Designator: OldDesignator=TP25 NewDesignator=TP?
Change Component Designator: OldDesignator=TP26 NewDesignator=TP?
Change Component Designator: OldDesignator=TP27 NewDesignator=TP?
Change Component Designator: OldDesignator=TP28 NewDesignator=TP?
Change Component Designator: OldDesignator=TP30 NewDesignator=TP?
Change Component Designator: OldDesignator=TP31 NewDesignator=TP?
Change Component Designator: OldDesignator=TP32 NewDesignator=TP?
Change Component Designator: OldDesignator=TP33 NewDesignator=TP?
Change Component Designator: OldDesignator=TP34 NewDesignator=TP?
Change Component Designator: OldDesignator=TP35 NewDesignator=TP?
Change Component Designator: OldDesignator=TP36 NewDesignator=TP?
Change Component Designator: OldDesignator=TP37 NewDesignator=TP?
Change Component Designator: OldDesignator=TP38 NewDesignator=TP?
Change Component Designator: OldDesignator=TP39 NewDesignator=TP?
Change Component Designator: OldDesignator=TP41 NewDesignator=TP?
Change Component Designator: OldDesignator=TP42 NewDesignator=TP?
Change Component Designator: OldDesignator=TP43 NewDesignator=TP?
Change Component Designator: OldDesignator=TP44 NewDesignator=TP?
Change Component Designator: OldDesignator=TP45 NewDesignator=TP?
Change Component Designator: OldDesignator=TP46 NewDesignator=TP?
Change Component Designator: OldDesignator=TP47 NewDesignator=TP?
Change Component Designator: OldDesignator=TP48 NewDesignator=TP?
Change Component Designator: OldDesignator=TP49 NewDesignator=TP?
Change Component Designator: OldDesignator=TP50 NewDesignator=TP?
Change Component Designator: OldDesignator=TP51 NewDesignator=TP?
Change Component Designator: OldDesignator=U1 NewDesignator=U?
Change Component Designator: OldDesignator=U2 NewDesignator=U?
Change Component Designator: OldDesignator=U3 NewDesignator=U?
Change Component Designator: OldDesignator=U5 NewDesignator=U?
Change Component Designator: OldDesignator=U6 NewDesignator=U?
Change Component Designator: OldDesignator=U7 NewDesignator=U?
Change Component Designator: OldDesignator=U8 NewDesignator=U?
Change Component Designator: OldDesignator=U9 NewDesignator=U?
Change Component Designator: OldDesignator=U10 NewDesignator=U?
Change Component Designator: OldDesignator=VD13 NewDesignator=VD?
Change Component Designator: OldDesignator=X1 NewDesignator=X?
Change Component Designator: OldDesignator=X2 NewDesignator=X?
Change Component Designator: OldDesignator=X3 NewDesignator=X?
Change Component Designator: OldDesignator=X4 NewDesignator=X?
Change Component Designator: OldDesignator=X5 NewDesignator=X?
Change Component Designator: OldDesignator=X6 NewDesignator=X?
Change Component Designator: OldDesignator=X7 NewDesignator=X?
Change Component Designator: OldDesignator=X8 NewDesignator=X?
Change Component Designator: OldDesignator=X9 NewDesignator=X?
Change Component Designator: OldDesignator=ZD1 NewDesignator=ZD?
Change Component Designator: OldDesignator=ZD2 NewDesignator=ZD?
Change Component Designator: OldDesignator=ZD3 NewDesignator=ZD?
Add Component: Footprint Not Found FP-SOT-23-IPC_B
Add Component: Footprint Not Found FP-SS8050-G-MFG
Add Component: Footprint Not Found FP-SOT-23-IPC_B
Add Component: Footprint Not Found FP-SS8050-G-MFG
Add Component: Footprint Not Found FP-SOT-23-IPC_B
Add Component: Footprint Not Found FP-SS8050-G-MFG
Add Component: Footprint Not Found FP-SOT-23-IPC_B
Add Component: Footprint Not Found FP-SOT-23-IPC_B
Add Component: Footprint Not Found FP-SS8050-G-MFG
Add Component: Footprint Not Found FP-SOT-23-IPC_B
Add Component: Footprint Not Found FP-SS8050-G-MFG
Add Component: Footprint Not Found FP-SOT-23-IPC_B
Add Component: Footprint Not Found FP-SS8050-G-MFG
Add Component: Footprint Not Found FP-SOT-23-IPC_B
Add Component: Footprint Not Found FP-SS8050-G-MFG
Add Component: Footprint Not Found FP-SS8050-G-MFG
Add Pin To Net: Unknown Pin: Pin Q?-2
Add Pin To Net: Unknown Pin: Pin Q?-2
Add Pin To Net: Unknown Pin: Pin Q?-2
Add Pin To Net: Unknown Pin: Pin Q?-2
Add Pin To Net: Unknown Pin: Pin Q?-2
Add Pin To Net: Unknown Pin: Pin Q?-2
Add Pin To Net: Unknown Pin: Pin Q?-2
Add Pin To Net: Unknown Pin: Pin Q?-2
Add Pin To Net: Unknown Pin: Pin Q?-3
Add Pin To Net: Unknown Pin: Pin Q?-3
Add Pin To Net: Unknown Pin: Pin Q?-3
Add Pin To Net: Unknown Pin: Pin Q?-3
Add Pin To Net: Unknown Pin: Pin Q?-3
Add Pin To Net: Unknown Pin: Pin Q?-3
Add Pin To Net: Unknown Pin: Pin Q?-3
Add Pin To Net: Unknown Pin: Pin Q?-3
Change Net Name : Old Net Name=NetC25_1 New Net Name=NetC?_1
Change Net Name : Old Net Name=NetC26_1 New Net Name=NetC?_1
Change Net Name : Old Net Name=NetC27_1 New Net Name=NetC?_1
Change Net Name : Old Net Name=NetC28_1 New Net Name=NetC?_1
Change Net Name : Old Net Name=NetC33_2 New Net Name=NetC?_1
Change Net Name : Old Net Name=NetC34_2 New Net Name=NetC?_2
Change Net Name : Old Net Name=NetC39_1 New Net Name=NetC?_1
Change Net Name : Old Net Name=NetC39_2 New Net Name=NetC?_2
Change Net Name : Old Net Name=NetC40_1 New Net Name=NetC?_1
Change Net Name : Old Net Name=NetC40_2 New Net Name=NetC?_2
Change Net Name : Old Net Name=NetC41_2 New Net Name=NetC?_2
Change Net Name : Old Net Name=NetC42_2 New Net Name=NetC?_2
Change Net Name : Old Net Name=NetC44_2 New Net Name=NetC?_2
Change Net Name : Old Net Name=NetC46_1 New Net Name=NetC?_1
Change Net Name : Old Net Name=NetC46_2 New Net Name=NetC?_2
Change Net Name : Old Net Name=NetC47_1 New Net Name=NetC?_1
Change Net Name : Old Net Name=NetC47_2 New Net Name=NetC?_2
Change Net Name : Old Net Name=NetC48_2 New Net Name=NetC?_2
Change Net Name : Old Net Name=NetC49_2 New Net Name=NetC?_2
Change Net Name : Old Net Name=NetC50_2 New Net Name=NetC?_2
Change Net Name : Old Net Name=NetC52_2 New Net Name=NetC?_2
Change Net Name : Old Net Name=NetC53_2 New Net Name=NetC?_2
Change Net Name : Old Net Name=NetD2_1 New Net Name=NetD?_1
Change Net Name : Old Net Name=NetD3_1 New Net Name=NetD?_1
Change Net Name : Old Net Name=NetD4_1 New Net Name=NetD?_1
Change Net Name : Old Net Name=NetJ1_2 New Net Name=NetJ?_2
Change Net Name : Old Net Name=NetJ1_3 New Net Name=NetJ?_3
Change Net Name : Old Net Name=NetJ1_4 New Net Name=NetJ?_4
Change Net Name : Old Net Name=NetJ1_5 New Net Name=NetJ?_5
Change Net Name : Old Net Name=NetL9_1 New Net Name=NetL?_1
Change Net Name : Old Net Name=NetP1_1 New Net Name=NetP?_1
Change Net Name : Old Net Name=NetP1_3 New Net Name=NetP?_3
Change Net Name : Old Net Name=NetR43_2 New Net Name=NetR?_2
Change Net Name : Old Net Name=NetR46_1 New Net Name=NetR?_1
Change Net Name : Old Net Name=NetR47_1 New Net Name=NetR?_1
Change Net Name : Old Net Name=NetR49_2 New Net Name=NetR?_2
Change Net Name : Old Net Name=NetR50_2 New Net Name=NetR?_2
Change Net Name : Old Net Name=NetR51_2 New Net Name=NetR?_2
Change Net Name : Old Net Name=NetR52_2 New Net Name=NetR?_2
Change Net Name : Old Net Name=NetR53_2 New Net Name=NetR?_2
Change Net Name : Old Net Name=NetR54_2 New Net Name=NetR?_2
Change Net Name : Old Net Name=NetR59_1 New Net Name=NetR?_1
Change Net Name : Old Net Name=NetR64_1 New Net Name=NetR?_1
Change Net Name : Old Net Name=NetR65_1 New Net Name=NetR?_1
Change Net Name : Old Net Name=NetR70_1 New Net Name=NetR?_1
Change Net Name : Old Net Name=NetR74_1 New Net Name=NetR?_1
Change Net Name : Old Net Name=NetR77_1 New Net Name=NetR?_1
Change Net Name : Old Net Name=NetU1_6 New Net Name=NetU?_6
Added Pin To Net: NetName=NetQ?_1 Pin=R?-1
Added Pin To Net: NetName=NetQ?_1 Pin=R?-2
Added Net: Name=NetQ?_1
Add Net: Net with name "NetQ?_1" already exists
Add Net: Net with name "NetQ?_1" already exists
Add Net: Net with name "NetQ?_1" already exists
Add Net: Net with name "NetQ?_1" already exists
Add Net: Net with name "NetQ?_1" already exists
Add Net: Net with name "NetQ?_1" already exists
Add Net: Net with name "NetQ?_1" already exists
Add Net: Net with name "NetQ?_1" already exists
Add Net: Net with name "NetQ?_1" already exists
Add Net: Net with name "NetQ?_1" already exists
Add Net: Net with name "NetQ?_1" already exists
Added Pin To Net: NetName=NetQ?_2 Pin=R?-2
Added Net: Name=NetQ?_2
Add Net: Net with name "NetQ?_2" already exists
Add Net: Net with name "NetQ?_2" already exists
Add Net: Net with name "NetQ?_2" already exists
Added Pin To Net: NetName=NetQ?_3 Pin=R?-2
Added Net: Name=NetQ?_3
Add Net: Net with name "NetQ?_3" already exists
Add Net: Net with name "NetQ?_3" already exists
Add Net: Net with name "NetQ?_3" already exists
Add Net: Net with name "NetQ?_3" already exists
Add Net: Net with name "NetQ?_3" already exists
Add Net: Net with name "NetQ?_3" already exists
Add Net: Net with name "NetQ?_3" already exists
Add Class Member: Failed to add class member : Component Q? MMSS8550-H-TP
Add Class Member: Failed to add class member : Component Q? SS8050-G
Add Class Member: Failed to add class member : Component Q? MMSS8550-H-TP
Add Class Member: Failed to add class member : Component Q? SS8050-G
Add Class Member: Failed to add class member : Component Q? MMSS8550-H-TP
Add Class Member: Failed to add class member : Component Q? SS8050-G
Add Class Member: Failed to add class member : Component Q? MMSS8550-H-TP
Add Class Member: Failed to add class member : Component Q? MMSS8550-H-TP
Add Class Member: Failed to add class member : Component Q? SS8050-G
Add Class Member: Failed to add class member : Component Q? MMSS8550-H-TP
Add Class Member: Failed to add class member : Component Q? SS8050-G
Add Class Member: Failed to add class member : Component Q? MMSS8550-H-TP
Add Class Member: Failed to add class member : Component Q? SS8050-G
Add Class Member: Failed to add class member : Component Q? MMSS8550-H-TP
Add Class Member: Failed to add class member : Component Q? SS8050-G
Add Class Member: Failed to add class member : Component Q? SS8050-G
Added Member To Class: ClassName=PWM_CONTROLLER_nverter_540VDC_V3 Member=Component R? 2K
Added Member To Class: ClassName=PWM_CONTROLLER_nverter_540VDC_V3 Member=Component R? 10K
Added Member To Class: ClassName=PWM_CONTROLLER_nverter_540VDC_V3 Member=Component R? 2K
Added Member To Class: ClassName=PWM_CONTROLLER_nverter_540VDC_V3 Member=Component R? 10K
Added Member To Class: ClassName=PWM_CONTROLLER_nverter_540VDC_V3 Member=Component R? 100
Added Member To Class: ClassName=PWM_CONTROLLER_nverter_540VDC_V3 Member=Component R? 2K
Added Member To Class: ClassName=PWM_CONTROLLER_nverter_540VDC_V3 Member=Component R? 100
Added Member To Class: ClassName=PWM_CONTROLLER_nverter_540VDC_V3 Member=Component R? 10K
Added Member To Class: ClassName=PWM_CONTROLLER_nverter_540VDC_V3 Member=Component R? 100
Added Member To Class: ClassName=PWM_CONTROLLER_nverter_540VDC_V3 Member=Component R? 10K
Added Member To Class: ClassName=PWM_CONTROLLER_nverter_540VDC_V3 Member=Component R? 10K
Added Member To Class: ClassName=PWM_CONTROLLER_nverter_540VDC_V3 Member=Component R? 100
