Change Footprint: Footprint Not Found FP-SS8050-G-MFG
Add Component: Footprint Not Found FP-SOT-23-IPC_B
Add Component: Footprint Not Found FP-SS8050-G-MFG
Add Component: Footprint Not Found FP-SS8050-G-MFG
Add Component: Footprint Not Found FP-SOT-23-IPC_B
Add Component: Footprint Not Found FP-SS8050-G-MFG
Add Component: Footprint Not Found FP-SOT-23-IPC_B
Add Component: Footprint Not Found FP-SOT-23-IPC_B
Add Component: Footprint Not Found FP-SS8050-G-MFG
Add Component: Footprint Not Found FP-SS8050-G-MFG
Add Component: Footprint Not Found FP-SOT-23-IPC_B
Add Component: Footprint Not Found FP-SOT-23-IPC_B
Add Component: Footprint Not Found FP-SS8050-G-MFG
Add Component: Footprint Not Found FP-SS8050-G-MFG
Add Component: Footprint Not Found FP-SOT-23-IPC_B
Add Pin To Net: Unknown Pin: Pin Q1-1
Add Pin To Net: Unknown Pin: Pin Q1-2
Add Pin To Net: Unknown Pin: Pin Q1-3
Add Pin To Net: Unknown Pin: Pin Q2-1
Add Pin To Net: Unknown Pin: Pin Q2-2
Add Pin To Net: Unknown Pin: Pin Q2-3
Add Pin To Net: Unknown Pin: Pin Q3-1
Add Pin To Net: Unknown Pin: Pin Q3-2
Add Pin To Net: Unknown Pin: Pin Q3-3
Add Pin To Net: Unknown Pin: Pin Q4-1
Add Pin To Net: Unknown Pin: Pin Q4-2
Add Pin To Net: Unknown Pin: Pin Q4-3
Add Pin To Net: Unknown Pin: Pin Q7-1
Add Pin To Net: Unknown Pin: Pin Q7-2
Add Pin To Net: Unknown Pin: Pin Q7-3
Add Pin To Net: Unknown Pin: Pin Q8-1
Add Pin To Net: Unknown Pin: Pin Q8-2
Add Pin To Net: Unknown Pin: Pin Q8-3
Add Pin To Net: Unknown Pin: Pin Q9-1
Add Pin To Net: Unknown Pin: Pin Q9-2
Add Pin To Net: Unknown Pin: Pin Q9-3
Add Pin To Net: Unknown Pin: Pin Q10-1
Add Pin To Net: Unknown Pin: Pin Q10-2
Add Pin To Net: Unknown Pin: Pin Q10-3
Add Pin To Net: Unknown Pin: Pin Q11-1
Add Pin To Net: Unknown Pin: Pin Q11-2
Add Pin To Net: Unknown Pin: Pin Q11-3
Add Pin To Net: Unknown Pin: Pin Q12-1
Add Pin To Net: Unknown Pin: Pin Q12-2
Add Pin To Net: Unknown Pin: Pin Q12-3
Add Pin To Net: Unknown Pin: Pin Q13-1
Add Pin To Net: Unknown Pin: Pin Q13-2
Add Pin To Net: Unknown Pin: Pin Q13-3
Add Pin To Net: Unknown Pin: Pin Q14-1
Add Pin To Net: Unknown Pin: Pin Q14-2
Add Pin To Net: Unknown Pin: Pin Q14-3
Add Pin To Net: Unknown Pin: Pin Q15-1
Add Pin To Net: Unknown Pin: Pin Q15-2
Add Pin To Net: Unknown Pin: Pin Q15-3
Add Pin To Net: Unknown Pin: Pin Q16-1
Add Pin To Net: Unknown Pin: Pin Q16-2
Add Pin To Net: Unknown Pin: Pin Q16-3
Added Member To Class: ClassName=PWM_CONTROLLER_nverter_540VDC_V3 Member=Component C21 1000pF
Added Member To Class: ClassName=PWM_CONTROLLER_nverter_540VDC_V3 Member=Component C22 1000pF
Added Member To Class: ClassName=PWM_CONTROLLER_nverter_540VDC_V3 Member=Component C23 0.1uF
Added Member To Class: ClassName=PWM_CONTROLLER_nverter_540VDC_V3 Member=Component C24 0.1uF
Added Member To Class: ClassName=PWM_CONTROLLER_nverter_540VDC_V3 Member=Component C25 0.1uF
Added Member To Class: ClassName=PWM_CONTROLLER_nverter_540VDC_V3 Member=Component C26 0.1uF
Added Member To Class: ClassName=PWM_CONTROLLER_nverter_540VDC_V3 Member=Component C27 0.1uF
Added Member To Class: ClassName=PWM_CONTROLLER_nverter_540VDC_V3 Member=Component C28 CAP-POLAR
Added Member To Class: ClassName=PWM_CONTROLLER_nverter_540VDC_V3 Member=Component C29 1000pF
Added Member To Class: ClassName=PWM_CONTROLLER_nverter_540VDC_V3 Member=Component C30 0.1uF
Added Member To Class: ClassName=PWM_CONTROLLER_nverter_540VDC_V3 Member=Component C31 1000pF
Added Member To Class: ClassName=PWM_CONTROLLER_nverter_540VDC_V3 Member=Component C32 22pF
Added Member To Class: ClassName=PWM_CONTROLLER_nverter_540VDC_V3 Member=Component C33 0.1uF
Added Member To Class: ClassName=PWM_CONTROLLER_nverter_540VDC_V3 Member=Component C34 22pF
Added Member To Class: ClassName=PWM_CONTROLLER_nverter_540VDC_V3 Member=Component C35 0.1uF
Added Member To Class: ClassName=PWM_CONTROLLER_nverter_540VDC_V3 Member=Component D3 151031YS06000
Add Class Member: Failed to add class member : Component Q1 MMSS8550-H-TP
Add Class Member: Failed to add class member : Component Q2 SS8050-G
Add Class Member: Failed to add class member : Component Q3 SS8050-G
Add Class Member: Failed to add class member : Component Q4 MMSS8550-H-TP
Add Class Member: Failed to add class member : Component Q7 SS8050-G
Add Class Member: Failed to add class member : Component Q8 MMSS8550-H-TP
Add Class Member: Failed to add class member : Component Q9 MMSS8550-H-TP
Add Class Member: Failed to add class member : Component Q10 SS8050-G
Add Class Member: Failed to add class member : Component Q11 SS8050-G
Add Class Member: Failed to add class member : Component Q12 MMSS8550-H-TP
Add Class Member: Failed to add class member : Component Q13 MMSS8550-H-TP
Add Class Member: Failed to add class member : Component Q14 SS8050-G
Add Class Member: Failed to add class member : Component Q15 SS8050-G
Add Class Member: Failed to add class member : Component Q16 MMSS8550-H-TP
Added Member To Class: ClassName=PWM_CONTROLLER_nverter_540VDC_V3 Member=Component R21 300K
Added Member To Class: ClassName=PWM_CONTROLLER_nverter_540VDC_V3 Member=Component R24 10K
Added Member To Class: ClassName=PWM_CONTROLLER_nverter_540VDC_V3 Member=Component R25 10K
Added Member To Class: ClassName=PWM_CONTROLLER_nverter_540VDC_V3 Member=Component R26 10K
Added Member To Class: ClassName=PWM_CONTROLLER_nverter_540VDC_V3 Member=Component R43 220
Added Member To Class: ClassName=PWM_CONTROLLER_nverter_540VDC_V3 Member=Component R44 10K
Added Member To Class: ClassName=PWM_CONTROLLER_nverter_540VDC_V3 Member=Component R45 100K*
Added Member To Class: ClassName=PWM_CONTROLLER_nverter_540VDC_V3 Member=Component R46 10K
Added Member To Class: ClassName=PWM_CONTROLLER_nverter_540VDC_V3 Member=Component R47 10K
Added Member To Class: ClassName=PWM_CONTROLLER_nverter_540VDC_V3 Member=Component R48 10K
Added Member To Class: ClassName=PWM_CONTROLLER_nverter_540VDC_V3 Member=Component R49 10K
Added Member To Class: ClassName=PWM_CONTROLLER_nverter_540VDC_V3 Member=Component R50 10K
Added Member To Class: ClassName=PWM_CONTROLLER_nverter_540VDC_V3 Member=Component R51 10K
Added Member To Class: ClassName=PWM_CONTROLLER_nverter_540VDC_V3 Member=Component R52 10K
Added Member To Class: ClassName=PWM_CONTROLLER_nverter_540VDC_V3 Member=Component R53 10K
Added Member To Class: ClassName=PWM_CONTROLLER_nverter_540VDC_V3 Member=Component R54 100K*
Added Member To Class: ClassName=PWM_CONTROLLER_nverter_540VDC_V3 Member=Component R55 10K
Added Member To Class: ClassName=PWM_CONTROLLER_nverter_540VDC_V3 Member=Component R56 10K
Added Member To Class: ClassName=PWM_CONTROLLER_nverter_540VDC_V3 Member=Component R57 22K
Added Member To Class: ClassName=PWM_CONTROLLER_nverter_540VDC_V3 Member=Component R58 22K
Added Member To Class: ClassName=PWM_CONTROLLER_nverter_540VDC_V3 Member=Component R59 10K
Added Member To Class: ClassName=PWM_CONTROLLER_nverter_540VDC_V3 Member=Component TP3 Test_Point_PCB
Added Member To Class: ClassName=PWM_CONTROLLER_nverter_540VDC_V3 Member=Component TP23 Test_Point_PCB
Added Member To Class: ClassName=PWM_CONTROLLER_nverter_540VDC_V3 Member=Component TP24 Test_Point_PCB
Added Member To Class: ClassName=PWM_CONTROLLER_nverter_540VDC_V3 Member=Component TP25 Test_Point_PCB
Added Member To Class: ClassName=PWM_CONTROLLER_nverter_540VDC_V3 Member=Component TP26 Test_Point_PCB
Added Member To Class: ClassName=PWM_CONTROLLER_nverter_540VDC_V3 Member=Component TP27 Test_Point_PCB
Added Member To Class: ClassName=PWM_CONTROLLER_nverter_540VDC_V3 Member=Component TP28 Test_Point_PCB
Added Member To Class: ClassName=PWM_CONTROLLER_nverter_540VDC_V3 Member=Component U7 AMS1117-3.3
Added Member To Class: ClassName=PWM_CONTROLLER_nverter_540VDC_V3 Member=Component U8
Added Member To Class: ClassName=PWM_CONTROLLER_nverter_540VDC_V3 Member=Component U9
Added Member To Class: ClassName=PWM_CONTROLLER_nverter_540VDC_V3 Member=Component X8 CONN-4-PIN
