Change Footprint: Footprint Not Found FP-SS8050-G-MFG
Change Footprint: Footprint Not Found FP-SS8050-G-MFG
Change Footprint: Footprint Not Found FP-SS8050-G-MFG
Change Footprint: Footprint Not Found FP-SS8050-G-MFG
Change Footprint: Footprint Not Found FP-SS8050-G-MFG
Change Footprint: Footprint Not Found FP-SS8050-G-MFG
Change Footprint: Footprint Not Found FP-SS8050-G-MFG
Change Footprint: Footprint Not Found FP-SS8050-G-MFG
Change Component Comment : Designator=Q3 Old Comment=MMSS8550-H-TP New Comment=SS8050-G
Change Component Comment : Designator=Q7 Old Comment=MMSS8550-H-TP New Comment=SS8050-G
Change Component Comment : Designator=Q11 Old Comment=MMSS8550-H-TP New Comment=SS8050-G
Change Component Comment : Designator=Q15 Old Comment=MMSS8550-H-TP New Comment=SS8050-G
Change Component Comment : Designator=Q4 Old Comment=SS8050-G New Comment=MMSS8550-H-TP
Change Component Comment : Designator=Q8 Old Comment=SS8050-G New Comment=MMSS8550-H-TP
Change Component Comment : Designator=Q12 Old Comment=SS8050-G New Comment=MMSS8550-H-TP
Change Component Comment : Designator=Q16 Old Comment=SS8050-G New Comment=MMSS8550-H-TP
Change Managed Component Library Link : Designator=Q3 Old VaultGUID=B7D15EC3-160A-466F-A46C-7801FE6295A7 New VaultGUID=B7D15EC3-160A-466F-A46C-7801FE6295A7 Old ItemGUID=7E071ABA-24FA-4008-9970-AB33E7DCC0CA New ItemGUID=5F61B201-018A-4095-B124-0D21E8356FC7 Old RevisionGUID=8FE670D8-3E38-48B7-88B3-866A52E43BD5 New RevisionGUID=887F140C-C63F-413C-BF5E-E71EA6595A28
Change Managed Component Library Link : Designator=Q4 Old VaultGUID=B7D15EC3-160A-466F-A46C-7801FE6295A7 New VaultGUID=B7D15EC3-160A-466F-A46C-7801FE6295A7 Old ItemGUID=5F61B201-018A-4095-B124-0D21E8356FC7 New ItemGUID=7E071ABA-24FA-4008-9970-AB33E7DCC0CA Old RevisionGUID=887F140C-C63F-413C-BF5E-E71EA6595A28 New RevisionGUID=8FE670D8-3E38-48B7-88B3-866A52E43BD5
Change Managed Component Library Link : Designator=Q7 Old VaultGUID=B7D15EC3-160A-466F-A46C-7801FE6295A7 New VaultGUID=B7D15EC3-160A-466F-A46C-7801FE6295A7 Old ItemGUID=7E071ABA-24FA-4008-9970-AB33E7DCC0CA New ItemGUID=5F61B201-018A-4095-B124-0D21E8356FC7 Old RevisionGUID=8FE670D8-3E38-48B7-88B3-866A52E43BD5 New RevisionGUID=887F140C-C63F-413C-BF5E-E71EA6595A28
Change Managed Component Library Link : Designator=Q8 Old VaultGUID=B7D15EC3-160A-466F-A46C-7801FE6295A7 New VaultGUID=B7D15EC3-160A-466F-A46C-7801FE6295A7 Old ItemGUID=5F61B201-018A-4095-B124-0D21E8356FC7 New ItemGUID=7E071ABA-24FA-4008-9970-AB33E7DCC0CA Old RevisionGUID=887F140C-C63F-413C-BF5E-E71EA6595A28 New RevisionGUID=8FE670D8-3E38-48B7-88B3-866A52E43BD5
Change Managed Component Library Link : Designator=Q11 Old VaultGUID=B7D15EC3-160A-466F-A46C-7801FE6295A7 New VaultGUID=B7D15EC3-160A-466F-A46C-7801FE6295A7 Old ItemGUID=7E071ABA-24FA-4008-9970-AB33E7DCC0CA New ItemGUID=5F61B201-018A-4095-B124-0D21E8356FC7 Old RevisionGUID=8FE670D8-3E38-48B7-88B3-866A52E43BD5 New RevisionGUID=887F140C-C63F-413C-BF5E-E71EA6595A28
Change Managed Component Library Link : Designator=Q12 Old VaultGUID=B7D15EC3-160A-466F-A46C-7801FE6295A7 New VaultGUID=B7D15EC3-160A-466F-A46C-7801FE6295A7 Old ItemGUID=5F61B201-018A-4095-B124-0D21E8356FC7 New ItemGUID=7E071ABA-24FA-4008-9970-AB33E7DCC0CA Old RevisionGUID=887F140C-C63F-413C-BF5E-E71EA6595A28 New RevisionGUID=8FE670D8-3E38-48B7-88B3-866A52E43BD5
Change Managed Component Library Link : Designator=Q15 Old VaultGUID=B7D15EC3-160A-466F-A46C-7801FE6295A7 New VaultGUID=B7D15EC3-160A-466F-A46C-7801FE6295A7 Old ItemGUID=7E071ABA-24FA-4008-9970-AB33E7DCC0CA New ItemGUID=5F61B201-018A-4095-B124-0D21E8356FC7 Old RevisionGUID=8FE670D8-3E38-48B7-88B3-866A52E43BD5 New RevisionGUID=887F140C-C63F-413C-BF5E-E71EA6595A28
Change Managed Component Library Link : Designator=Q16 Old VaultGUID=B7D15EC3-160A-466F-A46C-7801FE6295A7 New VaultGUID=B7D15EC3-160A-466F-A46C-7801FE6295A7 Old ItemGUID=5F61B201-018A-4095-B124-0D21E8356FC7 New ItemGUID=7E071ABA-24FA-4008-9970-AB33E7DCC0CA Old RevisionGUID=887F140C-C63F-413C-BF5E-E71EA6595A28 New RevisionGUID=8FE670D8-3E38-48B7-88B3-866A52E43BD5
Change component parameters: Designator = "Q3" ("Q3"); Footprint = "FP-SOT-23-IPC_B"; UniqueID = "\KFOVVXYM" ("\KFOVVXYM")
Change component parameters (AddParameter): Name = "Case/Package"; Value = "TO-236-3"; VariantName = "[No Variations]"
Change component parameters (AddParameter): Name = "Collector Emitter Breakdown Voltage"; Value = "25V"; VariantName = "[No Variations]"
Change component parameters (AddParameter): Name = "Collector Emitter Voltage (VCEO)"; Value = "400mV"; VariantName = "[No Variations]"
Change component parameters (AddParameter): Name = "Max Breakdown Voltage"; Value = "25V"; VariantName = "[No Variations]"
Change component parameters (AddParameter): Name = "Max Collector Current"; Value = "1.5A"; VariantName = "[No Variations]"
Change component parameters (AddParameter): Name = "Max Power Dissipation"; Value = "300mW"; VariantName = "[No Variations]"
Change component parameters (AddParameter): Name = "Mount"; Value = "Surface Mount"; VariantName = "[No Variations]"
Change component parameters (AddParameter): Name = "Packaging"; Value = "Tape and Reel"; VariantName = "[No Variations]"
Change component parameters (AddParameter): Name = "RoHS Compliant"; Value = "Yes"; VariantName = "[No Variations]"
Change component parameters (AddParameter): Name = "Transition Frequency"; Value = "100MHz"; VariantName = "[No Variations]"
Change component parameters: Designator = "Q4" ("Q4"); Footprint = "FP-SOT-23-IPC_B"; UniqueID = "\ECXJPPHE" ("\ECXJPPHE")
Change component parameters (AddParameter): Name = "Case/Package"; Value = "SOT-23"; VariantName = "[No Variations]"
Change component parameters (AddParameter): Name = "Collector Base Voltage (VCBO)"; Value = "40V"; VariantName = "[No Variations]"
Change component parameters (AddParameter): Name = "Collector Emitter Breakdown Voltage"; Value = "25V"; VariantName = "[No Variations]"
Change component parameters (AddParameter): Name = "Collector Emitter Saturation Voltage"; Value = "500mV"; VariantName = "[No Variations]"
Change component parameters (AddParameter): Name = "Collector Emitter Voltage (VCEO)"; Value = "500mV"; VariantName = "[No Variations]"
Change component parameters (AddParameter): Name = "Element Configuration"; Value = "Single"; VariantName = "[No Variations]"
Change component parameters (AddParameter): Name = "Emitter Base Voltage (VEBO)"; Value = "1.6V"; VariantName = "[No Variations]"
Change component parameters (AddParameter): Name = "Gain Bandwidth Product"; Value = "100MHz"; VariantName = "[No Variations]"
Change component parameters (AddParameter): Name = "hFE Min"; Value = "40"; VariantName = "[No Variations]"
Change component parameters (AddParameter): Name = "Lead Free"; Value = "Lead Free"; VariantName = "[No Variations]"
Change component parameters (AddParameter): Name = "Max Breakdown Voltage"; Value = "25V"; VariantName = "[No Variations]"
Change component parameters (AddParameter): Name = "Max Collector Current"; Value = "1.5A"; VariantName = "[No Variations]"
Change component parameters (AddParameter): Name = "Max Operating Temperature"; Value = "150°C"; VariantName = "[No Variations]"
Change component parameters (AddParameter): Name = "Max Power Dissipation"; Value = "625mW"; VariantName = "[No Variations]"
Change component parameters (AddParameter): Name = "Min Operating Temperature"; Value = "-55°C"; VariantName = "[No Variations]"
Change component parameters (AddParameter): Name = "Mount"; Value = "Surface Mount"; VariantName = "[No Variations]"
Change component parameters (AddParameter): Name = "Package Quantity"; Value = "1"; VariantName = "[No Variations]"
Change component parameters (AddParameter): Name = "Packaging"; Value = "Tape and Reel"; VariantName = "[No Variations]"
Change component parameters (AddParameter): Name = "Polarity"; Value = "PNP"; VariantName = "[No Variations]"
Change component parameters (AddParameter): Name = "Transition Frequency"; Value = "100MHz"; VariantName = "[No Variations]"
Change component parameters: Designator = "Q7" ("Q7"); Footprint = "FP-SOT-23-IPC_B"; UniqueID = "\NZHGNSJO" ("\NZHGNSJO")
Change component parameters (AddParameter): Name = "Case/Package"; Value = "TO-236-3"; VariantName = "[No Variations]"
Change component parameters (AddParameter): Name = "Collector Emitter Breakdown Voltage"; Value = "25V"; VariantName = "[No Variations]"
Change component parameters (AddParameter): Name = "Collector Emitter Voltage (VCEO)"; Value = "400mV"; VariantName = "[No Variations]"
Change component parameters (AddParameter): Name = "Max Breakdown Voltage"; Value = "25V"; VariantName = "[No Variations]"
Change component parameters (AddParameter): Name = "Max Collector Current"; Value = "1.5A"; VariantName = "[No Variations]"
Change component parameters (AddParameter): Name = "Max Power Dissipation"; Value = "300mW"; VariantName = "[No Variations]"
Change component parameters (AddParameter): Name = "Mount"; Value = "Surface Mount"; VariantName = "[No Variations]"
Change component parameters (AddParameter): Name = "Packaging"; Value = "Tape and Reel"; VariantName = "[No Variations]"
Change component parameters (AddParameter): Name = "RoHS Compliant"; Value = "Yes"; VariantName = "[No Variations]"
Change component parameters (AddParameter): Name = "Transition Frequency"; Value = "100MHz"; VariantName = "[No Variations]"
Change component parameters: Designator = "Q8" ("Q8"); Footprint = "FP-SOT-23-IPC_B"; UniqueID = "\DMSKNVYK" ("\DMSKNVYK")
Change component parameters (AddParameter): Name = "Case/Package"; Value = "SOT-23"; VariantName = "[No Variations]"
Change component parameters (AddParameter): Name = "Collector Base Voltage (VCBO)"; Value = "40V"; VariantName = "[No Variations]"
Change component parameters (AddParameter): Name = "Collector Emitter Breakdown Voltage"; Value = "25V"; VariantName = "[No Variations]"
Change component parameters (AddParameter): Name = "Collector Emitter Saturation Voltage"; Value = "500mV"; VariantName = "[No Variations]"
Change component parameters (AddParameter): Name = "Collector Emitter Voltage (VCEO)"; Value = "500mV"; VariantName = "[No Variations]"
Change component parameters (AddParameter): Name = "Element Configuration"; Value = "Single"; VariantName = "[No Variations]"
Change component parameters (AddParameter): Name = "Emitter Base Voltage (VEBO)"; Value = "1.6V"; VariantName = "[No Variations]"
Change component parameters (AddParameter): Name = "Gain Bandwidth Product"; Value = "100MHz"; VariantName = "[No Variations]"
Change component parameters (AddParameter): Name = "hFE Min"; Value = "40"; VariantName = "[No Variations]"
Change component parameters (AddParameter): Name = "Lead Free"; Value = "Lead Free"; VariantName = "[No Variations]"
Change component parameters (AddParameter): Name = "Max Breakdown Voltage"; Value = "25V"; VariantName = "[No Variations]"
Change component parameters (AddParameter): Name = "Max Collector Current"; Value = "1.5A"; VariantName = "[No Variations]"
Change component parameters (AddParameter): Name = "Max Operating Temperature"; Value = "150°C"; VariantName = "[No Variations]"
Change component parameters (AddParameter): Name = "Max Power Dissipation"; Value = "625mW"; VariantName = "[No Variations]"
Change component parameters (AddParameter): Name = "Min Operating Temperature"; Value = "-55°C"; VariantName = "[No Variations]"
Change component parameters (AddParameter): Name = "Mount"; Value = "Surface Mount"; VariantName = "[No Variations]"
Change component parameters (AddParameter): Name = "Package Quantity"; Value = "1"; VariantName = "[No Variations]"
Change component parameters (AddParameter): Name = "Packaging"; Value = "Tape and Reel"; VariantName = "[No Variations]"
Change component parameters (AddParameter): Name = "Polarity"; Value = "PNP"; VariantName = "[No Variations]"
Change component parameters (AddParameter): Name = "Transition Frequency"; Value = "100MHz"; VariantName = "[No Variations]"
Change component parameters: Designator = "Q11" ("Q11"); Footprint = "FP-SOT-23-IPC_B"; UniqueID = "\BFNYPHBX" ("\BFNYPHBX")
Change component parameters (AddParameter): Name = "Case/Package"; Value = "TO-236-3"; VariantName = "[No Variations]"
Change component parameters (AddParameter): Name = "Collector Emitter Breakdown Voltage"; Value = "25V"; VariantName = "[No Variations]"
Change component parameters (AddParameter): Name = "Collector Emitter Voltage (VCEO)"; Value = "400mV"; VariantName = "[No Variations]"
Change component parameters (AddParameter): Name = "Max Breakdown Voltage"; Value = "25V"; VariantName = "[No Variations]"
Change component parameters (AddParameter): Name = "Max Collector Current"; Value = "1.5A"; VariantName = "[No Variations]"
Change component parameters (AddParameter): Name = "Max Power Dissipation"; Value = "300mW"; VariantName = "[No Variations]"
Change component parameters (AddParameter): Name = "Mount"; Value = "Surface Mount"; VariantName = "[No Variations]"
Change component parameters (AddParameter): Name = "Packaging"; Value = "Tape and Reel"; VariantName = "[No Variations]"
Change component parameters (AddParameter): Name = "RoHS Compliant"; Value = "Yes"; VariantName = "[No Variations]"
Change component parameters (AddParameter): Name = "Transition Frequency"; Value = "100MHz"; VariantName = "[No Variations]"
Change component parameters: Designator = "Q12" ("Q12"); Footprint = "FP-SOT-23-IPC_B"; UniqueID = "\CFQTJWZE" ("\CFQTJWZE")
Change component parameters (AddParameter): Name = "Case/Package"; Value = "SOT-23"; VariantName = "[No Variations]"
Change component parameters (AddParameter): Name = "Collector Base Voltage (VCBO)"; Value = "40V"; VariantName = "[No Variations]"
Change component parameters (AddParameter): Name = "Collector Emitter Breakdown Voltage"; Value = "25V"; VariantName = "[No Variations]"
Change component parameters (AddParameter): Name = "Collector Emitter Saturation Voltage"; Value = "500mV"; VariantName = "[No Variations]"
Change component parameters (AddParameter): Name = "Collector Emitter Voltage (VCEO)"; Value = "500mV"; VariantName = "[No Variations]"
Change component parameters (AddParameter): Name = "Element Configuration"; Value = "Single"; VariantName = "[No Variations]"
Change component parameters (AddParameter): Name = "Emitter Base Voltage (VEBO)"; Value = "1.6V"; VariantName = "[No Variations]"
Change component parameters (AddParameter): Name = "Gain Bandwidth Product"; Value = "100MHz"; VariantName = "[No Variations]"
Change component parameters (AddParameter): Name = "hFE Min"; Value = "40"; VariantName = "[No Variations]"
Change component parameters (AddParameter): Name = "Lead Free"; Value = "Lead Free"; VariantName = "[No Variations]"
Change component parameters (AddParameter): Name = "Max Breakdown Voltage"; Value = "25V"; VariantName = "[No Variations]"
Change component parameters (AddParameter): Name = "Max Collector Current"; Value = "1.5A"; VariantName = "[No Variations]"
Change component parameters (AddParameter): Name = "Max Operating Temperature"; Value = "150°C"; VariantName = "[No Variations]"
Change component parameters (AddParameter): Name = "Max Power Dissipation"; Value = "625mW"; VariantName = "[No Variations]"
Change component parameters (AddParameter): Name = "Min Operating Temperature"; Value = "-55°C"; VariantName = "[No Variations]"
Change component parameters (AddParameter): Name = "Mount"; Value = "Surface Mount"; VariantName = "[No Variations]"
Change component parameters (AddParameter): Name = "Package Quantity"; Value = "1"; VariantName = "[No Variations]"
Change component parameters (AddParameter): Name = "Packaging"; Value = "Tape and Reel"; VariantName = "[No Variations]"
Change component parameters (AddParameter): Name = "Polarity"; Value = "PNP"; VariantName = "[No Variations]"
Change component parameters (AddParameter): Name = "Transition Frequency"; Value = "100MHz"; VariantName = "[No Variations]"
Change component parameters: Designator = "Q15" ("Q15"); Footprint = "FP-SOT-23-IPC_B"; UniqueID = "\IOQMFXSR" ("\IOQMFXSR")
Change component parameters (AddParameter): Name = "Case/Package"; Value = "TO-236-3"; VariantName = "[No Variations]"
Change component parameters (AddParameter): Name = "Collector Emitter Breakdown Voltage"; Value = "25V"; VariantName = "[No Variations]"
Change component parameters (AddParameter): Name = "Collector Emitter Voltage (VCEO)"; Value = "400mV"; VariantName = "[No Variations]"
Change component parameters (AddParameter): Name = "Max Breakdown Voltage"; Value = "25V"; VariantName = "[No Variations]"
Change component parameters (AddParameter): Name = "Max Collector Current"; Value = "1.5A"; VariantName = "[No Variations]"
Change component parameters (AddParameter): Name = "Max Power Dissipation"; Value = "300mW"; VariantName = "[No Variations]"
Change component parameters (AddParameter): Name = "Mount"; Value = "Surface Mount"; VariantName = "[No Variations]"
Change component parameters (AddParameter): Name = "Packaging"; Value = "Tape and Reel"; VariantName = "[No Variations]"
Change component parameters (AddParameter): Name = "RoHS Compliant"; Value = "Yes"; VariantName = "[No Variations]"
Change component parameters (AddParameter): Name = "Transition Frequency"; Value = "100MHz"; VariantName = "[No Variations]"
Change component parameters: Designator = "Q16" ("Q16"); Footprint = "FP-SOT-23-IPC_B"; UniqueID = "\ZJUXLJBG" ("\ZJUXLJBG")
Change component parameters (AddParameter): Name = "Case/Package"; Value = "SOT-23"; VariantName = "[No Variations]"
Change component parameters (AddParameter): Name = "Collector Base Voltage (VCBO)"; Value = "40V"; VariantName = "[No Variations]"
Change component parameters (AddParameter): Name = "Collector Emitter Breakdown Voltage"; Value = "25V"; VariantName = "[No Variations]"
Change component parameters (AddParameter): Name = "Collector Emitter Saturation Voltage"; Value = "500mV"; VariantName = "[No Variations]"
Change component parameters (AddParameter): Name = "Collector Emitter Voltage (VCEO)"; Value = "500mV"; VariantName = "[No Variations]"
Change component parameters (AddParameter): Name = "Element Configuration"; Value = "Single"; VariantName = "[No Variations]"
Change component parameters (AddParameter): Name = "Emitter Base Voltage (VEBO)"; Value = "1.6V"; VariantName = "[No Variations]"
Change component parameters (AddParameter): Name = "Gain Bandwidth Product"; Value = "100MHz"; VariantName = "[No Variations]"
Change component parameters (AddParameter): Name = "hFE Min"; Value = "40"; VariantName = "[No Variations]"
Change component parameters (AddParameter): Name = "Lead Free"; Value = "Lead Free"; VariantName = "[No Variations]"
Change component parameters (AddParameter): Name = "Max Breakdown Voltage"; Value = "25V"; VariantName = "[No Variations]"
Change component parameters (AddParameter): Name = "Max Collector Current"; Value = "1.5A"; VariantName = "[No Variations]"
Change component parameters (AddParameter): Name = "Max Operating Temperature"; Value = "150°C"; VariantName = "[No Variations]"
Change component parameters (AddParameter): Name = "Max Power Dissipation"; Value = "625mW"; VariantName = "[No Variations]"
Change component parameters (AddParameter): Name = "Min Operating Temperature"; Value = "-55°C"; VariantName = "[No Variations]"
Change component parameters (AddParameter): Name = "Mount"; Value = "Surface Mount"; VariantName = "[No Variations]"
Change component parameters (AddParameter): Name = "Package Quantity"; Value = "1"; VariantName = "[No Variations]"
Change component parameters (AddParameter): Name = "Packaging"; Value = "Tape and Reel"; VariantName = "[No Variations]"
Change component parameters (AddParameter): Name = "Polarity"; Value = "PNP"; VariantName = "[No Variations]"
Change component parameters (AddParameter): Name = "Transition Frequency"; Value = "100MHz"; VariantName = "[No Variations]"
Added Pin To Net: NetName=NetQ1_1 Pin=Q1-1
Added Pin To Net: NetName=+24V Pin=Q1-2
Added Pin To Net: NetName=NetQ1_3 Pin=Q1-3
Added Pin To Net: NetName=NetQ2_1 Pin=Q2-1
Added Pin To Net: NetName=NetQ2_2 Pin=Q2-2
Added Pin To Net: NetName=+24V Pin=Q2-3
Added Pin To Net: NetName=NetQ3_1 Pin=Q3-1
Added Pin To Net: NetName=GND_III Pin=Q3-2
Added Pin To Net: NetName=NetQ3_3 Pin=Q3-3
Added Pin To Net: NetName=NetQ2_1 Pin=Q4-1
Added Pin To Net: NetName=NetQ2_2 Pin=Q4-2
Added Pin To Net: NetName=GND_III Pin=Q4-3
Added Pin To Net: NetName=NetQ7_1 Pin=Q7-1
Added Pin To Net: NetName=GND_III Pin=Q7-2
Added Pin To Net: NetName=NetQ7_3 Pin=Q7-3
Added Pin To Net: NetName=NetQ6_1 Pin=Q8-1
Added Pin To Net: NetName=NetQ6_2 Pin=Q8-2
Added Pin To Net: NetName=GND_III Pin=Q8-3
Added Pin To Net: NetName=NetQ9_1 Pin=Q9-1
Added Pin To Net: NetName=+24V Pin=Q9-2
Added Pin To Net: NetName=NetQ9_3 Pin=Q9-3
Added Pin To Net: NetName=NetQ10_1 Pin=Q10-1
Added Pin To Net: NetName=NetQ10_2 Pin=Q10-2
Added Pin To Net: NetName=+24V Pin=Q10-3
Added Pin To Net: NetName=NetQ11_1 Pin=Q11-1
Added Pin To Net: NetName=GND_III Pin=Q11-2
Added Pin To Net: NetName=NetQ11_3 Pin=Q11-3
Added Pin To Net: NetName=NetQ10_1 Pin=Q12-1
Added Pin To Net: NetName=NetQ10_2 Pin=Q12-2
Added Pin To Net: NetName=GND_III Pin=Q12-3
Added Pin To Net: NetName=NetQ13_1 Pin=Q13-1
Added Pin To Net: NetName=+24V Pin=Q13-2
Added Pin To Net: NetName=NetQ13_3 Pin=Q13-3
Added Pin To Net: NetName=NetQ14_1 Pin=Q14-1
Added Pin To Net: NetName=NetQ14_2 Pin=Q14-2
Added Pin To Net: NetName=+24V Pin=Q14-3
Added Pin To Net: NetName=NetQ15_1 Pin=Q15-1
Added Pin To Net: NetName=GND_III Pin=Q15-2
Added Pin To Net: NetName=NetQ15_3 Pin=Q15-3
Added Pin To Net: NetName=NetQ14_1 Pin=Q16-1
Added Pin To Net: NetName=NetQ14_2 Pin=Q16-2
Added Pin To Net: NetName=GND_III Pin=Q16-3
Added Member To Class: ClassName=PWM_CONTROLLER_nverter_540VDC_V3 Member=Component Q1 MMSS8550-H-TP
Added Member To Class: ClassName=PWM_CONTROLLER_nverter_540VDC_V3 Member=Component Q2 SS8050-G
Added Member To Class: ClassName=PWM_CONTROLLER_nverter_540VDC_V3 Member=Component Q3 SS8050-G
Added Member To Class: ClassName=PWM_CONTROLLER_nverter_540VDC_V3 Member=Component Q4 MMSS8550-H-TP
Added Member To Class: ClassName=PWM_CONTROLLER_nverter_540VDC_V3 Member=Component Q7 SS8050-G
Added Member To Class: ClassName=PWM_CONTROLLER_nverter_540VDC_V3 Member=Component Q8 MMSS8550-H-TP
Added Member To Class: ClassName=PWM_CONTROLLER_nverter_540VDC_V3 Member=Component Q9 MMSS8550-H-TP
Added Member To Class: ClassName=PWM_CONTROLLER_nverter_540VDC_V3 Member=Component Q10 SS8050-G
Added Member To Class: ClassName=PWM_CONTROLLER_nverter_540VDC_V3 Member=Component Q11 SS8050-G
Added Member To Class: ClassName=PWM_CONTROLLER_nverter_540VDC_V3 Member=Component Q12 MMSS8550-H-TP
Added Member To Class: ClassName=PWM_CONTROLLER_nverter_540VDC_V3 Member=Component Q13 MMSS8550-H-TP
Added Member To Class: ClassName=PWM_CONTROLLER_nverter_540VDC_V3 Member=Component Q14 SS8050-G
Added Member To Class: ClassName=PWM_CONTROLLER_nverter_540VDC_V3 Member=Component Q15 SS8050-G
Added Member To Class: ClassName=PWM_CONTROLLER_nverter_540VDC_V3 Member=Component Q16 MMSS8550-H-TP
