Removed Pin From Net: NetName=GND_III Pin=C10-1
Removed Pin From Net: NetName=+5 Pin=C10-2
Removed Pin From Net: NetName=GND_III Pin=C12-1
Removed Pin From Net: NetName=GND_III Pin=C23-1
Removed Pin From Net: NetName=GND_III Pin=C24-1
Removed Pin From Net: NetName=GND_III Pin=R23-1
Removed Pin From Net: NetName=GND_III Pin=R24-1
Removed Pin From Net: NetName=+5 Pin=U3-1
Removed Pin From Net: NetName=GND_III Pin=U3-2
Removed Member From Class: ClassName=U_I_Meter_DC Member=C10
Removed Member From Class: ClassName=U_I_Meter_DC Member=C12
Removed Member From Class: ClassName=U_I_Meter_DC Member=C14
Removed Member From Class: ClassName=U_I_Meter_DC Member=C15
Removed Member From Class: ClassName=U_I_Meter_DC Member=C23
Removed Member From Class: ClassName=U_I_Meter_DC Member=C24
Removed Member From Class: ClassName=U_I_Meter_DC Member=J1
Removed Member From Class: ClassName=U_I_Meter_DC Member=J2
Removed Member From Class: ClassName=U_I_Meter_DC Member=J4
Removed Member From Class: ClassName=U_I_Meter_DC Member=J5
Removed Member From Class: ClassName=U_I_Meter_DC Member=R1
Removed Member From Class: ClassName=U_I_Meter_DC Member=R2
Removed Member From Class: ClassName=U_I_Meter_DC Member=R3
Removed Member From Class: ClassName=U_I_Meter_DC Member=R6
Removed Member From Class: ClassName=U_I_Meter_DC Member=R8
Removed Member From Class: ClassName=U_I_Meter_DC Member=R9
Removed Member From Class: ClassName=U_I_Meter_DC Member=R18
Removed Member From Class: ClassName=U_I_Meter_DC Member=R19
Removed Member From Class: ClassName=U_I_Meter_DC Member=R23
Removed Member From Class: ClassName=U_I_Meter_DC Member=R24
Removed Member From Class: ClassName=U_I_Meter_DC Member=TP6
Removed Member From Class: ClassName=U_I_Meter_DC Member=TP7
Removed Member From Class: ClassName=U_I_Meter_DC Member=TP8
Removed Member From Class: ClassName=U_I_Meter_DC Member=TP15
Removed Member From Class: ClassName=U_I_Meter_DC Member=U3
Added Pin To Net: NetName=NetU1_2 Pin=U1-2
Added Pin To Net: NetName=NetU1_2 Pin=X1-1
Added Net: Name=NetU1_2
Added Pin To Net: NetName=NetU6_8 Pin=U6-8
Added Pin To Net: NetName=NetU6_8 Pin=X1-4
Added Net: Name=NetU6_8
Change Class Name : Old Net Name=U_I_Meter_DC New Net Name=U_I_Meter_TOP
