Removed Pin From Net: NetName=+5 Pin=C1-1
Removed Pin From Net: NetName=GND_III Pin=C1-2
Removed Pin From Net: NetName=+5 Pin=C2-1
Removed Pin From Net: NetName=GND_III Pin=C2-2
Removed Pin From Net: NetName=GND Pin=C5-1
Removed Pin From Net: NetName=GND Pin=C9-2
Removed Pin From Net: NetName=GND Pin=C11-2
Removed Pin From Net: NetName=GND Pin=TP5-1
Removed Pin From Net: NetName=GND Pin=U1-3
Removed Pin From Net: NetName=GND Pin=U1-4
Removed Pin From Net: NetName=GND_III Pin=U1-5
Removed Pin From Net: NetName=NetC17_1 Pin=U1-6
Removed Pin From Net: NetName=NetC17_2 Pin=U1-7
Removed Pin From Net: NetName=+5 Pin=U1-8
Removed Pin From Net: NetName=GND_III Pin=U4-1
Removed Pin From Net: NetName=+5 Pin=U4-2
Removed Pin From Net: NetName=GND Pin=U4-3
Removed Member From Class: ClassName=U_I_Meter_TOP Member=C1
Removed Member From Class: ClassName=U_I_Meter_TOP Member=C2
Removed Member From Class: ClassName=U_I_Meter_TOP Member=C5
Removed Member From Class: ClassName=U_I_Meter_TOP Member=C9
Removed Member From Class: ClassName=U_I_Meter_TOP Member=C11
Removed Member From Class: ClassName=U_I_Meter_TOP Member=TP5
Removed Member From Class: ClassName=U_I_Meter_TOP Member=U1
Removed Member From Class: ClassName=U_I_Meter_TOP Member=U4
Added Pin To Net: NetName=NetX1_1 Pin=X1-1
Added Net: Name=NetX1_1
