Removed Pin From Net: NetName=GND_III Pin=C1-1
Removed Pin From Net: NetName=GND_III Pin=C2-1
Removed Pin From Net: NetName=GND_III Pin=C3-2
Removed Pin From Net: NetName=GND_III Pin=C6-1
Removed Pin From Net: NetName=GND_III Pin=C7-1
Removed Pin From Net: NetName=+5 Pin=C7-2
Removed Pin From Net: NetName=GND_III Pin=C8-1
Removed Pin From Net: NetName=GND_III Pin=C13-1
Removed Pin From Net: NetName=+5 Pin=C13-2
Removed Pin From Net: NetName=GND_III Pin=C18-1
Removed Pin From Net: NetName=GND_III Pin=C19-1
Removed Pin From Net: NetName=GND_III Pin=C21-1
Removed Pin From Net: NetName=GND_III Pin=C25-1
Removed Pin From Net: NetName=GND_III Pin=C26-1
Removed Pin From Net: NetName=GND_III Pin=C31-1
Removed Pin From Net: NetName=GND_III Pin=C34-1
Removed Pin From Net: NetName=GND_III Pin=C37-1
Removed Pin From Net: NetName=GND_III Pin=C38-1
Removed Pin From Net: NetName=GND_III Pin=C39-1
Removed Pin From Net: NetName=GND_III Pin=D3-2
Removed Pin From Net: NetName=GND_III Pin=D4-2
Removed Pin From Net: NetName=GND_III Pin=D6-2
Removed Pin From Net: NetName=GND_III Pin=D10-2
Removed Pin From Net: NetName=GND_III Pin=D11-2
Removed Pin From Net: NetName=GND_III Pin=D12-2
Removed Pin From Net: NetName=GND_III Pin=D13-2
Removed Pin From Net: NetName=GND_III Pin=J7-1
Removed Pin From Net: NetName=VCC Pin=J7-2
Removed Pin From Net: NetName=GND_III Pin=J8-6
Removed Pin From Net: NetName=GND_III Pin=J9-2
Removed Pin From Net: NetName=GND_III Pin=J11-2
Removed Pin From Net: NetName=GND_III Pin=J12-2
Removed Pin From Net: NetName=GND_III Pin=J13-2
Removed Pin From Net: NetName=GND_III Pin=R1-2
Removed Pin From Net: NetName=GND_III Pin=R2-1
Removed Pin From Net: NetName=GND_III Pin=R16-2
Removed Pin From Net: NetName=GND_III Pin=R20-1
Removed Pin From Net: NetName=GND_III Pin=R30-2
Removed Pin From Net: NetName=GND_III Pin=R32-1
Removed Pin From Net: NetName=GND_III Pin=R48-1
Removed Pin From Net: NetName=GND_III Pin=TP4-1
Removed Pin From Net: NetName=GND_III Pin=U2-1
Removed Pin From Net: NetName=+5 Pin=U2-3
Removed Pin From Net: NetName=GND_III Pin=U5-2
Removed Pin From Net: NetName=+5 Pin=U5-5
Removed Pin From Net: NetName=GND_III Pin=U6-5
Removed Pin From Net: NetName=GND_III Pin=U8-1
Removed Pin From Net: NetName=+5V_1 Pin=U8-2
Removed Pin From Net: NetName=GND_III Pin=U10-2
Removed Pin From Net: NetName=GND_III Pin=U10-8
Removed Pin From Net: NetName=GND_III Pin=VD1-1
Removed Pin From Net: NetName=GND_III Pin=VD2-1
Removed Pin From Net: NetName=GND_III Pin=X1-1
Removed Pin From Net: NetName=GND_III Pin=X1-2
Removed Pin From Net: NetName=GND_III Pin=X1-4
Removed Pin From Net: NetName=+5V_1 Pin=X1-5
Removed Pin From Net: NetName=GND_III Pin=X2-1
Removed Pin From Net: NetName=GND_III Pin=X2-2
Removed Pin From Net: NetName=+5 Pin=X2-3
Removed Member From Class: ClassName=U_I_Meter_TOP Member=C1
Removed Member From Class: ClassName=U_I_Meter_TOP Member=C2
Removed Member From Class: ClassName=U_I_Meter_TOP Member=C3
Removed Member From Class: ClassName=U_I_Meter_TOP Member=C6
Removed Member From Class: ClassName=U_I_Meter_TOP Member=C7
Removed Member From Class: ClassName=U_I_Meter_TOP Member=C8
Removed Member From Class: ClassName=U_I_Meter_TOP Member=C13
Removed Member From Class: ClassName=U_I_Meter_TOP Member=C16
Removed Member From Class: ClassName=U_I_Meter_TOP Member=C17
Removed Member From Class: ClassName=U_I_Meter_TOP Member=C18
Removed Member From Class: ClassName=U_I_Meter_TOP Member=C19
Removed Member From Class: ClassName=U_I_Meter_TOP Member=C21
Removed Member From Class: ClassName=U_I_Meter_TOP Member=C22
Removed Member From Class: ClassName=U_I_Meter_TOP Member=C25
Removed Member From Class: ClassName=U_I_Meter_TOP Member=C26
Removed Member From Class: ClassName=U_I_Meter_TOP Member=C31
Removed Member From Class: ClassName=U_I_Meter_TOP Member=C34
Removed Member From Class: ClassName=U_I_Meter_TOP Member=C36
Removed Member From Class: ClassName=U_I_Meter_TOP Member=C37
Removed Member From Class: ClassName=U_I_Meter_TOP Member=C38
Removed Member From Class: ClassName=U_I_Meter_TOP Member=C39
Removed Member From Class: ClassName=U_I_Meter_TOP Member=D1
Removed Member From Class: ClassName=U_I_Meter_TOP Member=D3
Removed Member From Class: ClassName=U_I_Meter_TOP Member=D4
Removed Member From Class: ClassName=U_I_Meter_TOP Member=D5
Removed Member From Class: ClassName=U_I_Meter_TOP Member=D6
Removed Member From Class: ClassName=U_I_Meter_TOP Member=D7
Removed Member From Class: ClassName=U_I_Meter_TOP Member=D8
Removed Member From Class: ClassName=U_I_Meter_TOP Member=D9
Removed Member From Class: ClassName=U_I_Meter_TOP Member=D10
Removed Member From Class: ClassName=U_I_Meter_TOP Member=D11
Removed Member From Class: ClassName=U_I_Meter_TOP Member=D12
Removed Member From Class: ClassName=U_I_Meter_TOP Member=D13
Removed Member From Class: ClassName=U_I_Meter_TOP Member=J7
Removed Member From Class: ClassName=U_I_Meter_TOP Member=J8
Removed Member From Class: ClassName=U_I_Meter_TOP Member=J9
Removed Member From Class: ClassName=U_I_Meter_TOP Member=J10
Removed Member From Class: ClassName=U_I_Meter_TOP Member=J11
Removed Member From Class: ClassName=U_I_Meter_TOP Member=J12
Removed Member From Class: ClassName=U_I_Meter_TOP Member=J13
Removed Member From Class: ClassName=U_I_Meter_TOP Member=L1
Removed Member From Class: ClassName=U_I_Meter_TOP Member=R1
Removed Member From Class: ClassName=U_I_Meter_TOP Member=R2
Removed Member From Class: ClassName=U_I_Meter_TOP Member=R4
Removed Member From Class: ClassName=U_I_Meter_TOP Member=R5
Removed Member From Class: ClassName=U_I_Meter_TOP Member=R7
Removed Member From Class: ClassName=U_I_Meter_TOP Member=R10
Removed Member From Class: ClassName=U_I_Meter_TOP Member=R11
Removed Member From Class: ClassName=U_I_Meter_TOP Member=R12
Removed Member From Class: ClassName=U_I_Meter_TOP Member=R13
Removed Member From Class: ClassName=U_I_Meter_TOP Member=R14
Removed Member From Class: ClassName=U_I_Meter_TOP Member=R15
Removed Member From Class: ClassName=U_I_Meter_TOP Member=R16
Removed Member From Class: ClassName=U_I_Meter_TOP Member=R20
Removed Member From Class: ClassName=U_I_Meter_TOP Member=R21
Removed Member From Class: ClassName=U_I_Meter_TOP Member=R22
Removed Member From Class: ClassName=U_I_Meter_TOP Member=R25
Removed Member From Class: ClassName=U_I_Meter_TOP Member=R26
Removed Member From Class: ClassName=U_I_Meter_TOP Member=R27
Removed Member From Class: ClassName=U_I_Meter_TOP Member=R29
Removed Member From Class: ClassName=U_I_Meter_TOP Member=R30
Removed Member From Class: ClassName=U_I_Meter_TOP Member=R31
Removed Member From Class: ClassName=U_I_Meter_TOP Member=R32
Removed Member From Class: ClassName=U_I_Meter_TOP Member=R35
Removed Member From Class: ClassName=U_I_Meter_TOP Member=R36
Removed Member From Class: ClassName=U_I_Meter_TOP Member=R37
Removed Member From Class: ClassName=U_I_Meter_TOP Member=R38
Removed Member From Class: ClassName=U_I_Meter_TOP Member=R39
Removed Member From Class: ClassName=U_I_Meter_TOP Member=R40
Removed Member From Class: ClassName=U_I_Meter_TOP Member=R41
Removed Member From Class: ClassName=U_I_Meter_TOP Member=R42
Removed Member From Class: ClassName=U_I_Meter_TOP Member=R43
Removed Member From Class: ClassName=U_I_Meter_TOP Member=R44
Removed Member From Class: ClassName=U_I_Meter_TOP Member=R45
Removed Member From Class: ClassName=U_I_Meter_TOP Member=R46
Removed Member From Class: ClassName=U_I_Meter_TOP Member=R47
Removed Member From Class: ClassName=U_I_Meter_TOP Member=R48
Removed Member From Class: ClassName=U_I_Meter_TOP Member=R49
Removed Member From Class: ClassName=U_I_Meter_TOP Member=TP1
Removed Member From Class: ClassName=U_I_Meter_TOP Member=TP4
Removed Member From Class: ClassName=U_I_Meter_TOP Member=TP9
Removed Member From Class: ClassName=U_I_Meter_TOP Member=TP10
Removed Member From Class: ClassName=U_I_Meter_TOP Member=TP11
Removed Member From Class: ClassName=U_I_Meter_TOP Member=TP12
Removed Member From Class: ClassName=U_I_Meter_TOP Member=TP13
Removed Member From Class: ClassName=U_I_Meter_TOP Member=TP14
Removed Member From Class: ClassName=U_I_Meter_TOP Member=TP16
Removed Member From Class: ClassName=U_I_Meter_TOP Member=TP17
Removed Member From Class: ClassName=U_I_Meter_TOP Member=TP22
Removed Member From Class: ClassName=U_I_Meter_TOP Member=TP24
Removed Member From Class: ClassName=U_I_Meter_TOP Member=TP25
Removed Member From Class: ClassName=U_I_Meter_TOP Member=TP26
Removed Member From Class: ClassName=U_I_Meter_TOP Member=TP27
Removed Member From Class: ClassName=U_I_Meter_TOP Member=TP28
Removed Member From Class: ClassName=U_I_Meter_TOP Member=TP29
Removed Member From Class: ClassName=U_I_Meter_TOP Member=TP30
Removed Member From Class: ClassName=U_I_Meter_TOP Member=U2
Removed Member From Class: ClassName=U_I_Meter_TOP Member=U5
Removed Member From Class: ClassName=U_I_Meter_TOP Member=U6
Removed Member From Class: ClassName=U_I_Meter_TOP Member=U8
Removed Member From Class: ClassName=U_I_Meter_TOP Member=U9
Removed Member From Class: ClassName=U_I_Meter_TOP Member=U10
Removed Member From Class: ClassName=U_I_Meter_TOP Member=VD1
Removed Member From Class: ClassName=U_I_Meter_TOP Member=VD2
Removed Member From Class: ClassName=U_I_Meter_TOP Member=X1
Removed Member From Class: ClassName=U_I_Meter_TOP Member=X2
Removed Member From Class: ClassName=U_I_Meter_TOP Member=ZD1
Removed Member From Class: ClassName=U_I_Meter_TOP Member=ZD2
Removed Member From Class: ClassName=U_I_Meter_TOP Member=ZD3
Added Pin To Net: NetName=NetX3_1 Pin=X3-1
Added Net: Name=NetX3_1
Change Class Name : Old Net Name=U_I_Meter_TOP New Net Name=U_I_Meter_WIFI
